[0.208s] Invoking command in '/home/ros_workspace/build/nav2_lifecycle_manager': AMENT_PREFIX_PATH=/home/ros_workspace/install/nav2_util:/home/ros_workspace/install/nav2_msgs:/home/ros_workspace/install/nav2_common:${AMENT_PREFIX_PATH} CMAKE_PREFIX_PATH=/home/ros_workspace/install/nav2_util:/home/ros_workspace/install/nav2_msgs:/home/ros_workspace/install/nav2_common:/opt/ros/foxy LD_LIBRARY_PATH=/home/ros_workspace/install/nav2_util/lib:/home/ros_workspace/install/nav2_msgs/lib:${LD_LIBRARY_PATH} PYTHONPATH=/home/ros_workspace/install/nav2_msgs/lib/python3.8/site-packages:/home/ros_workspace/install/nav2_common/lib/python3.8/site-packages:${PYTHONPATH} /usr/bin/cmake --build /home/ros_workspace/build/nav2_lifecycle_manager -- -j4 -l4
[1.026s] [ 27%] Built target nav2_lifecycle_manager_core
[1.409s] [ 45%] Built target gtest_main
[1.780s] [ 63%] Built target lifecycle_manager
[1.915s] [ 81%] Built target gtest
[2.194s] [100%] Built target test_lifecycle_gtest
[2.288s] Invoked command in '/home/ros_workspace/build/nav2_lifecycle_manager' returned '0': AMENT_PREFIX_PATH=/home/ros_workspace/install/nav2_util:/home/ros_workspace/install/nav2_msgs:/home/ros_workspace/install/nav2_common:${AMENT_PREFIX_PATH} CMAKE_PREFIX_PATH=/home/ros_workspace/install/nav2_util:/home/ros_workspace/install/nav2_msgs:/home/ros_workspace/install/nav2_common:/opt/ros/foxy LD_LIBRARY_PATH=/home/ros_workspace/install/nav2_util/lib:/home/ros_workspace/install/nav2_msgs/lib:${LD_LIBRARY_PATH} PYTHONPATH=/home/ros_workspace/install/nav2_msgs/lib/python3.8/site-packages:/home/ros_workspace/install/nav2_common/lib/python3.8/site-packages:${PYTHONPATH} /usr/bin/cmake --build /home/ros_workspace/build/nav2_lifecycle_manager -- -j4 -l4
[2.662s] Invoking command in '/home/ros_workspace/build/nav2_lifecycle_manager': AMENT_PREFIX_PATH=/home/ros_workspace/install/nav2_util:/home/ros_workspace/install/nav2_msgs:/home/ros_workspace/install/nav2_common:${AMENT_PREFIX_PATH} CMAKE_PREFIX_PATH=/home/ros_workspace/install/nav2_util:/home/ros_workspace/install/nav2_msgs:/home/ros_workspace/install/nav2_common:/opt/ros/foxy LD_LIBRARY_PATH=/home/ros_workspace/install/nav2_util/lib:/home/ros_workspace/install/nav2_msgs/lib:${LD_LIBRARY_PATH} PYTHONPATH=/home/ros_workspace/install/nav2_msgs/lib/python3.8/site-packages:/home/ros_workspace/install/nav2_common/lib/python3.8/site-packages:${PYTHONPATH} /usr/bin/cmake --install /home/ros_workspace/build/nav2_lifecycle_manager
[2.698s] -- Install configuration: "Release"
[2.726s] -- Up-to-date: /home/ros_workspace/install/nav2_lifecycle_manager/lib/libnav2_lifecycle_manager_core.so
[2.740s] -- Up-to-date: /home/ros_workspace/install/nav2_lifecycle_manager/lib/nav2_lifecycle_manager/lifecycle_manager
[2.742s] -- Up-to-date: /home/ros_workspace/install/nav2_lifecycle_manager/include/
[2.744s] -- Up-to-date: /home/ros_workspace/install/nav2_lifecycle_manager/include//nav2_lifecycle_manager
[2.745s] -- Up-to-date: /home/ros_workspace/install/nav2_lifecycle_manager/include//nav2_lifecycle_manager/lifecycle_manager_client.hpp
[2.745s] -- Up-to-date: /home/ros_workspace/install/nav2_lifecycle_manager/include//nav2_lifecycle_manager/lifecycle_manager.hpp
[2.746s] -- Up-to-date: /home/ros_workspace/install/nav2_lifecycle_manager/share/nav2_lifecycle_manager/environment/library_path.sh
[2.746s] -- Up-to-date: /home/ros_workspace/install/nav2_lifecycle_manager/share/nav2_lifecycle_manager/environment/library_path.dsv
[2.747s] -- Up-to-date: /home/ros_workspace/install/nav2_lifecycle_manager/share/ament_index/resource_index/package_run_dependencies/nav2_lifecycle_manager
[2.748s] -- Up-to-date: /home/ros_workspace/install/nav2_lifecycle_manager/share/ament_index/resource_index/parent_prefix_path/nav2_lifecycle_manager
[2.748s] -- Up-to-date: /home/ros_workspace/install/nav2_lifecycle_manager/share/nav2_lifecycle_manager/environment/ament_prefix_path.sh
[2.749s] -- Up-to-date: /home/ros_workspace/install/nav2_lifecycle_manager/share/nav2_lifecycle_manager/environment/ament_prefix_path.dsv
[2.749s] -- Up-to-date: /home/ros_workspace/install/nav2_lifecycle_manager/share/nav2_lifecycle_manager/environment/path.sh
[2.749s] -- Up-to-date: /home/ros_workspace/install/nav2_lifecycle_manager/share/nav2_lifecycle_manager/environment/path.dsv
[2.750s] -- Up-to-date: /home/ros_workspace/install/nav2_lifecycle_manager/share/nav2_lifecycle_manager/local_setup.bash
[2.750s] -- Up-to-date: /home/ros_workspace/install/nav2_lifecycle_manager/share/nav2_lifecycle_manager/local_setup.sh
[2.750s] -- Up-to-date: /home/ros_workspace/install/nav2_lifecycle_manager/share/nav2_lifecycle_manager/local_setup.zsh
[2.750s] -- Up-to-date: /home/ros_workspace/install/nav2_lifecycle_manager/share/nav2_lifecycle_manager/local_setup.dsv
[2.751s] -- Installing: /home/ros_workspace/install/nav2_lifecycle_manager/share/nav2_lifecycle_manager/package.dsv
[2.752s] -- Up-to-date: /home/ros_workspace/install/nav2_lifecycle_manager/share/ament_index/resource_index/packages/nav2_lifecycle_manager
[2.752s] -- Up-to-date: /home/ros_workspace/install/nav2_lifecycle_manager/share/nav2_lifecycle_manager/cmake/ament_cmake_export_include_directories-extras.cmake
[2.754s] -- Up-to-date: /home/ros_workspace/install/nav2_lifecycle_manager/share/nav2_lifecycle_manager/cmake/ament_cmake_export_libraries-extras.cmake
[2.755s] -- Up-to-date: /home/ros_workspace/install/nav2_lifecycle_manager/share/nav2_lifecycle_manager/cmake/ament_cmake_export_dependencies-extras.cmake
[2.755s] -- Up-to-date: /home/ros_workspace/install/nav2_lifecycle_manager/share/nav2_lifecycle_manager/cmake/nav2_lifecycle_managerConfig.cmake
[2.755s] -- Up-to-date: /home/ros_workspace/install/nav2_lifecycle_manager/share/nav2_lifecycle_manager/cmake/nav2_lifecycle_managerConfig-version.cmake
[2.756s] -- Up-to-date: /home/ros_workspace/install/nav2_lifecycle_manager/share/nav2_lifecycle_manager/package.xml
[2.786s] Invoked command in '/home/ros_workspace/build/nav2_lifecycle_manager' returned '0': AMENT_PREFIX_PATH=/home/ros_workspace/install/nav2_util:/home/ros_workspace/install/nav2_msgs:/home/ros_workspace/install/nav2_common:${AMENT_PREFIX_PATH} CMAKE_PREFIX_PATH=/home/ros_workspace/install/nav2_util:/home/ros_workspace/install/nav2_msgs:/home/ros_workspace/install/nav2_common:/opt/ros/foxy LD_LIBRARY_PATH=/home/ros_workspace/install/nav2_util/lib:/home/ros_workspace/install/nav2_msgs/lib:${LD_LIBRARY_PATH} PYTHONPATH=/home/ros_workspace/install/nav2_msgs/lib/python3.8/site-packages:/home/ros_workspace/install/nav2_common/lib/python3.8/site-packages:${PYTHONPATH} /usr/bin/cmake --install /home/ros_workspace/build/nav2_lifecycle_manager
