[3.484s] Invoking command in '/home/ros_workspace/src/mpc_igoneo': PYTHONPATH=/home/ros_workspace/install/mpc_igoneo/lib/python3.8/site-packages:${PYTHONPATH} /usr/bin/python3 setup.py egg_info --egg-base ../../build/mpc_igoneo build --build-base /home/ros_workspace/build/mpc_igoneo/build install --prefix /home/ros_workspace/install/mpc_igoneo --record /home/ros_workspace/build/mpc_igoneo/install.log --single-version-externally-managed
[4.677s] running egg_info
[4.678s] writing ../../build/mpc_igoneo/mpc_igoneo.egg-info/PKG-INFO
[4.679s] writing dependency_links to ../../build/mpc_igoneo/mpc_igoneo.egg-info/dependency_links.txt
[4.679s] writing entry points to ../../build/mpc_igoneo/mpc_igoneo.egg-info/entry_points.txt
[4.680s] writing requirements to ../../build/mpc_igoneo/mpc_igoneo.egg-info/requires.txt
[4.680s] writing top-level names to ../../build/mpc_igoneo/mpc_igoneo.egg-info/top_level.txt
[4.881s] reading manifest file '../../build/mpc_igoneo/mpc_igoneo.egg-info/SOURCES.txt'
[4.884s] writing manifest file '../../build/mpc_igoneo/mpc_igoneo.egg-info/SOURCES.txt'
[4.885s] running build
[4.885s] running build_py
[4.888s] running install
[4.890s] running install_lib
[4.895s] running install_data
[4.896s] running install_egg_info
[4.905s] removing '/home/ros_workspace/install/mpc_igoneo/lib/python3.8/site-packages/mpc_igoneo-0.0.0-py3.8.egg-info' (and everything under it)
[4.906s] Copying ../../build/mpc_igoneo/mpc_igoneo.egg-info to /home/ros_workspace/install/mpc_igoneo/lib/python3.8/site-packages/mpc_igoneo-0.0.0-py3.8.egg-info
[4.908s] running install_scripts
[4.955s] Installing mpc script to /home/ros_workspace/install/mpc_igoneo/lib/mpc_igoneo
[4.956s] Installing path_planner script to /home/ros_workspace/install/mpc_igoneo/lib/mpc_igoneo
[4.958s] writing list of installed files to '/home/ros_workspace/build/mpc_igoneo/install.log'
[5.376s] Invoked command in '/home/ros_workspace/src/mpc_igoneo' returned '0': PYTHONPATH=/home/ros_workspace/install/mpc_igoneo/lib/python3.8/site-packages:${PYTHONPATH} /usr/bin/python3 setup.py egg_info --egg-base ../../build/mpc_igoneo build --build-base /home/ros_workspace/build/mpc_igoneo/build install --prefix /home/ros_workspace/install/mpc_igoneo --record /home/ros_workspace/build/mpc_igoneo/install.log --single-version-externally-managed
