-- Found ament_cmake: 0.9.11 (/opt/ros/foxy/share/ament_cmake/cmake)
-- Found PythonInterp: /usr/bin/python3 (found suitable version "3.8.10", minimum required is "3") 
-- Using PYTHON_EXECUTABLE: /usr/bin/python3
-- Found nav2_msgs: 0.4.7 (/home/ros_workspace/install/nav2_msgs/share/nav2_msgs/cmake)
-- Using all available rosidl_typesupport_c: rosidl_typesupport_fastrtps_c;rosidl_typesupport_introspection_c
-- Found rosidl_adapter: 1.3.0 (/opt/ros/foxy/share/rosidl_adapter/cmake)
-- Using all available rosidl_typesupport_cpp: rosidl_typesupport_fastrtps_cpp;rosidl_typesupport_introspection_cpp
-- Found rosidl_default_generators: 1.0.1 (/opt/ros/foxy/share/rosidl_default_generators/cmake)
-- Found PythonInterp: /usr/bin/python3 (found version "3.8.10") 
-- Found ament_cmake_ros: 0.9.2 (/opt/ros/foxy/share/ament_cmake_ros/cmake)
-- Using all available rosidl_typesupport_c: rosidl_typesupport_fastrtps_c;rosidl_typesupport_introspection_c
-- Using all available rosidl_typesupport_cpp: rosidl_typesupport_fastrtps_cpp;rosidl_typesupport_introspection_cpp
-- Found PythonInterp: /usr/bin/python3 (found suitable version "3.8.10", minimum required is "3.5") 
-- Found python_cmake_module: 0.8.1 (/opt/ros/foxy/share/python_cmake_module/cmake)
-- Using PYTHON_EXECUTABLE: /usr/bin/python3
-- Using PYTHON_INCLUDE_DIRS: /usr/include/python3.8
-- Using PYTHON_LIBRARIES: /usr/lib/x86_64-linux-gnu/libpython3.8.so
-- Found ament_lint_auto: 0.9.7 (/opt/ros/foxy/share/ament_lint_auto/cmake)
-- Added test 'copyright' to check source files copyright and LICENSE
-- Added test 'lint_cmake' to check CMake code style
-- Added test 'xmllint' to check XML markup files
-- Configuring done
-- Generating done
-- Build files have been written to: /home/ros_workspace/build/mpcc_interfaces
[  2%] Built target mpcc_interfaces__cpp
[ 12%] Built target mpcc_interfaces__rosidl_generator_c
[ 23%] Built target mpcc_interfaces__rosidl_typesupport_introspection_cpp
[ 34%] Built target mpcc_interfaces__rosidl_typesupport_fastrtps_cpp
[ 44%] Built target mpcc_interfaces__rosidl_typesupport_c
[ 55%] Built target mpcc_interfaces__rosidl_typesupport_introspection_c
[ 65%] Built target mpcc_interfaces__rosidl_typesupport_cpp
[ 76%] Built target mpcc_interfaces__rosidl_typesupport_fastrtps_c
[ 76%] Built target mpcc_interfaces
[ 78%] Built target mpcc_interfaces__py
[ 87%] Built target mpcc_interfaces__python
[ 91%] Built target mpcc_interfaces__rosidl_typesupport_introspection_c__pyext
[ 95%] Built target mpcc_interfaces__rosidl_typesupport_c__pyext
[100%] Built target mpcc_interfaces__rosidl_typesupport_fastrtps_c__pyext
-- Install configuration: ""
-- Up-to-date: /home/ros_workspace/install/mpcc_interfaces/share/ament_index/resource_index/rosidl_interfaces/mpcc_interfaces
-- Up-to-date: /home/ros_workspace/install/mpcc_interfaces/include/mpcc_interfaces
-- Up-to-date: /home/ros_workspace/install/mpcc_interfaces/include/mpcc_interfaces/srv
-- Up-to-date: /home/ros_workspace/install/mpcc_interfaces/include/mpcc_interfaces/srv/detail
-- Up-to-date: /home/ros_workspace/install/mpcc_interfaces/include/mpcc_interfaces/srv/detail/map_request__struct.h
-- Up-to-date: /home/ros_workspace/install/mpcc_interfaces/include/mpcc_interfaces/srv/detail/map_request__type_support.h
-- Up-to-date: /home/ros_workspace/install/mpcc_interfaces/include/mpcc_interfaces/srv/detail/map_request__functions.h
-- Up-to-date: /home/ros_workspace/install/mpcc_interfaces/include/mpcc_interfaces/srv/detail/map_request__functions.c
-- Up-to-date: /home/ros_workspace/install/mpcc_interfaces/include/mpcc_interfaces/srv/map_request.h
-- Up-to-date: /home/ros_workspace/install/mpcc_interfaces/include/mpcc_interfaces/msg
-- Up-to-date: /home/ros_workspace/install/mpcc_interfaces/include/mpcc_interfaces/msg/detail
-- Up-to-date: /home/ros_workspace/install/mpcc_interfaces/include/mpcc_interfaces/msg/detail/local_path__type_support.h
-- Up-to-date: /home/ros_workspace/install/mpcc_interfaces/include/mpcc_interfaces/msg/detail/local_path__functions.c
-- Up-to-date: /home/ros_workspace/install/mpcc_interfaces/include/mpcc_interfaces/msg/detail/static_constraints__functions.c
-- Up-to-date: /home/ros_workspace/install/mpcc_interfaces/include/mpcc_interfaces/msg/detail/static_constraints__type_support.h
-- Up-to-date: /home/ros_workspace/install/mpcc_interfaces/include/mpcc_interfaces/msg/detail/static_constraints__struct.h
-- Up-to-date: /home/ros_workspace/install/mpcc_interfaces/include/mpcc_interfaces/msg/detail/local_path__functions.h
-- Up-to-date: /home/ros_workspace/install/mpcc_interfaces/include/mpcc_interfaces/msg/detail/local_path__struct.h
-- Up-to-date: /home/ros_workspace/install/mpcc_interfaces/include/mpcc_interfaces/msg/detail/static_constraints__functions.h
-- Up-to-date: /home/ros_workspace/install/mpcc_interfaces/include/mpcc_interfaces/msg/local_path.h
-- Up-to-date: /home/ros_workspace/install/mpcc_interfaces/include/mpcc_interfaces/msg/rosidl_generator_c__visibility_control.h
-- Up-to-date: /home/ros_workspace/install/mpcc_interfaces/include/mpcc_interfaces/msg/static_constraints.h
-- Up-to-date: /home/ros_workspace/install/mpcc_interfaces/share/mpcc_interfaces/environment/library_path.sh
-- Installing: /home/ros_workspace/install/mpcc_interfaces/share/mpcc_interfaces/environment/library_path.dsv
-- Up-to-date: /home/ros_workspace/install/mpcc_interfaces/lib/libmpcc_interfaces__rosidl_generator_c.so
-- Up-to-date: /home/ros_workspace/install/mpcc_interfaces/include/mpcc_interfaces
-- Up-to-date: /home/ros_workspace/install/mpcc_interfaces/include/mpcc_interfaces/srv
-- Up-to-date: /home/ros_workspace/install/mpcc_interfaces/include/mpcc_interfaces/srv/detail
-- Up-to-date: /home/ros_workspace/install/mpcc_interfaces/include/mpcc_interfaces/srv/detail/map_request__rosidl_typesupport_fastrtps_c.h
-- Up-to-date: /home/ros_workspace/install/mpcc_interfaces/include/mpcc_interfaces/msg
-- Up-to-date: /home/ros_workspace/install/mpcc_interfaces/include/mpcc_interfaces/msg/detail
-- Up-to-date: /home/ros_workspace/install/mpcc_interfaces/include/mpcc_interfaces/msg/detail/local_path__rosidl_typesupport_fastrtps_c.h
-- Up-to-date: /home/ros_workspace/install/mpcc_interfaces/include/mpcc_interfaces/msg/detail/static_constraints__rosidl_typesupport_fastrtps_c.h
-- Up-to-date: /home/ros_workspace/install/mpcc_interfaces/include/mpcc_interfaces/msg/rosidl_typesupport_fastrtps_c__visibility_control.h
-- Up-to-date: /home/ros_workspace/install/mpcc_interfaces/lib/libmpcc_interfaces__rosidl_typesupport_fastrtps_c.so
-- Up-to-date: /home/ros_workspace/install/mpcc_interfaces/include/mpcc_interfaces
-- Up-to-date: /home/ros_workspace/install/mpcc_interfaces/include/mpcc_interfaces/srv
-- Up-to-date: /home/ros_workspace/install/mpcc_interfaces/include/mpcc_interfaces/srv/detail
-- Up-to-date: /home/ros_workspace/install/mpcc_interfaces/include/mpcc_interfaces/srv/detail/map_request__rosidl_typesupport_fastrtps_cpp.hpp
-- Up-to-date: /home/ros_workspace/install/mpcc_interfaces/include/mpcc_interfaces/srv/detail/dds_fastrtps
-- Up-to-date: /home/ros_workspace/install/mpcc_interfaces/include/mpcc_interfaces/msg
-- Up-to-date: /home/ros_workspace/install/mpcc_interfaces/include/mpcc_interfaces/msg/rosidl_typesupport_fastrtps_cpp__visibility_control.h
-- Up-to-date: /home/ros_workspace/install/mpcc_interfaces/include/mpcc_interfaces/msg/detail
-- Up-to-date: /home/ros_workspace/install/mpcc_interfaces/include/mpcc_interfaces/msg/detail/local_path__rosidl_typesupport_fastrtps_cpp.hpp
-- Up-to-date: /home/ros_workspace/install/mpcc_interfaces/include/mpcc_interfaces/msg/detail/static_constraints__rosidl_typesupport_fastrtps_cpp.hpp
-- Up-to-date: /home/ros_workspace/install/mpcc_interfaces/include/mpcc_interfaces/msg/detail/dds_fastrtps
-- Up-to-date: /home/ros_workspace/install/mpcc_interfaces/lib/libmpcc_interfaces__rosidl_typesupport_fastrtps_cpp.so
-- Up-to-date: /home/ros_workspace/install/mpcc_interfaces/include/mpcc_interfaces
-- Up-to-date: /home/ros_workspace/install/mpcc_interfaces/include/mpcc_interfaces/srv
-- Up-to-date: /home/ros_workspace/install/mpcc_interfaces/include/mpcc_interfaces/srv/detail
-- Up-to-date: /home/ros_workspace/install/mpcc_interfaces/include/mpcc_interfaces/srv/detail/map_request__type_support.c
-- Up-to-date: /home/ros_workspace/install/mpcc_interfaces/include/mpcc_interfaces/srv/detail/map_request__rosidl_typesupport_introspection_c.h
-- Up-to-date: /home/ros_workspace/install/mpcc_interfaces/include/mpcc_interfaces/msg
-- Up-to-date: /home/ros_workspace/install/mpcc_interfaces/include/mpcc_interfaces/msg/rosidl_typesupport_introspection_c__visibility_control.h
-- Up-to-date: /home/ros_workspace/install/mpcc_interfaces/include/mpcc_interfaces/msg/detail
-- Up-to-date: /home/ros_workspace/install/mpcc_interfaces/include/mpcc_interfaces/msg/detail/static_constraints__type_support.c
-- Up-to-date: /home/ros_workspace/install/mpcc_interfaces/include/mpcc_interfaces/msg/detail/local_path__type_support.c
-- Up-to-date: /home/ros_workspace/install/mpcc_interfaces/include/mpcc_interfaces/msg/detail/static_constraints__rosidl_typesupport_introspection_c.h
-- Up-to-date: /home/ros_workspace/install/mpcc_interfaces/include/mpcc_interfaces/msg/detail/local_path__rosidl_typesupport_introspection_c.h
-- Up-to-date: /home/ros_workspace/install/mpcc_interfaces/lib/libmpcc_interfaces__rosidl_typesupport_introspection_c.so
-- Up-to-date: /home/ros_workspace/install/mpcc_interfaces/lib/libmpcc_interfaces__rosidl_typesupport_c.so
-- Up-to-date: /home/ros_workspace/install/mpcc_interfaces/include/mpcc_interfaces
-- Up-to-date: /home/ros_workspace/install/mpcc_interfaces/include/mpcc_interfaces/srv
-- Up-to-date: /home/ros_workspace/install/mpcc_interfaces/include/mpcc_interfaces/srv/detail
-- Up-to-date: /home/ros_workspace/install/mpcc_interfaces/include/mpcc_interfaces/srv/detail/map_request__traits.hpp
-- Up-to-date: /home/ros_workspace/install/mpcc_interfaces/include/mpcc_interfaces/srv/detail/map_request__builder.hpp
-- Up-to-date: /home/ros_workspace/install/mpcc_interfaces/include/mpcc_interfaces/srv/detail/map_request__struct.hpp
-- Up-to-date: /home/ros_workspace/install/mpcc_interfaces/include/mpcc_interfaces/srv/map_request.hpp
-- Up-to-date: /home/ros_workspace/install/mpcc_interfaces/include/mpcc_interfaces/msg
-- Up-to-date: /home/ros_workspace/install/mpcc_interfaces/include/mpcc_interfaces/msg/detail
-- Up-to-date: /home/ros_workspace/install/mpcc_interfaces/include/mpcc_interfaces/msg/detail/local_path__struct.hpp
-- Up-to-date: /home/ros_workspace/install/mpcc_interfaces/include/mpcc_interfaces/msg/detail/local_path__traits.hpp
-- Up-to-date: /home/ros_workspace/install/mpcc_interfaces/include/mpcc_interfaces/msg/detail/local_path__builder.hpp
-- Up-to-date: /home/ros_workspace/install/mpcc_interfaces/include/mpcc_interfaces/msg/detail/static_constraints__traits.hpp
-- Up-to-date: /home/ros_workspace/install/mpcc_interfaces/include/mpcc_interfaces/msg/detail/static_constraints__struct.hpp
-- Up-to-date: /home/ros_workspace/install/mpcc_interfaces/include/mpcc_interfaces/msg/detail/static_constraints__builder.hpp
-- Up-to-date: /home/ros_workspace/install/mpcc_interfaces/include/mpcc_interfaces/msg/local_path.hpp
-- Up-to-date: /home/ros_workspace/install/mpcc_interfaces/include/mpcc_interfaces/msg/static_constraints.hpp
-- Up-to-date: /home/ros_workspace/install/mpcc_interfaces/include/mpcc_interfaces
-- Up-to-date: /home/ros_workspace/install/mpcc_interfaces/include/mpcc_interfaces/srv
-- Up-to-date: /home/ros_workspace/install/mpcc_interfaces/include/mpcc_interfaces/srv/detail
-- Up-to-date: /home/ros_workspace/install/mpcc_interfaces/include/mpcc_interfaces/srv/detail/map_request__rosidl_typesupport_introspection_cpp.hpp
-- Up-to-date: /home/ros_workspace/install/mpcc_interfaces/include/mpcc_interfaces/srv/detail/map_request__type_support.cpp
-- Up-to-date: /home/ros_workspace/install/mpcc_interfaces/include/mpcc_interfaces/msg
-- Up-to-date: /home/ros_workspace/install/mpcc_interfaces/include/mpcc_interfaces/msg/detail
-- Up-to-date: /home/ros_workspace/install/mpcc_interfaces/include/mpcc_interfaces/msg/detail/local_path__type_support.cpp
-- Up-to-date: /home/ros_workspace/install/mpcc_interfaces/include/mpcc_interfaces/msg/detail/static_constraints__type_support.cpp
-- Up-to-date: /home/ros_workspace/install/mpcc_interfaces/include/mpcc_interfaces/msg/detail/local_path__rosidl_typesupport_introspection_cpp.hpp
-- Up-to-date: /home/ros_workspace/install/mpcc_interfaces/include/mpcc_interfaces/msg/detail/static_constraints__rosidl_typesupport_introspection_cpp.hpp
-- Up-to-date: /home/ros_workspace/install/mpcc_interfaces/lib/libmpcc_interfaces__rosidl_typesupport_introspection_cpp.so
-- Up-to-date: /home/ros_workspace/install/mpcc_interfaces/lib/libmpcc_interfaces__rosidl_typesupport_cpp.so
-- Up-to-date: /home/ros_workspace/install/mpcc_interfaces/share/mpcc_interfaces/environment/pythonpath.sh
-- Installing: /home/ros_workspace/install/mpcc_interfaces/share/mpcc_interfaces/environment/pythonpath.dsv
-- Installing: /home/ros_workspace/install/mpcc_interfaces/lib/python3.8/site-packages/mpcc_interfaces/__init__.py
Compiling '/home/ros_workspace/install/mpcc_interfaces/lib/python3.8/site-packages/mpcc_interfaces/__init__.py'...
-- Up-to-date: /home/ros_workspace/install/mpcc_interfaces/lib/python3.8/site-packages/mpcc_interfaces/msg
-- Up-to-date: /home/ros_workspace/install/mpcc_interfaces/lib/python3.8/site-packages/mpcc_interfaces/msg/_static_constraints_s.c
-- Up-to-date: /home/ros_workspace/install/mpcc_interfaces/lib/python3.8/site-packages/mpcc_interfaces/msg/_static_constraints.py
-- Up-to-date: /home/ros_workspace/install/mpcc_interfaces/lib/python3.8/site-packages/mpcc_interfaces/msg/_local_path_s.c
-- Up-to-date: /home/ros_workspace/install/mpcc_interfaces/lib/python3.8/site-packages/mpcc_interfaces/msg/__init__.py
-- Up-to-date: /home/ros_workspace/install/mpcc_interfaces/lib/python3.8/site-packages/mpcc_interfaces/msg/_local_path.py
-- Up-to-date: /home/ros_workspace/install/mpcc_interfaces/lib/python3.8/site-packages/mpcc_interfaces/srv
-- Up-to-date: /home/ros_workspace/install/mpcc_interfaces/lib/python3.8/site-packages/mpcc_interfaces/srv/__init__.py
-- Up-to-date: /home/ros_workspace/install/mpcc_interfaces/lib/python3.8/site-packages/mpcc_interfaces/srv/_map_request.py
-- Up-to-date: /home/ros_workspace/install/mpcc_interfaces/lib/python3.8/site-packages/mpcc_interfaces/srv/_map_request_s.c
-- Up-to-date: /home/ros_workspace/install/mpcc_interfaces/lib/python3.8/site-packages/mpcc_interfaces/mpcc_interfaces_s__rosidl_typesupport_fastrtps_c.cpython-38-x86_64-linux-gnu.so
-- Up-to-date: /home/ros_workspace/install/mpcc_interfaces/lib/python3.8/site-packages/mpcc_interfaces/mpcc_interfaces_s__rosidl_typesupport_introspection_c.cpython-38-x86_64-linux-gnu.so
-- Up-to-date: /home/ros_workspace/install/mpcc_interfaces/lib/python3.8/site-packages/mpcc_interfaces/mpcc_interfaces_s__rosidl_typesupport_c.cpython-38-x86_64-linux-gnu.so
-- Up-to-date: /home/ros_workspace/install/mpcc_interfaces/lib/libmpcc_interfaces__python.so
-- Up-to-date: /home/ros_workspace/install/mpcc_interfaces/share/mpcc_interfaces/msg/LocalPath.idl
-- Up-to-date: /home/ros_workspace/install/mpcc_interfaces/share/mpcc_interfaces/msg/StaticConstraints.idl
-- Up-to-date: /home/ros_workspace/install/mpcc_interfaces/share/mpcc_interfaces/srv/MapRequest.idl
-- Up-to-date: /home/ros_workspace/install/mpcc_interfaces/share/mpcc_interfaces/msg/LocalPath.msg
-- Up-to-date: /home/ros_workspace/install/mpcc_interfaces/share/mpcc_interfaces/msg/StaticConstraints.msg
-- Up-to-date: /home/ros_workspace/install/mpcc_interfaces/share/mpcc_interfaces/srv/MapRequest.srv
-- Up-to-date: /home/ros_workspace/install/mpcc_interfaces/share/mpcc_interfaces/srv/MapRequest_Request.msg
-- Up-to-date: /home/ros_workspace/install/mpcc_interfaces/share/mpcc_interfaces/srv/MapRequest_Response.msg
-- Up-to-date: /home/ros_workspace/install/mpcc_interfaces/share/ament_index/resource_index/package_run_dependencies/mpcc_interfaces
-- Up-to-date: /home/ros_workspace/install/mpcc_interfaces/share/ament_index/resource_index/parent_prefix_path/mpcc_interfaces
-- Up-to-date: /home/ros_workspace/install/mpcc_interfaces/share/mpcc_interfaces/environment/ament_prefix_path.sh
-- Installing: /home/ros_workspace/install/mpcc_interfaces/share/mpcc_interfaces/environment/ament_prefix_path.dsv
-- Up-to-date: /home/ros_workspace/install/mpcc_interfaces/share/mpcc_interfaces/environment/path.sh
-- Installing: /home/ros_workspace/install/mpcc_interfaces/share/mpcc_interfaces/environment/path.dsv
-- Up-to-date: /home/ros_workspace/install/mpcc_interfaces/share/mpcc_interfaces/local_setup.bash
-- Up-to-date: /home/ros_workspace/install/mpcc_interfaces/share/mpcc_interfaces/local_setup.sh
-- Up-to-date: /home/ros_workspace/install/mpcc_interfaces/share/mpcc_interfaces/local_setup.zsh
-- Installing: /home/ros_workspace/install/mpcc_interfaces/share/mpcc_interfaces/local_setup.dsv
-- Installing: /home/ros_workspace/install/mpcc_interfaces/share/mpcc_interfaces/package.dsv
-- Up-to-date: /home/ros_workspace/install/mpcc_interfaces/share/ament_index/resource_index/packages/mpcc_interfaces
-- Up-to-date: /home/ros_workspace/install/mpcc_interfaces/share/mpcc_interfaces/cmake/mpcc_interfaces__rosidl_generator_cExport.cmake
-- Installing: /home/ros_workspace/install/mpcc_interfaces/share/mpcc_interfaces/cmake/mpcc_interfaces__rosidl_generator_cExport-noconfig.cmake
-- Up-to-date: /home/ros_workspace/install/mpcc_interfaces/share/mpcc_interfaces/cmake/mpcc_interfaces__rosidl_typesupport_introspection_cExport.cmake
-- Installing: /home/ros_workspace/install/mpcc_interfaces/share/mpcc_interfaces/cmake/mpcc_interfaces__rosidl_typesupport_introspection_cExport-noconfig.cmake
-- Up-to-date: /home/ros_workspace/install/mpcc_interfaces/share/mpcc_interfaces/cmake/mpcc_interfaces__rosidl_typesupport_cExport.cmake
-- Installing: /home/ros_workspace/install/mpcc_interfaces/share/mpcc_interfaces/cmake/mpcc_interfaces__rosidl_typesupport_cExport-noconfig.cmake
-- Up-to-date: /home/ros_workspace/install/mpcc_interfaces/share/mpcc_interfaces/cmake/mpcc_interfaces__rosidl_generator_cppExport.cmake
-- Up-to-date: /home/ros_workspace/install/mpcc_interfaces/share/mpcc_interfaces/cmake/mpcc_interfaces__rosidl_typesupport_introspection_cppExport.cmake
-- Installing: /home/ros_workspace/install/mpcc_interfaces/share/mpcc_interfaces/cmake/mpcc_interfaces__rosidl_typesupport_introspection_cppExport-noconfig.cmake
-- Up-to-date: /home/ros_workspace/install/mpcc_interfaces/share/mpcc_interfaces/cmake/mpcc_interfaces__rosidl_typesupport_cppExport.cmake
-- Installing: /home/ros_workspace/install/mpcc_interfaces/share/mpcc_interfaces/cmake/mpcc_interfaces__rosidl_typesupport_cppExport-noconfig.cmake
-- Up-to-date: /home/ros_workspace/install/mpcc_interfaces/share/mpcc_interfaces/cmake/rosidl_cmake-extras.cmake
-- Up-to-date: /home/ros_workspace/install/mpcc_interfaces/share/mpcc_interfaces/cmake/ament_cmake_export_dependencies-extras.cmake
-- Up-to-date: /home/ros_workspace/install/mpcc_interfaces/share/mpcc_interfaces/cmake/ament_cmake_export_libraries-extras.cmake
-- Up-to-date: /home/ros_workspace/install/mpcc_interfaces/share/mpcc_interfaces/cmake/ament_cmake_export_targets-extras.cmake
-- Up-to-date: /home/ros_workspace/install/mpcc_interfaces/share/mpcc_interfaces/cmake/ament_cmake_export_include_directories-extras.cmake
-- Up-to-date: /home/ros_workspace/install/mpcc_interfaces/share/mpcc_interfaces/cmake/rosidl_cmake_export_typesupport_libraries-extras.cmake
-- Up-to-date: /home/ros_workspace/install/mpcc_interfaces/share/mpcc_interfaces/cmake/rosidl_cmake_export_typesupport_targets-extras.cmake
-- Up-to-date: /home/ros_workspace/install/mpcc_interfaces/share/mpcc_interfaces/cmake/mpcc_interfacesConfig.cmake
-- Up-to-date: /home/ros_workspace/install/mpcc_interfaces/share/mpcc_interfaces/cmake/mpcc_interfacesConfig-version.cmake
-- Up-to-date: /home/ros_workspace/install/mpcc_interfaces/share/mpcc_interfaces/package.xml
