[6.643s] Invoking command in '/home/ros_workspace/src/mpcc_planner/mpcc_local_planner': AMENT_PREFIX_PATH=/home/ros_workspace/install/local_path_planner:/home/ros_workspace/install/mpcc_interfaces:/home/ros_workspace/install/nav2_msgs:${AMENT_PREFIX_PATH} CMAKE_PREFIX_PATH=/home/ros_workspace/install/mpcc_interfaces:/home/ros_workspace/install/nav2_msgs LD_LIBRARY_PATH=/home/ros_workspace/install/mpcc_interfaces/lib:/home/ros_workspace/install/nav2_msgs/lib:${LD_LIBRARY_PATH} PYTHONPATH=/home/ros_workspace/install/mpcc_local_planner/lib/python3.8/site-packages:/home/ros_workspace/install/local_path_planner/lib/python3.8/site-packages:/home/ros_workspace/install/mpcc_interfaces/lib/python3.8/site-packages:/home/ros_workspace/install/nav2_msgs/lib/python3.8/site-packages:${PYTHONPATH} /usr/bin/python3 setup.py egg_info --egg-base ../../../build/mpcc_local_planner build --build-base /home/ros_workspace/build/mpcc_local_planner/build install --prefix /home/ros_workspace/install/mpcc_local_planner --record /home/ros_workspace/build/mpcc_local_planner/install.log --single-version-externally-managed
[9.407s] running egg_info
[9.408s] writing ../../../build/mpcc_local_planner/mpcc_local_planner.egg-info/PKG-INFO
[9.418s] writing dependency_links to ../../../build/mpcc_local_planner/mpcc_local_planner.egg-info/dependency_links.txt
[9.420s] writing entry points to ../../../build/mpcc_local_planner/mpcc_local_planner.egg-info/entry_points.txt
[9.422s] writing requirements to ../../../build/mpcc_local_planner/mpcc_local_planner.egg-info/requires.txt
[9.423s] writing top-level names to ../../../build/mpcc_local_planner/mpcc_local_planner.egg-info/top_level.txt
[9.681s] reading manifest file '../../../build/mpcc_local_planner/mpcc_local_planner.egg-info/SOURCES.txt'
[9.687s] writing manifest file '../../../build/mpcc_local_planner/mpcc_local_planner.egg-info/SOURCES.txt'
[9.688s] running build
[9.689s] running build_py
[9.695s] running install
[9.700s] running install_lib
[9.711s] running install_data
[9.717s] running install_egg_info
[9.725s] removing '/home/ros_workspace/install/mpcc_local_planner/lib/python3.8/site-packages/mpcc_local_planner-0.0.0-py3.8.egg-info' (and everything under it)
[9.770s] Copying ../../../build/mpcc_local_planner/mpcc_local_planner.egg-info to /home/ros_workspace/install/mpcc_local_planner/lib/python3.8/site-packages/mpcc_local_planner-0.0.0-py3.8.egg-info
[9.791s] running install_scripts
[9.899s] Installing mpcc script to /home/ros_workspace/install/mpcc_local_planner/lib/mpcc_local_planner
[9.902s] writing list of installed files to '/home/ros_workspace/build/mpcc_local_planner/install.log'
[9.996s] Invoked command in '/home/ros_workspace/src/mpcc_planner/mpcc_local_planner' returned '0': AMENT_PREFIX_PATH=/home/ros_workspace/install/local_path_planner:/home/ros_workspace/install/mpcc_interfaces:/home/ros_workspace/install/nav2_msgs:${AMENT_PREFIX_PATH} CMAKE_PREFIX_PATH=/home/ros_workspace/install/mpcc_interfaces:/home/ros_workspace/install/nav2_msgs LD_LIBRARY_PATH=/home/ros_workspace/install/mpcc_interfaces/lib:/home/ros_workspace/install/nav2_msgs/lib:${LD_LIBRARY_PATH} PYTHONPATH=/home/ros_workspace/install/mpcc_local_planner/lib/python3.8/site-packages:/home/ros_workspace/install/local_path_planner/lib/python3.8/site-packages:/home/ros_workspace/install/mpcc_interfaces/lib/python3.8/site-packages:/home/ros_workspace/install/nav2_msgs/lib/python3.8/site-packages:${PYTHONPATH} /usr/bin/python3 setup.py egg_info --egg-base ../../../build/mpcc_local_planner build --build-base /home/ros_workspace/build/mpcc_local_planner/build install --prefix /home/ros_workspace/install/mpcc_local_planner --record /home/ros_workspace/build/mpcc_local_planner/install.log --single-version-externally-managed
