[5.976s] Invoking command in '/home/ros_workspace/src/mpcc_planner/mpcc_local_planner': AMENT_PREFIX_PATH=/home/ros_workspace/install/local_path_planner:/home/ros_workspace/install/static_collision_avoidance:/home/ros_workspace/install/simple_igoneo_commander:/home/ros_workspace/install/nav2_bringup:/home/ros_workspace/install/navigation2:/home/ros_workspace/install/nav2_waypoint_follower:/home/ros_workspace/install/nav2_navfn_planner:/home/ros_workspace/install/nav2_core:/home/ros_workspace/install/nav2_costmap_2d:/home/ros_workspace/install/nav2_voxel_grid:/home/ros_workspace/install/nav2_rviz_plugins:/home/ros_workspace/install/nav2_map_server:/home/ros_workspace/install/nav2_lifecycle_manager:/home/ros_workspace/install/nav2_bt_navigator:/home/ros_workspace/install/nav2_behavior_tree:/home/ros_workspace/install/nav2_util:/home/ros_workspace/install/mpcc_local_planner:/home/ros_workspace/install/dynamic_collision_avoidance:/home/ros_workspace/install/cost_map_server:/home/ros_workspace/install/mpcc_interfaces:/home/ros_workspace/install/nav2_msgs:/home/ros_workspace/install/nav2_gazebo_spawner:/home/ros_workspace/install/nav2_common:/home/ros_workspace/install/mpc_igoneo:/home/ros_workspace/install/mpc_dynamic_obstacles:/home/ros_workspace/install/igoneo_dynamic_window:/opt/ros/foxy CMAKE_PREFIX_PATH=/home/ros_workspace/install/mpcc_interfaces:/home/ros_workspace/install/nav2_msgs:/home/ros_workspace/install/nav2_bringup:/home/ros_workspace/install/navigation2:/home/ros_workspace/install/nav2_waypoint_follower:/home/ros_workspace/install/nav2_navfn_planner:/home/ros_workspace/install/nav2_core:/home/ros_workspace/install/nav2_costmap_2d:/home/ros_workspace/install/nav2_voxel_grid:/home/ros_workspace/install/nav2_rviz_plugins:/home/ros_workspace/install/nav2_map_server:/home/ros_workspace/install/nav2_lifecycle_manager:/home/ros_workspace/install/nav2_bt_navigator:/home/ros_workspace/install/nav2_behavior_tree:/home/ros_workspace/install/nav2_util:/home/ros_workspace/install/nav2_common LD_LIBRARY_PATH=/home/ros_workspace/install/mpcc_interfaces/lib:/home/ros_workspace/install/nav2_msgs/lib:/home/ros_workspace/install/nav2_waypoint_follower/lib:/home/ros_workspace/install/nav2_navfn_planner/lib:/home/ros_workspace/install/nav2_costmap_2d/lib:/home/ros_workspace/install/nav2_voxel_grid/lib:/home/ros_workspace/install/nav2_rviz_plugins/lib:/home/ros_workspace/install/nav2_map_server/lib:/home/ros_workspace/install/nav2_lifecycle_manager/lib:/home/ros_workspace/install/nav2_bt_navigator/lib:/home/ros_workspace/install/nav2_behavior_tree/lib:/home/ros_workspace/install/nav2_util/lib:/opt/ros/foxy/opt/yaml_cpp_vendor/lib:/opt/ros/foxy/opt/rviz_ogre_vendor/lib:/opt/ros/foxy/lib/x86_64-linux-gnu:/opt/ros/foxy/lib PYTHONPATH=/home/ros_workspace/install/mpcc_local_planner/lib/python3.8/site-packages:/home/ros_workspace/install/local_path_planner/lib/python3.8/site-packages:/home/ros_workspace/install/mpcc_interfaces/lib/python3.8/site-packages:/home/ros_workspace/install/nav2_msgs/lib/python3.8/site-packages:/home/ros_workspace/install/static_collision_avoidance/lib/python3.8/site-packages:/home/ros_workspace/install/simple_igoneo_commander/lib/python3.8/site-packages:/home/ros_workspace/install/mpcc_local_planner/lib/python3.8/site-packages:/home/ros_workspace/install/dynamic_collision_avoidance/lib/python3.8/site-packages:/home/ros_workspace/install/cost_map_server/lib/python3.8/site-packages:/home/ros_workspace/install/nav2_gazebo_spawner/lib/python3.8/site-packages:/home/ros_workspace/install/nav2_common/lib/python3.8/site-packages:/home/ros_workspace/install/mpc_igoneo/lib/python3.8/site-packages:/home/ros_workspace/install/mpc_dynamic_obstacles/lib/python3.8/site-packages:/home/ros_workspace/install/igoneo_dynamic_window/lib/python3.8/site-packages:/opt/ros/foxy/lib/python3.8/site-packages /usr/bin/python3 setup.py egg_info --egg-base ../../../build/mpcc_local_planner build --build-base /home/ros_workspace/build/mpcc_local_planner/build install --prefix /home/ros_workspace/install/mpcc_local_planner --record /home/ros_workspace/build/mpcc_local_planner/install.log --single-version-externally-managed
[7.920s] running egg_info
[7.929s] creating ../../../build/mpcc_local_planner/mpcc_local_planner.egg-info
[7.929s] writing ../../../build/mpcc_local_planner/mpcc_local_planner.egg-info/PKG-INFO
[7.929s] writing dependency_links to ../../../build/mpcc_local_planner/mpcc_local_planner.egg-info/dependency_links.txt
[7.929s] writing entry points to ../../../build/mpcc_local_planner/mpcc_local_planner.egg-info/entry_points.txt
[7.930s] writing requirements to ../../../build/mpcc_local_planner/mpcc_local_planner.egg-info/requires.txt
[7.930s] writing top-level names to ../../../build/mpcc_local_planner/mpcc_local_planner.egg-info/top_level.txt
[7.943s] writing manifest file '../../../build/mpcc_local_planner/mpcc_local_planner.egg-info/SOURCES.txt'
[8.151s] reading manifest file '../../../build/mpcc_local_planner/mpcc_local_planner.egg-info/SOURCES.txt'
[8.151s] writing manifest file '../../../build/mpcc_local_planner/mpcc_local_planner.egg-info/SOURCES.txt'
[8.166s] running build
[8.166s] running build_py
[8.174s] creating /home/ros_workspace/build/mpcc_local_planner/build
[8.174s] creating /home/ros_workspace/build/mpcc_local_planner/build/lib
[8.175s] creating /home/ros_workspace/build/mpcc_local_planner/build/lib/mpcc_local_planner
[8.175s] copying mpcc_local_planner/mpcc_controller_node.py -> /home/ros_workspace/build/mpcc_local_planner/build/lib/mpcc_local_planner
[8.192s] copying mpcc_local_planner/mpcc_controller.py -> /home/ros_workspace/build/mpcc_local_planner/build/lib/mpcc_local_planner
[8.192s] copying mpcc_local_planner/__init__.py -> /home/ros_workspace/build/mpcc_local_planner/build/lib/mpcc_local_planner
[8.192s] creating /home/ros_workspace/build/mpcc_local_planner/build/lib/include
[8.193s] copying include/bounding_boxes.py -> /home/ros_workspace/build/mpcc_local_planner/build/lib/include
[8.193s] copying include/static_cost_map.py -> /home/ros_workspace/build/mpcc_local_planner/build/lib/include
[8.212s] copying include/igoneo_mpc.py -> /home/ros_workspace/build/mpcc_local_planner/build/lib/include
[8.212s] copying include/__init__.py -> /home/ros_workspace/build/mpcc_local_planner/build/lib/include
[8.214s] running install
[8.216s] running install_lib
[8.218s] creating /home/ros_workspace/install/mpcc_local_planner/lib/python3.8/site-packages/include
[8.218s] copying /home/ros_workspace/build/mpcc_local_planner/build/lib/include/bounding_boxes.py -> /home/ros_workspace/install/mpcc_local_planner/lib/python3.8/site-packages/include
[8.219s] copying /home/ros_workspace/build/mpcc_local_planner/build/lib/include/static_cost_map.py -> /home/ros_workspace/install/mpcc_local_planner/lib/python3.8/site-packages/include
[8.219s] copying /home/ros_workspace/build/mpcc_local_planner/build/lib/include/igoneo_mpc.py -> /home/ros_workspace/install/mpcc_local_planner/lib/python3.8/site-packages/include
[8.220s] copying /home/ros_workspace/build/mpcc_local_planner/build/lib/include/__init__.py -> /home/ros_workspace/install/mpcc_local_planner/lib/python3.8/site-packages/include
[8.220s] creating /home/ros_workspace/install/mpcc_local_planner/lib/python3.8/site-packages/mpcc_local_planner
[8.221s] copying /home/ros_workspace/build/mpcc_local_planner/build/lib/mpcc_local_planner/mpcc_controller_node.py -> /home/ros_workspace/install/mpcc_local_planner/lib/python3.8/site-packages/mpcc_local_planner
[8.221s] copying /home/ros_workspace/build/mpcc_local_planner/build/lib/mpcc_local_planner/mpcc_controller.py -> /home/ros_workspace/install/mpcc_local_planner/lib/python3.8/site-packages/mpcc_local_planner
[8.222s] copying /home/ros_workspace/build/mpcc_local_planner/build/lib/mpcc_local_planner/__init__.py -> /home/ros_workspace/install/mpcc_local_planner/lib/python3.8/site-packages/mpcc_local_planner
[8.227s] byte-compiling /home/ros_workspace/install/mpcc_local_planner/lib/python3.8/site-packages/include/bounding_boxes.py to bounding_boxes.cpython-38.pyc
[8.251s] byte-compiling /home/ros_workspace/install/mpcc_local_planner/lib/python3.8/site-packages/include/static_cost_map.py to static_cost_map.cpython-38.pyc
[8.256s] byte-compiling /home/ros_workspace/install/mpcc_local_planner/lib/python3.8/site-packages/include/igoneo_mpc.py to igoneo_mpc.cpython-38.pyc
[8.274s] byte-compiling /home/ros_workspace/install/mpcc_local_planner/lib/python3.8/site-packages/include/__init__.py to __init__.cpython-38.pyc
[8.275s] byte-compiling /home/ros_workspace/install/mpcc_local_planner/lib/python3.8/site-packages/mpcc_local_planner/mpcc_controller_node.py to mpcc_controller_node.cpython-38.pyc
[8.275s] byte-compiling /home/ros_workspace/install/mpcc_local_planner/lib/python3.8/site-packages/mpcc_local_planner/mpcc_controller.py to mpcc_controller.cpython-38.pyc
[8.295s] byte-compiling /home/ros_workspace/install/mpcc_local_planner/lib/python3.8/site-packages/mpcc_local_planner/__init__.py to __init__.cpython-38.pyc
[8.296s] running install_data
[8.300s] running install_egg_info
[8.311s] Copying ../../../build/mpcc_local_planner/mpcc_local_planner.egg-info to /home/ros_workspace/install/mpcc_local_planner/lib/python3.8/site-packages/mpcc_local_planner-0.0.0-py3.8.egg-info
[8.311s] running install_scripts
[8.389s] Installing mpcc script to /home/ros_workspace/install/mpcc_local_planner/lib/mpcc_local_planner
[8.391s] writing list of installed files to '/home/ros_workspace/build/mpcc_local_planner/install.log'
[8.537s] Invoked command in '/home/ros_workspace/src/mpcc_planner/mpcc_local_planner' returned '0': AMENT_PREFIX_PATH=/home/ros_workspace/install/local_path_planner:/home/ros_workspace/install/static_collision_avoidance:/home/ros_workspace/install/simple_igoneo_commander:/home/ros_workspace/install/nav2_bringup:/home/ros_workspace/install/navigation2:/home/ros_workspace/install/nav2_waypoint_follower:/home/ros_workspace/install/nav2_navfn_planner:/home/ros_workspace/install/nav2_core:/home/ros_workspace/install/nav2_costmap_2d:/home/ros_workspace/install/nav2_voxel_grid:/home/ros_workspace/install/nav2_rviz_plugins:/home/ros_workspace/install/nav2_map_server:/home/ros_workspace/install/nav2_lifecycle_manager:/home/ros_workspace/install/nav2_bt_navigator:/home/ros_workspace/install/nav2_behavior_tree:/home/ros_workspace/install/nav2_util:/home/ros_workspace/install/mpcc_local_planner:/home/ros_workspace/install/dynamic_collision_avoidance:/home/ros_workspace/install/cost_map_server:/home/ros_workspace/install/mpcc_interfaces:/home/ros_workspace/install/nav2_msgs:/home/ros_workspace/install/nav2_gazebo_spawner:/home/ros_workspace/install/nav2_common:/home/ros_workspace/install/mpc_igoneo:/home/ros_workspace/install/mpc_dynamic_obstacles:/home/ros_workspace/install/igoneo_dynamic_window:/opt/ros/foxy CMAKE_PREFIX_PATH=/home/ros_workspace/install/mpcc_interfaces:/home/ros_workspace/install/nav2_msgs:/home/ros_workspace/install/nav2_bringup:/home/ros_workspace/install/navigation2:/home/ros_workspace/install/nav2_waypoint_follower:/home/ros_workspace/install/nav2_navfn_planner:/home/ros_workspace/install/nav2_core:/home/ros_workspace/install/nav2_costmap_2d:/home/ros_workspace/install/nav2_voxel_grid:/home/ros_workspace/install/nav2_rviz_plugins:/home/ros_workspace/install/nav2_map_server:/home/ros_workspace/install/nav2_lifecycle_manager:/home/ros_workspace/install/nav2_bt_navigator:/home/ros_workspace/install/nav2_behavior_tree:/home/ros_workspace/install/nav2_util:/home/ros_workspace/install/nav2_common LD_LIBRARY_PATH=/home/ros_workspace/install/mpcc_interfaces/lib:/home/ros_workspace/install/nav2_msgs/lib:/home/ros_workspace/install/nav2_waypoint_follower/lib:/home/ros_workspace/install/nav2_navfn_planner/lib:/home/ros_workspace/install/nav2_costmap_2d/lib:/home/ros_workspace/install/nav2_voxel_grid/lib:/home/ros_workspace/install/nav2_rviz_plugins/lib:/home/ros_workspace/install/nav2_map_server/lib:/home/ros_workspace/install/nav2_lifecycle_manager/lib:/home/ros_workspace/install/nav2_bt_navigator/lib:/home/ros_workspace/install/nav2_behavior_tree/lib:/home/ros_workspace/install/nav2_util/lib:/opt/ros/foxy/opt/yaml_cpp_vendor/lib:/opt/ros/foxy/opt/rviz_ogre_vendor/lib:/opt/ros/foxy/lib/x86_64-linux-gnu:/opt/ros/foxy/lib PYTHONPATH=/home/ros_workspace/install/mpcc_local_planner/lib/python3.8/site-packages:/home/ros_workspace/install/local_path_planner/lib/python3.8/site-packages:/home/ros_workspace/install/mpcc_interfaces/lib/python3.8/site-packages:/home/ros_workspace/install/nav2_msgs/lib/python3.8/site-packages:/home/ros_workspace/install/static_collision_avoidance/lib/python3.8/site-packages:/home/ros_workspace/install/simple_igoneo_commander/lib/python3.8/site-packages:/home/ros_workspace/install/mpcc_local_planner/lib/python3.8/site-packages:/home/ros_workspace/install/dynamic_collision_avoidance/lib/python3.8/site-packages:/home/ros_workspace/install/cost_map_server/lib/python3.8/site-packages:/home/ros_workspace/install/nav2_gazebo_spawner/lib/python3.8/site-packages:/home/ros_workspace/install/nav2_common/lib/python3.8/site-packages:/home/ros_workspace/install/mpc_igoneo/lib/python3.8/site-packages:/home/ros_workspace/install/mpc_dynamic_obstacles/lib/python3.8/site-packages:/home/ros_workspace/install/igoneo_dynamic_window/lib/python3.8/site-packages:/opt/ros/foxy/lib/python3.8/site-packages /usr/bin/python3 setup.py egg_info --egg-base ../../../build/mpcc_local_planner build --build-base /home/ros_workspace/build/mpcc_local_planner/build install --prefix /home/ros_workspace/install/mpcc_local_planner --record /home/ros_workspace/build/mpcc_local_planner/install.log --single-version-externally-managed
