[0.134s] Invoking command in '/home/ros_workspace/build/nav2_behavior_tree': CMAKE_PREFIX_PATH=/home/ros_workspace/install/nav2_util:/home/ros_workspace/install/nav2_msgs:/home/ros_workspace/install/nav2_common:/home/ros_workspace/install/nav2_bringup:/home/ros_workspace/install/navigation2:/home/ros_workspace/install/nav2_waypoint_follower:/home/ros_workspace/install/nav2_navfn_planner:/home/ros_workspace/install/nav2_core:/home/ros_workspace/install/nav2_costmap_2d:/home/ros_workspace/install/nav2_voxel_grid:/home/ros_workspace/install/nav2_rviz_plugins:/home/ros_workspace/install/nav2_map_server:/home/ros_workspace/install/nav2_lifecycle_manager:/home/ros_workspace/install/nav2_bt_navigator:/home/ros_workspace/install/nav2_behavior_tree:/home/ros_workspace/install/mpcc_interfaces:/home/ros_workspace/install/static_collision_avoidance:/home/ros_workspace/install/simple_igoneo_commander:/home/ros_workspace/install/mpcc_local_planner:/home/ros_workspace/install/local_path_planner:/home/ros_workspace/install/dynamic_collision_avoidance:/home/ros_workspace/install/cost_map_server:/home/ros_workspace/install/nav2_gazebo_spawner:/home/ros_workspace/install/mpc_igoneo:/home/ros_workspace/install/mpc_dynamic_obstacles:/home/ros_workspace/install/igoneo_dynamic_window:/opt/ros/foxy LD_LIBRARY_PATH=/home/ros_workspace/install/nav2_util/lib:/home/ros_workspace/install/nav2_msgs/lib:/home/ros_workspace/install/nav2_waypoint_follower/lib:/home/ros_workspace/install/nav2_navfn_planner/lib:/home/ros_workspace/install/nav2_costmap_2d/lib:/home/ros_workspace/install/nav2_voxel_grid/lib:/home/ros_workspace/install/nav2_rviz_plugins/lib:/home/ros_workspace/install/nav2_map_server/lib:/home/ros_workspace/install/nav2_lifecycle_manager/lib:/home/ros_workspace/install/nav2_bt_navigator/lib:/home/ros_workspace/install/nav2_behavior_tree/lib:/home/ros_workspace/install/mpcc_interfaces/lib:/opt/ros/foxy/opt/yaml_cpp_vendor/lib:/opt/ros/foxy/opt/rviz_ogre_vendor/lib:/opt/ros/foxy/lib/x86_64-linux-gnu:/opt/ros/foxy/lib PYTHONPATH=/home/ros_workspace/install/nav2_msgs/lib/python3.8/site-packages:/home/ros_workspace/install/nav2_common/lib/python3.8/site-packages:/home/ros_workspace/install/static_collision_avoidance/lib/python3.8/site-packages:/home/ros_workspace/install/simple_igoneo_commander/lib/python3.8/site-packages:/home/ros_workspace/install/mpcc_local_planner/lib/python3.8/site-packages:/home/ros_workspace/install/local_path_planner/lib/python3.8/site-packages:/home/ros_workspace/install/dynamic_collision_avoidance/lib/python3.8/site-packages:/home/ros_workspace/install/cost_map_server/lib/python3.8/site-packages:/home/ros_workspace/install/mpcc_interfaces/lib/python3.8/site-packages:/home/ros_workspace/install/nav2_gazebo_spawner/lib/python3.8/site-packages:/home/ros_workspace/install/mpc_igoneo/lib/python3.8/site-packages:/home/ros_workspace/install/mpc_dynamic_obstacles/lib/python3.8/site-packages:/home/ros_workspace/install/igoneo_dynamic_window/lib/python3.8/site-packages:/opt/ros/foxy/lib/python3.8/site-packages /usr/bin/cmake --build /home/ros_workspace/build/nav2_behavior_tree -- -j4 -l4
[0.460s] [  2%] Built target nav2_pipeline_sequence_bt_node
[0.509s] [  4%] Built target nav2_transform_available_condition_bt_node
[0.532s] [  6%] Built target nav2_spin_action_bt_node
[0.549s] [  8%] Built target nav2_wait_action_bt_node
[0.674s] [ 10%] Built target nav2_goal_updated_condition_bt_node
[0.724s] [ 12%] Built target nav2_compute_path_to_pose_action_bt_node
[0.725s] [ 14%] Built target nav2_behavior_tree
[0.783s] [ 16%] Built target nav2_is_stuck_condition_bt_node
[0.864s] [ 18%] Built target nav2_goal_updater_node_bt_node
[1.001s] [ 20%] Built target nav2_follow_path_action_bt_node
[1.062s] [ 22%] Built target nav2_initial_pose_received_condition_bt_node
[1.082s] [ 24%] Built target nav2_time_expired_condition_bt_node
[1.082s] [ 26%] Built target nav2_goal_reached_condition_bt_node
[1.179s] [ 28%] Built target nav2_distance_traveled_condition_bt_node
[1.280s] [ 30%] Built target nav2_rate_controller_bt_node
[1.280s] [ 32%] Built target nav2_is_battery_low_condition_bt_node
[1.297s] [ 34%] Built target nav2_reinitialize_global_localization_service_bt_node
[1.393s] [ 36%] Built target nav2_distance_controller_bt_node
[1.396s] [ 38%] Built target nav2_round_robin_node_bt_node
[1.440s] [ 40%] Built target nav2_speed_controller_bt_node
[1.468s] [ 42%] Built target nav2_clear_costmap_service_bt_node
[1.551s] [ 44%] Built target nav2_truncate_path_action_bt_node
[1.563s] [ 46%] Built target nav2_navigate_to_pose_action_bt_node
[1.625s] [ 48%] Built target gtest
[1.648s] [ 51%] Built target nav2_back_up_action_bt_node
[1.648s] [ 53%] Built target nav2_recovery_node_bt_node
[1.677s] [ 55%] Built target gtest_main
[1.851s] [ 57%] Built target test_condition_distance_traveled
[1.885s] [ 59%] Built target test_bt_conversions
[1.934s] [ 61%] Built target test_condition_time_expired
[1.949s] [ 63%] Built target test_condition_goal_updated
[2.005s] [ 65%] Built target test_condition_initial_pose_received
[2.116s] [ 67%] Built target test_condition_is_battery_low
[2.136s] [ 69%] Built target test_condition_transform_available
[2.184s] [ 71%] Built target test_condition_is_stuck
[2.234s] [ 73%] Built target test_condition_goal_reached
[2.283s] [ 75%] Built target test_goal_updater_node
[2.367s] [ 77%] Built target test_decorator_rate_controller
[2.401s] [ 79%] Built target test_decorator_speed_controller
[2.519s] [ 81%] Built target test_control_round_robin_node
[2.524s] [ 83%] Built target test_control_recovery_node
[2.524s] [ 85%] Built target test_decorator_distance_controller
[2.627s] [ 87%] Built target test_control_pipeline_sequence
[2.677s] [ 89%] Built target test_truncate_path_action
[2.700s] [ 91%] Built target test_action_follow_path_action
[2.723s] [ 93%] Built target test_action_navigate_to_pose_action
[2.784s] [ 95%] Built target test_action_compute_path_to_pose_action
[2.859s] [ 97%] Built target test_action_clear_costmap_service
[2.866s] [100%] Built target test_action_reinitialize_global_localization_service
[3.185s] Invoked command in '/home/ros_workspace/build/nav2_behavior_tree' returned '0': CMAKE_PREFIX_PATH=/home/ros_workspace/install/nav2_util:/home/ros_workspace/install/nav2_msgs:/home/ros_workspace/install/nav2_common:/home/ros_workspace/install/nav2_bringup:/home/ros_workspace/install/navigation2:/home/ros_workspace/install/nav2_waypoint_follower:/home/ros_workspace/install/nav2_navfn_planner:/home/ros_workspace/install/nav2_core:/home/ros_workspace/install/nav2_costmap_2d:/home/ros_workspace/install/nav2_voxel_grid:/home/ros_workspace/install/nav2_rviz_plugins:/home/ros_workspace/install/nav2_map_server:/home/ros_workspace/install/nav2_lifecycle_manager:/home/ros_workspace/install/nav2_bt_navigator:/home/ros_workspace/install/nav2_behavior_tree:/home/ros_workspace/install/mpcc_interfaces:/home/ros_workspace/install/static_collision_avoidance:/home/ros_workspace/install/simple_igoneo_commander:/home/ros_workspace/install/mpcc_local_planner:/home/ros_workspace/install/local_path_planner:/home/ros_workspace/install/dynamic_collision_avoidance:/home/ros_workspace/install/cost_map_server:/home/ros_workspace/install/nav2_gazebo_spawner:/home/ros_workspace/install/mpc_igoneo:/home/ros_workspace/install/mpc_dynamic_obstacles:/home/ros_workspace/install/igoneo_dynamic_window:/opt/ros/foxy LD_LIBRARY_PATH=/home/ros_workspace/install/nav2_util/lib:/home/ros_workspace/install/nav2_msgs/lib:/home/ros_workspace/install/nav2_waypoint_follower/lib:/home/ros_workspace/install/nav2_navfn_planner/lib:/home/ros_workspace/install/nav2_costmap_2d/lib:/home/ros_workspace/install/nav2_voxel_grid/lib:/home/ros_workspace/install/nav2_rviz_plugins/lib:/home/ros_workspace/install/nav2_map_server/lib:/home/ros_workspace/install/nav2_lifecycle_manager/lib:/home/ros_workspace/install/nav2_bt_navigator/lib:/home/ros_workspace/install/nav2_behavior_tree/lib:/home/ros_workspace/install/mpcc_interfaces/lib:/opt/ros/foxy/opt/yaml_cpp_vendor/lib:/opt/ros/foxy/opt/rviz_ogre_vendor/lib:/opt/ros/foxy/lib/x86_64-linux-gnu:/opt/ros/foxy/lib PYTHONPATH=/home/ros_workspace/install/nav2_msgs/lib/python3.8/site-packages:/home/ros_workspace/install/nav2_common/lib/python3.8/site-packages:/home/ros_workspace/install/static_collision_avoidance/lib/python3.8/site-packages:/home/ros_workspace/install/simple_igoneo_commander/lib/python3.8/site-packages:/home/ros_workspace/install/mpcc_local_planner/lib/python3.8/site-packages:/home/ros_workspace/install/local_path_planner/lib/python3.8/site-packages:/home/ros_workspace/install/dynamic_collision_avoidance/lib/python3.8/site-packages:/home/ros_workspace/install/cost_map_server/lib/python3.8/site-packages:/home/ros_workspace/install/mpcc_interfaces/lib/python3.8/site-packages:/home/ros_workspace/install/nav2_gazebo_spawner/lib/python3.8/site-packages:/home/ros_workspace/install/mpc_igoneo/lib/python3.8/site-packages:/home/ros_workspace/install/mpc_dynamic_obstacles/lib/python3.8/site-packages:/home/ros_workspace/install/igoneo_dynamic_window/lib/python3.8/site-packages:/opt/ros/foxy/lib/python3.8/site-packages /usr/bin/cmake --build /home/ros_workspace/build/nav2_behavior_tree -- -j4 -l4
[3.797s] Invoking command in '/home/ros_workspace/build/nav2_behavior_tree': CMAKE_PREFIX_PATH=/home/ros_workspace/install/nav2_util:/home/ros_workspace/install/nav2_msgs:/home/ros_workspace/install/nav2_common:/home/ros_workspace/install/nav2_bringup:/home/ros_workspace/install/navigation2:/home/ros_workspace/install/nav2_waypoint_follower:/home/ros_workspace/install/nav2_navfn_planner:/home/ros_workspace/install/nav2_core:/home/ros_workspace/install/nav2_costmap_2d:/home/ros_workspace/install/nav2_voxel_grid:/home/ros_workspace/install/nav2_rviz_plugins:/home/ros_workspace/install/nav2_map_server:/home/ros_workspace/install/nav2_lifecycle_manager:/home/ros_workspace/install/nav2_bt_navigator:/home/ros_workspace/install/nav2_behavior_tree:/home/ros_workspace/install/mpcc_interfaces:/home/ros_workspace/install/static_collision_avoidance:/home/ros_workspace/install/simple_igoneo_commander:/home/ros_workspace/install/mpcc_local_planner:/home/ros_workspace/install/local_path_planner:/home/ros_workspace/install/dynamic_collision_avoidance:/home/ros_workspace/install/cost_map_server:/home/ros_workspace/install/nav2_gazebo_spawner:/home/ros_workspace/install/mpc_igoneo:/home/ros_workspace/install/mpc_dynamic_obstacles:/home/ros_workspace/install/igoneo_dynamic_window:/opt/ros/foxy LD_LIBRARY_PATH=/home/ros_workspace/install/nav2_util/lib:/home/ros_workspace/install/nav2_msgs/lib:/home/ros_workspace/install/nav2_waypoint_follower/lib:/home/ros_workspace/install/nav2_navfn_planner/lib:/home/ros_workspace/install/nav2_costmap_2d/lib:/home/ros_workspace/install/nav2_voxel_grid/lib:/home/ros_workspace/install/nav2_rviz_plugins/lib:/home/ros_workspace/install/nav2_map_server/lib:/home/ros_workspace/install/nav2_lifecycle_manager/lib:/home/ros_workspace/install/nav2_bt_navigator/lib:/home/ros_workspace/install/nav2_behavior_tree/lib:/home/ros_workspace/install/mpcc_interfaces/lib:/opt/ros/foxy/opt/yaml_cpp_vendor/lib:/opt/ros/foxy/opt/rviz_ogre_vendor/lib:/opt/ros/foxy/lib/x86_64-linux-gnu:/opt/ros/foxy/lib PYTHONPATH=/home/ros_workspace/install/nav2_msgs/lib/python3.8/site-packages:/home/ros_workspace/install/nav2_common/lib/python3.8/site-packages:/home/ros_workspace/install/static_collision_avoidance/lib/python3.8/site-packages:/home/ros_workspace/install/simple_igoneo_commander/lib/python3.8/site-packages:/home/ros_workspace/install/mpcc_local_planner/lib/python3.8/site-packages:/home/ros_workspace/install/local_path_planner/lib/python3.8/site-packages:/home/ros_workspace/install/dynamic_collision_avoidance/lib/python3.8/site-packages:/home/ros_workspace/install/cost_map_server/lib/python3.8/site-packages:/home/ros_workspace/install/mpcc_interfaces/lib/python3.8/site-packages:/home/ros_workspace/install/nav2_gazebo_spawner/lib/python3.8/site-packages:/home/ros_workspace/install/mpc_igoneo/lib/python3.8/site-packages:/home/ros_workspace/install/mpc_dynamic_obstacles/lib/python3.8/site-packages:/home/ros_workspace/install/igoneo_dynamic_window/lib/python3.8/site-packages:/opt/ros/foxy/lib/python3.8/site-packages /usr/bin/cmake --install /home/ros_workspace/build/nav2_behavior_tree
[3.862s] -- Install configuration: "Release"
[3.876s] -- Up-to-date: /home/ros_workspace/install/nav2_behavior_tree/lib/libnav2_behavior_tree.so
[3.877s] -- Up-to-date: /home/ros_workspace/install/nav2_behavior_tree/lib/libnav2_compute_path_to_pose_action_bt_node.so
[3.878s] -- Up-to-date: /home/ros_workspace/install/nav2_behavior_tree/lib/libnav2_follow_path_action_bt_node.so
[3.879s] -- Up-to-date: /home/ros_workspace/install/nav2_behavior_tree/lib/libnav2_back_up_action_bt_node.so
[3.880s] -- Up-to-date: /home/ros_workspace/install/nav2_behavior_tree/lib/libnav2_spin_action_bt_node.so
[3.881s] -- Up-to-date: /home/ros_workspace/install/nav2_behavior_tree/lib/libnav2_wait_action_bt_node.so
[3.882s] -- Up-to-date: /home/ros_workspace/install/nav2_behavior_tree/lib/libnav2_clear_costmap_service_bt_node.so
[3.883s] -- Up-to-date: /home/ros_workspace/install/nav2_behavior_tree/lib/libnav2_is_stuck_condition_bt_node.so
[3.884s] -- Up-to-date: /home/ros_workspace/install/nav2_behavior_tree/lib/libnav2_transform_available_condition_bt_node.so
[3.885s] -- Up-to-date: /home/ros_workspace/install/nav2_behavior_tree/lib/libnav2_goal_reached_condition_bt_node.so
[3.889s] -- Up-to-date: /home/ros_workspace/install/nav2_behavior_tree/lib/libnav2_goal_updated_condition_bt_node.so
[3.890s] -- Up-to-date: /home/ros_workspace/install/nav2_behavior_tree/lib/libnav2_time_expired_condition_bt_node.so
[3.891s] -- Up-to-date: /home/ros_workspace/install/nav2_behavior_tree/lib/libnav2_distance_traveled_condition_bt_node.so
[3.892s] -- Up-to-date: /home/ros_workspace/install/nav2_behavior_tree/lib/libnav2_initial_pose_received_condition_bt_node.so
[3.894s] -- Up-to-date: /home/ros_workspace/install/nav2_behavior_tree/lib/libnav2_is_battery_low_condition_bt_node.so
[3.895s] -- Up-to-date: /home/ros_workspace/install/nav2_behavior_tree/lib/libnav2_reinitialize_global_localization_service_bt_node.so
[3.898s] -- Up-to-date: /home/ros_workspace/install/nav2_behavior_tree/lib/libnav2_rate_controller_bt_node.so
[3.898s] -- Up-to-date: /home/ros_workspace/install/nav2_behavior_tree/lib/libnav2_distance_controller_bt_node.so
[3.900s] -- Up-to-date: /home/ros_workspace/install/nav2_behavior_tree/lib/libnav2_speed_controller_bt_node.so
[3.901s] -- Up-to-date: /home/ros_workspace/install/nav2_behavior_tree/lib/libnav2_truncate_path_action_bt_node.so
[3.903s] -- Up-to-date: /home/ros_workspace/install/nav2_behavior_tree/lib/libnav2_goal_updater_node_bt_node.so
[3.904s] -- Up-to-date: /home/ros_workspace/install/nav2_behavior_tree/lib/libnav2_recovery_node_bt_node.so
[3.906s] -- Up-to-date: /home/ros_workspace/install/nav2_behavior_tree/lib/libnav2_navigate_to_pose_action_bt_node.so
[3.908s] -- Up-to-date: /home/ros_workspace/install/nav2_behavior_tree/lib/libnav2_pipeline_sequence_bt_node.so
[3.910s] -- Up-to-date: /home/ros_workspace/install/nav2_behavior_tree/lib/libnav2_round_robin_node_bt_node.so
[3.911s] -- Up-to-date: /home/ros_workspace/install/nav2_behavior_tree/include/
[3.911s] -- Up-to-date: /home/ros_workspace/install/nav2_behavior_tree/include//nav2_behavior_tree
[3.912s] -- Up-to-date: /home/ros_workspace/install/nav2_behavior_tree/include//nav2_behavior_tree/plugins
[3.913s] -- Up-to-date: /home/ros_workspace/install/nav2_behavior_tree/include//nav2_behavior_tree/plugins/action
[3.913s] -- Up-to-date: /home/ros_workspace/install/nav2_behavior_tree/include//nav2_behavior_tree/plugins/action/follow_path_action.hpp
[3.914s] -- Up-to-date: /home/ros_workspace/install/nav2_behavior_tree/include//nav2_behavior_tree/plugins/action/clear_costmap_service.hpp
[3.915s] -- Up-to-date: /home/ros_workspace/install/nav2_behavior_tree/include//nav2_behavior_tree/plugins/action/compute_path_to_pose_action.hpp
[3.916s] -- Up-to-date: /home/ros_workspace/install/nav2_behavior_tree/include//nav2_behavior_tree/plugins/action/spin_action.hpp
[3.916s] -- Up-to-date: /home/ros_workspace/install/nav2_behavior_tree/include//nav2_behavior_tree/plugins/action/back_up_action.hpp
[3.920s] -- Up-to-date: /home/ros_workspace/install/nav2_behavior_tree/include//nav2_behavior_tree/plugins/action/navigate_to_pose_action.hpp
[3.921s] -- Up-to-date: /home/ros_workspace/install/nav2_behavior_tree/include//nav2_behavior_tree/plugins/action/reinitialize_global_localization_service.hpp
[3.922s] -- Up-to-date: /home/ros_workspace/install/nav2_behavior_tree/include//nav2_behavior_tree/plugins/action/wait_action.hpp
[3.922s] -- Up-to-date: /home/ros_workspace/install/nav2_behavior_tree/include//nav2_behavior_tree/plugins/action/truncate_path_action.hpp
[3.924s] -- Up-to-date: /home/ros_workspace/install/nav2_behavior_tree/include//nav2_behavior_tree/plugins/condition
[3.925s] -- Up-to-date: /home/ros_workspace/install/nav2_behavior_tree/include//nav2_behavior_tree/plugins/condition/transform_available_condition.hpp
[3.925s] -- Up-to-date: /home/ros_workspace/install/nav2_behavior_tree/include//nav2_behavior_tree/plugins/condition/goal_reached_condition.hpp
[3.926s] -- Up-to-date: /home/ros_workspace/install/nav2_behavior_tree/include//nav2_behavior_tree/plugins/condition/initial_pose_received_condition.hpp
[3.927s] -- Up-to-date: /home/ros_workspace/install/nav2_behavior_tree/include//nav2_behavior_tree/plugins/condition/time_expired_condition.hpp
[3.928s] -- Up-to-date: /home/ros_workspace/install/nav2_behavior_tree/include//nav2_behavior_tree/plugins/condition/is_battery_low_condition.hpp
[3.929s] -- Up-to-date: /home/ros_workspace/install/nav2_behavior_tree/include//nav2_behavior_tree/plugins/condition/is_stuck_condition.hpp
[3.929s] -- Up-to-date: /home/ros_workspace/install/nav2_behavior_tree/include//nav2_behavior_tree/plugins/condition/distance_traveled_condition.hpp
[3.930s] -- Up-to-date: /home/ros_workspace/install/nav2_behavior_tree/include//nav2_behavior_tree/plugins/condition/goal_updated_condition.hpp
[3.931s] -- Up-to-date: /home/ros_workspace/install/nav2_behavior_tree/include//nav2_behavior_tree/plugins/decorator
[3.931s] -- Up-to-date: /home/ros_workspace/install/nav2_behavior_tree/include//nav2_behavior_tree/plugins/decorator/distance_controller.hpp
[3.932s] -- Up-to-date: /home/ros_workspace/install/nav2_behavior_tree/include//nav2_behavior_tree/plugins/decorator/rate_controller.hpp
[3.933s] -- Up-to-date: /home/ros_workspace/install/nav2_behavior_tree/include//nav2_behavior_tree/plugins/decorator/speed_controller.hpp
[3.933s] -- Up-to-date: /home/ros_workspace/install/nav2_behavior_tree/include//nav2_behavior_tree/plugins/decorator/goal_updater_node.hpp
[3.934s] -- Up-to-date: /home/ros_workspace/install/nav2_behavior_tree/include//nav2_behavior_tree/plugins/control
[3.934s] -- Up-to-date: /home/ros_workspace/install/nav2_behavior_tree/include//nav2_behavior_tree/plugins/control/round_robin_node.hpp
[3.935s] -- Up-to-date: /home/ros_workspace/install/nav2_behavior_tree/include//nav2_behavior_tree/plugins/control/recovery_node.hpp
[3.936s] -- Up-to-date: /home/ros_workspace/install/nav2_behavior_tree/include//nav2_behavior_tree/plugins/control/pipeline_sequence.hpp
[3.936s] -- Up-to-date: /home/ros_workspace/install/nav2_behavior_tree/include//nav2_behavior_tree/behavior_tree_engine.hpp
[3.937s] -- Up-to-date: /home/ros_workspace/install/nav2_behavior_tree/include//nav2_behavior_tree/bt_conversions.hpp
[3.938s] -- Up-to-date: /home/ros_workspace/install/nav2_behavior_tree/include//nav2_behavior_tree/bt_action_node.hpp
[3.947s] -- Up-to-date: /home/ros_workspace/install/nav2_behavior_tree/include//nav2_behavior_tree/bt_service_node.hpp
[3.948s] -- Up-to-date: /home/ros_workspace/install/nav2_behavior_tree/share/nav2_behavior_tree/nav2_tree_nodes.xml
[3.949s] -- Up-to-date: /home/ros_workspace/install/nav2_behavior_tree/share/nav2_behavior_tree/environment/library_path.sh
[3.951s] -- Up-to-date: /home/ros_workspace/install/nav2_behavior_tree/share/nav2_behavior_tree/environment/library_path.dsv
[3.952s] -- Up-to-date: /home/ros_workspace/install/nav2_behavior_tree/share/ament_index/resource_index/package_run_dependencies/nav2_behavior_tree
[3.954s] -- Up-to-date: /home/ros_workspace/install/nav2_behavior_tree/share/ament_index/resource_index/parent_prefix_path/nav2_behavior_tree
[3.955s] -- Up-to-date: /home/ros_workspace/install/nav2_behavior_tree/share/nav2_behavior_tree/environment/ament_prefix_path.sh
[3.957s] -- Up-to-date: /home/ros_workspace/install/nav2_behavior_tree/share/nav2_behavior_tree/environment/ament_prefix_path.dsv
[3.958s] -- Up-to-date: /home/ros_workspace/install/nav2_behavior_tree/share/nav2_behavior_tree/environment/path.sh
[3.959s] -- Up-to-date: /home/ros_workspace/install/nav2_behavior_tree/share/nav2_behavior_tree/environment/path.dsv
[3.960s] -- Up-to-date: /home/ros_workspace/install/nav2_behavior_tree/share/nav2_behavior_tree/local_setup.bash
[3.961s] -- Up-to-date: /home/ros_workspace/install/nav2_behavior_tree/share/nav2_behavior_tree/local_setup.sh
[3.962s] -- Up-to-date: /home/ros_workspace/install/nav2_behavior_tree/share/nav2_behavior_tree/local_setup.zsh
[3.964s] -- Up-to-date: /home/ros_workspace/install/nav2_behavior_tree/share/nav2_behavior_tree/local_setup.dsv
[3.964s] -- Installing: /home/ros_workspace/install/nav2_behavior_tree/share/nav2_behavior_tree/package.dsv
[3.965s] -- Up-to-date: /home/ros_workspace/install/nav2_behavior_tree/share/ament_index/resource_index/packages/nav2_behavior_tree
[3.965s] -- Up-to-date: /home/ros_workspace/install/nav2_behavior_tree/share/nav2_behavior_tree/cmake/ament_cmake_export_include_directories-extras.cmake
[3.966s] -- Up-to-date: /home/ros_workspace/install/nav2_behavior_tree/share/nav2_behavior_tree/cmake/ament_cmake_export_libraries-extras.cmake
[3.966s] -- Up-to-date: /home/ros_workspace/install/nav2_behavior_tree/share/nav2_behavior_tree/cmake/ament_cmake_export_dependencies-extras.cmake
[3.967s] -- Up-to-date: /home/ros_workspace/install/nav2_behavior_tree/share/nav2_behavior_tree/cmake/nav2_behavior_treeConfig.cmake
[3.969s] -- Up-to-date: /home/ros_workspace/install/nav2_behavior_tree/share/nav2_behavior_tree/cmake/nav2_behavior_treeConfig-version.cmake
[3.970s] -- Up-to-date: /home/ros_workspace/install/nav2_behavior_tree/share/nav2_behavior_tree/package.xml
[4.669s] Invoked command in '/home/ros_workspace/build/nav2_behavior_tree' returned '0': CMAKE_PREFIX_PATH=/home/ros_workspace/install/nav2_util:/home/ros_workspace/install/nav2_msgs:/home/ros_workspace/install/nav2_common:/home/ros_workspace/install/nav2_bringup:/home/ros_workspace/install/navigation2:/home/ros_workspace/install/nav2_waypoint_follower:/home/ros_workspace/install/nav2_navfn_planner:/home/ros_workspace/install/nav2_core:/home/ros_workspace/install/nav2_costmap_2d:/home/ros_workspace/install/nav2_voxel_grid:/home/ros_workspace/install/nav2_rviz_plugins:/home/ros_workspace/install/nav2_map_server:/home/ros_workspace/install/nav2_lifecycle_manager:/home/ros_workspace/install/nav2_bt_navigator:/home/ros_workspace/install/nav2_behavior_tree:/home/ros_workspace/install/mpcc_interfaces:/home/ros_workspace/install/static_collision_avoidance:/home/ros_workspace/install/simple_igoneo_commander:/home/ros_workspace/install/mpcc_local_planner:/home/ros_workspace/install/local_path_planner:/home/ros_workspace/install/dynamic_collision_avoidance:/home/ros_workspace/install/cost_map_server:/home/ros_workspace/install/nav2_gazebo_spawner:/home/ros_workspace/install/mpc_igoneo:/home/ros_workspace/install/mpc_dynamic_obstacles:/home/ros_workspace/install/igoneo_dynamic_window:/opt/ros/foxy LD_LIBRARY_PATH=/home/ros_workspace/install/nav2_util/lib:/home/ros_workspace/install/nav2_msgs/lib:/home/ros_workspace/install/nav2_waypoint_follower/lib:/home/ros_workspace/install/nav2_navfn_planner/lib:/home/ros_workspace/install/nav2_costmap_2d/lib:/home/ros_workspace/install/nav2_voxel_grid/lib:/home/ros_workspace/install/nav2_rviz_plugins/lib:/home/ros_workspace/install/nav2_map_server/lib:/home/ros_workspace/install/nav2_lifecycle_manager/lib:/home/ros_workspace/install/nav2_bt_navigator/lib:/home/ros_workspace/install/nav2_behavior_tree/lib:/home/ros_workspace/install/mpcc_interfaces/lib:/opt/ros/foxy/opt/yaml_cpp_vendor/lib:/opt/ros/foxy/opt/rviz_ogre_vendor/lib:/opt/ros/foxy/lib/x86_64-linux-gnu:/opt/ros/foxy/lib PYTHONPATH=/home/ros_workspace/install/nav2_msgs/lib/python3.8/site-packages:/home/ros_workspace/install/nav2_common/lib/python3.8/site-packages:/home/ros_workspace/install/static_collision_avoidance/lib/python3.8/site-packages:/home/ros_workspace/install/simple_igoneo_commander/lib/python3.8/site-packages:/home/ros_workspace/install/mpcc_local_planner/lib/python3.8/site-packages:/home/ros_workspace/install/local_path_planner/lib/python3.8/site-packages:/home/ros_workspace/install/dynamic_collision_avoidance/lib/python3.8/site-packages:/home/ros_workspace/install/cost_map_server/lib/python3.8/site-packages:/home/ros_workspace/install/mpcc_interfaces/lib/python3.8/site-packages:/home/ros_workspace/install/nav2_gazebo_spawner/lib/python3.8/site-packages:/home/ros_workspace/install/mpc_igoneo/lib/python3.8/site-packages:/home/ros_workspace/install/mpc_dynamic_obstacles/lib/python3.8/site-packages:/home/ros_workspace/install/igoneo_dynamic_window/lib/python3.8/site-packages:/opt/ros/foxy/lib/python3.8/site-packages /usr/bin/cmake --install /home/ros_workspace/build/nav2_behavior_tree
