[0.074s] Invoking command in '/home/ros_workspace/build/nav2_costmap_2d': CMAKE_PREFIX_PATH=/home/ros_workspace/install/nav2_map_server:/home/ros_workspace/install/nav2_lifecycle_manager:/home/ros_workspace/install/nav2_util:/home/ros_workspace/install/nav2_voxel_grid:/home/ros_workspace/install/nav2_msgs:/home/ros_workspace/install/nav2_common:/home/ros_workspace/install/nav2_bringup:/home/ros_workspace/install/navigation2:/home/ros_workspace/install/nav2_waypoint_follower:/home/ros_workspace/install/nav2_core:/home/ros_workspace/install/nav2_costmap_2d:/home/ros_workspace/install/nav2_rviz_plugins:/home/ros_workspace/install/nav2_bt_navigator:/home/ros_workspace/install/nav2_behavior_tree:/home/ros_workspace/install/mpcc_interfaces:/home/ros_workspace/install/static_collision_avoidance:/home/ros_workspace/install/simple_igoneo_commander:/home/ros_workspace/install/mpcc_local_planner:/home/ros_workspace/install/local_path_planner:/home/ros_workspace/install/dynamic_collision_avoidance:/home/ros_workspace/install/cost_map_server:/home/ros_workspace/install/nav2_gazebo_spawner:/home/ros_workspace/install/mpc_igoneo:/home/ros_workspace/install/mpc_dynamic_obstacles:/home/ros_workspace/install/igoneo_dynamic_window:/opt/ros/foxy LD_LIBRARY_PATH=/home/ros_workspace/install/nav2_map_server/lib:/home/ros_workspace/install/nav2_lifecycle_manager/lib:/home/ros_workspace/install/nav2_util/lib:/home/ros_workspace/install/nav2_voxel_grid/lib:/home/ros_workspace/install/nav2_msgs/lib:/home/ros_workspace/install/nav2_waypoint_follower/lib:/home/ros_workspace/install/nav2_costmap_2d/lib:/home/ros_workspace/install/nav2_rviz_plugins/lib:/home/ros_workspace/install/nav2_bt_navigator/lib:/home/ros_workspace/install/nav2_behavior_tree/lib:/home/ros_workspace/install/mpcc_interfaces/lib:/opt/ros/foxy/opt/yaml_cpp_vendor/lib:/opt/ros/foxy/opt/rviz_ogre_vendor/lib:/opt/ros/foxy/lib/x86_64-linux-gnu:/opt/ros/foxy/lib PYTHONPATH=/home/ros_workspace/install/nav2_msgs/lib/python3.8/site-packages:/home/ros_workspace/install/nav2_common/lib/python3.8/site-packages:/home/ros_workspace/install/static_collision_avoidance/lib/python3.8/site-packages:/home/ros_workspace/install/simple_igoneo_commander/lib/python3.8/site-packages:/home/ros_workspace/install/mpcc_local_planner/lib/python3.8/site-packages:/home/ros_workspace/install/local_path_planner/lib/python3.8/site-packages:/home/ros_workspace/install/dynamic_collision_avoidance/lib/python3.8/site-packages:/home/ros_workspace/install/cost_map_server/lib/python3.8/site-packages:/home/ros_workspace/install/mpcc_interfaces/lib/python3.8/site-packages:/home/ros_workspace/install/nav2_gazebo_spawner/lib/python3.8/site-packages:/home/ros_workspace/install/mpc_igoneo/lib/python3.8/site-packages:/home/ros_workspace/install/mpc_dynamic_obstacles/lib/python3.8/site-packages:/home/ros_workspace/install/igoneo_dynamic_window/lib/python3.8/site-packages:/opt/ros/foxy/lib/python3.8/site-packages /usr/bin/cmake --build /home/ros_workspace/build/nav2_costmap_2d -- -j4 -l4
[0.146s] -- Found ament_cmake: 0.9.11 (/opt/ros/foxy/share/ament_cmake/cmake)
[0.191s] -- Using PYTHON_EXECUTABLE: /usr/bin/python3
[0.852s] -- Found geometry_msgs: 2.0.5 (/opt/ros/foxy/share/geometry_msgs/cmake)
[0.929s] -- Using all available rosidl_typesupport_c: rosidl_typesupport_fastrtps_c;rosidl_typesupport_introspection_c
[0.941s] -- Found rosidl_adapter: 1.3.0 (/opt/ros/foxy/share/rosidl_adapter/cmake)
[1.344s] -- Using all available rosidl_typesupport_cpp: rosidl_typesupport_fastrtps_cpp;rosidl_typesupport_introspection_cpp
[1.630s] -- Found laser_geometry: 2.2.0 (/opt/ros/foxy/share/laser_geometry/cmake)
[1.645s] -- Found map_msgs: 2.0.2 (/opt/ros/foxy/share/map_msgs/cmake)
[2.982s] -- Found message_filters: 3.2.5 (/opt/ros/foxy/share/message_filters/cmake)
[3.007s] -- Found nav2_common: 0.4.7 (/home/ros_workspace/install/nav2_common/share/nav2_common/cmake)
[3.009s] -- Found nav2_msgs: 0.4.7 (/home/ros_workspace/install/nav2_msgs/share/nav2_msgs/cmake)
[3.943s] -- Found nav2_util: 0.4.7 (/home/ros_workspace/install/nav2_util/share/nav2_util/cmake)
[4.342s] -- Found rmw_implementation_cmake: 1.0.3 (/opt/ros/foxy/share/rmw_implementation_cmake/cmake)
[4.354s] -- Using RMW implementation 'rmw_fastrtps_cpp' as default
[6.110s] -- Found nav2_voxel_grid: 0.4.7 (/home/ros_workspace/install/nav2_voxel_grid/share/nav2_voxel_grid/cmake)
[6.129s] -- Found pluginlib: 2.5.4 (/opt/ros/foxy/share/pluginlib/cmake)
[6.175s] -- Found tf2_sensor_msgs: 0.13.13 (/opt/ros/foxy/share/tf2_sensor_msgs/cmake)
[6.208s] -- Found visualization_msgs: 2.0.5 (/opt/ros/foxy/share/visualization_msgs/cmake)
[6.370s] -- Found angles: 1.12.6 (/opt/ros/foxy/share/angles/cmake)
[8.257s] -- Found ament_lint_auto: 0.9.7 (/opt/ros/foxy/share/ament_lint_auto/cmake)
[9.141s] -- Found gtest sources under '/opt/ros/foxy/src/gtest_vendor': C++ tests using 'Google Test' will be built
[9.164s] -- Found gtest sources under '/opt/ros/foxy/src/gtest_vendor': C++ tests using 'Google Test' will be built
[10.946s] -- Added test 'cppcheck' to perform static code analysis on C / C++ code
[10.949s] -- Configured cppcheck include dirs: /home/ros_workspace/src/navigation2/nav2_costmap_2d/include
[10.950s] -- Configured cppcheck exclude dirs and/or files: 
[10.951s] -- Added test 'flake8' to check Python code syntax and style conventions
[10.954s] -- Added test 'lint_cmake' to check CMake code style
[10.955s] -- Added test 'pep257' to check Python code against some of the style conventions in PEP 257
[10.962s] -- Added test 'uncrustify' to check C / C++ code style
[10.962s] -- Configured uncrustify additional arguments: 
[10.963s] -- Added test 'xmllint' to check XML markup files
[10.979s] -- Configuring done
[12.494s] -- Generating done
[12.505s] -- Build files have been written to: /home/ros_workspace/build/nav2_costmap_2d
[12.582s] [  4%] Built target gtest
[12.588s] [35m[1mScanning dependencies of target nav2_costmap_2d_core[0m
[12.632s] [  8%] Built target gtest_main
[12.718s] [ 10%] [32mBuilding CXX object CMakeFiles/nav2_costmap_2d_core.dir/src/array_parser.cpp.o[0m
[12.721s] [ 12%] [32mBuilding CXX object CMakeFiles/nav2_costmap_2d_core.dir/src/costmap_2d.cpp.o[0m
[13.717s] [ 14%] [32mBuilding CXX object CMakeFiles/nav2_costmap_2d_core.dir/src/layered_costmap.cpp.o[0m
[14.251s] [ 16%] [32mBuilding CXX object CMakeFiles/nav2_costmap_2d_core.dir/src/costmap_2d_ros.cpp.o[0m
[15.292s] [ 18%] [32mBuilding CXX object CMakeFiles/nav2_costmap_2d_core.dir/src/costmap_2d_publisher.cpp.o[0m
[16.385s] [ 20%] [32mBuilding CXX object CMakeFiles/nav2_costmap_2d_core.dir/src/layer.cpp.o[0m
[33.584s] [ 22%] [32mBuilding CXX object CMakeFiles/nav2_costmap_2d_core.dir/src/costmap_layer.cpp.o[0m
[34.605s] [ 25%] [32mBuilding CXX object CMakeFiles/nav2_costmap_2d_core.dir/src/footprint.cpp.o[0m
[35.625s] [ 27%] [32mBuilding CXX object CMakeFiles/nav2_costmap_2d_core.dir/src/costmap_math.cpp.o[0m
[36.462s] [ 29%] [32mBuilding CXX object CMakeFiles/nav2_costmap_2d_core.dir/src/observation_buffer.cpp.o[0m
[37.927s] [ 31%] [32mBuilding CXX object CMakeFiles/nav2_costmap_2d_core.dir/src/clear_costmap_service.cpp.o[0m
[40.643s] [ 33%] [32mBuilding CXX object CMakeFiles/nav2_costmap_2d_core.dir/src/footprint_collision_checker.cpp.o[0m
[55.420s] [ 35%] [32m[1mLinking CXX shared library libnav2_costmap_2d_core.so[0m
[55.994s] [ 35%] Built target nav2_costmap_2d_core
[56.039s] [35m[1mScanning dependencies of target layers[0m
[56.285s] [ 37%] [32mBuilding CXX object CMakeFiles/layers.dir/plugins/inflation_layer.cpp.o[0m
[61.640s] [ 39%] [32mBuilding CXX object CMakeFiles/layers.dir/plugins/static_layer.cpp.o[0m
[74.614s] [ 41%] [32mBuilding CXX object CMakeFiles/layers.dir/plugins/obstacle_layer.cpp.o[0m
[78.264s] [35m[1mScanning dependencies of target nav2_costmap_2d_cloud[0m
[78.359s] [ 43%] [32mBuilding CXX object CMakeFiles/nav2_costmap_2d_cloud.dir/src/costmap_2d_cloud.cpp.o[0m
[79.375s] [35m[1mScanning dependencies of target nav2_costmap_2d_markers[0m
[79.489s] [ 45%] [32mBuilding CXX object CMakeFiles/nav2_costmap_2d_markers.dir/src/costmap_2d_markers.cpp.o[0m
[80.634s] [35m[1mScanning dependencies of target nav2_costmap_2d_client[0m
[80.794s] [ 47%] [32mBuilding CXX object CMakeFiles/nav2_costmap_2d_client.dir/src/footprint_subscriber.cpp.o[0m
[99.879s] [ 50%] [32m[1mLinking CXX executable nav2_costmap_2d_cloud[0m
[100.203s] [ 52%] [32mBuilding CXX object CMakeFiles/nav2_costmap_2d_client.dir/src/costmap_subscriber.cpp.o[0m
[100.815s] [ 52%] Built target nav2_costmap_2d_cloud
[101.430s] [ 54%] [32m[1mLinking CXX executable nav2_costmap_2d_markers[0m
[102.102s] [ 54%] Built target nav2_costmap_2d_markers
[103.179s] [35m[1mScanning dependencies of target collision_footprint_test[0m
[103.271s] [ 56%] [32mBuilding CXX object test/unit/CMakeFiles/collision_footprint_test.dir/footprint_collision_checker_test.cpp.o[0m
[111.330s] [ 58%] [32m[1mLinking CXX executable collision_footprint_test[0m
[111.435s] [ 60%] [32mBuilding CXX object CMakeFiles/layers.dir/src/observation_buffer.cpp.o[0m
[111.983s] [ 60%] Built target collision_footprint_test
[112.012s] [35m[1mScanning dependencies of target array_parser_test[0m
[112.078s] [ 62%] [32mBuilding CXX object test/unit/CMakeFiles/array_parser_test.dir/array_parser_test.cpp.o[0m
[115.902s] [ 64%] [32m[1mLinking CXX executable array_parser_test[0m
[116.504s] [ 64%] Built target array_parser_test
[117.366s] [ 66%] [32mBuilding CXX object CMakeFiles/nav2_costmap_2d_client.dir/src/costmap_topic_collision_checker.cpp.o[0m
[120.730s] [ 68%] [32mBuilding CXX object CMakeFiles/layers.dir/plugins/range_sensor_layer.cpp.o[0m
[122.298s] [ 70%] [32m[1mLinking CXX shared library libnav2_costmap_2d_client.so[0m
[122.886s] [ 70%] Built target nav2_costmap_2d_client
[133.799s] [ 72%] [32mBuilding CXX object CMakeFiles/layers.dir/plugins/voxel_layer.cpp.o[0m
[145.198s] [ 75%] [32m[1mLinking CXX shared library liblayers.so[0m
[145.911s] [ 75%] Built target layers
[145.942s] [35m[1mScanning dependencies of target range_tests_exec[0m
[145.944s] [35m[1mScanning dependencies of target nav2_costmap_2d[0m
[145.959s] [35m[1mScanning dependencies of target obstacle_tests_exec[0m
[146.006s] [ 77%] [32mBuilding CXX object CMakeFiles/nav2_costmap_2d.dir/src/costmap_2d_node.cpp.o[0m
[146.030s] [ 79%] [32mBuilding CXX object test/integration/CMakeFiles/range_tests_exec.dir/range_tests.cpp.o[0m
[146.094s] [ 81%] [32mBuilding CXX object test/integration/CMakeFiles/obstacle_tests_exec.dir/obstacle_tests.cpp.o[0m
[147.080s] [35m[1mScanning dependencies of target inflation_tests_exec[0m
[147.239s] [ 83%] [32mBuilding CXX object test/integration/CMakeFiles/inflation_tests_exec.dir/inflation_tests.cpp.o[0m
[155.664s] [ 85%] [32m[1mLinking CXX executable nav2_costmap_2d[0m
[156.566s] [ 85%] Built target nav2_costmap_2d
[156.609s] [35m[1mScanning dependencies of target test_collision_checker_exec[0m
[156.782s] [ 87%] [32mBuilding CXX object test/integration/CMakeFiles/test_collision_checker_exec.dir/test_costmap_topic_collision_checker.cpp.o[0m
[163.710s] [ 89%] [32m[1mLinking CXX executable range_tests_exec[0m
[164.636s] [ 91%] [32m[1mLinking CXX executable obstacle_tests_exec[0m
[165.516s] [ 91%] Built target range_tests_exec
[165.563s] [35m[1mScanning dependencies of target footprint_tests_exec[0m
[165.764s] [ 93%] [32mBuilding CXX object test/integration/CMakeFiles/footprint_tests_exec.dir/footprint_tests.cpp.o[0m
[166.329s] [ 93%] Built target obstacle_tests_exec
[167.570s] [ 95%] [32m[1mLinking CXX executable inflation_tests_exec[0m
[168.673s] [ 95%] Built target inflation_tests_exec
[173.052s] [ 97%] [32m[1mLinking CXX executable footprint_tests_exec[0m
[173.645s] [ 97%] Built target footprint_tests_exec
[175.531s] [100%] [32m[1mLinking CXX executable test_collision_checker_exec[0m
[176.303s] [100%] Built target test_collision_checker_exec
[176.324s] Invoked command in '/home/ros_workspace/build/nav2_costmap_2d' returned '0': CMAKE_PREFIX_PATH=/home/ros_workspace/install/nav2_map_server:/home/ros_workspace/install/nav2_lifecycle_manager:/home/ros_workspace/install/nav2_util:/home/ros_workspace/install/nav2_voxel_grid:/home/ros_workspace/install/nav2_msgs:/home/ros_workspace/install/nav2_common:/home/ros_workspace/install/nav2_bringup:/home/ros_workspace/install/navigation2:/home/ros_workspace/install/nav2_waypoint_follower:/home/ros_workspace/install/nav2_core:/home/ros_workspace/install/nav2_costmap_2d:/home/ros_workspace/install/nav2_rviz_plugins:/home/ros_workspace/install/nav2_bt_navigator:/home/ros_workspace/install/nav2_behavior_tree:/home/ros_workspace/install/mpcc_interfaces:/home/ros_workspace/install/static_collision_avoidance:/home/ros_workspace/install/simple_igoneo_commander:/home/ros_workspace/install/mpcc_local_planner:/home/ros_workspace/install/local_path_planner:/home/ros_workspace/install/dynamic_collision_avoidance:/home/ros_workspace/install/cost_map_server:/home/ros_workspace/install/nav2_gazebo_spawner:/home/ros_workspace/install/mpc_igoneo:/home/ros_workspace/install/mpc_dynamic_obstacles:/home/ros_workspace/install/igoneo_dynamic_window:/opt/ros/foxy LD_LIBRARY_PATH=/home/ros_workspace/install/nav2_map_server/lib:/home/ros_workspace/install/nav2_lifecycle_manager/lib:/home/ros_workspace/install/nav2_util/lib:/home/ros_workspace/install/nav2_voxel_grid/lib:/home/ros_workspace/install/nav2_msgs/lib:/home/ros_workspace/install/nav2_waypoint_follower/lib:/home/ros_workspace/install/nav2_costmap_2d/lib:/home/ros_workspace/install/nav2_rviz_plugins/lib:/home/ros_workspace/install/nav2_bt_navigator/lib:/home/ros_workspace/install/nav2_behavior_tree/lib:/home/ros_workspace/install/mpcc_interfaces/lib:/opt/ros/foxy/opt/yaml_cpp_vendor/lib:/opt/ros/foxy/opt/rviz_ogre_vendor/lib:/opt/ros/foxy/lib/x86_64-linux-gnu:/opt/ros/foxy/lib PYTHONPATH=/home/ros_workspace/install/nav2_msgs/lib/python3.8/site-packages:/home/ros_workspace/install/nav2_common/lib/python3.8/site-packages:/home/ros_workspace/install/static_collision_avoidance/lib/python3.8/site-packages:/home/ros_workspace/install/simple_igoneo_commander/lib/python3.8/site-packages:/home/ros_workspace/install/mpcc_local_planner/lib/python3.8/site-packages:/home/ros_workspace/install/local_path_planner/lib/python3.8/site-packages:/home/ros_workspace/install/dynamic_collision_avoidance/lib/python3.8/site-packages:/home/ros_workspace/install/cost_map_server/lib/python3.8/site-packages:/home/ros_workspace/install/mpcc_interfaces/lib/python3.8/site-packages:/home/ros_workspace/install/nav2_gazebo_spawner/lib/python3.8/site-packages:/home/ros_workspace/install/mpc_igoneo/lib/python3.8/site-packages:/home/ros_workspace/install/mpc_dynamic_obstacles/lib/python3.8/site-packages:/home/ros_workspace/install/igoneo_dynamic_window/lib/python3.8/site-packages:/opt/ros/foxy/lib/python3.8/site-packages /usr/bin/cmake --build /home/ros_workspace/build/nav2_costmap_2d -- -j4 -l4
[176.471s] Invoking command in '/home/ros_workspace/build/nav2_costmap_2d': CMAKE_PREFIX_PATH=/home/ros_workspace/install/nav2_map_server:/home/ros_workspace/install/nav2_lifecycle_manager:/home/ros_workspace/install/nav2_util:/home/ros_workspace/install/nav2_voxel_grid:/home/ros_workspace/install/nav2_msgs:/home/ros_workspace/install/nav2_common:/home/ros_workspace/install/nav2_bringup:/home/ros_workspace/install/navigation2:/home/ros_workspace/install/nav2_waypoint_follower:/home/ros_workspace/install/nav2_core:/home/ros_workspace/install/nav2_costmap_2d:/home/ros_workspace/install/nav2_rviz_plugins:/home/ros_workspace/install/nav2_bt_navigator:/home/ros_workspace/install/nav2_behavior_tree:/home/ros_workspace/install/mpcc_interfaces:/home/ros_workspace/install/static_collision_avoidance:/home/ros_workspace/install/simple_igoneo_commander:/home/ros_workspace/install/mpcc_local_planner:/home/ros_workspace/install/local_path_planner:/home/ros_workspace/install/dynamic_collision_avoidance:/home/ros_workspace/install/cost_map_server:/home/ros_workspace/install/nav2_gazebo_spawner:/home/ros_workspace/install/mpc_igoneo:/home/ros_workspace/install/mpc_dynamic_obstacles:/home/ros_workspace/install/igoneo_dynamic_window:/opt/ros/foxy LD_LIBRARY_PATH=/home/ros_workspace/install/nav2_map_server/lib:/home/ros_workspace/install/nav2_lifecycle_manager/lib:/home/ros_workspace/install/nav2_util/lib:/home/ros_workspace/install/nav2_voxel_grid/lib:/home/ros_workspace/install/nav2_msgs/lib:/home/ros_workspace/install/nav2_waypoint_follower/lib:/home/ros_workspace/install/nav2_costmap_2d/lib:/home/ros_workspace/install/nav2_rviz_plugins/lib:/home/ros_workspace/install/nav2_bt_navigator/lib:/home/ros_workspace/install/nav2_behavior_tree/lib:/home/ros_workspace/install/mpcc_interfaces/lib:/opt/ros/foxy/opt/yaml_cpp_vendor/lib:/opt/ros/foxy/opt/rviz_ogre_vendor/lib:/opt/ros/foxy/lib/x86_64-linux-gnu:/opt/ros/foxy/lib PYTHONPATH=/home/ros_workspace/install/nav2_msgs/lib/python3.8/site-packages:/home/ros_workspace/install/nav2_common/lib/python3.8/site-packages:/home/ros_workspace/install/static_collision_avoidance/lib/python3.8/site-packages:/home/ros_workspace/install/simple_igoneo_commander/lib/python3.8/site-packages:/home/ros_workspace/install/mpcc_local_planner/lib/python3.8/site-packages:/home/ros_workspace/install/local_path_planner/lib/python3.8/site-packages:/home/ros_workspace/install/dynamic_collision_avoidance/lib/python3.8/site-packages:/home/ros_workspace/install/cost_map_server/lib/python3.8/site-packages:/home/ros_workspace/install/mpcc_interfaces/lib/python3.8/site-packages:/home/ros_workspace/install/nav2_gazebo_spawner/lib/python3.8/site-packages:/home/ros_workspace/install/mpc_igoneo/lib/python3.8/site-packages:/home/ros_workspace/install/mpc_dynamic_obstacles/lib/python3.8/site-packages:/home/ros_workspace/install/igoneo_dynamic_window/lib/python3.8/site-packages:/opt/ros/foxy/lib/python3.8/site-packages /usr/bin/cmake --install /home/ros_workspace/build/nav2_costmap_2d
[176.487s] -- Install configuration: "Release"
[176.488s] -- Installing: /home/ros_workspace/install/nav2_costmap_2d/lib/libnav2_costmap_2d_core.so
[176.495s] -- Set runtime path of "/home/ros_workspace/install/nav2_costmap_2d/lib/libnav2_costmap_2d_core.so" to ""
[176.495s] -- Installing: /home/ros_workspace/install/nav2_costmap_2d/lib/liblayers.so
[176.503s] -- Set runtime path of "/home/ros_workspace/install/nav2_costmap_2d/lib/liblayers.so" to ""
[176.503s] -- Installing: /home/ros_workspace/install/nav2_costmap_2d/lib/libnav2_costmap_2d_client.so
[176.506s] -- Set runtime path of "/home/ros_workspace/install/nav2_costmap_2d/lib/libnav2_costmap_2d_client.so" to ""
[176.507s] -- Installing: /home/ros_workspace/install/nav2_costmap_2d/lib/nav2_costmap_2d/nav2_costmap_2d
[176.508s] -- Set runtime path of "/home/ros_workspace/install/nav2_costmap_2d/lib/nav2_costmap_2d/nav2_costmap_2d" to ""
[176.508s] -- Installing: /home/ros_workspace/install/nav2_costmap_2d/lib/nav2_costmap_2d/nav2_costmap_2d_markers
[176.511s] -- Set runtime path of "/home/ros_workspace/install/nav2_costmap_2d/lib/nav2_costmap_2d/nav2_costmap_2d_markers" to ""
[176.511s] -- Installing: /home/ros_workspace/install/nav2_costmap_2d/lib/nav2_costmap_2d/nav2_costmap_2d_cloud
[176.514s] -- Set runtime path of "/home/ros_workspace/install/nav2_costmap_2d/lib/nav2_costmap_2d/nav2_costmap_2d_cloud" to ""
[176.514s] -- Up-to-date: /home/ros_workspace/install/nav2_costmap_2d/share/nav2_costmap_2d/costmap_plugins.xml
[176.515s] -- Up-to-date: /home/ros_workspace/install/nav2_costmap_2d/include/
[176.515s] -- Up-to-date: /home/ros_workspace/install/nav2_costmap_2d/include//nav2_costmap_2d
[176.515s] -- Up-to-date: /home/ros_workspace/install/nav2_costmap_2d/include//nav2_costmap_2d/inflation_layer.hpp
[176.516s] -- Up-to-date: /home/ros_workspace/install/nav2_costmap_2d/include//nav2_costmap_2d/clear_costmap_service.hpp
[176.516s] -- Up-to-date: /home/ros_workspace/install/nav2_costmap_2d/include//nav2_costmap_2d/range_sensor_layer.hpp
[176.516s] -- Up-to-date: /home/ros_workspace/install/nav2_costmap_2d/include//nav2_costmap_2d/costmap_2d_publisher.hpp
[176.516s] -- Up-to-date: /home/ros_workspace/install/nav2_costmap_2d/include//nav2_costmap_2d/costmap_layer.hpp
[176.517s] -- Up-to-date: /home/ros_workspace/install/nav2_costmap_2d/include//nav2_costmap_2d/costmap_2d.hpp
[176.517s] -- Up-to-date: /home/ros_workspace/install/nav2_costmap_2d/include//nav2_costmap_2d/obstacle_layer.hpp
[176.517s] -- Up-to-date: /home/ros_workspace/install/nav2_costmap_2d/include//nav2_costmap_2d/footprint_collision_checker.hpp
[176.517s] -- Up-to-date: /home/ros_workspace/install/nav2_costmap_2d/include//nav2_costmap_2d/observation.hpp
[176.518s] -- Up-to-date: /home/ros_workspace/install/nav2_costmap_2d/include//nav2_costmap_2d/layered_costmap.hpp
[176.518s] -- Up-to-date: /home/ros_workspace/install/nav2_costmap_2d/include//nav2_costmap_2d/costmap_topic_collision_checker.hpp
[176.518s] -- Up-to-date: /home/ros_workspace/install/nav2_costmap_2d/include//nav2_costmap_2d/exceptions.hpp
[176.518s] -- Up-to-date: /home/ros_workspace/install/nav2_costmap_2d/include//nav2_costmap_2d/costmap_math.hpp
[176.519s] -- Up-to-date: /home/ros_workspace/install/nav2_costmap_2d/include//nav2_costmap_2d/costmap_subscriber.hpp
[176.519s] -- Up-to-date: /home/ros_workspace/install/nav2_costmap_2d/include//nav2_costmap_2d/footprint_subscriber.hpp
[176.519s] -- Up-to-date: /home/ros_workspace/install/nav2_costmap_2d/include//nav2_costmap_2d/array_parser.hpp
[176.519s] -- Up-to-date: /home/ros_workspace/install/nav2_costmap_2d/include//nav2_costmap_2d/cost_values.hpp
[176.520s] -- Up-to-date: /home/ros_workspace/install/nav2_costmap_2d/include//nav2_costmap_2d/voxel_layer.hpp
[176.520s] -- Up-to-date: /home/ros_workspace/install/nav2_costmap_2d/include//nav2_costmap_2d/footprint.hpp
[176.520s] -- Up-to-date: /home/ros_workspace/install/nav2_costmap_2d/include//nav2_costmap_2d/static_layer.hpp
[176.520s] -- Up-to-date: /home/ros_workspace/install/nav2_costmap_2d/include//nav2_costmap_2d/observation_buffer.hpp
[176.520s] -- Up-to-date: /home/ros_workspace/install/nav2_costmap_2d/include//nav2_costmap_2d/layer.hpp
[176.520s] -- Up-to-date: /home/ros_workspace/install/nav2_costmap_2d/include//nav2_costmap_2d/costmap_2d_ros.hpp
[176.520s] -- Up-to-date: /home/ros_workspace/install/nav2_costmap_2d/share/nav2_costmap_2d/environment/library_path.sh
[176.521s] -- Installing: /home/ros_workspace/install/nav2_costmap_2d/share/nav2_costmap_2d/environment/library_path.dsv
[176.521s] -- Up-to-date: /home/ros_workspace/install/nav2_costmap_2d/share/nav2_costmap_2d/costmap_plugins.xml
[176.521s] -- Up-to-date: /home/ros_workspace/install/nav2_costmap_2d/share/ament_index/resource_index/package_run_dependencies/nav2_costmap_2d
[176.521s] -- Installing: /home/ros_workspace/install/nav2_costmap_2d/share/ament_index/resource_index/parent_prefix_path/nav2_costmap_2d
[176.521s] -- Up-to-date: /home/ros_workspace/install/nav2_costmap_2d/share/nav2_costmap_2d/environment/ament_prefix_path.sh
[176.521s] -- Installing: /home/ros_workspace/install/nav2_costmap_2d/share/nav2_costmap_2d/environment/ament_prefix_path.dsv
[176.521s] -- Up-to-date: /home/ros_workspace/install/nav2_costmap_2d/share/nav2_costmap_2d/environment/path.sh
[176.521s] -- Installing: /home/ros_workspace/install/nav2_costmap_2d/share/nav2_costmap_2d/environment/path.dsv
[176.522s] -- Up-to-date: /home/ros_workspace/install/nav2_costmap_2d/share/nav2_costmap_2d/local_setup.bash
[176.522s] -- Up-to-date: /home/ros_workspace/install/nav2_costmap_2d/share/nav2_costmap_2d/local_setup.sh
[176.523s] -- Up-to-date: /home/ros_workspace/install/nav2_costmap_2d/share/nav2_costmap_2d/local_setup.zsh
[176.528s] -- Installing: /home/ros_workspace/install/nav2_costmap_2d/share/nav2_costmap_2d/local_setup.dsv
[176.529s] -- Installing: /home/ros_workspace/install/nav2_costmap_2d/share/nav2_costmap_2d/package.dsv
[176.529s] -- Up-to-date: /home/ros_workspace/install/nav2_costmap_2d/share/ament_index/resource_index/packages/nav2_costmap_2d
[176.529s] -- Up-to-date: /home/ros_workspace/install/nav2_costmap_2d/share/ament_index/resource_index/nav2_costmap_2d__pluginlib__plugin/nav2_costmap_2d
[176.530s] -- Up-to-date: /home/ros_workspace/install/nav2_costmap_2d/share/nav2_costmap_2d/cmake/ament_cmake_export_include_directories-extras.cmake
[176.530s] -- Up-to-date: /home/ros_workspace/install/nav2_costmap_2d/share/nav2_costmap_2d/cmake/ament_cmake_export_libraries-extras.cmake
[176.530s] -- Up-to-date: /home/ros_workspace/install/nav2_costmap_2d/share/nav2_costmap_2d/cmake/ament_cmake_export_dependencies-extras.cmake
[176.531s] -- Up-to-date: /home/ros_workspace/install/nav2_costmap_2d/share/nav2_costmap_2d/cmake/ament_cmake_export_definitions-extras.cmake
[176.531s] -- Up-to-date: /home/ros_workspace/install/nav2_costmap_2d/share/nav2_costmap_2d/cmake/nav2_costmap_2dConfig.cmake
[176.531s] -- Up-to-date: /home/ros_workspace/install/nav2_costmap_2d/share/nav2_costmap_2d/cmake/nav2_costmap_2dConfig-version.cmake
[176.531s] -- Up-to-date: /home/ros_workspace/install/nav2_costmap_2d/share/nav2_costmap_2d/package.xml
[176.532s] Invoked command in '/home/ros_workspace/build/nav2_costmap_2d' returned '0': CMAKE_PREFIX_PATH=/home/ros_workspace/install/nav2_map_server:/home/ros_workspace/install/nav2_lifecycle_manager:/home/ros_workspace/install/nav2_util:/home/ros_workspace/install/nav2_voxel_grid:/home/ros_workspace/install/nav2_msgs:/home/ros_workspace/install/nav2_common:/home/ros_workspace/install/nav2_bringup:/home/ros_workspace/install/navigation2:/home/ros_workspace/install/nav2_waypoint_follower:/home/ros_workspace/install/nav2_core:/home/ros_workspace/install/nav2_costmap_2d:/home/ros_workspace/install/nav2_rviz_plugins:/home/ros_workspace/install/nav2_bt_navigator:/home/ros_workspace/install/nav2_behavior_tree:/home/ros_workspace/install/mpcc_interfaces:/home/ros_workspace/install/static_collision_avoidance:/home/ros_workspace/install/simple_igoneo_commander:/home/ros_workspace/install/mpcc_local_planner:/home/ros_workspace/install/local_path_planner:/home/ros_workspace/install/dynamic_collision_avoidance:/home/ros_workspace/install/cost_map_server:/home/ros_workspace/install/nav2_gazebo_spawner:/home/ros_workspace/install/mpc_igoneo:/home/ros_workspace/install/mpc_dynamic_obstacles:/home/ros_workspace/install/igoneo_dynamic_window:/opt/ros/foxy LD_LIBRARY_PATH=/home/ros_workspace/install/nav2_map_server/lib:/home/ros_workspace/install/nav2_lifecycle_manager/lib:/home/ros_workspace/install/nav2_util/lib:/home/ros_workspace/install/nav2_voxel_grid/lib:/home/ros_workspace/install/nav2_msgs/lib:/home/ros_workspace/install/nav2_waypoint_follower/lib:/home/ros_workspace/install/nav2_costmap_2d/lib:/home/ros_workspace/install/nav2_rviz_plugins/lib:/home/ros_workspace/install/nav2_bt_navigator/lib:/home/ros_workspace/install/nav2_behavior_tree/lib:/home/ros_workspace/install/mpcc_interfaces/lib:/opt/ros/foxy/opt/yaml_cpp_vendor/lib:/opt/ros/foxy/opt/rviz_ogre_vendor/lib:/opt/ros/foxy/lib/x86_64-linux-gnu:/opt/ros/foxy/lib PYTHONPATH=/home/ros_workspace/install/nav2_msgs/lib/python3.8/site-packages:/home/ros_workspace/install/nav2_common/lib/python3.8/site-packages:/home/ros_workspace/install/static_collision_avoidance/lib/python3.8/site-packages:/home/ros_workspace/install/simple_igoneo_commander/lib/python3.8/site-packages:/home/ros_workspace/install/mpcc_local_planner/lib/python3.8/site-packages:/home/ros_workspace/install/local_path_planner/lib/python3.8/site-packages:/home/ros_workspace/install/dynamic_collision_avoidance/lib/python3.8/site-packages:/home/ros_workspace/install/cost_map_server/lib/python3.8/site-packages:/home/ros_workspace/install/mpcc_interfaces/lib/python3.8/site-packages:/home/ros_workspace/install/nav2_gazebo_spawner/lib/python3.8/site-packages:/home/ros_workspace/install/mpc_igoneo/lib/python3.8/site-packages:/home/ros_workspace/install/mpc_dynamic_obstacles/lib/python3.8/site-packages:/home/ros_workspace/install/igoneo_dynamic_window/lib/python3.8/site-packages:/opt/ros/foxy/lib/python3.8/site-packages /usr/bin/cmake --install /home/ros_workspace/build/nav2_costmap_2d
