[0.125s] Invoking command in '/home/ros_workspace/build/nav2_common': CMAKE_PREFIX_PATH=${CMAKE_PREFIX_PATH}:/home/ros_workspace/install/static_collision_avoidance:/home/ros_workspace/install/simple_igoneo_commander:/home/ros_workspace/install/mpcc_local_planner:/home/ros_workspace/install/local_path_planner:/home/ros_workspace/install/dynamic_collision_avoidance:/home/ros_workspace/install/cost_map_server:/home/ros_workspace/install/nav2_gazebo_spawner:/home/ros_workspace/install/mpc_igoneo:/home/ros_workspace/install/mpc_dynamic_obstacles:/home/ros_workspace/install/igoneo_dynamic_window:/opt/ros/foxy /usr/bin/cmake --build /home/ros_workspace/build/nav2_common -- -j8 -l8
[1.523s] Invoked command in '/home/ros_workspace/build/nav2_common' returned '0': CMAKE_PREFIX_PATH=${CMAKE_PREFIX_PATH}:/home/ros_workspace/install/static_collision_avoidance:/home/ros_workspace/install/simple_igoneo_commander:/home/ros_workspace/install/mpcc_local_planner:/home/ros_workspace/install/local_path_planner:/home/ros_workspace/install/dynamic_collision_avoidance:/home/ros_workspace/install/cost_map_server:/home/ros_workspace/install/nav2_gazebo_spawner:/home/ros_workspace/install/mpc_igoneo:/home/ros_workspace/install/mpc_dynamic_obstacles:/home/ros_workspace/install/igoneo_dynamic_window:/opt/ros/foxy /usr/bin/cmake --build /home/ros_workspace/build/nav2_common -- -j8 -l8
[1.579s] Invoking command in '/home/ros_workspace/build/nav2_common': CMAKE_PREFIX_PATH=${CMAKE_PREFIX_PATH}:/home/ros_workspace/install/static_collision_avoidance:/home/ros_workspace/install/simple_igoneo_commander:/home/ros_workspace/install/mpcc_local_planner:/home/ros_workspace/install/local_path_planner:/home/ros_workspace/install/dynamic_collision_avoidance:/home/ros_workspace/install/cost_map_server:/home/ros_workspace/install/nav2_gazebo_spawner:/home/ros_workspace/install/mpc_igoneo:/home/ros_workspace/install/mpc_dynamic_obstacles:/home/ros_workspace/install/igoneo_dynamic_window:/opt/ros/foxy /usr/bin/cmake --install /home/ros_workspace/build/nav2_common
[1.595s] -- Install configuration: ""
[1.595s] -- Up-to-date: /home/ros_workspace/install/nav2_common/share/nav2_common/environment/pythonpath.sh
[1.595s] -- Up-to-date: /home/ros_workspace/install/nav2_common/share/nav2_common/environment/pythonpath.dsv
[1.596s] -- Up-to-date: /home/ros_workspace/install/nav2_common/lib/python3.8/site-packages/nav2_common
[1.596s] -- Up-to-date: /home/ros_workspace/install/nav2_common/lib/python3.8/site-packages/nav2_common/launch
[1.596s] -- Up-to-date: /home/ros_workspace/install/nav2_common/lib/python3.8/site-packages/nav2_common/launch/rewritten_yaml.py
[1.597s] -- Up-to-date: /home/ros_workspace/install/nav2_common/lib/python3.8/site-packages/nav2_common/launch/replace_string.py
[1.597s] -- Up-to-date: /home/ros_workspace/install/nav2_common/lib/python3.8/site-packages/nav2_common/launch/has_node_params.py
[1.597s] -- Up-to-date: /home/ros_workspace/install/nav2_common/lib/python3.8/site-packages/nav2_common/launch/__init__.py
[1.598s] -- Up-to-date: /home/ros_workspace/install/nav2_common/lib/python3.8/site-packages/nav2_common/__init__.py
[1.655s] Listing '/home/ros_workspace/install/nav2_common/lib/python3.8/site-packages/nav2_common'...
[1.655s] Listing '/home/ros_workspace/install/nav2_common/lib/python3.8/site-packages/nav2_common/launch'...
[1.661s] -- Up-to-date: /home/ros_workspace/install/nav2_common/share/ament_index/resource_index/package_run_dependencies/nav2_common
[1.661s] -- Up-to-date: /home/ros_workspace/install/nav2_common/share/ament_index/resource_index/parent_prefix_path/nav2_common
[1.661s] -- Up-to-date: /home/ros_workspace/install/nav2_common/share/nav2_common/environment/ament_prefix_path.sh
[1.662s] -- Up-to-date: /home/ros_workspace/install/nav2_common/share/nav2_common/environment/ament_prefix_path.dsv
[1.662s] -- Up-to-date: /home/ros_workspace/install/nav2_common/share/nav2_common/environment/path.sh
[1.663s] -- Up-to-date: /home/ros_workspace/install/nav2_common/share/nav2_common/environment/path.dsv
[1.663s] -- Up-to-date: /home/ros_workspace/install/nav2_common/share/nav2_common/local_setup.bash
[1.663s] -- Up-to-date: /home/ros_workspace/install/nav2_common/share/nav2_common/local_setup.sh
[1.664s] -- Up-to-date: /home/ros_workspace/install/nav2_common/share/nav2_common/local_setup.zsh
[1.664s] -- Up-to-date: /home/ros_workspace/install/nav2_common/share/nav2_common/local_setup.dsv
[1.664s] -- Installing: /home/ros_workspace/install/nav2_common/share/nav2_common/package.dsv
[1.665s] -- Up-to-date: /home/ros_workspace/install/nav2_common/share/ament_index/resource_index/packages/nav2_common
[1.665s] -- Up-to-date: /home/ros_workspace/install/nav2_common/share/nav2_common/cmake/nav2_common-extras.cmake
[1.667s] -- Up-to-date: /home/ros_workspace/install/nav2_common/share/nav2_common/cmake/nav2_commonConfig.cmake
[1.668s] -- Up-to-date: /home/ros_workspace/install/nav2_common/share/nav2_common/cmake/nav2_commonConfig-version.cmake
[1.669s] -- Up-to-date: /home/ros_workspace/install/nav2_common/share/nav2_common/package.xml
[1.669s] -- Up-to-date: /home/ros_workspace/install/nav2_common/share/nav2_common/cmake
[1.670s] -- Up-to-date: /home/ros_workspace/install/nav2_common/share/nav2_common/cmake/nav2_package.cmake
[1.670s] Invoked command in '/home/ros_workspace/build/nav2_common' returned '0': CMAKE_PREFIX_PATH=${CMAKE_PREFIX_PATH}:/home/ros_workspace/install/static_collision_avoidance:/home/ros_workspace/install/simple_igoneo_commander:/home/ros_workspace/install/mpcc_local_planner:/home/ros_workspace/install/local_path_planner:/home/ros_workspace/install/dynamic_collision_avoidance:/home/ros_workspace/install/cost_map_server:/home/ros_workspace/install/nav2_gazebo_spawner:/home/ros_workspace/install/mpc_igoneo:/home/ros_workspace/install/mpc_dynamic_obstacles:/home/ros_workspace/install/igoneo_dynamic_window:/opt/ros/foxy /usr/bin/cmake --install /home/ros_workspace/build/nav2_common
