[0.230s] Invoking command in '/home/ros_workspace/build/mpcc_interfaces': CMAKE_PREFIX_PATH=/home/ros_workspace/install/nav2_msgs:/home/ros_workspace/install/nav2_bringup:/home/ros_workspace/install/navigation2:/home/ros_workspace/install/nav2_waypoint_follower:/home/ros_workspace/install/nav2_navfn_planner:/home/ros_workspace/install/nav2_core:/home/ros_workspace/install/nav2_costmap_2d:/home/ros_workspace/install/nav2_voxel_grid:/home/ros_workspace/install/nav2_rviz_plugins:/home/ros_workspace/install/nav2_map_server:/home/ros_workspace/install/nav2_lifecycle_manager:/home/ros_workspace/install/nav2_bt_navigator:/home/ros_workspace/install/nav2_behavior_tree:/home/ros_workspace/install/nav2_util:/home/ros_workspace/install/mpcc_interfaces:/home/ros_workspace/install/nav2_common:/home/ros_workspace/install/static_collision_avoidance:/home/ros_workspace/install/simple_igoneo_commander:/home/ros_workspace/install/mpcc_local_planner:/home/ros_workspace/install/local_path_planner:/home/ros_workspace/install/dynamic_collision_avoidance:/home/ros_workspace/install/cost_map_server:/home/ros_workspace/install/nav2_gazebo_spawner:/home/ros_workspace/install/mpc_igoneo:/home/ros_workspace/install/mpc_dynamic_obstacles:/home/ros_workspace/install/igoneo_dynamic_window:/opt/ros/foxy LD_LIBRARY_PATH=/home/ros_workspace/install/nav2_msgs/lib:/home/ros_workspace/install/nav2_waypoint_follower/lib:/home/ros_workspace/install/nav2_navfn_planner/lib:/home/ros_workspace/install/nav2_costmap_2d/lib:/home/ros_workspace/install/nav2_voxel_grid/lib:/home/ros_workspace/install/nav2_rviz_plugins/lib:/home/ros_workspace/install/nav2_map_server/lib:/home/ros_workspace/install/nav2_lifecycle_manager/lib:/home/ros_workspace/install/nav2_bt_navigator/lib:/home/ros_workspace/install/nav2_behavior_tree/lib:/home/ros_workspace/install/nav2_util/lib:/home/ros_workspace/install/mpcc_interfaces/lib:/opt/ros/foxy/opt/yaml_cpp_vendor/lib:/opt/ros/foxy/opt/rviz_ogre_vendor/lib:/opt/ros/foxy/lib/x86_64-linux-gnu:/opt/ros/foxy/lib PYTHONPATH=/home/ros_workspace/install/nav2_msgs/lib/python3.8/site-packages:/home/ros_workspace/install/static_collision_avoidance/lib/python3.8/site-packages:/home/ros_workspace/install/simple_igoneo_commander/lib/python3.8/site-packages:/home/ros_workspace/install/mpcc_local_planner/lib/python3.8/site-packages:/home/ros_workspace/install/local_path_planner/lib/python3.8/site-packages:/home/ros_workspace/install/dynamic_collision_avoidance/lib/python3.8/site-packages:/home/ros_workspace/install/cost_map_server/lib/python3.8/site-packages:/home/ros_workspace/install/mpcc_interfaces/lib/python3.8/site-packages:/home/ros_workspace/install/nav2_gazebo_spawner/lib/python3.8/site-packages:/home/ros_workspace/install/nav2_common/lib/python3.8/site-packages:/home/ros_workspace/install/mpc_igoneo/lib/python3.8/site-packages:/home/ros_workspace/install/mpc_dynamic_obstacles/lib/python3.8/site-packages:/home/ros_workspace/install/igoneo_dynamic_window/lib/python3.8/site-packages:/opt/ros/foxy/lib/python3.8/site-packages /usr/bin/cmake /home/ros_workspace/src/mpcc_planner/mpcc_interfaces -DCMAKE_INSTALL_PREFIX=/home/ros_workspace/install/mpcc_interfaces
[0.323s] -- Found ament_cmake: 0.9.11 (/opt/ros/foxy/share/ament_cmake/cmake)
[0.473s] -- Using PYTHON_EXECUTABLE: /usr/bin/python3
[1.580s] -- Found nav2_msgs: 0.4.7 (/home/ros_workspace/install/nav2_msgs/share/nav2_msgs/cmake)
[1.723s] -- Using all available rosidl_typesupport_c: rosidl_typesupport_fastrtps_c;rosidl_typesupport_introspection_c
[1.751s] -- Found rosidl_adapter: 1.3.0 (/opt/ros/foxy/share/rosidl_adapter/cmake)
[2.523s] -- Using all available rosidl_typesupport_cpp: rosidl_typesupport_fastrtps_cpp;rosidl_typesupport_introspection_cpp
[5.370s] -- Found rosidl_default_generators: 1.0.1 (/opt/ros/foxy/share/rosidl_default_generators/cmake)
[5.708s] -- Found PythonInterp: /usr/bin/python3 (found version "3.8.10") 
[7.259s] -- Found ament_cmake_ros: 0.9.2 (/opt/ros/foxy/share/ament_cmake_ros/cmake)
[9.610s] -- Using all available rosidl_typesupport_c: rosidl_typesupport_fastrtps_c;rosidl_typesupport_introspection_c
[10.604s] -- Using all available rosidl_typesupport_cpp: rosidl_typesupport_fastrtps_cpp;rosidl_typesupport_introspection_cpp
[10.802s] -- Found PythonInterp: /usr/bin/python3 (found suitable version "3.8.10", minimum required is "3.5") 
[10.809s] -- Found python_cmake_module: 0.8.1 (/opt/ros/foxy/share/python_cmake_module/cmake)
[11.027s] -- Found PythonLibs: /usr/lib/x86_64-linux-gnu/libpython3.8.so (found suitable version "3.8.10", minimum required is "3.5") 
[11.029s] -- Using PYTHON_EXECUTABLE: /usr/bin/python3
[11.029s] -- Using PYTHON_INCLUDE_DIRS: /usr/include/python3.8
[11.030s] -- Using PYTHON_LIBRARIES: /usr/lib/x86_64-linux-gnu/libpython3.8.so
[11.175s] -- Found PythonExtra: .so  
[12.099s] -- Found ament_lint_auto: 0.9.7 (/opt/ros/foxy/share/ament_lint_auto/cmake)
[12.289s] -- Added test 'copyright' to check source files copyright and LICENSE
[12.291s] -- Added test 'lint_cmake' to check CMake code style
[12.300s] -- Added test 'xmllint' to check XML markup files
[12.318s] -- Configuring done
[12.715s] -- Generating done
[12.740s] -- Build files have been written to: /home/ros_workspace/build/mpcc_interfaces
[12.788s] Invoked command in '/home/ros_workspace/build/mpcc_interfaces' returned '0': CMAKE_PREFIX_PATH=/home/ros_workspace/install/nav2_msgs:/home/ros_workspace/install/nav2_bringup:/home/ros_workspace/install/navigation2:/home/ros_workspace/install/nav2_waypoint_follower:/home/ros_workspace/install/nav2_navfn_planner:/home/ros_workspace/install/nav2_core:/home/ros_workspace/install/nav2_costmap_2d:/home/ros_workspace/install/nav2_voxel_grid:/home/ros_workspace/install/nav2_rviz_plugins:/home/ros_workspace/install/nav2_map_server:/home/ros_workspace/install/nav2_lifecycle_manager:/home/ros_workspace/install/nav2_bt_navigator:/home/ros_workspace/install/nav2_behavior_tree:/home/ros_workspace/install/nav2_util:/home/ros_workspace/install/mpcc_interfaces:/home/ros_workspace/install/nav2_common:/home/ros_workspace/install/static_collision_avoidance:/home/ros_workspace/install/simple_igoneo_commander:/home/ros_workspace/install/mpcc_local_planner:/home/ros_workspace/install/local_path_planner:/home/ros_workspace/install/dynamic_collision_avoidance:/home/ros_workspace/install/cost_map_server:/home/ros_workspace/install/nav2_gazebo_spawner:/home/ros_workspace/install/mpc_igoneo:/home/ros_workspace/install/mpc_dynamic_obstacles:/home/ros_workspace/install/igoneo_dynamic_window:/opt/ros/foxy LD_LIBRARY_PATH=/home/ros_workspace/install/nav2_msgs/lib:/home/ros_workspace/install/nav2_waypoint_follower/lib:/home/ros_workspace/install/nav2_navfn_planner/lib:/home/ros_workspace/install/nav2_costmap_2d/lib:/home/ros_workspace/install/nav2_voxel_grid/lib:/home/ros_workspace/install/nav2_rviz_plugins/lib:/home/ros_workspace/install/nav2_map_server/lib:/home/ros_workspace/install/nav2_lifecycle_manager/lib:/home/ros_workspace/install/nav2_bt_navigator/lib:/home/ros_workspace/install/nav2_behavior_tree/lib:/home/ros_workspace/install/nav2_util/lib:/home/ros_workspace/install/mpcc_interfaces/lib:/opt/ros/foxy/opt/yaml_cpp_vendor/lib:/opt/ros/foxy/opt/rviz_ogre_vendor/lib:/opt/ros/foxy/lib/x86_64-linux-gnu:/opt/ros/foxy/lib PYTHONPATH=/home/ros_workspace/install/nav2_msgs/lib/python3.8/site-packages:/home/ros_workspace/install/static_collision_avoidance/lib/python3.8/site-packages:/home/ros_workspace/install/simple_igoneo_commander/lib/python3.8/site-packages:/home/ros_workspace/install/mpcc_local_planner/lib/python3.8/site-packages:/home/ros_workspace/install/local_path_planner/lib/python3.8/site-packages:/home/ros_workspace/install/dynamic_collision_avoidance/lib/python3.8/site-packages:/home/ros_workspace/install/cost_map_server/lib/python3.8/site-packages:/home/ros_workspace/install/mpcc_interfaces/lib/python3.8/site-packages:/home/ros_workspace/install/nav2_gazebo_spawner/lib/python3.8/site-packages:/home/ros_workspace/install/nav2_common/lib/python3.8/site-packages:/home/ros_workspace/install/mpc_igoneo/lib/python3.8/site-packages:/home/ros_workspace/install/mpc_dynamic_obstacles/lib/python3.8/site-packages:/home/ros_workspace/install/igoneo_dynamic_window/lib/python3.8/site-packages:/opt/ros/foxy/lib/python3.8/site-packages /usr/bin/cmake /home/ros_workspace/src/mpcc_planner/mpcc_interfaces -DCMAKE_INSTALL_PREFIX=/home/ros_workspace/install/mpcc_interfaces
[12.790s] Invoking command in '/home/ros_workspace/build/mpcc_interfaces': CMAKE_PREFIX_PATH=/home/ros_workspace/install/nav2_msgs:/home/ros_workspace/install/nav2_bringup:/home/ros_workspace/install/navigation2:/home/ros_workspace/install/nav2_waypoint_follower:/home/ros_workspace/install/nav2_navfn_planner:/home/ros_workspace/install/nav2_core:/home/ros_workspace/install/nav2_costmap_2d:/home/ros_workspace/install/nav2_voxel_grid:/home/ros_workspace/install/nav2_rviz_plugins:/home/ros_workspace/install/nav2_map_server:/home/ros_workspace/install/nav2_lifecycle_manager:/home/ros_workspace/install/nav2_bt_navigator:/home/ros_workspace/install/nav2_behavior_tree:/home/ros_workspace/install/nav2_util:/home/ros_workspace/install/mpcc_interfaces:/home/ros_workspace/install/nav2_common:/home/ros_workspace/install/static_collision_avoidance:/home/ros_workspace/install/simple_igoneo_commander:/home/ros_workspace/install/mpcc_local_planner:/home/ros_workspace/install/local_path_planner:/home/ros_workspace/install/dynamic_collision_avoidance:/home/ros_workspace/install/cost_map_server:/home/ros_workspace/install/nav2_gazebo_spawner:/home/ros_workspace/install/mpc_igoneo:/home/ros_workspace/install/mpc_dynamic_obstacles:/home/ros_workspace/install/igoneo_dynamic_window:/opt/ros/foxy LD_LIBRARY_PATH=/home/ros_workspace/install/nav2_msgs/lib:/home/ros_workspace/install/nav2_waypoint_follower/lib:/home/ros_workspace/install/nav2_navfn_planner/lib:/home/ros_workspace/install/nav2_costmap_2d/lib:/home/ros_workspace/install/nav2_voxel_grid/lib:/home/ros_workspace/install/nav2_rviz_plugins/lib:/home/ros_workspace/install/nav2_map_server/lib:/home/ros_workspace/install/nav2_lifecycle_manager/lib:/home/ros_workspace/install/nav2_bt_navigator/lib:/home/ros_workspace/install/nav2_behavior_tree/lib:/home/ros_workspace/install/nav2_util/lib:/home/ros_workspace/install/mpcc_interfaces/lib:/opt/ros/foxy/opt/yaml_cpp_vendor/lib:/opt/ros/foxy/opt/rviz_ogre_vendor/lib:/opt/ros/foxy/lib/x86_64-linux-gnu:/opt/ros/foxy/lib PYTHONPATH=/home/ros_workspace/install/nav2_msgs/lib/python3.8/site-packages:/home/ros_workspace/install/static_collision_avoidance/lib/python3.8/site-packages:/home/ros_workspace/install/simple_igoneo_commander/lib/python3.8/site-packages:/home/ros_workspace/install/mpcc_local_planner/lib/python3.8/site-packages:/home/ros_workspace/install/local_path_planner/lib/python3.8/site-packages:/home/ros_workspace/install/dynamic_collision_avoidance/lib/python3.8/site-packages:/home/ros_workspace/install/cost_map_server/lib/python3.8/site-packages:/home/ros_workspace/install/mpcc_interfaces/lib/python3.8/site-packages:/home/ros_workspace/install/nav2_gazebo_spawner/lib/python3.8/site-packages:/home/ros_workspace/install/nav2_common/lib/python3.8/site-packages:/home/ros_workspace/install/mpc_igoneo/lib/python3.8/site-packages:/home/ros_workspace/install/mpc_dynamic_obstacles/lib/python3.8/site-packages:/home/ros_workspace/install/igoneo_dynamic_window/lib/python3.8/site-packages:/opt/ros/foxy/lib/python3.8/site-packages /usr/bin/cmake --build /home/ros_workspace/build/mpcc_interfaces -- -j4 -l4
[13.072s] [35m[1mScanning dependencies of target mpcc_interfaces__cpp[0m
[13.139s] [  2%] [34m[1mGenerating C++ code for ROS interfaces[0m
[16.459s] [  2%] Built target mpcc_interfaces__cpp
[16.616s] [  4%] [34m[1mGenerating C code for ROS interfaces[0m
[20.438s] [35m[1mScanning dependencies of target mpcc_interfaces__rosidl_generator_c[0m
[20.606s] [  6%] [32mBuilding C object CMakeFiles/mpcc_interfaces__rosidl_generator_c.dir/rosidl_generator_c/mpcc_interfaces/msg/detail/local_path__functions.c.o[0m
[20.970s] [  8%] [32mBuilding C object CMakeFiles/mpcc_interfaces__rosidl_generator_c.dir/rosidl_generator_c/mpcc_interfaces/msg/detail/static_constraints__functions.c.o[0m
[21.330s] [ 10%] [32mBuilding C object CMakeFiles/mpcc_interfaces__rosidl_generator_c.dir/rosidl_generator_c/mpcc_interfaces/srv/detail/map_request__functions.c.o[0m
[21.849s] [ 12%] [32m[1mLinking C shared library libmpcc_interfaces__rosidl_generator_c.so[0m
[22.261s] [ 12%] Built target mpcc_interfaces__rosidl_generator_c
[22.408s] [ 14%] [34m[1mGenerating C++ type support dispatch for ROS interfaces[0m
[24.740s] [35m[1mScanning dependencies of target mpcc_interfaces__rosidl_typesupport_cpp[0m
[24.870s] [ 17%] [32mBuilding CXX object CMakeFiles/mpcc_interfaces__rosidl_typesupport_cpp.dir/rosidl_typesupport_cpp/mpcc_interfaces/msg/local_path__type_support.cpp.o[0m
[26.972s] [ 19%] [32mBuilding CXX object CMakeFiles/mpcc_interfaces__rosidl_typesupport_cpp.dir/rosidl_typesupport_cpp/mpcc_interfaces/msg/static_constraints__type_support.cpp.o[0m
[29.640s] [ 21%] [32mBuilding CXX object CMakeFiles/mpcc_interfaces__rosidl_typesupport_cpp.dir/rosidl_typesupport_cpp/mpcc_interfaces/srv/map_request__type_support.cpp.o[0m
[31.844s] [ 23%] [32m[1mLinking CXX shared library libmpcc_interfaces__rosidl_typesupport_cpp.so[0m
[32.205s] [ 23%] Built target mpcc_interfaces__rosidl_typesupport_cpp
[32.349s] [ 25%] [34m[1mGenerating C introspection for ROS interfaces[0m
[35.749s] [35m[1mScanning dependencies of target mpcc_interfaces__rosidl_typesupport_introspection_c[0m
[35.944s] [ 27%] [32mBuilding C object CMakeFiles/mpcc_interfaces__rosidl_typesupport_introspection_c.dir/rosidl_typesupport_introspection_c/mpcc_interfaces/msg/detail/local_path__type_support.c.o[0m
[36.492s] [ 29%] [32mBuilding C object CMakeFiles/mpcc_interfaces__rosidl_typesupport_introspection_c.dir/rosidl_typesupport_introspection_c/mpcc_interfaces/msg/detail/static_constraints__type_support.c.o[0m
[36.970s] [ 31%] [32mBuilding C object CMakeFiles/mpcc_interfaces__rosidl_typesupport_introspection_c.dir/rosidl_typesupport_introspection_c/mpcc_interfaces/srv/detail/map_request__type_support.c.o[0m
[37.266s] [ 34%] [32m[1mLinking C shared library libmpcc_interfaces__rosidl_typesupport_introspection_c.so[0m
[37.620s] [ 34%] Built target mpcc_interfaces__rosidl_typesupport_introspection_c
[37.757s] [ 36%] [34m[1mGenerating C type support dispatch for ROS interfaces[0m
[39.944s] [35m[1mScanning dependencies of target mpcc_interfaces__rosidl_typesupport_c[0m
[40.139s] [ 38%] [32mBuilding CXX object CMakeFiles/mpcc_interfaces__rosidl_typesupport_c.dir/rosidl_typesupport_c/mpcc_interfaces/msg/local_path__type_support.cpp.o[0m
[40.401s] [ 40%] [32mBuilding CXX object CMakeFiles/mpcc_interfaces__rosidl_typesupport_c.dir/rosidl_typesupport_c/mpcc_interfaces/msg/static_constraints__type_support.cpp.o[0m
[40.661s] [ 42%] [32mBuilding CXX object CMakeFiles/mpcc_interfaces__rosidl_typesupport_c.dir/rosidl_typesupport_c/mpcc_interfaces/srv/map_request__type_support.cpp.o[0m
[41.013s] [ 44%] [32m[1mLinking CXX shared library libmpcc_interfaces__rosidl_typesupport_c.so[0m
[41.381s] [ 44%] Built target mpcc_interfaces__rosidl_typesupport_c
[41.542s] [ 46%] [34m[1mGenerating C++ introspection for ROS interfaces[0m
[45.058s] [35m[1mScanning dependencies of target mpcc_interfaces__rosidl_typesupport_introspection_cpp[0m
[45.241s] [ 48%] [32mBuilding CXX object CMakeFiles/mpcc_interfaces__rosidl_typesupport_introspection_cpp.dir/rosidl_typesupport_introspection_cpp/mpcc_interfaces/msg/detail/local_path__type_support.cpp.o[0m
[48.505s] [ 51%] [32mBuilding CXX object CMakeFiles/mpcc_interfaces__rosidl_typesupport_introspection_cpp.dir/rosidl_typesupport_introspection_cpp/mpcc_interfaces/srv/detail/map_request__type_support.cpp.o[0m
[50.613s] [ 53%] [32mBuilding CXX object CMakeFiles/mpcc_interfaces__rosidl_typesupport_introspection_cpp.dir/rosidl_typesupport_introspection_cpp/mpcc_interfaces/msg/detail/static_constraints__type_support.cpp.o[0m
[54.054s] [ 55%] [32m[1mLinking CXX shared library libmpcc_interfaces__rosidl_typesupport_introspection_cpp.so[0m
[54.814s] [ 55%] Built target mpcc_interfaces__rosidl_typesupport_introspection_cpp
[54.932s] [ 57%] [34m[1mGenerating C++ type support for eProsima Fast-RTPS[0m
[59.204s] [35m[1mScanning dependencies of target mpcc_interfaces__rosidl_typesupport_fastrtps_cpp[0m
[59.513s] [ 59%] [32mBuilding CXX object CMakeFiles/mpcc_interfaces__rosidl_typesupport_fastrtps_cpp.dir/rosidl_typesupport_fastrtps_cpp/mpcc_interfaces/msg/detail/dds_fastrtps/local_path__type_support.cpp.o[0m
[62.703s] [ 61%] [32mBuilding CXX object CMakeFiles/mpcc_interfaces__rosidl_typesupport_fastrtps_cpp.dir/rosidl_typesupport_fastrtps_cpp/mpcc_interfaces/srv/detail/dds_fastrtps/map_request__type_support.cpp.o[0m
[65.234s] [ 63%] [32mBuilding CXX object CMakeFiles/mpcc_interfaces__rosidl_typesupport_fastrtps_cpp.dir/rosidl_typesupport_fastrtps_cpp/mpcc_interfaces/msg/detail/dds_fastrtps/static_constraints__type_support.cpp.o[0m
[67.527s] [ 65%] [32m[1mLinking CXX shared library libmpcc_interfaces__rosidl_typesupport_fastrtps_cpp.so[0m
[67.985s] [ 65%] Built target mpcc_interfaces__rosidl_typesupport_fastrtps_cpp
[68.036s] [ 68%] [34m[1mGenerating C type support for eProsima Fast-RTPS[0m
[71.807s] [35m[1mScanning dependencies of target mpcc_interfaces__rosidl_typesupport_fastrtps_c[0m
[72.157s] [ 70%] [32mBuilding CXX object CMakeFiles/mpcc_interfaces__rosidl_typesupport_fastrtps_c.dir/rosidl_typesupport_fastrtps_c/mpcc_interfaces/msg/detail/local_path__type_support_c.cpp.o[0m
[74.844s] [ 72%] [32mBuilding CXX object CMakeFiles/mpcc_interfaces__rosidl_typesupport_fastrtps_c.dir/rosidl_typesupport_fastrtps_c/mpcc_interfaces/srv/detail/map_request__type_support_c.cpp.o[0m
[77.354s] [ 74%] [32mBuilding CXX object CMakeFiles/mpcc_interfaces__rosidl_typesupport_fastrtps_c.dir/rosidl_typesupport_fastrtps_c/mpcc_interfaces/msg/detail/static_constraints__type_support_c.cpp.o[0m
[79.598s] [ 76%] [32m[1mLinking CXX shared library libmpcc_interfaces__rosidl_typesupport_fastrtps_c.so[0m
[79.919s] [ 76%] Built target mpcc_interfaces__rosidl_typesupport_fastrtps_c
[79.963s] [35m[1mScanning dependencies of target mpcc_interfaces[0m
[80.051s] [ 76%] Built target mpcc_interfaces
[80.125s] [35m[1mScanning dependencies of target mpcc_interfaces__py[0m
[80.191s] [ 78%] [34m[1mGenerating Python code for ROS interfaces[0m
[85.777s] [ 78%] Built target mpcc_interfaces__py
[85.851s] [35m[1mScanning dependencies of target mpcc_interfaces__python[0m
[85.958s] [ 80%] [32mBuilding C object CMakeFiles/mpcc_interfaces__python.dir/rosidl_generator_py/mpcc_interfaces/msg/_local_path_s.c.o[0m
[86.577s] [ 82%] [32mBuilding C object CMakeFiles/mpcc_interfaces__python.dir/rosidl_generator_py/mpcc_interfaces/srv/_map_request_s.c.o[0m
[86.913s] [ 85%] [32mBuilding C object CMakeFiles/mpcc_interfaces__python.dir/rosidl_generator_py/mpcc_interfaces/msg/_static_constraints_s.c.o[0m
[87.371s] [ 87%] [32m[1mLinking C shared library rosidl_generator_py/mpcc_interfaces/libmpcc_interfaces__python.so[0m
[87.572s] [ 87%] Built target mpcc_interfaces__python
[87.603s] [35m[1mScanning dependencies of target mpcc_interfaces__rosidl_typesupport_c__pyext[0m
[87.692s] [ 89%] [32mBuilding C object CMakeFiles/mpcc_interfaces__rosidl_typesupport_c__pyext.dir/rosidl_generator_py/mpcc_interfaces/_mpcc_interfaces_s.ep.rosidl_typesupport_c.c.o[0m
[88.027s] [ 91%] [32m[1mLinking C shared library rosidl_generator_py/mpcc_interfaces/mpcc_interfaces_s__rosidl_typesupport_c.cpython-38-x86_64-linux-gnu.so[0m
[88.221s] [ 91%] Built target mpcc_interfaces__rosidl_typesupport_c__pyext
[88.267s] [35m[1mScanning dependencies of target mpcc_interfaces__rosidl_typesupport_fastrtps_c__pyext[0m
[88.347s] [ 93%] [32mBuilding C object CMakeFiles/mpcc_interfaces__rosidl_typesupport_fastrtps_c__pyext.dir/rosidl_generator_py/mpcc_interfaces/_mpcc_interfaces_s.ep.rosidl_typesupport_fastrtps_c.c.o[0m
[88.728s] [ 95%] [32m[1mLinking CXX shared library rosidl_generator_py/mpcc_interfaces/mpcc_interfaces_s__rosidl_typesupport_fastrtps_c.cpython-38-x86_64-linux-gnu.so[0m
[89.059s] [ 95%] Built target mpcc_interfaces__rosidl_typesupport_fastrtps_c__pyext
[89.091s] [35m[1mScanning dependencies of target mpcc_interfaces__rosidl_typesupport_introspection_c__pyext[0m
[89.148s] [ 97%] [32mBuilding C object CMakeFiles/mpcc_interfaces__rosidl_typesupport_introspection_c__pyext.dir/rosidl_generator_py/mpcc_interfaces/_mpcc_interfaces_s.ep.rosidl_typesupport_introspection_c.c.o[0m
[89.531s] [100%] [32m[1mLinking C shared library rosidl_generator_py/mpcc_interfaces/mpcc_interfaces_s__rosidl_typesupport_introspection_c.cpython-38-x86_64-linux-gnu.so[0m
[89.847s] [100%] Built target mpcc_interfaces__rosidl_typesupport_introspection_c__pyext
[89.912s] Invoked command in '/home/ros_workspace/build/mpcc_interfaces' returned '0': CMAKE_PREFIX_PATH=/home/ros_workspace/install/nav2_msgs:/home/ros_workspace/install/nav2_bringup:/home/ros_workspace/install/navigation2:/home/ros_workspace/install/nav2_waypoint_follower:/home/ros_workspace/install/nav2_navfn_planner:/home/ros_workspace/install/nav2_core:/home/ros_workspace/install/nav2_costmap_2d:/home/ros_workspace/install/nav2_voxel_grid:/home/ros_workspace/install/nav2_rviz_plugins:/home/ros_workspace/install/nav2_map_server:/home/ros_workspace/install/nav2_lifecycle_manager:/home/ros_workspace/install/nav2_bt_navigator:/home/ros_workspace/install/nav2_behavior_tree:/home/ros_workspace/install/nav2_util:/home/ros_workspace/install/mpcc_interfaces:/home/ros_workspace/install/nav2_common:/home/ros_workspace/install/static_collision_avoidance:/home/ros_workspace/install/simple_igoneo_commander:/home/ros_workspace/install/mpcc_local_planner:/home/ros_workspace/install/local_path_planner:/home/ros_workspace/install/dynamic_collision_avoidance:/home/ros_workspace/install/cost_map_server:/home/ros_workspace/install/nav2_gazebo_spawner:/home/ros_workspace/install/mpc_igoneo:/home/ros_workspace/install/mpc_dynamic_obstacles:/home/ros_workspace/install/igoneo_dynamic_window:/opt/ros/foxy LD_LIBRARY_PATH=/home/ros_workspace/install/nav2_msgs/lib:/home/ros_workspace/install/nav2_waypoint_follower/lib:/home/ros_workspace/install/nav2_navfn_planner/lib:/home/ros_workspace/install/nav2_costmap_2d/lib:/home/ros_workspace/install/nav2_voxel_grid/lib:/home/ros_workspace/install/nav2_rviz_plugins/lib:/home/ros_workspace/install/nav2_map_server/lib:/home/ros_workspace/install/nav2_lifecycle_manager/lib:/home/ros_workspace/install/nav2_bt_navigator/lib:/home/ros_workspace/install/nav2_behavior_tree/lib:/home/ros_workspace/install/nav2_util/lib:/home/ros_workspace/install/mpcc_interfaces/lib:/opt/ros/foxy/opt/yaml_cpp_vendor/lib:/opt/ros/foxy/opt/rviz_ogre_vendor/lib:/opt/ros/foxy/lib/x86_64-linux-gnu:/opt/ros/foxy/lib PYTHONPATH=/home/ros_workspace/install/nav2_msgs/lib/python3.8/site-packages:/home/ros_workspace/install/static_collision_avoidance/lib/python3.8/site-packages:/home/ros_workspace/install/simple_igoneo_commander/lib/python3.8/site-packages:/home/ros_workspace/install/mpcc_local_planner/lib/python3.8/site-packages:/home/ros_workspace/install/local_path_planner/lib/python3.8/site-packages:/home/ros_workspace/install/dynamic_collision_avoidance/lib/python3.8/site-packages:/home/ros_workspace/install/cost_map_server/lib/python3.8/site-packages:/home/ros_workspace/install/mpcc_interfaces/lib/python3.8/site-packages:/home/ros_workspace/install/nav2_gazebo_spawner/lib/python3.8/site-packages:/home/ros_workspace/install/nav2_common/lib/python3.8/site-packages:/home/ros_workspace/install/mpc_igoneo/lib/python3.8/site-packages:/home/ros_workspace/install/mpc_dynamic_obstacles/lib/python3.8/site-packages:/home/ros_workspace/install/igoneo_dynamic_window/lib/python3.8/site-packages:/opt/ros/foxy/lib/python3.8/site-packages /usr/bin/cmake --build /home/ros_workspace/build/mpcc_interfaces -- -j4 -l4
[90.476s] Invoking command in '/home/ros_workspace/build/mpcc_interfaces': CMAKE_PREFIX_PATH=/home/ros_workspace/install/nav2_msgs:/home/ros_workspace/install/nav2_bringup:/home/ros_workspace/install/navigation2:/home/ros_workspace/install/nav2_waypoint_follower:/home/ros_workspace/install/nav2_navfn_planner:/home/ros_workspace/install/nav2_core:/home/ros_workspace/install/nav2_costmap_2d:/home/ros_workspace/install/nav2_voxel_grid:/home/ros_workspace/install/nav2_rviz_plugins:/home/ros_workspace/install/nav2_map_server:/home/ros_workspace/install/nav2_lifecycle_manager:/home/ros_workspace/install/nav2_bt_navigator:/home/ros_workspace/install/nav2_behavior_tree:/home/ros_workspace/install/nav2_util:/home/ros_workspace/install/mpcc_interfaces:/home/ros_workspace/install/nav2_common:/home/ros_workspace/install/static_collision_avoidance:/home/ros_workspace/install/simple_igoneo_commander:/home/ros_workspace/install/mpcc_local_planner:/home/ros_workspace/install/local_path_planner:/home/ros_workspace/install/dynamic_collision_avoidance:/home/ros_workspace/install/cost_map_server:/home/ros_workspace/install/nav2_gazebo_spawner:/home/ros_workspace/install/mpc_igoneo:/home/ros_workspace/install/mpc_dynamic_obstacles:/home/ros_workspace/install/igoneo_dynamic_window:/opt/ros/foxy LD_LIBRARY_PATH=/home/ros_workspace/install/nav2_msgs/lib:/home/ros_workspace/install/nav2_waypoint_follower/lib:/home/ros_workspace/install/nav2_navfn_planner/lib:/home/ros_workspace/install/nav2_costmap_2d/lib:/home/ros_workspace/install/nav2_voxel_grid/lib:/home/ros_workspace/install/nav2_rviz_plugins/lib:/home/ros_workspace/install/nav2_map_server/lib:/home/ros_workspace/install/nav2_lifecycle_manager/lib:/home/ros_workspace/install/nav2_bt_navigator/lib:/home/ros_workspace/install/nav2_behavior_tree/lib:/home/ros_workspace/install/nav2_util/lib:/home/ros_workspace/install/mpcc_interfaces/lib:/opt/ros/foxy/opt/yaml_cpp_vendor/lib:/opt/ros/foxy/opt/rviz_ogre_vendor/lib:/opt/ros/foxy/lib/x86_64-linux-gnu:/opt/ros/foxy/lib PYTHONPATH=/home/ros_workspace/install/nav2_msgs/lib/python3.8/site-packages:/home/ros_workspace/install/static_collision_avoidance/lib/python3.8/site-packages:/home/ros_workspace/install/simple_igoneo_commander/lib/python3.8/site-packages:/home/ros_workspace/install/mpcc_local_planner/lib/python3.8/site-packages:/home/ros_workspace/install/local_path_planner/lib/python3.8/site-packages:/home/ros_workspace/install/dynamic_collision_avoidance/lib/python3.8/site-packages:/home/ros_workspace/install/cost_map_server/lib/python3.8/site-packages:/home/ros_workspace/install/mpcc_interfaces/lib/python3.8/site-packages:/home/ros_workspace/install/nav2_gazebo_spawner/lib/python3.8/site-packages:/home/ros_workspace/install/nav2_common/lib/python3.8/site-packages:/home/ros_workspace/install/mpc_igoneo/lib/python3.8/site-packages:/home/ros_workspace/install/mpc_dynamic_obstacles/lib/python3.8/site-packages:/home/ros_workspace/install/igoneo_dynamic_window/lib/python3.8/site-packages:/opt/ros/foxy/lib/python3.8/site-packages /usr/bin/cmake --install /home/ros_workspace/build/mpcc_interfaces
[90.524s] -- Install configuration: ""
[90.525s] -- Installing: /home/ros_workspace/install/mpcc_interfaces/share/ament_index/resource_index/rosidl_interfaces/mpcc_interfaces
[90.526s] -- Up-to-date: /home/ros_workspace/install/mpcc_interfaces/include/mpcc_interfaces
[90.526s] -- Up-to-date: /home/ros_workspace/install/mpcc_interfaces/include/mpcc_interfaces/msg
[90.527s] -- Installing: /home/ros_workspace/install/mpcc_interfaces/include/mpcc_interfaces/msg/local_path.h
[90.528s] -- Installing: /home/ros_workspace/install/mpcc_interfaces/include/mpcc_interfaces/msg/rosidl_generator_c__visibility_control.h
[90.529s] -- Up-to-date: /home/ros_workspace/install/mpcc_interfaces/include/mpcc_interfaces/msg/detail
[90.530s] -- Installing: /home/ros_workspace/install/mpcc_interfaces/include/mpcc_interfaces/msg/detail/local_path__functions.h
[90.531s] -- Installing: /home/ros_workspace/install/mpcc_interfaces/include/mpcc_interfaces/msg/detail/static_constraints__struct.h
[90.532s] -- Installing: /home/ros_workspace/install/mpcc_interfaces/include/mpcc_interfaces/msg/detail/local_path__type_support.h
[90.535s] -- Installing: /home/ros_workspace/install/mpcc_interfaces/include/mpcc_interfaces/msg/detail/local_path__struct.h
[90.536s] -- Installing: /home/ros_workspace/install/mpcc_interfaces/include/mpcc_interfaces/msg/detail/local_path__functions.c
[90.536s] -- Installing: /home/ros_workspace/install/mpcc_interfaces/include/mpcc_interfaces/msg/detail/static_constraints__functions.c
[90.537s] -- Installing: /home/ros_workspace/install/mpcc_interfaces/include/mpcc_interfaces/msg/detail/static_constraints__type_support.h
[90.538s] -- Installing: /home/ros_workspace/install/mpcc_interfaces/include/mpcc_interfaces/msg/detail/static_constraints__functions.h
[90.538s] -- Installing: /home/ros_workspace/install/mpcc_interfaces/include/mpcc_interfaces/msg/static_constraints.h
[90.539s] -- Up-to-date: /home/ros_workspace/install/mpcc_interfaces/include/mpcc_interfaces/srv
[90.539s] -- Up-to-date: /home/ros_workspace/install/mpcc_interfaces/include/mpcc_interfaces/srv/detail
[90.539s] -- Installing: /home/ros_workspace/install/mpcc_interfaces/include/mpcc_interfaces/srv/detail/map_request__type_support.h
[90.540s] -- Installing: /home/ros_workspace/install/mpcc_interfaces/include/mpcc_interfaces/srv/detail/map_request__functions.h
[90.540s] -- Installing: /home/ros_workspace/install/mpcc_interfaces/include/mpcc_interfaces/srv/detail/map_request__functions.c
[90.546s] -- Installing: /home/ros_workspace/install/mpcc_interfaces/include/mpcc_interfaces/srv/detail/map_request__struct.h
[90.547s] -- Installing: /home/ros_workspace/install/mpcc_interfaces/include/mpcc_interfaces/srv/map_request.h
[90.550s] -- Installing: /home/ros_workspace/install/mpcc_interfaces/share/mpcc_interfaces/environment/library_path.sh
[90.550s] -- Installing: /home/ros_workspace/install/mpcc_interfaces/share/mpcc_interfaces/environment/library_path.dsv
[90.550s] -- Installing: /home/ros_workspace/install/mpcc_interfaces/lib/libmpcc_interfaces__rosidl_generator_c.so
[90.551s] -- Set runtime path of "/home/ros_workspace/install/mpcc_interfaces/lib/libmpcc_interfaces__rosidl_generator_c.so" to ""
[90.551s] -- Up-to-date: /home/ros_workspace/install/mpcc_interfaces/include/mpcc_interfaces
[90.551s] -- Up-to-date: /home/ros_workspace/install/mpcc_interfaces/include/mpcc_interfaces/msg
[90.551s] -- Up-to-date: /home/ros_workspace/install/mpcc_interfaces/include/mpcc_interfaces/msg/detail
[90.551s] -- Installing: /home/ros_workspace/install/mpcc_interfaces/include/mpcc_interfaces/msg/detail/local_path__rosidl_typesupport_fastrtps_c.h
[90.552s] -- Installing: /home/ros_workspace/install/mpcc_interfaces/include/mpcc_interfaces/msg/detail/static_constraints__rosidl_typesupport_fastrtps_c.h
[90.552s] -- Installing: /home/ros_workspace/install/mpcc_interfaces/include/mpcc_interfaces/msg/rosidl_typesupport_fastrtps_c__visibility_control.h
[90.552s] -- Up-to-date: /home/ros_workspace/install/mpcc_interfaces/include/mpcc_interfaces/srv
[90.553s] -- Up-to-date: /home/ros_workspace/install/mpcc_interfaces/include/mpcc_interfaces/srv/detail
[90.554s] -- Installing: /home/ros_workspace/install/mpcc_interfaces/include/mpcc_interfaces/srv/detail/map_request__rosidl_typesupport_fastrtps_c.h
[90.554s] -- Installing: /home/ros_workspace/install/mpcc_interfaces/lib/libmpcc_interfaces__rosidl_typesupport_fastrtps_c.so
[90.556s] -- Set runtime path of "/home/ros_workspace/install/mpcc_interfaces/lib/libmpcc_interfaces__rosidl_typesupport_fastrtps_c.so" to ""
[90.556s] -- Up-to-date: /home/ros_workspace/install/mpcc_interfaces/include/mpcc_interfaces
[90.556s] -- Up-to-date: /home/ros_workspace/install/mpcc_interfaces/include/mpcc_interfaces/msg
[90.557s] -- Up-to-date: /home/ros_workspace/install/mpcc_interfaces/include/mpcc_interfaces/msg/detail
[90.557s] -- Installing: /home/ros_workspace/install/mpcc_interfaces/include/mpcc_interfaces/msg/detail/static_constraints__rosidl_typesupport_fastrtps_cpp.hpp
[90.559s] -- Installing: /home/ros_workspace/install/mpcc_interfaces/include/mpcc_interfaces/msg/detail/local_path__rosidl_typesupport_fastrtps_cpp.hpp
[90.560s] -- Installing: /home/ros_workspace/install/mpcc_interfaces/include/mpcc_interfaces/msg/detail/dds_fastrtps
[90.560s] -- Installing: /home/ros_workspace/install/mpcc_interfaces/include/mpcc_interfaces/msg/rosidl_typesupport_fastrtps_cpp__visibility_control.h
[90.561s] -- Up-to-date: /home/ros_workspace/install/mpcc_interfaces/include/mpcc_interfaces/srv
[90.561s] -- Up-to-date: /home/ros_workspace/install/mpcc_interfaces/include/mpcc_interfaces/srv/detail
[90.562s] -- Installing: /home/ros_workspace/install/mpcc_interfaces/include/mpcc_interfaces/srv/detail/map_request__rosidl_typesupport_fastrtps_cpp.hpp
[90.563s] -- Installing: /home/ros_workspace/install/mpcc_interfaces/include/mpcc_interfaces/srv/detail/dds_fastrtps
[90.565s] -- Installing: /home/ros_workspace/install/mpcc_interfaces/lib/libmpcc_interfaces__rosidl_typesupport_fastrtps_cpp.so
[90.567s] -- Set runtime path of "/home/ros_workspace/install/mpcc_interfaces/lib/libmpcc_interfaces__rosidl_typesupport_fastrtps_cpp.so" to ""
[90.568s] -- Up-to-date: /home/ros_workspace/install/mpcc_interfaces/include/mpcc_interfaces
[90.568s] -- Up-to-date: /home/ros_workspace/install/mpcc_interfaces/include/mpcc_interfaces/msg
[90.569s] -- Up-to-date: /home/ros_workspace/install/mpcc_interfaces/include/mpcc_interfaces/msg/detail
[90.569s] -- Installing: /home/ros_workspace/install/mpcc_interfaces/include/mpcc_interfaces/msg/detail/local_path__rosidl_typesupport_introspection_c.h
[90.570s] -- Installing: /home/ros_workspace/install/mpcc_interfaces/include/mpcc_interfaces/msg/detail/static_constraints__rosidl_typesupport_introspection_c.h
[90.571s] -- Installing: /home/ros_workspace/install/mpcc_interfaces/include/mpcc_interfaces/msg/detail/local_path__type_support.c
[90.573s] -- Installing: /home/ros_workspace/install/mpcc_interfaces/include/mpcc_interfaces/msg/detail/static_constraints__type_support.c
[90.573s] -- Installing: /home/ros_workspace/install/mpcc_interfaces/include/mpcc_interfaces/msg/rosidl_typesupport_introspection_c__visibility_control.h
[90.573s] -- Up-to-date: /home/ros_workspace/install/mpcc_interfaces/include/mpcc_interfaces/srv
[90.573s] -- Up-to-date: /home/ros_workspace/install/mpcc_interfaces/include/mpcc_interfaces/srv/detail
[90.574s] -- Installing: /home/ros_workspace/install/mpcc_interfaces/include/mpcc_interfaces/srv/detail/map_request__type_support.c
[90.574s] -- Installing: /home/ros_workspace/install/mpcc_interfaces/include/mpcc_interfaces/srv/detail/map_request__rosidl_typesupport_introspection_c.h
[90.576s] -- Installing: /home/ros_workspace/install/mpcc_interfaces/lib/libmpcc_interfaces__rosidl_typesupport_introspection_c.so
[90.580s] -- Set runtime path of "/home/ros_workspace/install/mpcc_interfaces/lib/libmpcc_interfaces__rosidl_typesupport_introspection_c.so" to ""
[90.581s] -- Installing: /home/ros_workspace/install/mpcc_interfaces/lib/libmpcc_interfaces__rosidl_typesupport_c.so
[90.587s] -- Set runtime path of "/home/ros_workspace/install/mpcc_interfaces/lib/libmpcc_interfaces__rosidl_typesupport_c.so" to ""
[90.589s] -- Up-to-date: /home/ros_workspace/install/mpcc_interfaces/include/mpcc_interfaces
[90.589s] -- Up-to-date: /home/ros_workspace/install/mpcc_interfaces/include/mpcc_interfaces/msg
[90.589s] -- Up-to-date: /home/ros_workspace/install/mpcc_interfaces/include/mpcc_interfaces/msg/detail
[90.590s] -- Installing: /home/ros_workspace/install/mpcc_interfaces/include/mpcc_interfaces/msg/detail/local_path__builder.hpp
[90.594s] -- Installing: /home/ros_workspace/install/mpcc_interfaces/include/mpcc_interfaces/msg/detail/static_constraints__traits.hpp
[90.596s] -- Installing: /home/ros_workspace/install/mpcc_interfaces/include/mpcc_interfaces/msg/detail/static_constraints__builder.hpp
[90.596s] -- Installing: /home/ros_workspace/install/mpcc_interfaces/include/mpcc_interfaces/msg/detail/local_path__traits.hpp
[90.596s] -- Installing: /home/ros_workspace/install/mpcc_interfaces/include/mpcc_interfaces/msg/detail/local_path__struct.hpp
[90.597s] -- Installing: /home/ros_workspace/install/mpcc_interfaces/include/mpcc_interfaces/msg/detail/static_constraints__struct.hpp
[90.599s] -- Installing: /home/ros_workspace/install/mpcc_interfaces/include/mpcc_interfaces/msg/static_constraints.hpp
[90.600s] -- Installing: /home/ros_workspace/install/mpcc_interfaces/include/mpcc_interfaces/msg/local_path.hpp
[90.605s] -- Up-to-date: /home/ros_workspace/install/mpcc_interfaces/include/mpcc_interfaces/srv
[90.605s] -- Installing: /home/ros_workspace/install/mpcc_interfaces/include/mpcc_interfaces/srv/map_request.hpp
[90.607s] -- Up-to-date: /home/ros_workspace/install/mpcc_interfaces/include/mpcc_interfaces/srv/detail
[90.607s] -- Installing: /home/ros_workspace/install/mpcc_interfaces/include/mpcc_interfaces/srv/detail/map_request__traits.hpp
[90.608s] -- Installing: /home/ros_workspace/install/mpcc_interfaces/include/mpcc_interfaces/srv/detail/map_request__struct.hpp
[90.609s] -- Installing: /home/ros_workspace/install/mpcc_interfaces/include/mpcc_interfaces/srv/detail/map_request__builder.hpp
[90.611s] -- Up-to-date: /home/ros_workspace/install/mpcc_interfaces/include/mpcc_interfaces
[90.611s] -- Up-to-date: /home/ros_workspace/install/mpcc_interfaces/include/mpcc_interfaces/msg
[90.612s] -- Up-to-date: /home/ros_workspace/install/mpcc_interfaces/include/mpcc_interfaces/msg/detail
[90.612s] -- Installing: /home/ros_workspace/install/mpcc_interfaces/include/mpcc_interfaces/msg/detail/local_path__type_support.cpp
[90.612s] -- Installing: /home/ros_workspace/install/mpcc_interfaces/include/mpcc_interfaces/msg/detail/static_constraints__rosidl_typesupport_introspection_cpp.hpp
[90.613s] -- Installing: /home/ros_workspace/install/mpcc_interfaces/include/mpcc_interfaces/msg/detail/static_constraints__type_support.cpp
[90.613s] -- Installing: /home/ros_workspace/install/mpcc_interfaces/include/mpcc_interfaces/msg/detail/local_path__rosidl_typesupport_introspection_cpp.hpp
[90.614s] -- Up-to-date: /home/ros_workspace/install/mpcc_interfaces/include/mpcc_interfaces/srv
[90.614s] -- Up-to-date: /home/ros_workspace/install/mpcc_interfaces/include/mpcc_interfaces/srv/detail
[90.615s] -- Installing: /home/ros_workspace/install/mpcc_interfaces/include/mpcc_interfaces/srv/detail/map_request__rosidl_typesupport_introspection_cpp.hpp
[90.615s] -- Installing: /home/ros_workspace/install/mpcc_interfaces/include/mpcc_interfaces/srv/detail/map_request__type_support.cpp
[90.615s] -- Installing: /home/ros_workspace/install/mpcc_interfaces/lib/libmpcc_interfaces__rosidl_typesupport_introspection_cpp.so
[90.616s] -- Set runtime path of "/home/ros_workspace/install/mpcc_interfaces/lib/libmpcc_interfaces__rosidl_typesupport_introspection_cpp.so" to ""
[90.616s] -- Installing: /home/ros_workspace/install/mpcc_interfaces/lib/libmpcc_interfaces__rosidl_typesupport_cpp.so
[90.617s] -- Set runtime path of "/home/ros_workspace/install/mpcc_interfaces/lib/libmpcc_interfaces__rosidl_typesupport_cpp.so" to ""
[90.617s] -- Installing: /home/ros_workspace/install/mpcc_interfaces/share/mpcc_interfaces/environment/pythonpath.sh
[90.617s] -- Installing: /home/ros_workspace/install/mpcc_interfaces/share/mpcc_interfaces/environment/pythonpath.dsv
[90.618s] -- Installing: /home/ros_workspace/install/mpcc_interfaces/lib/python3.8/site-packages/mpcc_interfaces/__init__.py
[90.762s] Compiling '/home/ros_workspace/install/mpcc_interfaces/lib/python3.8/site-packages/mpcc_interfaces/__init__.py'...
[90.782s] -- Installing: /home/ros_workspace/install/mpcc_interfaces/lib/python3.8/site-packages/mpcc_interfaces/msg
[90.782s] -- Installing: /home/ros_workspace/install/mpcc_interfaces/lib/python3.8/site-packages/mpcc_interfaces/msg/_static_constraints_s.c
[90.782s] -- Installing: /home/ros_workspace/install/mpcc_interfaces/lib/python3.8/site-packages/mpcc_interfaces/msg/_local_path.py
[90.782s] -- Installing: /home/ros_workspace/install/mpcc_interfaces/lib/python3.8/site-packages/mpcc_interfaces/msg/_local_path_s.c
[90.785s] -- Installing: /home/ros_workspace/install/mpcc_interfaces/lib/python3.8/site-packages/mpcc_interfaces/msg/_static_constraints.py
[90.786s] -- Installing: /home/ros_workspace/install/mpcc_interfaces/lib/python3.8/site-packages/mpcc_interfaces/msg/__init__.py
[90.789s] -- Installing: /home/ros_workspace/install/mpcc_interfaces/lib/python3.8/site-packages/mpcc_interfaces/srv
[90.789s] -- Installing: /home/ros_workspace/install/mpcc_interfaces/lib/python3.8/site-packages/mpcc_interfaces/srv/_map_request_s.c
[90.794s] -- Installing: /home/ros_workspace/install/mpcc_interfaces/lib/python3.8/site-packages/mpcc_interfaces/srv/__init__.py
[90.794s] -- Installing: /home/ros_workspace/install/mpcc_interfaces/lib/python3.8/site-packages/mpcc_interfaces/srv/_map_request.py
[90.795s] -- Installing: /home/ros_workspace/install/mpcc_interfaces/lib/python3.8/site-packages/mpcc_interfaces/mpcc_interfaces_s__rosidl_typesupport_fastrtps_c.cpython-38-x86_64-linux-gnu.so
[90.796s] -- Set runtime path of "/home/ros_workspace/install/mpcc_interfaces/lib/python3.8/site-packages/mpcc_interfaces/mpcc_interfaces_s__rosidl_typesupport_fastrtps_c.cpython-38-x86_64-linux-gnu.so" to ""
[90.798s] -- Installing: /home/ros_workspace/install/mpcc_interfaces/lib/python3.8/site-packages/mpcc_interfaces/mpcc_interfaces_s__rosidl_typesupport_introspection_c.cpython-38-x86_64-linux-gnu.so
[90.799s] -- Set runtime path of "/home/ros_workspace/install/mpcc_interfaces/lib/python3.8/site-packages/mpcc_interfaces/mpcc_interfaces_s__rosidl_typesupport_introspection_c.cpython-38-x86_64-linux-gnu.so" to ""
[90.801s] -- Installing: /home/ros_workspace/install/mpcc_interfaces/lib/python3.8/site-packages/mpcc_interfaces/mpcc_interfaces_s__rosidl_typesupport_c.cpython-38-x86_64-linux-gnu.so
[90.808s] -- Set runtime path of "/home/ros_workspace/install/mpcc_interfaces/lib/python3.8/site-packages/mpcc_interfaces/mpcc_interfaces_s__rosidl_typesupport_c.cpython-38-x86_64-linux-gnu.so" to ""
[90.811s] -- Installing: /home/ros_workspace/install/mpcc_interfaces/lib/libmpcc_interfaces__python.so
[90.819s] -- Set runtime path of "/home/ros_workspace/install/mpcc_interfaces/lib/libmpcc_interfaces__python.so" to ""
[90.825s] -- Installing: /home/ros_workspace/install/mpcc_interfaces/share/mpcc_interfaces/msg/LocalPath.idl
[90.831s] -- Installing: /home/ros_workspace/install/mpcc_interfaces/share/mpcc_interfaces/msg/StaticConstraints.idl
[90.834s] -- Installing: /home/ros_workspace/install/mpcc_interfaces/share/mpcc_interfaces/srv/MapRequest.idl
[90.836s] -- Up-to-date: /home/ros_workspace/install/mpcc_interfaces/share/mpcc_interfaces/msg/LocalPath.msg
[90.841s] -- Up-to-date: /home/ros_workspace/install/mpcc_interfaces/share/mpcc_interfaces/msg/StaticConstraints.msg
[90.842s] -- Up-to-date: /home/ros_workspace/install/mpcc_interfaces/share/mpcc_interfaces/srv/MapRequest.srv
[90.844s] -- Installing: /home/ros_workspace/install/mpcc_interfaces/share/mpcc_interfaces/srv/MapRequest_Request.msg
[90.848s] -- Installing: /home/ros_workspace/install/mpcc_interfaces/share/mpcc_interfaces/srv/MapRequest_Response.msg
[90.848s] -- Installing: /home/ros_workspace/install/mpcc_interfaces/share/ament_index/resource_index/package_run_dependencies/mpcc_interfaces
[90.853s] -- Installing: /home/ros_workspace/install/mpcc_interfaces/share/ament_index/resource_index/parent_prefix_path/mpcc_interfaces
[90.853s] -- Installing: /home/ros_workspace/install/mpcc_interfaces/share/mpcc_interfaces/environment/ament_prefix_path.sh
[90.854s] -- Installing: /home/ros_workspace/install/mpcc_interfaces/share/mpcc_interfaces/environment/ament_prefix_path.dsv
[90.855s] -- Installing: /home/ros_workspace/install/mpcc_interfaces/share/mpcc_interfaces/environment/path.sh
[90.855s] -- Installing: /home/ros_workspace/install/mpcc_interfaces/share/mpcc_interfaces/environment/path.dsv
[90.855s] -- Installing: /home/ros_workspace/install/mpcc_interfaces/share/mpcc_interfaces/local_setup.bash
[90.856s] -- Installing: /home/ros_workspace/install/mpcc_interfaces/share/mpcc_interfaces/local_setup.sh
[90.858s] -- Installing: /home/ros_workspace/install/mpcc_interfaces/share/mpcc_interfaces/local_setup.zsh
[90.859s] -- Installing: /home/ros_workspace/install/mpcc_interfaces/share/mpcc_interfaces/local_setup.dsv
[90.859s] -- Installing: /home/ros_workspace/install/mpcc_interfaces/share/mpcc_interfaces/package.dsv
[90.859s] -- Installing: /home/ros_workspace/install/mpcc_interfaces/share/ament_index/resource_index/packages/mpcc_interfaces
[90.876s] -- Installing: /home/ros_workspace/install/mpcc_interfaces/share/mpcc_interfaces/cmake/mpcc_interfaces__rosidl_generator_cExport.cmake
[90.877s] -- Installing: /home/ros_workspace/install/mpcc_interfaces/share/mpcc_interfaces/cmake/mpcc_interfaces__rosidl_generator_cExport-noconfig.cmake
[90.889s] -- Installing: /home/ros_workspace/install/mpcc_interfaces/share/mpcc_interfaces/cmake/mpcc_interfaces__rosidl_typesupport_introspection_cExport.cmake
[90.891s] -- Installing: /home/ros_workspace/install/mpcc_interfaces/share/mpcc_interfaces/cmake/mpcc_interfaces__rosidl_typesupport_introspection_cExport-noconfig.cmake
[90.919s] -- Installing: /home/ros_workspace/install/mpcc_interfaces/share/mpcc_interfaces/cmake/mpcc_interfaces__rosidl_typesupport_cExport.cmake
[90.919s] -- Installing: /home/ros_workspace/install/mpcc_interfaces/share/mpcc_interfaces/cmake/mpcc_interfaces__rosidl_typesupport_cExport-noconfig.cmake
[90.927s] -- Installing: /home/ros_workspace/install/mpcc_interfaces/share/mpcc_interfaces/cmake/mpcc_interfaces__rosidl_generator_cppExport.cmake
[90.942s] -- Installing: /home/ros_workspace/install/mpcc_interfaces/share/mpcc_interfaces/cmake/mpcc_interfaces__rosidl_typesupport_introspection_cppExport.cmake
[90.942s] -- Installing: /home/ros_workspace/install/mpcc_interfaces/share/mpcc_interfaces/cmake/mpcc_interfaces__rosidl_typesupport_introspection_cppExport-noconfig.cmake
[90.956s] -- Installing: /home/ros_workspace/install/mpcc_interfaces/share/mpcc_interfaces/cmake/mpcc_interfaces__rosidl_typesupport_cppExport.cmake
[90.958s] -- Installing: /home/ros_workspace/install/mpcc_interfaces/share/mpcc_interfaces/cmake/mpcc_interfaces__rosidl_typesupport_cppExport-noconfig.cmake
[90.961s] -- Installing: /home/ros_workspace/install/mpcc_interfaces/share/mpcc_interfaces/cmake/rosidl_cmake-extras.cmake
[90.961s] -- Installing: /home/ros_workspace/install/mpcc_interfaces/share/mpcc_interfaces/cmake/ament_cmake_export_dependencies-extras.cmake
[90.962s] -- Installing: /home/ros_workspace/install/mpcc_interfaces/share/mpcc_interfaces/cmake/ament_cmake_export_libraries-extras.cmake
[90.962s] -- Installing: /home/ros_workspace/install/mpcc_interfaces/share/mpcc_interfaces/cmake/ament_cmake_export_targets-extras.cmake
[90.962s] -- Installing: /home/ros_workspace/install/mpcc_interfaces/share/mpcc_interfaces/cmake/ament_cmake_export_include_directories-extras.cmake
[90.962s] -- Installing: /home/ros_workspace/install/mpcc_interfaces/share/mpcc_interfaces/cmake/rosidl_cmake_export_typesupport_libraries-extras.cmake
[90.962s] -- Installing: /home/ros_workspace/install/mpcc_interfaces/share/mpcc_interfaces/cmake/rosidl_cmake_export_typesupport_targets-extras.cmake
[90.963s] -- Installing: /home/ros_workspace/install/mpcc_interfaces/share/mpcc_interfaces/cmake/mpcc_interfacesConfig.cmake
[90.988s] -- Installing: /home/ros_workspace/install/mpcc_interfaces/share/mpcc_interfaces/cmake/mpcc_interfacesConfig-version.cmake
[90.990s] -- Up-to-date: /home/ros_workspace/install/mpcc_interfaces/share/mpcc_interfaces/package.xml
[90.991s] Invoked command in '/home/ros_workspace/build/mpcc_interfaces' returned '0': CMAKE_PREFIX_PATH=/home/ros_workspace/install/nav2_msgs:/home/ros_workspace/install/nav2_bringup:/home/ros_workspace/install/navigation2:/home/ros_workspace/install/nav2_waypoint_follower:/home/ros_workspace/install/nav2_navfn_planner:/home/ros_workspace/install/nav2_core:/home/ros_workspace/install/nav2_costmap_2d:/home/ros_workspace/install/nav2_voxel_grid:/home/ros_workspace/install/nav2_rviz_plugins:/home/ros_workspace/install/nav2_map_server:/home/ros_workspace/install/nav2_lifecycle_manager:/home/ros_workspace/install/nav2_bt_navigator:/home/ros_workspace/install/nav2_behavior_tree:/home/ros_workspace/install/nav2_util:/home/ros_workspace/install/mpcc_interfaces:/home/ros_workspace/install/nav2_common:/home/ros_workspace/install/static_collision_avoidance:/home/ros_workspace/install/simple_igoneo_commander:/home/ros_workspace/install/mpcc_local_planner:/home/ros_workspace/install/local_path_planner:/home/ros_workspace/install/dynamic_collision_avoidance:/home/ros_workspace/install/cost_map_server:/home/ros_workspace/install/nav2_gazebo_spawner:/home/ros_workspace/install/mpc_igoneo:/home/ros_workspace/install/mpc_dynamic_obstacles:/home/ros_workspace/install/igoneo_dynamic_window:/opt/ros/foxy LD_LIBRARY_PATH=/home/ros_workspace/install/nav2_msgs/lib:/home/ros_workspace/install/nav2_waypoint_follower/lib:/home/ros_workspace/install/nav2_navfn_planner/lib:/home/ros_workspace/install/nav2_costmap_2d/lib:/home/ros_workspace/install/nav2_voxel_grid/lib:/home/ros_workspace/install/nav2_rviz_plugins/lib:/home/ros_workspace/install/nav2_map_server/lib:/home/ros_workspace/install/nav2_lifecycle_manager/lib:/home/ros_workspace/install/nav2_bt_navigator/lib:/home/ros_workspace/install/nav2_behavior_tree/lib:/home/ros_workspace/install/nav2_util/lib:/home/ros_workspace/install/mpcc_interfaces/lib:/opt/ros/foxy/opt/yaml_cpp_vendor/lib:/opt/ros/foxy/opt/rviz_ogre_vendor/lib:/opt/ros/foxy/lib/x86_64-linux-gnu:/opt/ros/foxy/lib PYTHONPATH=/home/ros_workspace/install/nav2_msgs/lib/python3.8/site-packages:/home/ros_workspace/install/static_collision_avoidance/lib/python3.8/site-packages:/home/ros_workspace/install/simple_igoneo_commander/lib/python3.8/site-packages:/home/ros_workspace/install/mpcc_local_planner/lib/python3.8/site-packages:/home/ros_workspace/install/local_path_planner/lib/python3.8/site-packages:/home/ros_workspace/install/dynamic_collision_avoidance/lib/python3.8/site-packages:/home/ros_workspace/install/cost_map_server/lib/python3.8/site-packages:/home/ros_workspace/install/mpcc_interfaces/lib/python3.8/site-packages:/home/ros_workspace/install/nav2_gazebo_spawner/lib/python3.8/site-packages:/home/ros_workspace/install/nav2_common/lib/python3.8/site-packages:/home/ros_workspace/install/mpc_igoneo/lib/python3.8/site-packages:/home/ros_workspace/install/mpc_dynamic_obstacles/lib/python3.8/site-packages:/home/ros_workspace/install/igoneo_dynamic_window/lib/python3.8/site-packages:/opt/ros/foxy/lib/python3.8/site-packages /usr/bin/cmake --install /home/ros_workspace/build/mpcc_interfaces
