[0.178s] Invoking command in '/home/ros_workspace/build/nav2_util': CMAKE_PREFIX_PATH=/home/ros_workspace/install/nav2_msgs:/home/ros_workspace/install/nav2_common:/home/ros_workspace/install/nav2_bringup:/home/ros_workspace/install/navigation2:/home/ros_workspace/install/nav2_waypoint_follower:/home/ros_workspace/install/nav2_navfn_planner:/home/ros_workspace/install/nav2_core:/home/ros_workspace/install/nav2_costmap_2d:/home/ros_workspace/install/nav2_voxel_grid:/home/ros_workspace/install/nav2_rviz_plugins:/home/ros_workspace/install/nav2_map_server:/home/ros_workspace/install/nav2_lifecycle_manager:/home/ros_workspace/install/nav2_bt_navigator:/home/ros_workspace/install/nav2_behavior_tree:/home/ros_workspace/install/nav2_util:/home/ros_workspace/install/mpcc_interfaces:/home/ros_workspace/install/static_collision_avoidance:/home/ros_workspace/install/simple_igoneo_commander:/home/ros_workspace/install/mpcc_local_planner:/home/ros_workspace/install/local_path_planner:/home/ros_workspace/install/dynamic_collision_avoidance:/home/ros_workspace/install/cost_map_server:/home/ros_workspace/install/nav2_gazebo_spawner:/home/ros_workspace/install/mpc_igoneo:/home/ros_workspace/install/mpc_dynamic_obstacles:/home/ros_workspace/install/igoneo_dynamic_window:/opt/ros/foxy LD_LIBRARY_PATH=/home/ros_workspace/install/nav2_msgs/lib:/home/ros_workspace/install/nav2_waypoint_follower/lib:/home/ros_workspace/install/nav2_navfn_planner/lib:/home/ros_workspace/install/nav2_costmap_2d/lib:/home/ros_workspace/install/nav2_voxel_grid/lib:/home/ros_workspace/install/nav2_rviz_plugins/lib:/home/ros_workspace/install/nav2_map_server/lib:/home/ros_workspace/install/nav2_lifecycle_manager/lib:/home/ros_workspace/install/nav2_bt_navigator/lib:/home/ros_workspace/install/nav2_behavior_tree/lib:/home/ros_workspace/install/nav2_util/lib:/home/ros_workspace/install/mpcc_interfaces/lib:/opt/ros/foxy/opt/yaml_cpp_vendor/lib:/opt/ros/foxy/opt/rviz_ogre_vendor/lib:/opt/ros/foxy/lib/x86_64-linux-gnu:/opt/ros/foxy/lib PYTHONPATH=/home/ros_workspace/install/nav2_msgs/lib/python3.8/site-packages:/home/ros_workspace/install/nav2_common/lib/python3.8/site-packages:/home/ros_workspace/install/static_collision_avoidance/lib/python3.8/site-packages:/home/ros_workspace/install/simple_igoneo_commander/lib/python3.8/site-packages:/home/ros_workspace/install/mpcc_local_planner/lib/python3.8/site-packages:/home/ros_workspace/install/local_path_planner/lib/python3.8/site-packages:/home/ros_workspace/install/dynamic_collision_avoidance/lib/python3.8/site-packages:/home/ros_workspace/install/cost_map_server/lib/python3.8/site-packages:/home/ros_workspace/install/mpcc_interfaces/lib/python3.8/site-packages:/home/ros_workspace/install/nav2_gazebo_spawner/lib/python3.8/site-packages:/home/ros_workspace/install/mpc_igoneo/lib/python3.8/site-packages:/home/ros_workspace/install/mpc_dynamic_obstacles/lib/python3.8/site-packages:/home/ros_workspace/install/igoneo_dynamic_window/lib/python3.8/site-packages:/opt/ros/foxy/lib/python3.8/site-packages /usr/bin/cmake --build /home/ros_workspace/build/nav2_util -- -j4 -l4
[0.565s] [  5%] Built target gtest
[0.649s] [ 10%] Built target gtest_main
[0.688s] [ 15%] Built target dump_params
[0.737s] [ 40%] Built target nav2_util_core
[0.835s] [ 45%] Built target test_execution_timer
[0.905s] [ 50%] Built target test_string_utils
[0.970s] [ 55%] Built target test_service_client
[1.011s] [ 60%] Built target lifecycle_bringup
[1.063s] [ 65%] Built target test_lifecycle_node
[1.136s] [ 70%] Built target test_lifecycle_utils
[1.167s] [ 75%] Built target test_actions
[1.269s] [ 80%] Built target test_lifecycle_cli_node
[1.314s] [ 85%] Built target test_node_utils
[1.473s] [ 90%] Built target test_odometry_utils
[1.667s] [ 95%] Built target test_geometry_utils
[1.771s] [100%] Built target test_robot_utils
[1.856s] Invoked command in '/home/ros_workspace/build/nav2_util' returned '0': CMAKE_PREFIX_PATH=/home/ros_workspace/install/nav2_msgs:/home/ros_workspace/install/nav2_common:/home/ros_workspace/install/nav2_bringup:/home/ros_workspace/install/navigation2:/home/ros_workspace/install/nav2_waypoint_follower:/home/ros_workspace/install/nav2_navfn_planner:/home/ros_workspace/install/nav2_core:/home/ros_workspace/install/nav2_costmap_2d:/home/ros_workspace/install/nav2_voxel_grid:/home/ros_workspace/install/nav2_rviz_plugins:/home/ros_workspace/install/nav2_map_server:/home/ros_workspace/install/nav2_lifecycle_manager:/home/ros_workspace/install/nav2_bt_navigator:/home/ros_workspace/install/nav2_behavior_tree:/home/ros_workspace/install/nav2_util:/home/ros_workspace/install/mpcc_interfaces:/home/ros_workspace/install/static_collision_avoidance:/home/ros_workspace/install/simple_igoneo_commander:/home/ros_workspace/install/mpcc_local_planner:/home/ros_workspace/install/local_path_planner:/home/ros_workspace/install/dynamic_collision_avoidance:/home/ros_workspace/install/cost_map_server:/home/ros_workspace/install/nav2_gazebo_spawner:/home/ros_workspace/install/mpc_igoneo:/home/ros_workspace/install/mpc_dynamic_obstacles:/home/ros_workspace/install/igoneo_dynamic_window:/opt/ros/foxy LD_LIBRARY_PATH=/home/ros_workspace/install/nav2_msgs/lib:/home/ros_workspace/install/nav2_waypoint_follower/lib:/home/ros_workspace/install/nav2_navfn_planner/lib:/home/ros_workspace/install/nav2_costmap_2d/lib:/home/ros_workspace/install/nav2_voxel_grid/lib:/home/ros_workspace/install/nav2_rviz_plugins/lib:/home/ros_workspace/install/nav2_map_server/lib:/home/ros_workspace/install/nav2_lifecycle_manager/lib:/home/ros_workspace/install/nav2_bt_navigator/lib:/home/ros_workspace/install/nav2_behavior_tree/lib:/home/ros_workspace/install/nav2_util/lib:/home/ros_workspace/install/mpcc_interfaces/lib:/opt/ros/foxy/opt/yaml_cpp_vendor/lib:/opt/ros/foxy/opt/rviz_ogre_vendor/lib:/opt/ros/foxy/lib/x86_64-linux-gnu:/opt/ros/foxy/lib PYTHONPATH=/home/ros_workspace/install/nav2_msgs/lib/python3.8/site-packages:/home/ros_workspace/install/nav2_common/lib/python3.8/site-packages:/home/ros_workspace/install/static_collision_avoidance/lib/python3.8/site-packages:/home/ros_workspace/install/simple_igoneo_commander/lib/python3.8/site-packages:/home/ros_workspace/install/mpcc_local_planner/lib/python3.8/site-packages:/home/ros_workspace/install/local_path_planner/lib/python3.8/site-packages:/home/ros_workspace/install/dynamic_collision_avoidance/lib/python3.8/site-packages:/home/ros_workspace/install/cost_map_server/lib/python3.8/site-packages:/home/ros_workspace/install/mpcc_interfaces/lib/python3.8/site-packages:/home/ros_workspace/install/nav2_gazebo_spawner/lib/python3.8/site-packages:/home/ros_workspace/install/mpc_igoneo/lib/python3.8/site-packages:/home/ros_workspace/install/mpc_dynamic_obstacles/lib/python3.8/site-packages:/home/ros_workspace/install/igoneo_dynamic_window/lib/python3.8/site-packages:/opt/ros/foxy/lib/python3.8/site-packages /usr/bin/cmake --build /home/ros_workspace/build/nav2_util -- -j4 -l4
[2.289s] Invoking command in '/home/ros_workspace/build/nav2_util': CMAKE_PREFIX_PATH=/home/ros_workspace/install/nav2_msgs:/home/ros_workspace/install/nav2_common:/home/ros_workspace/install/nav2_bringup:/home/ros_workspace/install/navigation2:/home/ros_workspace/install/nav2_waypoint_follower:/home/ros_workspace/install/nav2_navfn_planner:/home/ros_workspace/install/nav2_core:/home/ros_workspace/install/nav2_costmap_2d:/home/ros_workspace/install/nav2_voxel_grid:/home/ros_workspace/install/nav2_rviz_plugins:/home/ros_workspace/install/nav2_map_server:/home/ros_workspace/install/nav2_lifecycle_manager:/home/ros_workspace/install/nav2_bt_navigator:/home/ros_workspace/install/nav2_behavior_tree:/home/ros_workspace/install/nav2_util:/home/ros_workspace/install/mpcc_interfaces:/home/ros_workspace/install/static_collision_avoidance:/home/ros_workspace/install/simple_igoneo_commander:/home/ros_workspace/install/mpcc_local_planner:/home/ros_workspace/install/local_path_planner:/home/ros_workspace/install/dynamic_collision_avoidance:/home/ros_workspace/install/cost_map_server:/home/ros_workspace/install/nav2_gazebo_spawner:/home/ros_workspace/install/mpc_igoneo:/home/ros_workspace/install/mpc_dynamic_obstacles:/home/ros_workspace/install/igoneo_dynamic_window:/opt/ros/foxy LD_LIBRARY_PATH=/home/ros_workspace/install/nav2_msgs/lib:/home/ros_workspace/install/nav2_waypoint_follower/lib:/home/ros_workspace/install/nav2_navfn_planner/lib:/home/ros_workspace/install/nav2_costmap_2d/lib:/home/ros_workspace/install/nav2_voxel_grid/lib:/home/ros_workspace/install/nav2_rviz_plugins/lib:/home/ros_workspace/install/nav2_map_server/lib:/home/ros_workspace/install/nav2_lifecycle_manager/lib:/home/ros_workspace/install/nav2_bt_navigator/lib:/home/ros_workspace/install/nav2_behavior_tree/lib:/home/ros_workspace/install/nav2_util/lib:/home/ros_workspace/install/mpcc_interfaces/lib:/opt/ros/foxy/opt/yaml_cpp_vendor/lib:/opt/ros/foxy/opt/rviz_ogre_vendor/lib:/opt/ros/foxy/lib/x86_64-linux-gnu:/opt/ros/foxy/lib PYTHONPATH=/home/ros_workspace/install/nav2_msgs/lib/python3.8/site-packages:/home/ros_workspace/install/nav2_common/lib/python3.8/site-packages:/home/ros_workspace/install/static_collision_avoidance/lib/python3.8/site-packages:/home/ros_workspace/install/simple_igoneo_commander/lib/python3.8/site-packages:/home/ros_workspace/install/mpcc_local_planner/lib/python3.8/site-packages:/home/ros_workspace/install/local_path_planner/lib/python3.8/site-packages:/home/ros_workspace/install/dynamic_collision_avoidance/lib/python3.8/site-packages:/home/ros_workspace/install/cost_map_server/lib/python3.8/site-packages:/home/ros_workspace/install/mpcc_interfaces/lib/python3.8/site-packages:/home/ros_workspace/install/nav2_gazebo_spawner/lib/python3.8/site-packages:/home/ros_workspace/install/mpc_igoneo/lib/python3.8/site-packages:/home/ros_workspace/install/mpc_dynamic_obstacles/lib/python3.8/site-packages:/home/ros_workspace/install/igoneo_dynamic_window/lib/python3.8/site-packages:/opt/ros/foxy/lib/python3.8/site-packages /usr/bin/cmake --install /home/ros_workspace/build/nav2_util
[2.354s] -- Install configuration: "Release"
[2.356s] -- Up-to-date: /home/ros_workspace/install/nav2_util/include/
[2.357s] -- Up-to-date: /home/ros_workspace/install/nav2_util/include//nav2_util
[2.357s] -- Up-to-date: /home/ros_workspace/install/nav2_util/include//nav2_util/node_utils.hpp
[2.357s] -- Up-to-date: /home/ros_workspace/install/nav2_util/include//nav2_util/costmap.hpp
[2.358s] -- Up-to-date: /home/ros_workspace/install/nav2_util/include//nav2_util/string_utils.hpp
[2.359s] -- Up-to-date: /home/ros_workspace/install/nav2_util/include//nav2_util/service_client.hpp
[2.360s] -- Up-to-date: /home/ros_workspace/install/nav2_util/include//nav2_util/lifecycle_node.hpp
[2.360s] -- Up-to-date: /home/ros_workspace/install/nav2_util/include//nav2_util/robot_utils.hpp
[2.361s] -- Up-to-date: /home/ros_workspace/install/nav2_util/include//nav2_util/line_iterator.hpp
[2.361s] -- Up-to-date: /home/ros_workspace/install/nav2_util/include//nav2_util/execution_timer.hpp
[2.361s] -- Up-to-date: /home/ros_workspace/install/nav2_util/include//nav2_util/node_thread.hpp
[2.361s] -- Up-to-date: /home/ros_workspace/install/nav2_util/include//nav2_util/geometry_utils.hpp
[2.361s] -- Up-to-date: /home/ros_workspace/install/nav2_util/include//nav2_util/odometry_utils.hpp
[2.361s] -- Up-to-date: /home/ros_workspace/install/nav2_util/include//nav2_util/clear_entirely_costmap_service_client.hpp
[2.362s] -- Up-to-date: /home/ros_workspace/install/nav2_util/include//nav2_util/simple_action_server.hpp
[2.363s] -- Up-to-date: /home/ros_workspace/install/nav2_util/include//nav2_util/lifecycle_service_client.hpp
[2.363s] -- Up-to-date: /home/ros_workspace/install/nav2_util/include//nav2_util/lifecycle_utils.hpp
[2.363s] -- Up-to-date: /home/ros_workspace/install/nav2_util/share/nav2_util/environment/library_path.sh
[2.364s] -- Up-to-date: /home/ros_workspace/install/nav2_util/share/nav2_util/environment/library_path.dsv
[2.364s] -- Up-to-date: /home/ros_workspace/install/nav2_util/share/ament_index/resource_index/package_run_dependencies/nav2_util
[2.364s] -- Up-to-date: /home/ros_workspace/install/nav2_util/share/ament_index/resource_index/parent_prefix_path/nav2_util
[2.365s] -- Up-to-date: /home/ros_workspace/install/nav2_util/share/nav2_util/environment/ament_prefix_path.sh
[2.365s] -- Up-to-date: /home/ros_workspace/install/nav2_util/share/nav2_util/environment/ament_prefix_path.dsv
[2.366s] -- Up-to-date: /home/ros_workspace/install/nav2_util/share/nav2_util/environment/path.sh
[2.366s] -- Up-to-date: /home/ros_workspace/install/nav2_util/share/nav2_util/environment/path.dsv
[2.366s] -- Up-to-date: /home/ros_workspace/install/nav2_util/share/nav2_util/local_setup.bash
[2.367s] -- Up-to-date: /home/ros_workspace/install/nav2_util/share/nav2_util/local_setup.sh
[2.367s] -- Up-to-date: /home/ros_workspace/install/nav2_util/share/nav2_util/local_setup.zsh
[2.374s] -- Up-to-date: /home/ros_workspace/install/nav2_util/share/nav2_util/local_setup.dsv
[2.374s] -- Installing: /home/ros_workspace/install/nav2_util/share/nav2_util/package.dsv
[2.375s] -- Up-to-date: /home/ros_workspace/install/nav2_util/share/ament_index/resource_index/packages/nav2_util
[2.379s] -- Up-to-date: /home/ros_workspace/install/nav2_util/share/nav2_util/cmake/ament_cmake_export_include_directories-extras.cmake
[2.379s] -- Up-to-date: /home/ros_workspace/install/nav2_util/share/nav2_util/cmake/ament_cmake_export_libraries-extras.cmake
[2.380s] -- Up-to-date: /home/ros_workspace/install/nav2_util/share/nav2_util/cmake/ament_cmake_export_dependencies-extras.cmake
[2.380s] -- Up-to-date: /home/ros_workspace/install/nav2_util/share/nav2_util/cmake/nav2_utilConfig.cmake
[2.381s] -- Up-to-date: /home/ros_workspace/install/nav2_util/share/nav2_util/cmake/nav2_utilConfig-version.cmake
[2.381s] -- Up-to-date: /home/ros_workspace/install/nav2_util/share/nav2_util/package.xml
[2.383s] -- Up-to-date: /home/ros_workspace/install/nav2_util/lib/libnav2_util_core.so
[2.393s] -- Up-to-date: /home/ros_workspace/install/nav2_util/lib/nav2_util/lifecycle_bringup
[2.394s] -- Up-to-date: /home/ros_workspace/install/nav2_util/lib/nav2_util/dump_params
[2.415s] Invoked command in '/home/ros_workspace/build/nav2_util' returned '0': CMAKE_PREFIX_PATH=/home/ros_workspace/install/nav2_msgs:/home/ros_workspace/install/nav2_common:/home/ros_workspace/install/nav2_bringup:/home/ros_workspace/install/navigation2:/home/ros_workspace/install/nav2_waypoint_follower:/home/ros_workspace/install/nav2_navfn_planner:/home/ros_workspace/install/nav2_core:/home/ros_workspace/install/nav2_costmap_2d:/home/ros_workspace/install/nav2_voxel_grid:/home/ros_workspace/install/nav2_rviz_plugins:/home/ros_workspace/install/nav2_map_server:/home/ros_workspace/install/nav2_lifecycle_manager:/home/ros_workspace/install/nav2_bt_navigator:/home/ros_workspace/install/nav2_behavior_tree:/home/ros_workspace/install/nav2_util:/home/ros_workspace/install/mpcc_interfaces:/home/ros_workspace/install/static_collision_avoidance:/home/ros_workspace/install/simple_igoneo_commander:/home/ros_workspace/install/mpcc_local_planner:/home/ros_workspace/install/local_path_planner:/home/ros_workspace/install/dynamic_collision_avoidance:/home/ros_workspace/install/cost_map_server:/home/ros_workspace/install/nav2_gazebo_spawner:/home/ros_workspace/install/mpc_igoneo:/home/ros_workspace/install/mpc_dynamic_obstacles:/home/ros_workspace/install/igoneo_dynamic_window:/opt/ros/foxy LD_LIBRARY_PATH=/home/ros_workspace/install/nav2_msgs/lib:/home/ros_workspace/install/nav2_waypoint_follower/lib:/home/ros_workspace/install/nav2_navfn_planner/lib:/home/ros_workspace/install/nav2_costmap_2d/lib:/home/ros_workspace/install/nav2_voxel_grid/lib:/home/ros_workspace/install/nav2_rviz_plugins/lib:/home/ros_workspace/install/nav2_map_server/lib:/home/ros_workspace/install/nav2_lifecycle_manager/lib:/home/ros_workspace/install/nav2_bt_navigator/lib:/home/ros_workspace/install/nav2_behavior_tree/lib:/home/ros_workspace/install/nav2_util/lib:/home/ros_workspace/install/mpcc_interfaces/lib:/opt/ros/foxy/opt/yaml_cpp_vendor/lib:/opt/ros/foxy/opt/rviz_ogre_vendor/lib:/opt/ros/foxy/lib/x86_64-linux-gnu:/opt/ros/foxy/lib PYTHONPATH=/home/ros_workspace/install/nav2_msgs/lib/python3.8/site-packages:/home/ros_workspace/install/nav2_common/lib/python3.8/site-packages:/home/ros_workspace/install/static_collision_avoidance/lib/python3.8/site-packages:/home/ros_workspace/install/simple_igoneo_commander/lib/python3.8/site-packages:/home/ros_workspace/install/mpcc_local_planner/lib/python3.8/site-packages:/home/ros_workspace/install/local_path_planner/lib/python3.8/site-packages:/home/ros_workspace/install/dynamic_collision_avoidance/lib/python3.8/site-packages:/home/ros_workspace/install/cost_map_server/lib/python3.8/site-packages:/home/ros_workspace/install/mpcc_interfaces/lib/python3.8/site-packages:/home/ros_workspace/install/nav2_gazebo_spawner/lib/python3.8/site-packages:/home/ros_workspace/install/mpc_igoneo/lib/python3.8/site-packages:/home/ros_workspace/install/mpc_dynamic_obstacles/lib/python3.8/site-packages:/home/ros_workspace/install/igoneo_dynamic_window/lib/python3.8/site-packages:/opt/ros/foxy/lib/python3.8/site-packages /usr/bin/cmake --install /home/ros_workspace/build/nav2_util
