[0.235s] Invoking command in '/home/ros_workspace/build/nav2_bringup': AMENT_PREFIX_PATH=/home/ros_workspace/install/navigation2:/home/ros_workspace/install/nav2_core:/home/ros_workspace/install/nav2_rviz_plugins:/home/ros_workspace/install/nav2_costmap_2d:/home/ros_workspace/install/nav2_bt_navigator:/home/ros_workspace/install/nav2_map_server:/home/ros_workspace/install/nav2_lifecycle_manager:/home/ros_workspace/install/nav2_behavior_tree:/home/ros_workspace/install/nav2_util:/home/ros_workspace/install/nav2_voxel_grid:/home/ros_workspace/install/nav2_msgs:/home/ros_workspace/install/nav2_common:${AMENT_PREFIX_PATH} CMAKE_PREFIX_PATH=/home/ros_workspace/install/navigation2:/home/ros_workspace/install/nav2_core:/home/ros_workspace/install/nav2_rviz_plugins:/home/ros_workspace/install/nav2_costmap_2d:/home/ros_workspace/install/nav2_bt_navigator:/home/ros_workspace/install/nav2_map_server:/home/ros_workspace/install/nav2_lifecycle_manager:/home/ros_workspace/install/nav2_behavior_tree:/home/ros_workspace/install/nav2_util:/home/ros_workspace/install/nav2_voxel_grid:/home/ros_workspace/install/nav2_msgs:/home/ros_workspace/install/nav2_common:/opt/ros/foxy LD_LIBRARY_PATH=/home/ros_workspace/install/nav2_rviz_plugins/lib:/home/ros_workspace/install/nav2_costmap_2d/lib:/home/ros_workspace/install/nav2_bt_navigator/lib:/home/ros_workspace/install/nav2_map_server/lib:/home/ros_workspace/install/nav2_lifecycle_manager/lib:/home/ros_workspace/install/nav2_behavior_tree/lib:/home/ros_workspace/install/nav2_util/lib:/home/ros_workspace/install/nav2_voxel_grid/lib:/home/ros_workspace/install/nav2_msgs/lib:${LD_LIBRARY_PATH} PYTHONPATH=/home/ros_workspace/install/nav2_msgs/lib/python3.8/site-packages:/home/ros_workspace/install/nav2_common/lib/python3.8/site-packages:${PYTHONPATH} /usr/bin/cmake --build /home/ros_workspace/build/nav2_bringup -- -j4 -l4
[0.414s] Invoked command in '/home/ros_workspace/build/nav2_bringup' returned '0': AMENT_PREFIX_PATH=/home/ros_workspace/install/navigation2:/home/ros_workspace/install/nav2_core:/home/ros_workspace/install/nav2_rviz_plugins:/home/ros_workspace/install/nav2_costmap_2d:/home/ros_workspace/install/nav2_bt_navigator:/home/ros_workspace/install/nav2_map_server:/home/ros_workspace/install/nav2_lifecycle_manager:/home/ros_workspace/install/nav2_behavior_tree:/home/ros_workspace/install/nav2_util:/home/ros_workspace/install/nav2_voxel_grid:/home/ros_workspace/install/nav2_msgs:/home/ros_workspace/install/nav2_common:${AMENT_PREFIX_PATH} CMAKE_PREFIX_PATH=/home/ros_workspace/install/navigation2:/home/ros_workspace/install/nav2_core:/home/ros_workspace/install/nav2_rviz_plugins:/home/ros_workspace/install/nav2_costmap_2d:/home/ros_workspace/install/nav2_bt_navigator:/home/ros_workspace/install/nav2_map_server:/home/ros_workspace/install/nav2_lifecycle_manager:/home/ros_workspace/install/nav2_behavior_tree:/home/ros_workspace/install/nav2_util:/home/ros_workspace/install/nav2_voxel_grid:/home/ros_workspace/install/nav2_msgs:/home/ros_workspace/install/nav2_common:/opt/ros/foxy LD_LIBRARY_PATH=/home/ros_workspace/install/nav2_rviz_plugins/lib:/home/ros_workspace/install/nav2_costmap_2d/lib:/home/ros_workspace/install/nav2_bt_navigator/lib:/home/ros_workspace/install/nav2_map_server/lib:/home/ros_workspace/install/nav2_lifecycle_manager/lib:/home/ros_workspace/install/nav2_behavior_tree/lib:/home/ros_workspace/install/nav2_util/lib:/home/ros_workspace/install/nav2_voxel_grid/lib:/home/ros_workspace/install/nav2_msgs/lib:${LD_LIBRARY_PATH} PYTHONPATH=/home/ros_workspace/install/nav2_msgs/lib/python3.8/site-packages:/home/ros_workspace/install/nav2_common/lib/python3.8/site-packages:${PYTHONPATH} /usr/bin/cmake --build /home/ros_workspace/build/nav2_bringup -- -j4 -l4
[0.500s] Invoking command in '/home/ros_workspace/build/nav2_bringup': AMENT_PREFIX_PATH=/home/ros_workspace/install/navigation2:/home/ros_workspace/install/nav2_core:/home/ros_workspace/install/nav2_rviz_plugins:/home/ros_workspace/install/nav2_costmap_2d:/home/ros_workspace/install/nav2_bt_navigator:/home/ros_workspace/install/nav2_map_server:/home/ros_workspace/install/nav2_lifecycle_manager:/home/ros_workspace/install/nav2_behavior_tree:/home/ros_workspace/install/nav2_util:/home/ros_workspace/install/nav2_voxel_grid:/home/ros_workspace/install/nav2_msgs:/home/ros_workspace/install/nav2_common:${AMENT_PREFIX_PATH} CMAKE_PREFIX_PATH=/home/ros_workspace/install/navigation2:/home/ros_workspace/install/nav2_core:/home/ros_workspace/install/nav2_rviz_plugins:/home/ros_workspace/install/nav2_costmap_2d:/home/ros_workspace/install/nav2_bt_navigator:/home/ros_workspace/install/nav2_map_server:/home/ros_workspace/install/nav2_lifecycle_manager:/home/ros_workspace/install/nav2_behavior_tree:/home/ros_workspace/install/nav2_util:/home/ros_workspace/install/nav2_voxel_grid:/home/ros_workspace/install/nav2_msgs:/home/ros_workspace/install/nav2_common:/opt/ros/foxy LD_LIBRARY_PATH=/home/ros_workspace/install/nav2_rviz_plugins/lib:/home/ros_workspace/install/nav2_costmap_2d/lib:/home/ros_workspace/install/nav2_bt_navigator/lib:/home/ros_workspace/install/nav2_map_server/lib:/home/ros_workspace/install/nav2_lifecycle_manager/lib:/home/ros_workspace/install/nav2_behavior_tree/lib:/home/ros_workspace/install/nav2_util/lib:/home/ros_workspace/install/nav2_voxel_grid/lib:/home/ros_workspace/install/nav2_msgs/lib:${LD_LIBRARY_PATH} PYTHONPATH=/home/ros_workspace/install/nav2_msgs/lib/python3.8/site-packages:/home/ros_workspace/install/nav2_common/lib/python3.8/site-packages:${PYTHONPATH} /usr/bin/cmake --install /home/ros_workspace/build/nav2_bringup
[0.531s] -- Install configuration: "Release"
[0.533s] -- Up-to-date: /home/ros_workspace/install/nav2_bringup/share/nav2_bringup/launch
[0.534s] -- Up-to-date: /home/ros_workspace/install/nav2_bringup/share/nav2_bringup/launch/localization_launch.py
[0.534s] -- Up-to-date: /home/ros_workspace/install/nav2_bringup/share/nav2_bringup/launch/navigation_launch.py
[0.535s] -- Up-to-date: /home/ros_workspace/install/nav2_bringup/share/nav2_bringup/launch/spawn_tb3_launch.py
[0.535s] -- Up-to-date: /home/ros_workspace/install/nav2_bringup/share/nav2_bringup/launch/bringup_launch.py
[0.543s] -- Up-to-date: /home/ros_workspace/install/nav2_bringup/share/nav2_bringup/launch/multi_tb3_simulation_launch.py
[0.544s] -- Up-to-date: /home/ros_workspace/install/nav2_bringup/share/nav2_bringup/launch/tb3_simulation_launch.py
[0.547s] -- Up-to-date: /home/ros_workspace/install/nav2_bringup/share/nav2_bringup/launch/rviz_launch.py
[0.548s] -- Up-to-date: /home/ros_workspace/install/nav2_bringup/share/nav2_bringup/launch/slam_launch.py
[0.560s] -- Up-to-date: /home/ros_workspace/install/nav2_bringup/share/nav2_bringup/maps
[0.573s] -- Up-to-date: /home/ros_workspace/install/nav2_bringup/share/nav2_bringup/maps/turtlebot3_world.yaml
[0.574s] -- Up-to-date: /home/ros_workspace/install/nav2_bringup/share/nav2_bringup/maps/turtlebot3_world.pgm
[0.575s] -- Up-to-date: /home/ros_workspace/install/nav2_bringup/share/nav2_bringup/rviz
[0.578s] -- Up-to-date: /home/ros_workspace/install/nav2_bringup/share/nav2_bringup/rviz/nav2_default_view.rviz
[0.578s] -- Up-to-date: /home/ros_workspace/install/nav2_bringup/share/nav2_bringup/rviz/nav2_namespaced_view.rviz
[0.579s] -- Up-to-date: /home/ros_workspace/install/nav2_bringup/share/nav2_bringup/worlds
[0.581s] -- Up-to-date: /home/ros_workspace/install/nav2_bringup/share/nav2_bringup/worlds/waffle.model
[0.582s] -- Up-to-date: /home/ros_workspace/install/nav2_bringup/share/nav2_bringup/worlds/world_only.model
[0.582s] -- Up-to-date: /home/ros_workspace/install/nav2_bringup/share/nav2_bringup/params
[0.599s] -- Up-to-date: /home/ros_workspace/install/nav2_bringup/share/nav2_bringup/params/nav2_multirobot_params_1.yaml
[0.599s] -- Up-to-date: /home/ros_workspace/install/nav2_bringup/share/nav2_bringup/params/nav2_multirobot_params_2.yaml
[0.600s] -- Up-to-date: /home/ros_workspace/install/nav2_bringup/share/nav2_bringup/params/nav2_params.yaml
[0.600s] -- Up-to-date: /home/ros_workspace/install/nav2_bringup/share/nav2_bringup/urdf
[0.600s] -- Up-to-date: /home/ros_workspace/install/nav2_bringup/share/nav2_bringup/urdf/turtlebot3_waffle.urdf
[0.601s] -- Up-to-date: /home/ros_workspace/install/nav2_bringup/share/ament_index/resource_index/package_run_dependencies/nav2_bringup
[0.601s] -- Up-to-date: /home/ros_workspace/install/nav2_bringup/share/ament_index/resource_index/parent_prefix_path/nav2_bringup
[0.601s] -- Up-to-date: /home/ros_workspace/install/nav2_bringup/share/nav2_bringup/environment/ament_prefix_path.sh
[0.602s] -- Up-to-date: /home/ros_workspace/install/nav2_bringup/share/nav2_bringup/environment/ament_prefix_path.dsv
[0.602s] -- Up-to-date: /home/ros_workspace/install/nav2_bringup/share/nav2_bringup/environment/path.sh
[0.602s] -- Up-to-date: /home/ros_workspace/install/nav2_bringup/share/nav2_bringup/environment/path.dsv
[0.603s] -- Up-to-date: /home/ros_workspace/install/nav2_bringup/share/nav2_bringup/local_setup.bash
[0.607s] -- Up-to-date: /home/ros_workspace/install/nav2_bringup/share/nav2_bringup/local_setup.sh
[0.608s] -- Up-to-date: /home/ros_workspace/install/nav2_bringup/share/nav2_bringup/local_setup.zsh
[0.609s] -- Up-to-date: /home/ros_workspace/install/nav2_bringup/share/nav2_bringup/local_setup.dsv
[0.609s] -- Installing: /home/ros_workspace/install/nav2_bringup/share/nav2_bringup/package.dsv
[0.610s] -- Up-to-date: /home/ros_workspace/install/nav2_bringup/share/ament_index/resource_index/packages/nav2_bringup
[0.619s] -- Up-to-date: /home/ros_workspace/install/nav2_bringup/share/nav2_bringup/cmake/nav2_bringupConfig.cmake
[0.621s] -- Up-to-date: /home/ros_workspace/install/nav2_bringup/share/nav2_bringup/cmake/nav2_bringupConfig-version.cmake
[0.623s] -- Up-to-date: /home/ros_workspace/install/nav2_bringup/share/nav2_bringup/package.xml
[0.632s] Invoked command in '/home/ros_workspace/build/nav2_bringup' returned '0': AMENT_PREFIX_PATH=/home/ros_workspace/install/navigation2:/home/ros_workspace/install/nav2_core:/home/ros_workspace/install/nav2_rviz_plugins:/home/ros_workspace/install/nav2_costmap_2d:/home/ros_workspace/install/nav2_bt_navigator:/home/ros_workspace/install/nav2_map_server:/home/ros_workspace/install/nav2_lifecycle_manager:/home/ros_workspace/install/nav2_behavior_tree:/home/ros_workspace/install/nav2_util:/home/ros_workspace/install/nav2_voxel_grid:/home/ros_workspace/install/nav2_msgs:/home/ros_workspace/install/nav2_common:${AMENT_PREFIX_PATH} CMAKE_PREFIX_PATH=/home/ros_workspace/install/navigation2:/home/ros_workspace/install/nav2_core:/home/ros_workspace/install/nav2_rviz_plugins:/home/ros_workspace/install/nav2_costmap_2d:/home/ros_workspace/install/nav2_bt_navigator:/home/ros_workspace/install/nav2_map_server:/home/ros_workspace/install/nav2_lifecycle_manager:/home/ros_workspace/install/nav2_behavior_tree:/home/ros_workspace/install/nav2_util:/home/ros_workspace/install/nav2_voxel_grid:/home/ros_workspace/install/nav2_msgs:/home/ros_workspace/install/nav2_common:/opt/ros/foxy LD_LIBRARY_PATH=/home/ros_workspace/install/nav2_rviz_plugins/lib:/home/ros_workspace/install/nav2_costmap_2d/lib:/home/ros_workspace/install/nav2_bt_navigator/lib:/home/ros_workspace/install/nav2_map_server/lib:/home/ros_workspace/install/nav2_lifecycle_manager/lib:/home/ros_workspace/install/nav2_behavior_tree/lib:/home/ros_workspace/install/nav2_util/lib:/home/ros_workspace/install/nav2_voxel_grid/lib:/home/ros_workspace/install/nav2_msgs/lib:${LD_LIBRARY_PATH} PYTHONPATH=/home/ros_workspace/install/nav2_msgs/lib/python3.8/site-packages:/home/ros_workspace/install/nav2_common/lib/python3.8/site-packages:${PYTHONPATH} /usr/bin/cmake --install /home/ros_workspace/build/nav2_bringup
