[3.876s] Invoking command in '/home/ros_workspace/src/mpc_igoneo': PYTHONPATH=/home/ros_workspace/install/mpc_igoneo/lib/python3.8/site-packages:${PYTHONPATH} /usr/bin/python3 setup.py egg_info --egg-base ../../build/mpc_igoneo build --build-base /home/ros_workspace/build/mpc_igoneo/build install --prefix /home/ros_workspace/install/mpc_igoneo --record /home/ros_workspace/build/mpc_igoneo/install.log --single-version-externally-managed
[5.559s] running egg_info
[5.563s] writing ../../build/mpc_igoneo/mpc_igoneo.egg-info/PKG-INFO
[5.563s] writing dependency_links to ../../build/mpc_igoneo/mpc_igoneo.egg-info/dependency_links.txt
[5.564s] writing entry points to ../../build/mpc_igoneo/mpc_igoneo.egg-info/entry_points.txt
[5.564s] writing requirements to ../../build/mpc_igoneo/mpc_igoneo.egg-info/requires.txt
[5.564s] writing top-level names to ../../build/mpc_igoneo/mpc_igoneo.egg-info/top_level.txt
[5.817s] reading manifest file '../../build/mpc_igoneo/mpc_igoneo.egg-info/SOURCES.txt'
[5.832s] writing manifest file '../../build/mpc_igoneo/mpc_igoneo.egg-info/SOURCES.txt'
[5.833s] running build
[5.833s] running build_py
[5.841s] running install
[5.863s] running install_lib
[5.867s] running install_data
[5.869s] running install_egg_info
[5.872s] removing '/home/ros_workspace/install/mpc_igoneo/lib/python3.8/site-packages/mpc_igoneo-0.0.0-py3.8.egg-info' (and everything under it)
[5.872s] Copying ../../build/mpc_igoneo/mpc_igoneo.egg-info to /home/ros_workspace/install/mpc_igoneo/lib/python3.8/site-packages/mpc_igoneo-0.0.0-py3.8.egg-info
[5.874s] running install_scripts
[5.940s] Installing mpc script to /home/ros_workspace/install/mpc_igoneo/lib/mpc_igoneo
[5.940s] Installing path_planner script to /home/ros_workspace/install/mpc_igoneo/lib/mpc_igoneo
[5.953s] writing list of installed files to '/home/ros_workspace/build/mpc_igoneo/install.log'
[6.169s] Invoked command in '/home/ros_workspace/src/mpc_igoneo' returned '0': PYTHONPATH=/home/ros_workspace/install/mpc_igoneo/lib/python3.8/site-packages:${PYTHONPATH} /usr/bin/python3 setup.py egg_info --egg-base ../../build/mpc_igoneo build --build-base /home/ros_workspace/build/mpc_igoneo/build install --prefix /home/ros_workspace/install/mpc_igoneo --record /home/ros_workspace/build/mpc_igoneo/install.log --single-version-externally-managed
