[0.199s] Invoking command in '/home/ros_workspace/build/nav2_util': CMAKE_PREFIX_PATH=/home/ros_workspace/install/nav2_msgs:/home/ros_workspace/install/nav2_common:/home/ros_workspace/install/nav2_bringup:/home/ros_workspace/install/navigation2:/home/ros_workspace/install/nav2_waypoint_follower:/home/ros_workspace/install/nav2_navfn_planner:/home/ros_workspace/install/nav2_core:/home/ros_workspace/install/nav2_costmap_2d:/home/ros_workspace/install/nav2_voxel_grid:/home/ros_workspace/install/nav2_rviz_plugins:/home/ros_workspace/install/nav2_map_server:/home/ros_workspace/install/nav2_lifecycle_manager:/home/ros_workspace/install/nav2_bt_navigator:/home/ros_workspace/install/nav2_behavior_tree:/home/ros_workspace/install/nav2_util:/home/ros_workspace/install/mpcc_interfaces:/home/ros_workspace/install/static_collision_avoidance:/home/ros_workspace/install/simple_igoneo_commander:/home/ros_workspace/install/mpcc_local_planner:/home/ros_workspace/install/local_path_planner:/home/ros_workspace/install/dynamic_collision_avoidance:/home/ros_workspace/install/cost_map_server:/home/ros_workspace/install/nav2_gazebo_spawner:/home/ros_workspace/install/mpc_igoneo:/home/ros_workspace/install/mpc_dynamic_obstacles:/home/ros_workspace/install/igoneo_dynamic_window:/opt/ros/foxy LD_LIBRARY_PATH=/home/ros_workspace/install/nav2_msgs/lib:/home/ros_workspace/install/nav2_waypoint_follower/lib:/home/ros_workspace/install/nav2_navfn_planner/lib:/home/ros_workspace/install/nav2_costmap_2d/lib:/home/ros_workspace/install/nav2_voxel_grid/lib:/home/ros_workspace/install/nav2_rviz_plugins/lib:/home/ros_workspace/install/nav2_map_server/lib:/home/ros_workspace/install/nav2_lifecycle_manager/lib:/home/ros_workspace/install/nav2_bt_navigator/lib:/home/ros_workspace/install/nav2_behavior_tree/lib:/home/ros_workspace/install/nav2_util/lib:/home/ros_workspace/install/mpcc_interfaces/lib:/opt/ros/foxy/opt/yaml_cpp_vendor/lib:/opt/ros/foxy/opt/rviz_ogre_vendor/lib:/opt/ros/foxy/lib/x86_64-linux-gnu:/opt/ros/foxy/lib PYTHONPATH=/home/ros_workspace/install/nav2_msgs/lib/python3.8/site-packages:/home/ros_workspace/install/nav2_common/lib/python3.8/site-packages:/home/ros_workspace/install/static_collision_avoidance/lib/python3.8/site-packages:/home/ros_workspace/install/simple_igoneo_commander/lib/python3.8/site-packages:/home/ros_workspace/install/mpcc_local_planner/lib/python3.8/site-packages:/home/ros_workspace/install/local_path_planner/lib/python3.8/site-packages:/home/ros_workspace/install/dynamic_collision_avoidance/lib/python3.8/site-packages:/home/ros_workspace/install/cost_map_server/lib/python3.8/site-packages:/home/ros_workspace/install/mpcc_interfaces/lib/python3.8/site-packages:/home/ros_workspace/install/nav2_gazebo_spawner/lib/python3.8/site-packages:/home/ros_workspace/install/mpc_igoneo/lib/python3.8/site-packages:/home/ros_workspace/install/mpc_dynamic_obstacles/lib/python3.8/site-packages:/home/ros_workspace/install/igoneo_dynamic_window/lib/python3.8/site-packages:/opt/ros/foxy/lib/python3.8/site-packages /usr/bin/cmake --build /home/ros_workspace/build/nav2_util -- -j4 -l4
[0.761s] [  5%] Built target gtest
[0.887s] [ 30%] Built target nav2_util_core
[0.924s] [ 35%] Built target dump_params
[0.927s] [ 40%] Built target gtest_main
[1.206s] [ 45%] Built target test_string_utils
[1.319s] [ 50%] Built target test_service_client
[1.328s] [ 55%] Built target lifecycle_bringup
[1.537s] [ 60%] Built target test_execution_timer
[1.578s] [ 65%] Built target test_lifecycle_node
[1.620s] [ 70%] Built target test_lifecycle_utils
[1.691s] [ 75%] Built target test_actions
[1.787s] [ 80%] Built target test_node_utils
[1.926s] [ 85%] Built target test_lifecycle_cli_node
[1.936s] [ 90%] Built target test_geometry_utils
[1.971s] [ 95%] Built target test_odometry_utils
[2.045s] [100%] Built target test_robot_utils
[2.141s] Invoked command in '/home/ros_workspace/build/nav2_util' returned '0': CMAKE_PREFIX_PATH=/home/ros_workspace/install/nav2_msgs:/home/ros_workspace/install/nav2_common:/home/ros_workspace/install/nav2_bringup:/home/ros_workspace/install/navigation2:/home/ros_workspace/install/nav2_waypoint_follower:/home/ros_workspace/install/nav2_navfn_planner:/home/ros_workspace/install/nav2_core:/home/ros_workspace/install/nav2_costmap_2d:/home/ros_workspace/install/nav2_voxel_grid:/home/ros_workspace/install/nav2_rviz_plugins:/home/ros_workspace/install/nav2_map_server:/home/ros_workspace/install/nav2_lifecycle_manager:/home/ros_workspace/install/nav2_bt_navigator:/home/ros_workspace/install/nav2_behavior_tree:/home/ros_workspace/install/nav2_util:/home/ros_workspace/install/mpcc_interfaces:/home/ros_workspace/install/static_collision_avoidance:/home/ros_workspace/install/simple_igoneo_commander:/home/ros_workspace/install/mpcc_local_planner:/home/ros_workspace/install/local_path_planner:/home/ros_workspace/install/dynamic_collision_avoidance:/home/ros_workspace/install/cost_map_server:/home/ros_workspace/install/nav2_gazebo_spawner:/home/ros_workspace/install/mpc_igoneo:/home/ros_workspace/install/mpc_dynamic_obstacles:/home/ros_workspace/install/igoneo_dynamic_window:/opt/ros/foxy LD_LIBRARY_PATH=/home/ros_workspace/install/nav2_msgs/lib:/home/ros_workspace/install/nav2_waypoint_follower/lib:/home/ros_workspace/install/nav2_navfn_planner/lib:/home/ros_workspace/install/nav2_costmap_2d/lib:/home/ros_workspace/install/nav2_voxel_grid/lib:/home/ros_workspace/install/nav2_rviz_plugins/lib:/home/ros_workspace/install/nav2_map_server/lib:/home/ros_workspace/install/nav2_lifecycle_manager/lib:/home/ros_workspace/install/nav2_bt_navigator/lib:/home/ros_workspace/install/nav2_behavior_tree/lib:/home/ros_workspace/install/nav2_util/lib:/home/ros_workspace/install/mpcc_interfaces/lib:/opt/ros/foxy/opt/yaml_cpp_vendor/lib:/opt/ros/foxy/opt/rviz_ogre_vendor/lib:/opt/ros/foxy/lib/x86_64-linux-gnu:/opt/ros/foxy/lib PYTHONPATH=/home/ros_workspace/install/nav2_msgs/lib/python3.8/site-packages:/home/ros_workspace/install/nav2_common/lib/python3.8/site-packages:/home/ros_workspace/install/static_collision_avoidance/lib/python3.8/site-packages:/home/ros_workspace/install/simple_igoneo_commander/lib/python3.8/site-packages:/home/ros_workspace/install/mpcc_local_planner/lib/python3.8/site-packages:/home/ros_workspace/install/local_path_planner/lib/python3.8/site-packages:/home/ros_workspace/install/dynamic_collision_avoidance/lib/python3.8/site-packages:/home/ros_workspace/install/cost_map_server/lib/python3.8/site-packages:/home/ros_workspace/install/mpcc_interfaces/lib/python3.8/site-packages:/home/ros_workspace/install/nav2_gazebo_spawner/lib/python3.8/site-packages:/home/ros_workspace/install/mpc_igoneo/lib/python3.8/site-packages:/home/ros_workspace/install/mpc_dynamic_obstacles/lib/python3.8/site-packages:/home/ros_workspace/install/igoneo_dynamic_window/lib/python3.8/site-packages:/opt/ros/foxy/lib/python3.8/site-packages /usr/bin/cmake --build /home/ros_workspace/build/nav2_util -- -j4 -l4
[2.298s] Invoking command in '/home/ros_workspace/build/nav2_util': CMAKE_PREFIX_PATH=/home/ros_workspace/install/nav2_msgs:/home/ros_workspace/install/nav2_common:/home/ros_workspace/install/nav2_bringup:/home/ros_workspace/install/navigation2:/home/ros_workspace/install/nav2_waypoint_follower:/home/ros_workspace/install/nav2_navfn_planner:/home/ros_workspace/install/nav2_core:/home/ros_workspace/install/nav2_costmap_2d:/home/ros_workspace/install/nav2_voxel_grid:/home/ros_workspace/install/nav2_rviz_plugins:/home/ros_workspace/install/nav2_map_server:/home/ros_workspace/install/nav2_lifecycle_manager:/home/ros_workspace/install/nav2_bt_navigator:/home/ros_workspace/install/nav2_behavior_tree:/home/ros_workspace/install/nav2_util:/home/ros_workspace/install/mpcc_interfaces:/home/ros_workspace/install/static_collision_avoidance:/home/ros_workspace/install/simple_igoneo_commander:/home/ros_workspace/install/mpcc_local_planner:/home/ros_workspace/install/local_path_planner:/home/ros_workspace/install/dynamic_collision_avoidance:/home/ros_workspace/install/cost_map_server:/home/ros_workspace/install/nav2_gazebo_spawner:/home/ros_workspace/install/mpc_igoneo:/home/ros_workspace/install/mpc_dynamic_obstacles:/home/ros_workspace/install/igoneo_dynamic_window:/opt/ros/foxy LD_LIBRARY_PATH=/home/ros_workspace/install/nav2_msgs/lib:/home/ros_workspace/install/nav2_waypoint_follower/lib:/home/ros_workspace/install/nav2_navfn_planner/lib:/home/ros_workspace/install/nav2_costmap_2d/lib:/home/ros_workspace/install/nav2_voxel_grid/lib:/home/ros_workspace/install/nav2_rviz_plugins/lib:/home/ros_workspace/install/nav2_map_server/lib:/home/ros_workspace/install/nav2_lifecycle_manager/lib:/home/ros_workspace/install/nav2_bt_navigator/lib:/home/ros_workspace/install/nav2_behavior_tree/lib:/home/ros_workspace/install/nav2_util/lib:/home/ros_workspace/install/mpcc_interfaces/lib:/opt/ros/foxy/opt/yaml_cpp_vendor/lib:/opt/ros/foxy/opt/rviz_ogre_vendor/lib:/opt/ros/foxy/lib/x86_64-linux-gnu:/opt/ros/foxy/lib PYTHONPATH=/home/ros_workspace/install/nav2_msgs/lib/python3.8/site-packages:/home/ros_workspace/install/nav2_common/lib/python3.8/site-packages:/home/ros_workspace/install/static_collision_avoidance/lib/python3.8/site-packages:/home/ros_workspace/install/simple_igoneo_commander/lib/python3.8/site-packages:/home/ros_workspace/install/mpcc_local_planner/lib/python3.8/site-packages:/home/ros_workspace/install/local_path_planner/lib/python3.8/site-packages:/home/ros_workspace/install/dynamic_collision_avoidance/lib/python3.8/site-packages:/home/ros_workspace/install/cost_map_server/lib/python3.8/site-packages:/home/ros_workspace/install/mpcc_interfaces/lib/python3.8/site-packages:/home/ros_workspace/install/nav2_gazebo_spawner/lib/python3.8/site-packages:/home/ros_workspace/install/mpc_igoneo/lib/python3.8/site-packages:/home/ros_workspace/install/mpc_dynamic_obstacles/lib/python3.8/site-packages:/home/ros_workspace/install/igoneo_dynamic_window/lib/python3.8/site-packages:/opt/ros/foxy/lib/python3.8/site-packages /usr/bin/cmake --install /home/ros_workspace/build/nav2_util
[2.329s] -- Install configuration: "Release"
[2.330s] -- Up-to-date: /home/ros_workspace/install/nav2_util/include/
[2.330s] -- Up-to-date: /home/ros_workspace/install/nav2_util/include//nav2_util
[2.330s] -- Up-to-date: /home/ros_workspace/install/nav2_util/include//nav2_util/node_utils.hpp
[2.331s] -- Up-to-date: /home/ros_workspace/install/nav2_util/include//nav2_util/costmap.hpp
[2.331s] -- Up-to-date: /home/ros_workspace/install/nav2_util/include//nav2_util/string_utils.hpp
[2.331s] -- Up-to-date: /home/ros_workspace/install/nav2_util/include//nav2_util/service_client.hpp
[2.333s] -- Up-to-date: /home/ros_workspace/install/nav2_util/include//nav2_util/lifecycle_node.hpp
[2.333s] -- Up-to-date: /home/ros_workspace/install/nav2_util/include//nav2_util/robot_utils.hpp
[2.334s] -- Up-to-date: /home/ros_workspace/install/nav2_util/include//nav2_util/line_iterator.hpp
[2.334s] -- Up-to-date: /home/ros_workspace/install/nav2_util/include//nav2_util/execution_timer.hpp
[2.334s] -- Up-to-date: /home/ros_workspace/install/nav2_util/include//nav2_util/node_thread.hpp
[2.335s] -- Up-to-date: /home/ros_workspace/install/nav2_util/include//nav2_util/geometry_utils.hpp
[2.335s] -- Up-to-date: /home/ros_workspace/install/nav2_util/include//nav2_util/odometry_utils.hpp
[2.336s] -- Up-to-date: /home/ros_workspace/install/nav2_util/include//nav2_util/clear_entirely_costmap_service_client.hpp
[2.336s] -- Up-to-date: /home/ros_workspace/install/nav2_util/include//nav2_util/simple_action_server.hpp
[2.336s] -- Up-to-date: /home/ros_workspace/install/nav2_util/include//nav2_util/lifecycle_service_client.hpp
[2.341s] -- Up-to-date: /home/ros_workspace/install/nav2_util/include//nav2_util/lifecycle_utils.hpp
[2.341s] -- Up-to-date: /home/ros_workspace/install/nav2_util/share/nav2_util/environment/library_path.sh
[2.342s] -- Up-to-date: /home/ros_workspace/install/nav2_util/share/nav2_util/environment/library_path.dsv
[2.342s] -- Up-to-date: /home/ros_workspace/install/nav2_util/share/ament_index/resource_index/package_run_dependencies/nav2_util
[2.342s] -- Up-to-date: /home/ros_workspace/install/nav2_util/share/ament_index/resource_index/parent_prefix_path/nav2_util
[2.343s] -- Up-to-date: /home/ros_workspace/install/nav2_util/share/nav2_util/environment/ament_prefix_path.sh
[2.344s] -- Up-to-date: /home/ros_workspace/install/nav2_util/share/nav2_util/environment/ament_prefix_path.dsv
[2.344s] -- Up-to-date: /home/ros_workspace/install/nav2_util/share/nav2_util/environment/path.sh
[2.345s] -- Up-to-date: /home/ros_workspace/install/nav2_util/share/nav2_util/environment/path.dsv
[2.345s] -- Up-to-date: /home/ros_workspace/install/nav2_util/share/nav2_util/local_setup.bash
[2.345s] -- Up-to-date: /home/ros_workspace/install/nav2_util/share/nav2_util/local_setup.sh
[2.346s] -- Up-to-date: /home/ros_workspace/install/nav2_util/share/nav2_util/local_setup.zsh
[2.346s] -- Up-to-date: /home/ros_workspace/install/nav2_util/share/nav2_util/local_setup.dsv
[2.346s] -- Installing: /home/ros_workspace/install/nav2_util/share/nav2_util/package.dsv
[2.347s] -- Up-to-date: /home/ros_workspace/install/nav2_util/share/ament_index/resource_index/packages/nav2_util
[2.347s] -- Up-to-date: /home/ros_workspace/install/nav2_util/share/nav2_util/cmake/ament_cmake_export_include_directories-extras.cmake
[2.347s] -- Up-to-date: /home/ros_workspace/install/nav2_util/share/nav2_util/cmake/ament_cmake_export_libraries-extras.cmake
[2.347s] -- Up-to-date: /home/ros_workspace/install/nav2_util/share/nav2_util/cmake/ament_cmake_export_dependencies-extras.cmake
[2.347s] -- Up-to-date: /home/ros_workspace/install/nav2_util/share/nav2_util/cmake/nav2_utilConfig.cmake
[2.348s] -- Up-to-date: /home/ros_workspace/install/nav2_util/share/nav2_util/cmake/nav2_utilConfig-version.cmake
[2.348s] -- Up-to-date: /home/ros_workspace/install/nav2_util/share/nav2_util/package.xml
[2.348s] -- Up-to-date: /home/ros_workspace/install/nav2_util/lib/libnav2_util_core.so
[2.350s] -- Up-to-date: /home/ros_workspace/install/nav2_util/lib/nav2_util/lifecycle_bringup
[2.353s] -- Up-to-date: /home/ros_workspace/install/nav2_util/lib/nav2_util/dump_params
[2.367s] Invoked command in '/home/ros_workspace/build/nav2_util' returned '0': CMAKE_PREFIX_PATH=/home/ros_workspace/install/nav2_msgs:/home/ros_workspace/install/nav2_common:/home/ros_workspace/install/nav2_bringup:/home/ros_workspace/install/navigation2:/home/ros_workspace/install/nav2_waypoint_follower:/home/ros_workspace/install/nav2_navfn_planner:/home/ros_workspace/install/nav2_core:/home/ros_workspace/install/nav2_costmap_2d:/home/ros_workspace/install/nav2_voxel_grid:/home/ros_workspace/install/nav2_rviz_plugins:/home/ros_workspace/install/nav2_map_server:/home/ros_workspace/install/nav2_lifecycle_manager:/home/ros_workspace/install/nav2_bt_navigator:/home/ros_workspace/install/nav2_behavior_tree:/home/ros_workspace/install/nav2_util:/home/ros_workspace/install/mpcc_interfaces:/home/ros_workspace/install/static_collision_avoidance:/home/ros_workspace/install/simple_igoneo_commander:/home/ros_workspace/install/mpcc_local_planner:/home/ros_workspace/install/local_path_planner:/home/ros_workspace/install/dynamic_collision_avoidance:/home/ros_workspace/install/cost_map_server:/home/ros_workspace/install/nav2_gazebo_spawner:/home/ros_workspace/install/mpc_igoneo:/home/ros_workspace/install/mpc_dynamic_obstacles:/home/ros_workspace/install/igoneo_dynamic_window:/opt/ros/foxy LD_LIBRARY_PATH=/home/ros_workspace/install/nav2_msgs/lib:/home/ros_workspace/install/nav2_waypoint_follower/lib:/home/ros_workspace/install/nav2_navfn_planner/lib:/home/ros_workspace/install/nav2_costmap_2d/lib:/home/ros_workspace/install/nav2_voxel_grid/lib:/home/ros_workspace/install/nav2_rviz_plugins/lib:/home/ros_workspace/install/nav2_map_server/lib:/home/ros_workspace/install/nav2_lifecycle_manager/lib:/home/ros_workspace/install/nav2_bt_navigator/lib:/home/ros_workspace/install/nav2_behavior_tree/lib:/home/ros_workspace/install/nav2_util/lib:/home/ros_workspace/install/mpcc_interfaces/lib:/opt/ros/foxy/opt/yaml_cpp_vendor/lib:/opt/ros/foxy/opt/rviz_ogre_vendor/lib:/opt/ros/foxy/lib/x86_64-linux-gnu:/opt/ros/foxy/lib PYTHONPATH=/home/ros_workspace/install/nav2_msgs/lib/python3.8/site-packages:/home/ros_workspace/install/nav2_common/lib/python3.8/site-packages:/home/ros_workspace/install/static_collision_avoidance/lib/python3.8/site-packages:/home/ros_workspace/install/simple_igoneo_commander/lib/python3.8/site-packages:/home/ros_workspace/install/mpcc_local_planner/lib/python3.8/site-packages:/home/ros_workspace/install/local_path_planner/lib/python3.8/site-packages:/home/ros_workspace/install/dynamic_collision_avoidance/lib/python3.8/site-packages:/home/ros_workspace/install/cost_map_server/lib/python3.8/site-packages:/home/ros_workspace/install/mpcc_interfaces/lib/python3.8/site-packages:/home/ros_workspace/install/nav2_gazebo_spawner/lib/python3.8/site-packages:/home/ros_workspace/install/mpc_igoneo/lib/python3.8/site-packages:/home/ros_workspace/install/mpc_dynamic_obstacles/lib/python3.8/site-packages:/home/ros_workspace/install/igoneo_dynamic_window/lib/python3.8/site-packages:/opt/ros/foxy/lib/python3.8/site-packages /usr/bin/cmake --install /home/ros_workspace/build/nav2_util
