[1.780s] Invoking command in '/home/ros_workspace/src/mpcc_planner/simple_igoneo_commander': PYTHONPATH=/home/ros_workspace/install/simple_igoneo_commander/lib/python3.8/site-packages:${PYTHONPATH} /usr/bin/python3 setup.py egg_info --egg-base ../../../build/simple_igoneo_commander build --build-base /home/ros_workspace/build/simple_igoneo_commander/build install --prefix /home/ros_workspace/install/simple_igoneo_commander --record /home/ros_workspace/build/simple_igoneo_commander/install.log --single-version-externally-managed
[2.454s] running egg_info
[2.458s] creating ../../../build/simple_igoneo_commander/simple_igoneo_commander.egg-info
[2.458s] writing ../../../build/simple_igoneo_commander/simple_igoneo_commander.egg-info/PKG-INFO
[2.459s] writing dependency_links to ../../../build/simple_igoneo_commander/simple_igoneo_commander.egg-info/dependency_links.txt
[2.459s] writing entry points to ../../../build/simple_igoneo_commander/simple_igoneo_commander.egg-info/entry_points.txt
[2.459s] writing requirements to ../../../build/simple_igoneo_commander/simple_igoneo_commander.egg-info/requires.txt
[2.459s] writing top-level names to ../../../build/simple_igoneo_commander/simple_igoneo_commander.egg-info/top_level.txt
[2.463s] writing manifest file '../../../build/simple_igoneo_commander/simple_igoneo_commander.egg-info/SOURCES.txt'
[2.549s] reading manifest file '../../../build/simple_igoneo_commander/simple_igoneo_commander.egg-info/SOURCES.txt'
[2.550s] writing manifest file '../../../build/simple_igoneo_commander/simple_igoneo_commander.egg-info/SOURCES.txt'
[2.551s] running build
[2.551s] running build_py
[2.552s] creating /home/ros_workspace/build/simple_igoneo_commander/build
[2.552s] creating /home/ros_workspace/build/simple_igoneo_commander/build/lib
[2.552s] creating /home/ros_workspace/build/simple_igoneo_commander/build/lib/simple_igoneo_commander
[2.552s] copying simple_igoneo_commander/simple_commands.py -> /home/ros_workspace/build/simple_igoneo_commander/build/lib/simple_igoneo_commander
[2.553s] copying simple_igoneo_commander/__init__.py -> /home/ros_workspace/build/simple_igoneo_commander/build/lib/simple_igoneo_commander
[2.553s] running install
[2.554s] running install_lib
[2.555s] creating /home/ros_workspace/install/simple_igoneo_commander/lib/python3.8/site-packages/simple_igoneo_commander
[2.556s] copying /home/ros_workspace/build/simple_igoneo_commander/build/lib/simple_igoneo_commander/simple_commands.py -> /home/ros_workspace/install/simple_igoneo_commander/lib/python3.8/site-packages/simple_igoneo_commander
[2.556s] copying /home/ros_workspace/build/simple_igoneo_commander/build/lib/simple_igoneo_commander/__init__.py -> /home/ros_workspace/install/simple_igoneo_commander/lib/python3.8/site-packages/simple_igoneo_commander
[2.557s] byte-compiling /home/ros_workspace/install/simple_igoneo_commander/lib/python3.8/site-packages/simple_igoneo_commander/simple_commands.py to simple_commands.cpython-38.pyc
[2.560s] byte-compiling /home/ros_workspace/install/simple_igoneo_commander/lib/python3.8/site-packages/simple_igoneo_commander/__init__.py to __init__.cpython-38.pyc
[2.560s] running install_data
[2.561s] running install_egg_info
[2.564s] Copying ../../../build/simple_igoneo_commander/simple_igoneo_commander.egg-info to /home/ros_workspace/install/simple_igoneo_commander/lib/python3.8/site-packages/simple_igoneo_commander-0.0.0-py3.8.egg-info
[2.566s] running install_scripts
[2.602s] Installing simple_commander script to /home/ros_workspace/install/simple_igoneo_commander/lib/simple_igoneo_commander
[2.603s] writing list of installed files to '/home/ros_workspace/build/simple_igoneo_commander/install.log'
[2.658s] Invoked command in '/home/ros_workspace/src/mpcc_planner/simple_igoneo_commander' returned '0': PYTHONPATH=/home/ros_workspace/install/simple_igoneo_commander/lib/python3.8/site-packages:${PYTHONPATH} /usr/bin/python3 setup.py egg_info --egg-base ../../../build/simple_igoneo_commander build --build-base /home/ros_workspace/build/simple_igoneo_commander/build install --prefix /home/ros_workspace/install/simple_igoneo_commander --record /home/ros_workspace/build/simple_igoneo_commander/install.log --single-version-externally-managed
