[6.168s] Invoking command in '/home/ros_workspace/src/mpcc_planner/static_collision_avoidance': CMAKE_PREFIX_PATH=/home/ros_workspace/install/mpcc_interfaces:/home/ros_workspace/install/nav2_msgs:/home/ros_workspace/install/nav2_bringup:/home/ros_workspace/install/navigation2:/home/ros_workspace/install/nav2_waypoint_follower:/home/ros_workspace/install/nav2_navfn_planner:/home/ros_workspace/install/nav2_core:/home/ros_workspace/install/nav2_costmap_2d:/home/ros_workspace/install/nav2_voxel_grid:/home/ros_workspace/install/nav2_rviz_plugins:/home/ros_workspace/install/nav2_map_server:/home/ros_workspace/install/nav2_lifecycle_manager:/home/ros_workspace/install/nav2_bt_navigator:/home/ros_workspace/install/nav2_behavior_tree:/home/ros_workspace/install/nav2_util:/home/ros_workspace/install/nav2_common LD_LIBRARY_PATH=/home/ros_workspace/install/mpcc_interfaces/lib:/home/ros_workspace/install/nav2_msgs/lib:/home/ros_workspace/install/nav2_waypoint_follower/lib:/home/ros_workspace/install/nav2_navfn_planner/lib:/home/ros_workspace/install/nav2_costmap_2d/lib:/home/ros_workspace/install/nav2_voxel_grid/lib:/home/ros_workspace/install/nav2_rviz_plugins/lib:/home/ros_workspace/install/nav2_map_server/lib:/home/ros_workspace/install/nav2_lifecycle_manager/lib:/home/ros_workspace/install/nav2_bt_navigator/lib:/home/ros_workspace/install/nav2_behavior_tree/lib:/home/ros_workspace/install/nav2_util/lib:/opt/ros/foxy/opt/yaml_cpp_vendor/lib:/opt/ros/foxy/opt/rviz_ogre_vendor/lib:/opt/ros/foxy/lib/x86_64-linux-gnu:/opt/ros/foxy/lib PYTHONPATH=/home/ros_workspace/install/static_collision_avoidance/lib/python3.8/site-packages:/home/ros_workspace/install/mpcc_interfaces/lib/python3.8/site-packages:/home/ros_workspace/install/nav2_msgs/lib/python3.8/site-packages:/home/ros_workspace/install/static_collision_avoidance/lib/python3.8/site-packages:/home/ros_workspace/install/simple_igoneo_commander/lib/python3.8/site-packages:/home/ros_workspace/install/mpcc_local_planner/lib/python3.8/site-packages:/home/ros_workspace/install/local_path_planner/lib/python3.8/site-packages:/home/ros_workspace/install/dynamic_collision_avoidance/lib/python3.8/site-packages:/home/ros_workspace/install/cost_map_server/lib/python3.8/site-packages:/home/ros_workspace/install/nav2_gazebo_spawner/lib/python3.8/site-packages:/home/ros_workspace/install/nav2_common/lib/python3.8/site-packages:/home/ros_workspace/install/mpc_igoneo/lib/python3.8/site-packages:/home/ros_workspace/install/mpc_dynamic_obstacles/lib/python3.8/site-packages:/home/ros_workspace/install/igoneo_dynamic_window/lib/python3.8/site-packages:/opt/ros/foxy/lib/python3.8/site-packages /usr/bin/python3 setup.py egg_info --egg-base ../../../build/static_collision_avoidance build --build-base /home/ros_workspace/build/static_collision_avoidance/build install --prefix /home/ros_workspace/install/static_collision_avoidance --record /home/ros_workspace/build/static_collision_avoidance/install.log --single-version-externally-managed
[7.557s] running egg_info
[7.558s] creating ../../../build/static_collision_avoidance/static_collision_avoidance.egg-info
[7.576s] writing ../../../build/static_collision_avoidance/static_collision_avoidance.egg-info/PKG-INFO
[7.577s] writing dependency_links to ../../../build/static_collision_avoidance/static_collision_avoidance.egg-info/dependency_links.txt
[7.577s] writing entry points to ../../../build/static_collision_avoidance/static_collision_avoidance.egg-info/entry_points.txt
[7.577s] writing requirements to ../../../build/static_collision_avoidance/static_collision_avoidance.egg-info/requires.txt
[7.578s] writing top-level names to ../../../build/static_collision_avoidance/static_collision_avoidance.egg-info/top_level.txt
[7.604s] writing manifest file '../../../build/static_collision_avoidance/static_collision_avoidance.egg-info/SOURCES.txt'
[7.943s] reading manifest file '../../../build/static_collision_avoidance/static_collision_avoidance.egg-info/SOURCES.txt'
[7.955s] writing manifest file '../../../build/static_collision_avoidance/static_collision_avoidance.egg-info/SOURCES.txt'
[7.966s] running build
[7.967s] running build_py
[7.967s] creating /home/ros_workspace/build/static_collision_avoidance/build
[7.967s] creating /home/ros_workspace/build/static_collision_avoidance/build/lib
[7.968s] creating /home/ros_workspace/build/static_collision_avoidance/build/lib/static_collision_avoidance
[7.969s] copying static_collision_avoidance/static_collision_avoidance_node.py -> /home/ros_workspace/build/static_collision_avoidance/build/lib/static_collision_avoidance
[7.974s] copying static_collision_avoidance/__init__.py -> /home/ros_workspace/build/static_collision_avoidance/build/lib/static_collision_avoidance
[7.984s] copying static_collision_avoidance/static_collision_avoidance.py -> /home/ros_workspace/build/static_collision_avoidance/build/lib/static_collision_avoidance
[7.999s] creating /home/ros_workspace/build/static_collision_avoidance/build/lib/static_cost_map
[8.000s] copying static_cost_map/MPCC_StaticCostMap.py -> /home/ros_workspace/build/static_collision_avoidance/build/lib/static_cost_map
[8.001s] copying static_cost_map/__init__.py -> /home/ros_workspace/build/static_collision_avoidance/build/lib/static_cost_map
[8.001s] running install
[8.003s] running install_lib
[8.005s] creating /home/ros_workspace/install/static_collision_avoidance/lib/python3.8/site-packages/static_cost_map
[8.006s] copying /home/ros_workspace/build/static_collision_avoidance/build/lib/static_cost_map/MPCC_StaticCostMap.py -> /home/ros_workspace/install/static_collision_avoidance/lib/python3.8/site-packages/static_cost_map
[8.006s] copying /home/ros_workspace/build/static_collision_avoidance/build/lib/static_cost_map/__init__.py -> /home/ros_workspace/install/static_collision_avoidance/lib/python3.8/site-packages/static_cost_map
[8.007s] creating /home/ros_workspace/install/static_collision_avoidance/lib/python3.8/site-packages/static_collision_avoidance
[8.008s] copying /home/ros_workspace/build/static_collision_avoidance/build/lib/static_collision_avoidance/static_collision_avoidance_node.py -> /home/ros_workspace/install/static_collision_avoidance/lib/python3.8/site-packages/static_collision_avoidance
[8.009s] copying /home/ros_workspace/build/static_collision_avoidance/build/lib/static_collision_avoidance/__init__.py -> /home/ros_workspace/install/static_collision_avoidance/lib/python3.8/site-packages/static_collision_avoidance
[8.010s] copying /home/ros_workspace/build/static_collision_avoidance/build/lib/static_collision_avoidance/static_collision_avoidance.py -> /home/ros_workspace/install/static_collision_avoidance/lib/python3.8/site-packages/static_collision_avoidance
[8.012s] byte-compiling /home/ros_workspace/install/static_collision_avoidance/lib/python3.8/site-packages/static_cost_map/MPCC_StaticCostMap.py to MPCC_StaticCostMap.cpython-38.pyc
[8.054s] byte-compiling /home/ros_workspace/install/static_collision_avoidance/lib/python3.8/site-packages/static_cost_map/__init__.py to __init__.cpython-38.pyc
[8.055s] byte-compiling /home/ros_workspace/install/static_collision_avoidance/lib/python3.8/site-packages/static_collision_avoidance/static_collision_avoidance_node.py to static_collision_avoidance_node.cpython-38.pyc
[8.055s] byte-compiling /home/ros_workspace/install/static_collision_avoidance/lib/python3.8/site-packages/static_collision_avoidance/__init__.py to __init__.cpython-38.pyc
[8.056s] byte-compiling /home/ros_workspace/install/static_collision_avoidance/lib/python3.8/site-packages/static_collision_avoidance/static_collision_avoidance.py to static_collision_avoidance.cpython-38.pyc
[8.059s] running install_data
[8.060s] running install_egg_info
[8.092s] Copying ../../../build/static_collision_avoidance/static_collision_avoidance.egg-info to /home/ros_workspace/install/static_collision_avoidance/lib/python3.8/site-packages/static_collision_avoidance-0.0.0-py3.8.egg-info
[8.119s] running install_scripts
[8.320s] Installing static_collision_avoidance script to /home/ros_workspace/install/static_collision_avoidance/lib/static_collision_avoidance
[8.324s] writing list of installed files to '/home/ros_workspace/build/static_collision_avoidance/install.log'
[8.501s] Invoked command in '/home/ros_workspace/src/mpcc_planner/static_collision_avoidance' returned '0': CMAKE_PREFIX_PATH=/home/ros_workspace/install/mpcc_interfaces:/home/ros_workspace/install/nav2_msgs:/home/ros_workspace/install/nav2_bringup:/home/ros_workspace/install/navigation2:/home/ros_workspace/install/nav2_waypoint_follower:/home/ros_workspace/install/nav2_navfn_planner:/home/ros_workspace/install/nav2_core:/home/ros_workspace/install/nav2_costmap_2d:/home/ros_workspace/install/nav2_voxel_grid:/home/ros_workspace/install/nav2_rviz_plugins:/home/ros_workspace/install/nav2_map_server:/home/ros_workspace/install/nav2_lifecycle_manager:/home/ros_workspace/install/nav2_bt_navigator:/home/ros_workspace/install/nav2_behavior_tree:/home/ros_workspace/install/nav2_util:/home/ros_workspace/install/nav2_common LD_LIBRARY_PATH=/home/ros_workspace/install/mpcc_interfaces/lib:/home/ros_workspace/install/nav2_msgs/lib:/home/ros_workspace/install/nav2_waypoint_follower/lib:/home/ros_workspace/install/nav2_navfn_planner/lib:/home/ros_workspace/install/nav2_costmap_2d/lib:/home/ros_workspace/install/nav2_voxel_grid/lib:/home/ros_workspace/install/nav2_rviz_plugins/lib:/home/ros_workspace/install/nav2_map_server/lib:/home/ros_workspace/install/nav2_lifecycle_manager/lib:/home/ros_workspace/install/nav2_bt_navigator/lib:/home/ros_workspace/install/nav2_behavior_tree/lib:/home/ros_workspace/install/nav2_util/lib:/opt/ros/foxy/opt/yaml_cpp_vendor/lib:/opt/ros/foxy/opt/rviz_ogre_vendor/lib:/opt/ros/foxy/lib/x86_64-linux-gnu:/opt/ros/foxy/lib PYTHONPATH=/home/ros_workspace/install/static_collision_avoidance/lib/python3.8/site-packages:/home/ros_workspace/install/mpcc_interfaces/lib/python3.8/site-packages:/home/ros_workspace/install/nav2_msgs/lib/python3.8/site-packages:/home/ros_workspace/install/static_collision_avoidance/lib/python3.8/site-packages:/home/ros_workspace/install/simple_igoneo_commander/lib/python3.8/site-packages:/home/ros_workspace/install/mpcc_local_planner/lib/python3.8/site-packages:/home/ros_workspace/install/local_path_planner/lib/python3.8/site-packages:/home/ros_workspace/install/dynamic_collision_avoidance/lib/python3.8/site-packages:/home/ros_workspace/install/cost_map_server/lib/python3.8/site-packages:/home/ros_workspace/install/nav2_gazebo_spawner/lib/python3.8/site-packages:/home/ros_workspace/install/nav2_common/lib/python3.8/site-packages:/home/ros_workspace/install/mpc_igoneo/lib/python3.8/site-packages:/home/ros_workspace/install/mpc_dynamic_obstacles/lib/python3.8/site-packages:/home/ros_workspace/install/igoneo_dynamic_window/lib/python3.8/site-packages:/opt/ros/foxy/lib/python3.8/site-packages /usr/bin/python3 setup.py egg_info --egg-base ../../../build/static_collision_avoidance build --build-base /home/ros_workspace/build/static_collision_avoidance/build install --prefix /home/ros_workspace/install/static_collision_avoidance --record /home/ros_workspace/build/static_collision_avoidance/install.log --single-version-externally-managed
