[0.072s] Invoking command in '/home/ros_workspace/build/nav2_msgs': CMAKE_PREFIX_PATH=/home/ros_workspace/install/nav2_common:/home/ros_workspace/install/nav2_bringup:/home/ros_workspace/install/navigation2:/home/ros_workspace/install/nav2_waypoint_follower:/home/ros_workspace/install/nav2_core:/home/ros_workspace/install/nav2_costmap_2d:/home/ros_workspace/install/nav2_voxel_grid:/home/ros_workspace/install/nav2_rviz_plugins:/home/ros_workspace/install/nav2_map_server:/home/ros_workspace/install/nav2_lifecycle_manager:/home/ros_workspace/install/nav2_bt_navigator:/home/ros_workspace/install/nav2_behavior_tree:/home/ros_workspace/install/nav2_util:/home/ros_workspace/install/mpcc_interfaces:/home/ros_workspace/install/nav2_msgs:/home/ros_workspace/install/static_collision_avoidance:/home/ros_workspace/install/simple_igoneo_commander:/home/ros_workspace/install/mpcc_local_planner:/home/ros_workspace/install/local_path_planner:/home/ros_workspace/install/dynamic_collision_avoidance:/home/ros_workspace/install/cost_map_server:/home/ros_workspace/install/nav2_gazebo_spawner:/home/ros_workspace/install/mpc_igoneo:/home/ros_workspace/install/mpc_dynamic_obstacles:/home/ros_workspace/install/igoneo_dynamic_window:/opt/ros/foxy PYTHONPATH=/home/ros_workspace/install/nav2_common/lib/python3.8/site-packages:/home/ros_workspace/install/static_collision_avoidance/lib/python3.8/site-packages:/home/ros_workspace/install/simple_igoneo_commander/lib/python3.8/site-packages:/home/ros_workspace/install/mpcc_local_planner/lib/python3.8/site-packages:/home/ros_workspace/install/local_path_planner/lib/python3.8/site-packages:/home/ros_workspace/install/dynamic_collision_avoidance/lib/python3.8/site-packages:/home/ros_workspace/install/cost_map_server/lib/python3.8/site-packages:/home/ros_workspace/install/nav2_msgs/lib/python3.8/site-packages:/home/ros_workspace/install/nav2_gazebo_spawner/lib/python3.8/site-packages:/home/ros_workspace/install/mpc_igoneo/lib/python3.8/site-packages:/home/ros_workspace/install/mpc_dynamic_obstacles/lib/python3.8/site-packages:/home/ros_workspace/install/igoneo_dynamic_window/lib/python3.8/site-packages:/opt/ros/foxy/lib/python3.8/site-packages /usr/bin/cmake --build /home/ros_workspace/build/nav2_msgs -- -j8 -l8
[0.336s] [  0%] Built target nav2_msgs__cpp
[0.413s] [ 12%] Built target nav2_msgs__rosidl_generator_c
[0.505s] [ 24%] Built target nav2_msgs__rosidl_typesupport_cpp
[0.521s] [ 36%] Built target nav2_msgs__rosidl_typesupport_fastrtps_cpp
[0.526s] [ 49%] Built target nav2_msgs__rosidl_typesupport_introspection_cpp
[0.550s] [ 61%] Built target nav2_msgs__rosidl_typesupport_introspection_c
[0.608s] [ 73%] Built target nav2_msgs__rosidl_typesupport_c
[0.654s] [ 85%] Built target nav2_msgs__rosidl_typesupport_fastrtps_c
[0.701s] [ 85%] Built target nav2_msgs
[0.775s] [ 86%] Built target nav2_msgs__py
[0.865s] [ 97%] Built target nav2_msgs__python
[0.962s] [ 98%] Built target nav2_msgs__rosidl_typesupport_introspection_c__pyext
[0.997s] [ 99%] Built target nav2_msgs__rosidl_typesupport_c__pyext
[1.034s] [100%] Built target nav2_msgs__rosidl_typesupport_fastrtps_c__pyext
[1.065s] Invoked command in '/home/ros_workspace/build/nav2_msgs' returned '0': CMAKE_PREFIX_PATH=/home/ros_workspace/install/nav2_common:/home/ros_workspace/install/nav2_bringup:/home/ros_workspace/install/navigation2:/home/ros_workspace/install/nav2_waypoint_follower:/home/ros_workspace/install/nav2_core:/home/ros_workspace/install/nav2_costmap_2d:/home/ros_workspace/install/nav2_voxel_grid:/home/ros_workspace/install/nav2_rviz_plugins:/home/ros_workspace/install/nav2_map_server:/home/ros_workspace/install/nav2_lifecycle_manager:/home/ros_workspace/install/nav2_bt_navigator:/home/ros_workspace/install/nav2_behavior_tree:/home/ros_workspace/install/nav2_util:/home/ros_workspace/install/mpcc_interfaces:/home/ros_workspace/install/nav2_msgs:/home/ros_workspace/install/static_collision_avoidance:/home/ros_workspace/install/simple_igoneo_commander:/home/ros_workspace/install/mpcc_local_planner:/home/ros_workspace/install/local_path_planner:/home/ros_workspace/install/dynamic_collision_avoidance:/home/ros_workspace/install/cost_map_server:/home/ros_workspace/install/nav2_gazebo_spawner:/home/ros_workspace/install/mpc_igoneo:/home/ros_workspace/install/mpc_dynamic_obstacles:/home/ros_workspace/install/igoneo_dynamic_window:/opt/ros/foxy PYTHONPATH=/home/ros_workspace/install/nav2_common/lib/python3.8/site-packages:/home/ros_workspace/install/static_collision_avoidance/lib/python3.8/site-packages:/home/ros_workspace/install/simple_igoneo_commander/lib/python3.8/site-packages:/home/ros_workspace/install/mpcc_local_planner/lib/python3.8/site-packages:/home/ros_workspace/install/local_path_planner/lib/python3.8/site-packages:/home/ros_workspace/install/dynamic_collision_avoidance/lib/python3.8/site-packages:/home/ros_workspace/install/cost_map_server/lib/python3.8/site-packages:/home/ros_workspace/install/nav2_msgs/lib/python3.8/site-packages:/home/ros_workspace/install/nav2_gazebo_spawner/lib/python3.8/site-packages:/home/ros_workspace/install/mpc_igoneo/lib/python3.8/site-packages:/home/ros_workspace/install/mpc_dynamic_obstacles/lib/python3.8/site-packages:/home/ros_workspace/install/igoneo_dynamic_window/lib/python3.8/site-packages:/opt/ros/foxy/lib/python3.8/site-packages /usr/bin/cmake --build /home/ros_workspace/build/nav2_msgs -- -j8 -l8
[1.827s] Invoking command in '/home/ros_workspace/build/nav2_msgs': CMAKE_PREFIX_PATH=/home/ros_workspace/install/nav2_common:/home/ros_workspace/install/nav2_bringup:/home/ros_workspace/install/navigation2:/home/ros_workspace/install/nav2_waypoint_follower:/home/ros_workspace/install/nav2_core:/home/ros_workspace/install/nav2_costmap_2d:/home/ros_workspace/install/nav2_voxel_grid:/home/ros_workspace/install/nav2_rviz_plugins:/home/ros_workspace/install/nav2_map_server:/home/ros_workspace/install/nav2_lifecycle_manager:/home/ros_workspace/install/nav2_bt_navigator:/home/ros_workspace/install/nav2_behavior_tree:/home/ros_workspace/install/nav2_util:/home/ros_workspace/install/mpcc_interfaces:/home/ros_workspace/install/nav2_msgs:/home/ros_workspace/install/static_collision_avoidance:/home/ros_workspace/install/simple_igoneo_commander:/home/ros_workspace/install/mpcc_local_planner:/home/ros_workspace/install/local_path_planner:/home/ros_workspace/install/dynamic_collision_avoidance:/home/ros_workspace/install/cost_map_server:/home/ros_workspace/install/nav2_gazebo_spawner:/home/ros_workspace/install/mpc_igoneo:/home/ros_workspace/install/mpc_dynamic_obstacles:/home/ros_workspace/install/igoneo_dynamic_window:/opt/ros/foxy PYTHONPATH=/home/ros_workspace/install/nav2_common/lib/python3.8/site-packages:/home/ros_workspace/install/static_collision_avoidance/lib/python3.8/site-packages:/home/ros_workspace/install/simple_igoneo_commander/lib/python3.8/site-packages:/home/ros_workspace/install/mpcc_local_planner/lib/python3.8/site-packages:/home/ros_workspace/install/local_path_planner/lib/python3.8/site-packages:/home/ros_workspace/install/dynamic_collision_avoidance/lib/python3.8/site-packages:/home/ros_workspace/install/cost_map_server/lib/python3.8/site-packages:/home/ros_workspace/install/nav2_msgs/lib/python3.8/site-packages:/home/ros_workspace/install/nav2_gazebo_spawner/lib/python3.8/site-packages:/home/ros_workspace/install/mpc_igoneo/lib/python3.8/site-packages:/home/ros_workspace/install/mpc_dynamic_obstacles/lib/python3.8/site-packages:/home/ros_workspace/install/igoneo_dynamic_window/lib/python3.8/site-packages:/opt/ros/foxy/lib/python3.8/site-packages /usr/bin/cmake --install /home/ros_workspace/build/nav2_msgs
[1.842s] -- Install configuration: "Release"
[1.842s] -- Up-to-date: /home/ros_workspace/install/nav2_msgs/share/ament_index/resource_index/rosidl_interfaces/nav2_msgs
[1.843s] -- Up-to-date: /home/ros_workspace/install/nav2_msgs/include/nav2_msgs
[1.843s] -- Up-to-date: /home/ros_workspace/install/nav2_msgs/include/nav2_msgs/srv
[1.843s] -- Up-to-date: /home/ros_workspace/install/nav2_msgs/include/nav2_msgs/srv/load_map.h
[1.844s] -- Up-to-date: /home/ros_workspace/install/nav2_msgs/include/nav2_msgs/srv/save_map.h
[1.844s] -- Up-to-date: /home/ros_workspace/install/nav2_msgs/include/nav2_msgs/srv/detail
[1.844s] -- Up-to-date: /home/ros_workspace/install/nav2_msgs/include/nav2_msgs/srv/detail/clear_costmap_around_robot__struct.h
[1.845s] -- Up-to-date: /home/ros_workspace/install/nav2_msgs/include/nav2_msgs/srv/detail/load_map__struct.h
[1.845s] -- Up-to-date: /home/ros_workspace/install/nav2_msgs/include/nav2_msgs/srv/detail/save_map__functions.h
[1.845s] -- Up-to-date: /home/ros_workspace/install/nav2_msgs/include/nav2_msgs/srv/detail/get_costmap__functions.h
[1.846s] -- Up-to-date: /home/ros_workspace/install/nav2_msgs/include/nav2_msgs/srv/detail/clear_costmap_except_region__struct.h
[1.846s] -- Up-to-date: /home/ros_workspace/install/nav2_msgs/include/nav2_msgs/srv/detail/save_map__type_support.h
[1.846s] -- Up-to-date: /home/ros_workspace/install/nav2_msgs/include/nav2_msgs/srv/detail/get_costmap__functions.c
[1.847s] -- Up-to-date: /home/ros_workspace/install/nav2_msgs/include/nav2_msgs/srv/detail/clear_costmap_except_region__type_support.h
[1.847s] -- Up-to-date: /home/ros_workspace/install/nav2_msgs/include/nav2_msgs/srv/detail/clear_costmap_around_robot__functions.c
[1.847s] -- Up-to-date: /home/ros_workspace/install/nav2_msgs/include/nav2_msgs/srv/detail/clear_costmap_around_robot__type_support.h
[1.848s] -- Up-to-date: /home/ros_workspace/install/nav2_msgs/include/nav2_msgs/srv/detail/load_map__functions.h
[1.848s] -- Up-to-date: /home/ros_workspace/install/nav2_msgs/include/nav2_msgs/srv/detail/manage_lifecycle_nodes__struct.h
[1.848s] -- Up-to-date: /home/ros_workspace/install/nav2_msgs/include/nav2_msgs/srv/detail/manage_lifecycle_nodes__functions.h
[1.849s] -- Up-to-date: /home/ros_workspace/install/nav2_msgs/include/nav2_msgs/srv/detail/clear_entire_costmap__functions.c
[1.849s] -- Up-to-date: /home/ros_workspace/install/nav2_msgs/include/nav2_msgs/srv/detail/load_map__functions.c
[1.849s] -- Up-to-date: /home/ros_workspace/install/nav2_msgs/include/nav2_msgs/srv/detail/clear_entire_costmap__struct.h
[1.849s] -- Up-to-date: /home/ros_workspace/install/nav2_msgs/include/nav2_msgs/srv/detail/clear_entire_costmap__type_support.h
[1.849s] -- Up-to-date: /home/ros_workspace/install/nav2_msgs/include/nav2_msgs/srv/detail/get_costmap__type_support.h
[1.850s] -- Up-to-date: /home/ros_workspace/install/nav2_msgs/include/nav2_msgs/srv/detail/get_costmap__struct.h
[1.850s] -- Up-to-date: /home/ros_workspace/install/nav2_msgs/include/nav2_msgs/srv/detail/clear_costmap_except_region__functions.h
[1.850s] -- Up-to-date: /home/ros_workspace/install/nav2_msgs/include/nav2_msgs/srv/detail/save_map__struct.h
[1.851s] -- Up-to-date: /home/ros_workspace/install/nav2_msgs/include/nav2_msgs/srv/detail/save_map__functions.c
[1.852s] -- Up-to-date: /home/ros_workspace/install/nav2_msgs/include/nav2_msgs/srv/detail/clear_costmap_except_region__functions.c
[1.852s] -- Up-to-date: /home/ros_workspace/install/nav2_msgs/include/nav2_msgs/srv/detail/clear_costmap_around_robot__functions.h
[1.852s] -- Up-to-date: /home/ros_workspace/install/nav2_msgs/include/nav2_msgs/srv/detail/manage_lifecycle_nodes__type_support.h
[1.852s] -- Up-to-date: /home/ros_workspace/install/nav2_msgs/include/nav2_msgs/srv/detail/load_map__type_support.h
[1.853s] -- Up-to-date: /home/ros_workspace/install/nav2_msgs/include/nav2_msgs/srv/detail/manage_lifecycle_nodes__functions.c
[1.853s] -- Up-to-date: /home/ros_workspace/install/nav2_msgs/include/nav2_msgs/srv/detail/clear_entire_costmap__functions.h
[1.853s] -- Up-to-date: /home/ros_workspace/install/nav2_msgs/include/nav2_msgs/srv/clear_costmap_except_region.h
[1.853s] -- Up-to-date: /home/ros_workspace/install/nav2_msgs/include/nav2_msgs/srv/get_costmap.h
[1.854s] -- Up-to-date: /home/ros_workspace/install/nav2_msgs/include/nav2_msgs/srv/clear_costmap_around_robot.h
[1.854s] -- Up-to-date: /home/ros_workspace/install/nav2_msgs/include/nav2_msgs/srv/clear_entire_costmap.h
[1.854s] -- Up-to-date: /home/ros_workspace/install/nav2_msgs/include/nav2_msgs/srv/manage_lifecycle_nodes.h
[1.855s] -- Up-to-date: /home/ros_workspace/install/nav2_msgs/include/nav2_msgs/action
[1.855s] -- Up-to-date: /home/ros_workspace/install/nav2_msgs/include/nav2_msgs/action/dummy_recovery.h
[1.855s] -- Up-to-date: /home/ros_workspace/install/nav2_msgs/include/nav2_msgs/action/navigate_to_pose.h
[1.855s] -- Up-to-date: /home/ros_workspace/install/nav2_msgs/include/nav2_msgs/action/spin.h
[1.855s] -- Up-to-date: /home/ros_workspace/install/nav2_msgs/include/nav2_msgs/action/detail
[1.856s] -- Up-to-date: /home/ros_workspace/install/nav2_msgs/include/nav2_msgs/action/detail/spin__functions.c
[1.856s] -- Up-to-date: /home/ros_workspace/install/nav2_msgs/include/nav2_msgs/action/detail/back_up__struct.h
[1.856s] -- Up-to-date: /home/ros_workspace/install/nav2_msgs/include/nav2_msgs/action/detail/compute_path_to_pose__type_support.h
[1.857s] -- Up-to-date: /home/ros_workspace/install/nav2_msgs/include/nav2_msgs/action/detail/navigate_to_pose__functions.c
[1.857s] -- Up-to-date: /home/ros_workspace/install/nav2_msgs/include/nav2_msgs/action/detail/spin__type_support.h
[1.857s] -- Up-to-date: /home/ros_workspace/install/nav2_msgs/include/nav2_msgs/action/detail/wait__struct.h
[1.858s] -- Up-to-date: /home/ros_workspace/install/nav2_msgs/include/nav2_msgs/action/detail/follow_waypoints__functions.h
[1.858s] -- Up-to-date: /home/ros_workspace/install/nav2_msgs/include/nav2_msgs/action/detail/follow_waypoints__struct.h
[1.858s] -- Up-to-date: /home/ros_workspace/install/nav2_msgs/include/nav2_msgs/action/detail/spin__struct.h
[1.858s] -- Up-to-date: /home/ros_workspace/install/nav2_msgs/include/nav2_msgs/action/detail/follow_waypoints__functions.c
[1.859s] -- Up-to-date: /home/ros_workspace/install/nav2_msgs/include/nav2_msgs/action/detail/dummy_recovery__functions.h
[1.859s] -- Up-to-date: /home/ros_workspace/install/nav2_msgs/include/nav2_msgs/action/detail/spin__functions.h
[1.859s] -- Up-to-date: /home/ros_workspace/install/nav2_msgs/include/nav2_msgs/action/detail/back_up__type_support.h
[1.859s] -- Up-to-date: /home/ros_workspace/install/nav2_msgs/include/nav2_msgs/action/detail/dummy_recovery__struct.h
[1.859s] -- Up-to-date: /home/ros_workspace/install/nav2_msgs/include/nav2_msgs/action/detail/back_up__functions.c
[1.860s] -- Up-to-date: /home/ros_workspace/install/nav2_msgs/include/nav2_msgs/action/detail/navigate_to_pose__struct.h
[1.860s] -- Up-to-date: /home/ros_workspace/install/nav2_msgs/include/nav2_msgs/action/detail/compute_path_to_pose__struct.h
[1.860s] -- Up-to-date: /home/ros_workspace/install/nav2_msgs/include/nav2_msgs/action/detail/navigate_to_pose__type_support.h
[1.861s] -- Up-to-date: /home/ros_workspace/install/nav2_msgs/include/nav2_msgs/action/detail/compute_path_to_pose__functions.h
[1.861s] -- Up-to-date: /home/ros_workspace/install/nav2_msgs/include/nav2_msgs/action/detail/follow_path__functions.c
[1.861s] -- Up-to-date: /home/ros_workspace/install/nav2_msgs/include/nav2_msgs/action/detail/wait__functions.h
[1.862s] -- Up-to-date: /home/ros_workspace/install/nav2_msgs/include/nav2_msgs/action/detail/wait__type_support.h
[1.863s] -- Up-to-date: /home/ros_workspace/install/nav2_msgs/include/nav2_msgs/action/detail/follow_waypoints__type_support.h
[1.863s] -- Up-to-date: /home/ros_workspace/install/nav2_msgs/include/nav2_msgs/action/detail/dummy_recovery__type_support.h
[1.864s] -- Up-to-date: /home/ros_workspace/install/nav2_msgs/include/nav2_msgs/action/detail/follow_path__type_support.h
[1.864s] -- Up-to-date: /home/ros_workspace/install/nav2_msgs/include/nav2_msgs/action/detail/follow_path__functions.h
[1.864s] -- Up-to-date: /home/ros_workspace/install/nav2_msgs/include/nav2_msgs/action/detail/compute_path_to_pose__functions.c
[1.865s] -- Up-to-date: /home/ros_workspace/install/nav2_msgs/include/nav2_msgs/action/detail/navigate_to_pose__functions.h
[1.865s] -- Up-to-date: /home/ros_workspace/install/nav2_msgs/include/nav2_msgs/action/detail/follow_path__struct.h
[1.865s] -- Up-to-date: /home/ros_workspace/install/nav2_msgs/include/nav2_msgs/action/detail/back_up__functions.h
[1.865s] -- Up-to-date: /home/ros_workspace/install/nav2_msgs/include/nav2_msgs/action/detail/dummy_recovery__functions.c
[1.866s] -- Up-to-date: /home/ros_workspace/install/nav2_msgs/include/nav2_msgs/action/detail/wait__functions.c
[1.866s] -- Up-to-date: /home/ros_workspace/install/nav2_msgs/include/nav2_msgs/action/compute_path_to_pose.h
[1.867s] -- Up-to-date: /home/ros_workspace/install/nav2_msgs/include/nav2_msgs/action/follow_path.h
[1.867s] -- Up-to-date: /home/ros_workspace/install/nav2_msgs/include/nav2_msgs/action/back_up.h
[1.867s] -- Up-to-date: /home/ros_workspace/install/nav2_msgs/include/nav2_msgs/action/follow_waypoints.h
[1.868s] -- Up-to-date: /home/ros_workspace/install/nav2_msgs/include/nav2_msgs/action/wait.h
[1.869s] -- Up-to-date: /home/ros_workspace/install/nav2_msgs/include/nav2_msgs/msg
[1.869s] -- Up-to-date: /home/ros_workspace/install/nav2_msgs/include/nav2_msgs/msg/costmap.h
[1.869s] -- Up-to-date: /home/ros_workspace/install/nav2_msgs/include/nav2_msgs/msg/voxel_grid.h
[1.869s] -- Up-to-date: /home/ros_workspace/install/nav2_msgs/include/nav2_msgs/msg/detail
[1.869s] -- Up-to-date: /home/ros_workspace/install/nav2_msgs/include/nav2_msgs/msg/detail/particle_cloud__type_support.h
[1.870s] -- Up-to-date: /home/ros_workspace/install/nav2_msgs/include/nav2_msgs/msg/detail/particle_cloud__struct.h
[1.870s] -- Up-to-date: /home/ros_workspace/install/nav2_msgs/include/nav2_msgs/msg/detail/behavior_tree_log__functions.h
[1.870s] -- Up-to-date: /home/ros_workspace/install/nav2_msgs/include/nav2_msgs/msg/detail/particle_cloud__functions.c
[1.870s] -- Up-to-date: /home/ros_workspace/install/nav2_msgs/include/nav2_msgs/msg/detail/voxel_grid__struct.h
[1.871s] -- Up-to-date: /home/ros_workspace/install/nav2_msgs/include/nav2_msgs/msg/detail/behavior_tree_status_change__functions.c
[1.871s] -- Up-to-date: /home/ros_workspace/install/nav2_msgs/include/nav2_msgs/msg/detail/costmap__struct.h
[1.871s] -- Up-to-date: /home/ros_workspace/install/nav2_msgs/include/nav2_msgs/msg/detail/behavior_tree_status_change__type_support.h
[1.871s] -- Up-to-date: /home/ros_workspace/install/nav2_msgs/include/nav2_msgs/msg/detail/behavior_tree_status_change__struct.h
[1.871s] -- Up-to-date: /home/ros_workspace/install/nav2_msgs/include/nav2_msgs/msg/detail/particle_cloud__functions.h
[1.871s] -- Up-to-date: /home/ros_workspace/install/nav2_msgs/include/nav2_msgs/msg/detail/behavior_tree_status_change__functions.h
[1.872s] -- Up-to-date: /home/ros_workspace/install/nav2_msgs/include/nav2_msgs/msg/detail/costmap_meta_data__functions.h
[1.872s] -- Up-to-date: /home/ros_workspace/install/nav2_msgs/include/nav2_msgs/msg/detail/behavior_tree_log__struct.h
[1.872s] -- Up-to-date: /home/ros_workspace/install/nav2_msgs/include/nav2_msgs/msg/detail/costmap__type_support.h
[1.872s] -- Up-to-date: /home/ros_workspace/install/nav2_msgs/include/nav2_msgs/msg/detail/particle__functions.c
[1.873s] -- Up-to-date: /home/ros_workspace/install/nav2_msgs/include/nav2_msgs/msg/detail/costmap_meta_data__struct.h
[1.873s] -- Up-to-date: /home/ros_workspace/install/nav2_msgs/include/nav2_msgs/msg/detail/behavior_tree_log__type_support.h
[1.873s] -- Up-to-date: /home/ros_workspace/install/nav2_msgs/include/nav2_msgs/msg/detail/particle__struct.h
[1.873s] -- Up-to-date: /home/ros_workspace/install/nav2_msgs/include/nav2_msgs/msg/detail/voxel_grid__functions.h
[1.873s] -- Up-to-date: /home/ros_workspace/install/nav2_msgs/include/nav2_msgs/msg/detail/costmap_meta_data__type_support.h
[1.873s] -- Up-to-date: /home/ros_workspace/install/nav2_msgs/include/nav2_msgs/msg/detail/voxel_grid__type_support.h
[1.874s] -- Up-to-date: /home/ros_workspace/install/nav2_msgs/include/nav2_msgs/msg/detail/particle__type_support.h
[1.874s] -- Up-to-date: /home/ros_workspace/install/nav2_msgs/include/nav2_msgs/msg/detail/costmap__functions.h
[1.874s] -- Up-to-date: /home/ros_workspace/install/nav2_msgs/include/nav2_msgs/msg/detail/costmap_meta_data__functions.c
[1.874s] -- Up-to-date: /home/ros_workspace/install/nav2_msgs/include/nav2_msgs/msg/detail/voxel_grid__functions.c
[1.874s] -- Up-to-date: /home/ros_workspace/install/nav2_msgs/include/nav2_msgs/msg/detail/particle__functions.h
[1.875s] -- Up-to-date: /home/ros_workspace/install/nav2_msgs/include/nav2_msgs/msg/detail/costmap__functions.c
[1.875s] -- Up-to-date: /home/ros_workspace/install/nav2_msgs/include/nav2_msgs/msg/detail/behavior_tree_log__functions.c
[1.875s] -- Up-to-date: /home/ros_workspace/install/nav2_msgs/include/nav2_msgs/msg/behavior_tree_status_change.h
[1.875s] -- Up-to-date: /home/ros_workspace/install/nav2_msgs/include/nav2_msgs/msg/particle.h
[1.875s] -- Up-to-date: /home/ros_workspace/install/nav2_msgs/include/nav2_msgs/msg/behavior_tree_log.h
[1.875s] -- Up-to-date: /home/ros_workspace/install/nav2_msgs/include/nav2_msgs/msg/costmap_meta_data.h
[1.876s] -- Up-to-date: /home/ros_workspace/install/nav2_msgs/include/nav2_msgs/msg/rosidl_generator_c__visibility_control.h
[1.876s] -- Up-to-date: /home/ros_workspace/install/nav2_msgs/include/nav2_msgs/msg/particle_cloud.h
[1.876s] -- Up-to-date: /home/ros_workspace/install/nav2_msgs/share/nav2_msgs/environment/library_path.sh
[1.876s] -- Up-to-date: /home/ros_workspace/install/nav2_msgs/share/nav2_msgs/environment/library_path.dsv
[1.876s] -- Up-to-date: /home/ros_workspace/install/nav2_msgs/lib/libnav2_msgs__rosidl_generator_c.so
[1.877s] -- Up-to-date: /home/ros_workspace/install/nav2_msgs/include/nav2_msgs
[1.877s] -- Up-to-date: /home/ros_workspace/install/nav2_msgs/include/nav2_msgs/srv
[1.877s] -- Up-to-date: /home/ros_workspace/install/nav2_msgs/include/nav2_msgs/srv/detail
[1.877s] -- Up-to-date: /home/ros_workspace/install/nav2_msgs/include/nav2_msgs/srv/detail/manage_lifecycle_nodes__rosidl_typesupport_fastrtps_c.h
[1.877s] -- Up-to-date: /home/ros_workspace/install/nav2_msgs/include/nav2_msgs/srv/detail/save_map__rosidl_typesupport_fastrtps_c.h
[1.877s] -- Up-to-date: /home/ros_workspace/install/nav2_msgs/include/nav2_msgs/srv/detail/clear_entire_costmap__rosidl_typesupport_fastrtps_c.h
[1.878s] -- Up-to-date: /home/ros_workspace/install/nav2_msgs/include/nav2_msgs/srv/detail/clear_costmap_except_region__rosidl_typesupport_fastrtps_c.h
[1.878s] -- Up-to-date: /home/ros_workspace/install/nav2_msgs/include/nav2_msgs/srv/detail/load_map__rosidl_typesupport_fastrtps_c.h
[1.878s] -- Up-to-date: /home/ros_workspace/install/nav2_msgs/include/nav2_msgs/srv/detail/clear_costmap_around_robot__rosidl_typesupport_fastrtps_c.h
[1.878s] -- Up-to-date: /home/ros_workspace/install/nav2_msgs/include/nav2_msgs/srv/detail/get_costmap__rosidl_typesupport_fastrtps_c.h
[1.878s] -- Up-to-date: /home/ros_workspace/install/nav2_msgs/include/nav2_msgs/action
[1.878s] -- Up-to-date: /home/ros_workspace/install/nav2_msgs/include/nav2_msgs/action/detail
[1.879s] -- Up-to-date: /home/ros_workspace/install/nav2_msgs/include/nav2_msgs/action/detail/follow_waypoints__rosidl_typesupport_fastrtps_c.h
[1.879s] -- Up-to-date: /home/ros_workspace/install/nav2_msgs/include/nav2_msgs/action/detail/follow_path__rosidl_typesupport_fastrtps_c.h
[1.879s] -- Up-to-date: /home/ros_workspace/install/nav2_msgs/include/nav2_msgs/action/detail/wait__rosidl_typesupport_fastrtps_c.h
[1.879s] -- Up-to-date: /home/ros_workspace/install/nav2_msgs/include/nav2_msgs/action/detail/navigate_to_pose__rosidl_typesupport_fastrtps_c.h
[1.879s] -- Up-to-date: /home/ros_workspace/install/nav2_msgs/include/nav2_msgs/action/detail/back_up__rosidl_typesupport_fastrtps_c.h
[1.879s] -- Up-to-date: /home/ros_workspace/install/nav2_msgs/include/nav2_msgs/action/detail/compute_path_to_pose__rosidl_typesupport_fastrtps_c.h
[1.880s] -- Up-to-date: /home/ros_workspace/install/nav2_msgs/include/nav2_msgs/action/detail/spin__rosidl_typesupport_fastrtps_c.h
[1.880s] -- Up-to-date: /home/ros_workspace/install/nav2_msgs/include/nav2_msgs/action/detail/dummy_recovery__rosidl_typesupport_fastrtps_c.h
[1.880s] -- Up-to-date: /home/ros_workspace/install/nav2_msgs/include/nav2_msgs/msg
[1.880s] -- Up-to-date: /home/ros_workspace/install/nav2_msgs/include/nav2_msgs/msg/detail
[1.880s] -- Up-to-date: /home/ros_workspace/install/nav2_msgs/include/nav2_msgs/msg/detail/costmap_meta_data__rosidl_typesupport_fastrtps_c.h
[1.880s] -- Up-to-date: /home/ros_workspace/install/nav2_msgs/include/nav2_msgs/msg/detail/behavior_tree_status_change__rosidl_typesupport_fastrtps_c.h
[1.881s] -- Up-to-date: /home/ros_workspace/install/nav2_msgs/include/nav2_msgs/msg/detail/particle_cloud__rosidl_typesupport_fastrtps_c.h
[1.881s] -- Up-to-date: /home/ros_workspace/install/nav2_msgs/include/nav2_msgs/msg/detail/particle__rosidl_typesupport_fastrtps_c.h
[1.881s] -- Up-to-date: /home/ros_workspace/install/nav2_msgs/include/nav2_msgs/msg/detail/voxel_grid__rosidl_typesupport_fastrtps_c.h
[1.881s] -- Up-to-date: /home/ros_workspace/install/nav2_msgs/include/nav2_msgs/msg/detail/behavior_tree_log__rosidl_typesupport_fastrtps_c.h
[1.881s] -- Up-to-date: /home/ros_workspace/install/nav2_msgs/include/nav2_msgs/msg/detail/costmap__rosidl_typesupport_fastrtps_c.h
[1.882s] -- Up-to-date: /home/ros_workspace/install/nav2_msgs/include/nav2_msgs/msg/rosidl_typesupport_fastrtps_c__visibility_control.h
[1.882s] -- Up-to-date: /home/ros_workspace/install/nav2_msgs/lib/libnav2_msgs__rosidl_typesupport_fastrtps_c.so
[1.882s] -- Up-to-date: /home/ros_workspace/install/nav2_msgs/include/nav2_msgs
[1.882s] -- Up-to-date: /home/ros_workspace/install/nav2_msgs/include/nav2_msgs/srv
[1.882s] -- Up-to-date: /home/ros_workspace/install/nav2_msgs/include/nav2_msgs/srv/detail
[1.882s] -- Up-to-date: /home/ros_workspace/install/nav2_msgs/include/nav2_msgs/srv/detail/load_map__rosidl_typesupport_fastrtps_cpp.hpp
[1.883s] -- Up-to-date: /home/ros_workspace/install/nav2_msgs/include/nav2_msgs/srv/detail/manage_lifecycle_nodes__rosidl_typesupport_fastrtps_cpp.hpp
[1.883s] -- Up-to-date: /home/ros_workspace/install/nav2_msgs/include/nav2_msgs/srv/detail/get_costmap__rosidl_typesupport_fastrtps_cpp.hpp
[1.883s] -- Up-to-date: /home/ros_workspace/install/nav2_msgs/include/nav2_msgs/srv/detail/clear_costmap_except_region__rosidl_typesupport_fastrtps_cpp.hpp
[1.883s] -- Up-to-date: /home/ros_workspace/install/nav2_msgs/include/nav2_msgs/srv/detail/clear_entire_costmap__rosidl_typesupport_fastrtps_cpp.hpp
[1.883s] -- Up-to-date: /home/ros_workspace/install/nav2_msgs/include/nav2_msgs/srv/detail/save_map__rosidl_typesupport_fastrtps_cpp.hpp
[1.883s] -- Up-to-date: /home/ros_workspace/install/nav2_msgs/include/nav2_msgs/srv/detail/clear_costmap_around_robot__rosidl_typesupport_fastrtps_cpp.hpp
[1.884s] -- Up-to-date: /home/ros_workspace/install/nav2_msgs/include/nav2_msgs/srv/detail/dds_fastrtps
[1.884s] -- Up-to-date: /home/ros_workspace/install/nav2_msgs/include/nav2_msgs/action
[1.884s] -- Up-to-date: /home/ros_workspace/install/nav2_msgs/include/nav2_msgs/action/detail
[1.884s] -- Up-to-date: /home/ros_workspace/install/nav2_msgs/include/nav2_msgs/action/detail/compute_path_to_pose__rosidl_typesupport_fastrtps_cpp.hpp
[1.884s] -- Up-to-date: /home/ros_workspace/install/nav2_msgs/include/nav2_msgs/action/detail/dummy_recovery__rosidl_typesupport_fastrtps_cpp.hpp
[1.885s] -- Up-to-date: /home/ros_workspace/install/nav2_msgs/include/nav2_msgs/action/detail/wait__rosidl_typesupport_fastrtps_cpp.hpp
[1.885s] -- Up-to-date: /home/ros_workspace/install/nav2_msgs/include/nav2_msgs/action/detail/follow_waypoints__rosidl_typesupport_fastrtps_cpp.hpp
[1.885s] -- Up-to-date: /home/ros_workspace/install/nav2_msgs/include/nav2_msgs/action/detail/follow_path__rosidl_typesupport_fastrtps_cpp.hpp
[1.885s] -- Up-to-date: /home/ros_workspace/install/nav2_msgs/include/nav2_msgs/action/detail/dds_fastrtps
[1.885s] -- Up-to-date: /home/ros_workspace/install/nav2_msgs/include/nav2_msgs/action/detail/back_up__rosidl_typesupport_fastrtps_cpp.hpp
[1.885s] -- Up-to-date: /home/ros_workspace/install/nav2_msgs/include/nav2_msgs/action/detail/navigate_to_pose__rosidl_typesupport_fastrtps_cpp.hpp
[1.886s] -- Up-to-date: /home/ros_workspace/install/nav2_msgs/include/nav2_msgs/action/detail/spin__rosidl_typesupport_fastrtps_cpp.hpp
[1.886s] -- Up-to-date: /home/ros_workspace/install/nav2_msgs/include/nav2_msgs/msg
[1.886s] -- Up-to-date: /home/ros_workspace/install/nav2_msgs/include/nav2_msgs/msg/rosidl_typesupport_fastrtps_cpp__visibility_control.h
[1.886s] -- Up-to-date: /home/ros_workspace/install/nav2_msgs/include/nav2_msgs/msg/detail
[1.886s] -- Up-to-date: /home/ros_workspace/install/nav2_msgs/include/nav2_msgs/msg/detail/particle__rosidl_typesupport_fastrtps_cpp.hpp
[1.887s] -- Up-to-date: /home/ros_workspace/install/nav2_msgs/include/nav2_msgs/msg/detail/costmap_meta_data__rosidl_typesupport_fastrtps_cpp.hpp
[1.887s] -- Up-to-date: /home/ros_workspace/install/nav2_msgs/include/nav2_msgs/msg/detail/behavior_tree_log__rosidl_typesupport_fastrtps_cpp.hpp
[1.887s] -- Up-to-date: /home/ros_workspace/install/nav2_msgs/include/nav2_msgs/msg/detail/particle_cloud__rosidl_typesupport_fastrtps_cpp.hpp
[1.887s] -- Up-to-date: /home/ros_workspace/install/nav2_msgs/include/nav2_msgs/msg/detail/voxel_grid__rosidl_typesupport_fastrtps_cpp.hpp
[1.887s] -- Up-to-date: /home/ros_workspace/install/nav2_msgs/include/nav2_msgs/msg/detail/dds_fastrtps
[1.888s] -- Up-to-date: /home/ros_workspace/install/nav2_msgs/include/nav2_msgs/msg/detail/costmap__rosidl_typesupport_fastrtps_cpp.hpp
[1.888s] -- Up-to-date: /home/ros_workspace/install/nav2_msgs/include/nav2_msgs/msg/detail/behavior_tree_status_change__rosidl_typesupport_fastrtps_cpp.hpp
[1.888s] -- Up-to-date: /home/ros_workspace/install/nav2_msgs/lib/libnav2_msgs__rosidl_typesupport_fastrtps_cpp.so
[1.888s] -- Up-to-date: /home/ros_workspace/install/nav2_msgs/include/nav2_msgs
[1.888s] -- Up-to-date: /home/ros_workspace/install/nav2_msgs/include/nav2_msgs/srv
[1.889s] -- Up-to-date: /home/ros_workspace/install/nav2_msgs/include/nav2_msgs/srv/detail
[1.889s] -- Up-to-date: /home/ros_workspace/install/nav2_msgs/include/nav2_msgs/srv/detail/get_costmap__rosidl_typesupport_introspection_c.h
[1.889s] -- Up-to-date: /home/ros_workspace/install/nav2_msgs/include/nav2_msgs/srv/detail/get_costmap__type_support.c
[1.889s] -- Up-to-date: /home/ros_workspace/install/nav2_msgs/include/nav2_msgs/srv/detail/clear_costmap_around_robot__rosidl_typesupport_introspection_c.h
[1.889s] -- Up-to-date: /home/ros_workspace/install/nav2_msgs/include/nav2_msgs/srv/detail/load_map__type_support.c
[1.889s] -- Up-to-date: /home/ros_workspace/install/nav2_msgs/include/nav2_msgs/srv/detail/clear_costmap_except_region__type_support.c
[1.890s] -- Up-to-date: /home/ros_workspace/install/nav2_msgs/include/nav2_msgs/srv/detail/load_map__rosidl_typesupport_introspection_c.h
[1.890s] -- Up-to-date: /home/ros_workspace/install/nav2_msgs/include/nav2_msgs/srv/detail/clear_entire_costmap__type_support.c
[1.890s] -- Up-to-date: /home/ros_workspace/install/nav2_msgs/include/nav2_msgs/srv/detail/clear_costmap_except_region__rosidl_typesupport_introspection_c.h
[1.890s] -- Up-to-date: /home/ros_workspace/install/nav2_msgs/include/nav2_msgs/srv/detail/clear_costmap_around_robot__type_support.c
[1.890s] -- Up-to-date: /home/ros_workspace/install/nav2_msgs/include/nav2_msgs/srv/detail/save_map__rosidl_typesupport_introspection_c.h
[1.891s] -- Up-to-date: /home/ros_workspace/install/nav2_msgs/include/nav2_msgs/srv/detail/manage_lifecycle_nodes__rosidl_typesupport_introspection_c.h
[1.891s] -- Up-to-date: /home/ros_workspace/install/nav2_msgs/include/nav2_msgs/srv/detail/save_map__type_support.c
[1.891s] -- Up-to-date: /home/ros_workspace/install/nav2_msgs/include/nav2_msgs/srv/detail/manage_lifecycle_nodes__type_support.c
[1.891s] -- Up-to-date: /home/ros_workspace/install/nav2_msgs/include/nav2_msgs/srv/detail/clear_entire_costmap__rosidl_typesupport_introspection_c.h
[1.891s] -- Up-to-date: /home/ros_workspace/install/nav2_msgs/include/nav2_msgs/action
[1.891s] -- Up-to-date: /home/ros_workspace/install/nav2_msgs/include/nav2_msgs/action/detail
[1.891s] -- Up-to-date: /home/ros_workspace/install/nav2_msgs/include/nav2_msgs/action/detail/wait__rosidl_typesupport_introspection_c.h
[1.892s] -- Up-to-date: /home/ros_workspace/install/nav2_msgs/include/nav2_msgs/action/detail/follow_waypoints__rosidl_typesupport_introspection_c.h
[1.892s] -- Up-to-date: /home/ros_workspace/install/nav2_msgs/include/nav2_msgs/action/detail/spin__rosidl_typesupport_introspection_c.h
[1.892s] -- Up-to-date: /home/ros_workspace/install/nav2_msgs/include/nav2_msgs/action/detail/wait__type_support.c
[1.892s] -- Up-to-date: /home/ros_workspace/install/nav2_msgs/include/nav2_msgs/action/detail/navigate_to_pose__type_support.c
[1.892s] -- Up-to-date: /home/ros_workspace/install/nav2_msgs/include/nav2_msgs/action/detail/follow_path__rosidl_typesupport_introspection_c.h
[1.893s] -- Up-to-date: /home/ros_workspace/install/nav2_msgs/include/nav2_msgs/action/detail/back_up__type_support.c
[1.893s] -- Up-to-date: /home/ros_workspace/install/nav2_msgs/include/nav2_msgs/action/detail/dummy_recovery__rosidl_typesupport_introspection_c.h
[1.893s] -- Up-to-date: /home/ros_workspace/install/nav2_msgs/include/nav2_msgs/action/detail/navigate_to_pose__rosidl_typesupport_introspection_c.h
[1.893s] -- Up-to-date: /home/ros_workspace/install/nav2_msgs/include/nav2_msgs/action/detail/spin__type_support.c
[1.893s] -- Up-to-date: /home/ros_workspace/install/nav2_msgs/include/nav2_msgs/action/detail/follow_path__type_support.c
[1.893s] -- Up-to-date: /home/ros_workspace/install/nav2_msgs/include/nav2_msgs/action/detail/follow_waypoints__type_support.c
[1.894s] -- Up-to-date: /home/ros_workspace/install/nav2_msgs/include/nav2_msgs/action/detail/compute_path_to_pose__rosidl_typesupport_introspection_c.h
[1.894s] -- Up-to-date: /home/ros_workspace/install/nav2_msgs/include/nav2_msgs/action/detail/back_up__rosidl_typesupport_introspection_c.h
[1.894s] -- Up-to-date: /home/ros_workspace/install/nav2_msgs/include/nav2_msgs/action/detail/compute_path_to_pose__type_support.c
[1.894s] -- Up-to-date: /home/ros_workspace/install/nav2_msgs/include/nav2_msgs/action/detail/dummy_recovery__type_support.c
[1.894s] -- Up-to-date: /home/ros_workspace/install/nav2_msgs/include/nav2_msgs/msg
[1.895s] -- Up-to-date: /home/ros_workspace/install/nav2_msgs/include/nav2_msgs/msg/rosidl_typesupport_introspection_c__visibility_control.h
[1.895s] -- Up-to-date: /home/ros_workspace/install/nav2_msgs/include/nav2_msgs/msg/detail
[1.895s] -- Up-to-date: /home/ros_workspace/install/nav2_msgs/include/nav2_msgs/msg/detail/voxel_grid__type_support.c
[1.895s] -- Up-to-date: /home/ros_workspace/install/nav2_msgs/include/nav2_msgs/msg/detail/particle_cloud__rosidl_typesupport_introspection_c.h
[1.895s] -- Up-to-date: /home/ros_workspace/install/nav2_msgs/include/nav2_msgs/msg/detail/costmap_meta_data__rosidl_typesupport_introspection_c.h
[1.895s] -- Up-to-date: /home/ros_workspace/install/nav2_msgs/include/nav2_msgs/msg/detail/particle_cloud__type_support.c
[1.896s] -- Up-to-date: /home/ros_workspace/install/nav2_msgs/include/nav2_msgs/msg/detail/costmap__rosidl_typesupport_introspection_c.h
[1.896s] -- Up-to-date: /home/ros_workspace/install/nav2_msgs/include/nav2_msgs/msg/detail/particle__type_support.c
[1.896s] -- Up-to-date: /home/ros_workspace/install/nav2_msgs/include/nav2_msgs/msg/detail/behavior_tree_status_change__type_support.c
[1.896s] -- Up-to-date: /home/ros_workspace/install/nav2_msgs/include/nav2_msgs/msg/detail/costmap_meta_data__type_support.c
[1.896s] -- Up-to-date: /home/ros_workspace/install/nav2_msgs/include/nav2_msgs/msg/detail/voxel_grid__rosidl_typesupport_introspection_c.h
[1.897s] -- Up-to-date: /home/ros_workspace/install/nav2_msgs/include/nav2_msgs/msg/detail/behavior_tree_log__rosidl_typesupport_introspection_c.h
[1.897s] -- Up-to-date: /home/ros_workspace/install/nav2_msgs/include/nav2_msgs/msg/detail/particle__rosidl_typesupport_introspection_c.h
[1.897s] -- Up-to-date: /home/ros_workspace/install/nav2_msgs/include/nav2_msgs/msg/detail/behavior_tree_status_change__rosidl_typesupport_introspection_c.h
[1.897s] -- Up-to-date: /home/ros_workspace/install/nav2_msgs/include/nav2_msgs/msg/detail/costmap__type_support.c
[1.897s] -- Up-to-date: /home/ros_workspace/install/nav2_msgs/include/nav2_msgs/msg/detail/behavior_tree_log__type_support.c
[1.897s] -- Up-to-date: /home/ros_workspace/install/nav2_msgs/lib/libnav2_msgs__rosidl_typesupport_introspection_c.so
[1.898s] -- Up-to-date: /home/ros_workspace/install/nav2_msgs/lib/libnav2_msgs__rosidl_typesupport_c.so
[1.898s] -- Up-to-date: /home/ros_workspace/install/nav2_msgs/include/nav2_msgs
[1.898s] -- Up-to-date: /home/ros_workspace/install/nav2_msgs/include/nav2_msgs/srv
[1.898s] -- Up-to-date: /home/ros_workspace/install/nav2_msgs/include/nav2_msgs/srv/get_costmap.hpp
[1.898s] -- Up-to-date: /home/ros_workspace/install/nav2_msgs/include/nav2_msgs/srv/clear_costmap_except_region.hpp
[1.898s] -- Up-to-date: /home/ros_workspace/install/nav2_msgs/include/nav2_msgs/srv/detail
[1.899s] -- Up-to-date: /home/ros_workspace/install/nav2_msgs/include/nav2_msgs/srv/detail/manage_lifecycle_nodes__traits.hpp
[1.899s] -- Up-to-date: /home/ros_workspace/install/nav2_msgs/include/nav2_msgs/srv/detail/clear_entire_costmap__struct.hpp
[1.899s] -- Up-to-date: /home/ros_workspace/install/nav2_msgs/include/nav2_msgs/srv/detail/clear_costmap_around_robot__struct.hpp
[1.899s] -- Up-to-date: /home/ros_workspace/install/nav2_msgs/include/nav2_msgs/srv/detail/save_map__struct.hpp
[1.899s] -- Up-to-date: /home/ros_workspace/install/nav2_msgs/include/nav2_msgs/srv/detail/get_costmap__struct.hpp
[1.900s] -- Up-to-date: /home/ros_workspace/install/nav2_msgs/include/nav2_msgs/srv/detail/clear_costmap_except_region__traits.hpp
[1.900s] -- Up-to-date: /home/ros_workspace/install/nav2_msgs/include/nav2_msgs/srv/detail/save_map__builder.hpp
[1.900s] -- Up-to-date: /home/ros_workspace/install/nav2_msgs/include/nav2_msgs/srv/detail/get_costmap__traits.hpp
[1.900s] -- Up-to-date: /home/ros_workspace/install/nav2_msgs/include/nav2_msgs/srv/detail/save_map__traits.hpp
[1.900s] -- Up-to-date: /home/ros_workspace/install/nav2_msgs/include/nav2_msgs/srv/detail/manage_lifecycle_nodes__builder.hpp
[1.900s] -- Up-to-date: /home/ros_workspace/install/nav2_msgs/include/nav2_msgs/srv/detail/clear_costmap_except_region__builder.hpp
[1.901s] -- Up-to-date: /home/ros_workspace/install/nav2_msgs/include/nav2_msgs/srv/detail/clear_costmap_except_region__struct.hpp
[1.901s] -- Up-to-date: /home/ros_workspace/install/nav2_msgs/include/nav2_msgs/srv/detail/load_map__builder.hpp
[1.901s] -- Up-to-date: /home/ros_workspace/install/nav2_msgs/include/nav2_msgs/srv/detail/clear_entire_costmap__builder.hpp
[1.901s] -- Up-to-date: /home/ros_workspace/install/nav2_msgs/include/nav2_msgs/srv/detail/clear_costmap_around_robot__traits.hpp
[1.901s] -- Up-to-date: /home/ros_workspace/install/nav2_msgs/include/nav2_msgs/srv/detail/clear_entire_costmap__traits.hpp
[1.902s] -- Up-to-date: /home/ros_workspace/install/nav2_msgs/include/nav2_msgs/srv/detail/load_map__traits.hpp
[1.902s] -- Up-to-date: /home/ros_workspace/install/nav2_msgs/include/nav2_msgs/srv/detail/load_map__struct.hpp
[1.902s] -- Up-to-date: /home/ros_workspace/install/nav2_msgs/include/nav2_msgs/srv/detail/clear_costmap_around_robot__builder.hpp
[1.902s] -- Up-to-date: /home/ros_workspace/install/nav2_msgs/include/nav2_msgs/srv/detail/manage_lifecycle_nodes__struct.hpp
[1.902s] -- Up-to-date: /home/ros_workspace/install/nav2_msgs/include/nav2_msgs/srv/detail/get_costmap__builder.hpp
[1.902s] -- Up-to-date: /home/ros_workspace/install/nav2_msgs/include/nav2_msgs/srv/manage_lifecycle_nodes.hpp
[1.903s] -- Up-to-date: /home/ros_workspace/install/nav2_msgs/include/nav2_msgs/srv/clear_entire_costmap.hpp
[1.903s] -- Up-to-date: /home/ros_workspace/install/nav2_msgs/include/nav2_msgs/srv/load_map.hpp
[1.903s] -- Up-to-date: /home/ros_workspace/install/nav2_msgs/include/nav2_msgs/srv/save_map.hpp
[1.903s] -- Up-to-date: /home/ros_workspace/install/nav2_msgs/include/nav2_msgs/srv/clear_costmap_around_robot.hpp
[1.903s] -- Up-to-date: /home/ros_workspace/install/nav2_msgs/include/nav2_msgs/action
[1.903s] -- Up-to-date: /home/ros_workspace/install/nav2_msgs/include/nav2_msgs/action/dummy_recovery.hpp
[1.903s] -- Up-to-date: /home/ros_workspace/install/nav2_msgs/include/nav2_msgs/action/detail
[1.904s] -- Up-to-date: /home/ros_workspace/install/nav2_msgs/include/nav2_msgs/action/detail/follow_path__struct.hpp
[1.904s] -- Up-to-date: /home/ros_workspace/install/nav2_msgs/include/nav2_msgs/action/detail/compute_path_to_pose__struct.hpp
[1.904s] -- Up-to-date: /home/ros_workspace/install/nav2_msgs/include/nav2_msgs/action/detail/follow_path__builder.hpp
[1.904s] -- Up-to-date: /home/ros_workspace/install/nav2_msgs/include/nav2_msgs/action/detail/follow_path__traits.hpp
[1.904s] -- Up-to-date: /home/ros_workspace/install/nav2_msgs/include/nav2_msgs/action/detail/dummy_recovery__struct.hpp
[1.904s] -- Up-to-date: /home/ros_workspace/install/nav2_msgs/include/nav2_msgs/action/detail/compute_path_to_pose__traits.hpp
[1.905s] -- Up-to-date: /home/ros_workspace/install/nav2_msgs/include/nav2_msgs/action/detail/follow_waypoints__traits.hpp
[1.905s] -- Up-to-date: /home/ros_workspace/install/nav2_msgs/include/nav2_msgs/action/detail/navigate_to_pose__builder.hpp
[1.905s] -- Up-to-date: /home/ros_workspace/install/nav2_msgs/include/nav2_msgs/action/detail/dummy_recovery__traits.hpp
[1.905s] -- Up-to-date: /home/ros_workspace/install/nav2_msgs/include/nav2_msgs/action/detail/back_up__traits.hpp
[1.905s] -- Up-to-date: /home/ros_workspace/install/nav2_msgs/include/nav2_msgs/action/detail/wait__struct.hpp
[1.905s] -- Up-to-date: /home/ros_workspace/install/nav2_msgs/include/nav2_msgs/action/detail/navigate_to_pose__struct.hpp
[1.906s] -- Up-to-date: /home/ros_workspace/install/nav2_msgs/include/nav2_msgs/action/detail/dummy_recovery__builder.hpp
[1.906s] -- Up-to-date: /home/ros_workspace/install/nav2_msgs/include/nav2_msgs/action/detail/wait__traits.hpp
[1.906s] -- Up-to-date: /home/ros_workspace/install/nav2_msgs/include/nav2_msgs/action/detail/wait__builder.hpp
[1.906s] -- Up-to-date: /home/ros_workspace/install/nav2_msgs/include/nav2_msgs/action/detail/back_up__builder.hpp
[1.906s] -- Up-to-date: /home/ros_workspace/install/nav2_msgs/include/nav2_msgs/action/detail/spin__traits.hpp
[1.906s] -- Up-to-date: /home/ros_workspace/install/nav2_msgs/include/nav2_msgs/action/detail/follow_waypoints__builder.hpp
[1.907s] -- Up-to-date: /home/ros_workspace/install/nav2_msgs/include/nav2_msgs/action/detail/back_up__struct.hpp
[1.907s] -- Up-to-date: /home/ros_workspace/install/nav2_msgs/include/nav2_msgs/action/detail/navigate_to_pose__traits.hpp
[1.907s] -- Up-to-date: /home/ros_workspace/install/nav2_msgs/include/nav2_msgs/action/detail/follow_waypoints__struct.hpp
[1.907s] -- Up-to-date: /home/ros_workspace/install/nav2_msgs/include/nav2_msgs/action/detail/spin__struct.hpp
[1.907s] -- Up-to-date: /home/ros_workspace/install/nav2_msgs/include/nav2_msgs/action/detail/compute_path_to_pose__builder.hpp
[1.907s] -- Up-to-date: /home/ros_workspace/install/nav2_msgs/include/nav2_msgs/action/detail/spin__builder.hpp
[1.907s] -- Up-to-date: /home/ros_workspace/install/nav2_msgs/include/nav2_msgs/action/navigate_to_pose.hpp
[1.908s] -- Up-to-date: /home/ros_workspace/install/nav2_msgs/include/nav2_msgs/action/back_up.hpp
[1.908s] -- Up-to-date: /home/ros_workspace/install/nav2_msgs/include/nav2_msgs/action/follow_path.hpp
[1.908s] -- Up-to-date: /home/ros_workspace/install/nav2_msgs/include/nav2_msgs/action/spin.hpp
[1.908s] -- Up-to-date: /home/ros_workspace/install/nav2_msgs/include/nav2_msgs/action/compute_path_to_pose.hpp
[1.908s] -- Up-to-date: /home/ros_workspace/install/nav2_msgs/include/nav2_msgs/action/follow_waypoints.hpp
[1.908s] -- Up-to-date: /home/ros_workspace/install/nav2_msgs/include/nav2_msgs/action/wait.hpp
[1.909s] -- Up-to-date: /home/ros_workspace/install/nav2_msgs/include/nav2_msgs/msg
[1.909s] -- Up-to-date: /home/ros_workspace/install/nav2_msgs/include/nav2_msgs/msg/behavior_tree_status_change.hpp
[1.909s] -- Up-to-date: /home/ros_workspace/install/nav2_msgs/include/nav2_msgs/msg/costmap.hpp
[1.909s] -- Up-to-date: /home/ros_workspace/install/nav2_msgs/include/nav2_msgs/msg/costmap_meta_data.hpp
[1.909s] -- Up-to-date: /home/ros_workspace/install/nav2_msgs/include/nav2_msgs/msg/detail
[1.910s] -- Up-to-date: /home/ros_workspace/install/nav2_msgs/include/nav2_msgs/msg/detail/voxel_grid__struct.hpp
[1.910s] -- Up-to-date: /home/ros_workspace/install/nav2_msgs/include/nav2_msgs/msg/detail/behavior_tree_log__builder.hpp
[1.910s] -- Up-to-date: /home/ros_workspace/install/nav2_msgs/include/nav2_msgs/msg/detail/particle__struct.hpp
[1.910s] -- Up-to-date: /home/ros_workspace/install/nav2_msgs/include/nav2_msgs/msg/detail/particle_cloud__struct.hpp
[1.910s] -- Up-to-date: /home/ros_workspace/install/nav2_msgs/include/nav2_msgs/msg/detail/costmap_meta_data__struct.hpp
[1.910s] -- Up-to-date: /home/ros_workspace/install/nav2_msgs/include/nav2_msgs/msg/detail/costmap__builder.hpp
[1.911s] -- Up-to-date: /home/ros_workspace/install/nav2_msgs/include/nav2_msgs/msg/detail/behavior_tree_status_change__traits.hpp
[1.911s] -- Up-to-date: /home/ros_workspace/install/nav2_msgs/include/nav2_msgs/msg/detail/costmap_meta_data__builder.hpp
[1.911s] -- Up-to-date: /home/ros_workspace/install/nav2_msgs/include/nav2_msgs/msg/detail/particle__traits.hpp
[1.911s] -- Up-to-date: /home/ros_workspace/install/nav2_msgs/include/nav2_msgs/msg/detail/behavior_tree_log__struct.hpp
[1.911s] -- Up-to-date: /home/ros_workspace/install/nav2_msgs/include/nav2_msgs/msg/detail/costmap__struct.hpp
[1.912s] -- Up-to-date: /home/ros_workspace/install/nav2_msgs/include/nav2_msgs/msg/detail/costmap_meta_data__traits.hpp
[1.912s] -- Up-to-date: /home/ros_workspace/install/nav2_msgs/include/nav2_msgs/msg/detail/behavior_tree_status_change__builder.hpp
[1.912s] -- Up-to-date: /home/ros_workspace/install/nav2_msgs/include/nav2_msgs/msg/detail/costmap__traits.hpp
[1.912s] -- Up-to-date: /home/ros_workspace/install/nav2_msgs/include/nav2_msgs/msg/detail/particle_cloud__builder.hpp
[1.912s] -- Up-to-date: /home/ros_workspace/install/nav2_msgs/include/nav2_msgs/msg/detail/voxel_grid__builder.hpp
[1.913s] -- Up-to-date: /home/ros_workspace/install/nav2_msgs/include/nav2_msgs/msg/detail/behavior_tree_status_change__struct.hpp
[1.913s] -- Up-to-date: /home/ros_workspace/install/nav2_msgs/include/nav2_msgs/msg/detail/behavior_tree_log__traits.hpp
[1.913s] -- Up-to-date: /home/ros_workspace/install/nav2_msgs/include/nav2_msgs/msg/detail/particle_cloud__traits.hpp
[1.913s] -- Up-to-date: /home/ros_workspace/install/nav2_msgs/include/nav2_msgs/msg/detail/particle__builder.hpp
[1.913s] -- Up-to-date: /home/ros_workspace/install/nav2_msgs/include/nav2_msgs/msg/detail/voxel_grid__traits.hpp
[1.913s] -- Up-to-date: /home/ros_workspace/install/nav2_msgs/include/nav2_msgs/msg/particle_cloud.hpp
[1.914s] -- Up-to-date: /home/ros_workspace/install/nav2_msgs/include/nav2_msgs/msg/particle.hpp
[1.914s] -- Up-to-date: /home/ros_workspace/install/nav2_msgs/include/nav2_msgs/msg/voxel_grid.hpp
[1.914s] -- Up-to-date: /home/ros_workspace/install/nav2_msgs/include/nav2_msgs/msg/behavior_tree_log.hpp
[1.914s] -- Up-to-date: /home/ros_workspace/install/nav2_msgs/include/nav2_msgs
[1.914s] -- Up-to-date: /home/ros_workspace/install/nav2_msgs/include/nav2_msgs/srv
[1.914s] -- Up-to-date: /home/ros_workspace/install/nav2_msgs/include/nav2_msgs/srv/detail
[1.915s] -- Up-to-date: /home/ros_workspace/install/nav2_msgs/include/nav2_msgs/srv/detail/load_map__type_support.cpp
[1.915s] -- Up-to-date: /home/ros_workspace/install/nav2_msgs/include/nav2_msgs/srv/detail/clear_entire_costmap__type_support.cpp
[1.915s] -- Up-to-date: /home/ros_workspace/install/nav2_msgs/include/nav2_msgs/srv/detail/manage_lifecycle_nodes__rosidl_typesupport_introspection_cpp.hpp
[1.915s] -- Up-to-date: /home/ros_workspace/install/nav2_msgs/include/nav2_msgs/srv/detail/manage_lifecycle_nodes__type_support.cpp
[1.915s] -- Up-to-date: /home/ros_workspace/install/nav2_msgs/include/nav2_msgs/srv/detail/save_map__rosidl_typesupport_introspection_cpp.hpp
[1.916s] -- Up-to-date: /home/ros_workspace/install/nav2_msgs/include/nav2_msgs/srv/detail/load_map__rosidl_typesupport_introspection_cpp.hpp
[1.916s] -- Up-to-date: /home/ros_workspace/install/nav2_msgs/include/nav2_msgs/srv/detail/clear_entire_costmap__rosidl_typesupport_introspection_cpp.hpp
[1.916s] -- Up-to-date: /home/ros_workspace/install/nav2_msgs/include/nav2_msgs/srv/detail/clear_costmap_except_region__rosidl_typesupport_introspection_cpp.hpp
[1.916s] -- Up-to-date: /home/ros_workspace/install/nav2_msgs/include/nav2_msgs/srv/detail/save_map__type_support.cpp
[1.916s] -- Up-to-date: /home/ros_workspace/install/nav2_msgs/include/nav2_msgs/srv/detail/get_costmap__type_support.cpp
[1.916s] -- Up-to-date: /home/ros_workspace/install/nav2_msgs/include/nav2_msgs/srv/detail/get_costmap__rosidl_typesupport_introspection_cpp.hpp
[1.916s] -- Up-to-date: /home/ros_workspace/install/nav2_msgs/include/nav2_msgs/srv/detail/clear_costmap_except_region__type_support.cpp
[1.917s] -- Up-to-date: /home/ros_workspace/install/nav2_msgs/include/nav2_msgs/srv/detail/clear_costmap_around_robot__rosidl_typesupport_introspection_cpp.hpp
[1.917s] -- Up-to-date: /home/ros_workspace/install/nav2_msgs/include/nav2_msgs/srv/detail/clear_costmap_around_robot__type_support.cpp
[1.917s] -- Up-to-date: /home/ros_workspace/install/nav2_msgs/include/nav2_msgs/action
[1.917s] -- Up-to-date: /home/ros_workspace/install/nav2_msgs/include/nav2_msgs/action/detail
[1.917s] -- Up-to-date: /home/ros_workspace/install/nav2_msgs/include/nav2_msgs/action/detail/navigate_to_pose__rosidl_typesupport_introspection_cpp.hpp
[1.917s] -- Up-to-date: /home/ros_workspace/install/nav2_msgs/include/nav2_msgs/action/detail/dummy_recovery__type_support.cpp
[1.918s] -- Up-to-date: /home/ros_workspace/install/nav2_msgs/include/nav2_msgs/action/detail/compute_path_to_pose__type_support.cpp
[1.918s] -- Up-to-date: /home/ros_workspace/install/nav2_msgs/include/nav2_msgs/action/detail/spin__type_support.cpp
[1.918s] -- Up-to-date: /home/ros_workspace/install/nav2_msgs/include/nav2_msgs/action/detail/wait__type_support.cpp
[1.918s] -- Up-to-date: /home/ros_workspace/install/nav2_msgs/include/nav2_msgs/action/detail/back_up__rosidl_typesupport_introspection_cpp.hpp
[1.918s] -- Up-to-date: /home/ros_workspace/install/nav2_msgs/include/nav2_msgs/action/detail/follow_path__type_support.cpp
[1.919s] -- Up-to-date: /home/ros_workspace/install/nav2_msgs/include/nav2_msgs/action/detail/follow_waypoints__type_support.cpp
[1.919s] -- Up-to-date: /home/ros_workspace/install/nav2_msgs/include/nav2_msgs/action/detail/wait__rosidl_typesupport_introspection_cpp.hpp
[1.919s] -- Up-to-date: /home/ros_workspace/install/nav2_msgs/include/nav2_msgs/action/detail/dummy_recovery__rosidl_typesupport_introspection_cpp.hpp
[1.919s] -- Up-to-date: /home/ros_workspace/install/nav2_msgs/include/nav2_msgs/action/detail/follow_path__rosidl_typesupport_introspection_cpp.hpp
[1.919s] -- Up-to-date: /home/ros_workspace/install/nav2_msgs/include/nav2_msgs/action/detail/follow_waypoints__rosidl_typesupport_introspection_cpp.hpp
[1.919s] -- Up-to-date: /home/ros_workspace/install/nav2_msgs/include/nav2_msgs/action/detail/spin__rosidl_typesupport_introspection_cpp.hpp
[1.919s] -- Up-to-date: /home/ros_workspace/install/nav2_msgs/include/nav2_msgs/action/detail/compute_path_to_pose__rosidl_typesupport_introspection_cpp.hpp
[1.920s] -- Up-to-date: /home/ros_workspace/install/nav2_msgs/include/nav2_msgs/action/detail/navigate_to_pose__type_support.cpp
[1.920s] -- Up-to-date: /home/ros_workspace/install/nav2_msgs/include/nav2_msgs/action/detail/back_up__type_support.cpp
[1.920s] -- Up-to-date: /home/ros_workspace/install/nav2_msgs/include/nav2_msgs/msg
[1.920s] -- Up-to-date: /home/ros_workspace/install/nav2_msgs/include/nav2_msgs/msg/detail
[1.920s] -- Up-to-date: /home/ros_workspace/install/nav2_msgs/include/nav2_msgs/msg/detail/voxel_grid__rosidl_typesupport_introspection_cpp.hpp
[1.920s] -- Up-to-date: /home/ros_workspace/install/nav2_msgs/include/nav2_msgs/msg/detail/behavior_tree_log__rosidl_typesupport_introspection_cpp.hpp
[1.921s] -- Up-to-date: /home/ros_workspace/install/nav2_msgs/include/nav2_msgs/msg/detail/costmap__rosidl_typesupport_introspection_cpp.hpp
[1.921s] -- Up-to-date: /home/ros_workspace/install/nav2_msgs/include/nav2_msgs/msg/detail/behavior_tree_status_change__type_support.cpp
[1.921s] -- Up-to-date: /home/ros_workspace/install/nav2_msgs/include/nav2_msgs/msg/detail/particle_cloud__rosidl_typesupport_introspection_cpp.hpp
[1.921s] -- Up-to-date: /home/ros_workspace/install/nav2_msgs/include/nav2_msgs/msg/detail/particle__type_support.cpp
[1.921s] -- Up-to-date: /home/ros_workspace/install/nav2_msgs/include/nav2_msgs/msg/detail/behavior_tree_log__type_support.cpp
[1.921s] -- Up-to-date: /home/ros_workspace/install/nav2_msgs/include/nav2_msgs/msg/detail/costmap_meta_data__type_support.cpp
[1.922s] -- Up-to-date: /home/ros_workspace/install/nav2_msgs/include/nav2_msgs/msg/detail/voxel_grid__type_support.cpp
[1.922s] -- Up-to-date: /home/ros_workspace/install/nav2_msgs/include/nav2_msgs/msg/detail/behavior_tree_status_change__rosidl_typesupport_introspection_cpp.hpp
[1.922s] -- Up-to-date: /home/ros_workspace/install/nav2_msgs/include/nav2_msgs/msg/detail/costmap_meta_data__rosidl_typesupport_introspection_cpp.hpp
[1.922s] -- Up-to-date: /home/ros_workspace/install/nav2_msgs/include/nav2_msgs/msg/detail/particle__rosidl_typesupport_introspection_cpp.hpp
[1.922s] -- Up-to-date: /home/ros_workspace/install/nav2_msgs/include/nav2_msgs/msg/detail/particle_cloud__type_support.cpp
[1.922s] -- Up-to-date: /home/ros_workspace/install/nav2_msgs/include/nav2_msgs/msg/detail/costmap__type_support.cpp
[1.922s] -- Up-to-date: /home/ros_workspace/install/nav2_msgs/lib/libnav2_msgs__rosidl_typesupport_introspection_cpp.so
[1.923s] -- Up-to-date: /home/ros_workspace/install/nav2_msgs/lib/libnav2_msgs__rosidl_typesupport_cpp.so
[1.923s] -- Up-to-date: /home/ros_workspace/install/nav2_msgs/share/nav2_msgs/environment/pythonpath.sh
[1.923s] -- Up-to-date: /home/ros_workspace/install/nav2_msgs/share/nav2_msgs/environment/pythonpath.dsv
[1.923s] -- Up-to-date: /home/ros_workspace/install/nav2_msgs/lib/python3.8/site-packages/nav2_msgs/__init__.py
[1.940s] -- Up-to-date: /home/ros_workspace/install/nav2_msgs/lib/python3.8/site-packages/nav2_msgs/msg
[1.941s] -- Up-to-date: /home/ros_workspace/install/nav2_msgs/lib/python3.8/site-packages/nav2_msgs/msg/_behavior_tree_status_change_s.c
[1.941s] -- Up-to-date: /home/ros_workspace/install/nav2_msgs/lib/python3.8/site-packages/nav2_msgs/msg/_costmap_s.c
[1.941s] -- Up-to-date: /home/ros_workspace/install/nav2_msgs/lib/python3.8/site-packages/nav2_msgs/msg/_costmap_meta_data_s.c
[1.942s] -- Up-to-date: /home/ros_workspace/install/nav2_msgs/lib/python3.8/site-packages/nav2_msgs/msg/_particle_s.c
[1.942s] -- Up-to-date: /home/ros_workspace/install/nav2_msgs/lib/python3.8/site-packages/nav2_msgs/msg/_voxel_grid.py
[1.942s] -- Up-to-date: /home/ros_workspace/install/nav2_msgs/lib/python3.8/site-packages/nav2_msgs/msg/_costmap.py
[1.943s] -- Up-to-date: /home/ros_workspace/install/nav2_msgs/lib/python3.8/site-packages/nav2_msgs/msg/_behavior_tree_log.py
[1.943s] -- Up-to-date: /home/ros_workspace/install/nav2_msgs/lib/python3.8/site-packages/nav2_msgs/msg/_behavior_tree_log_s.c
[1.943s] -- Up-to-date: /home/ros_workspace/install/nav2_msgs/lib/python3.8/site-packages/nav2_msgs/msg/_costmap_meta_data.py
[1.943s] -- Up-to-date: /home/ros_workspace/install/nav2_msgs/lib/python3.8/site-packages/nav2_msgs/msg/_particle_cloud.py
[1.944s] -- Up-to-date: /home/ros_workspace/install/nav2_msgs/lib/python3.8/site-packages/nav2_msgs/msg/_voxel_grid_s.c
[1.944s] -- Up-to-date: /home/ros_workspace/install/nav2_msgs/lib/python3.8/site-packages/nav2_msgs/msg/_particle_cloud_s.c
[1.944s] -- Up-to-date: /home/ros_workspace/install/nav2_msgs/lib/python3.8/site-packages/nav2_msgs/msg/__init__.py
[1.944s] -- Up-to-date: /home/ros_workspace/install/nav2_msgs/lib/python3.8/site-packages/nav2_msgs/msg/_particle.py
[1.944s] -- Up-to-date: /home/ros_workspace/install/nav2_msgs/lib/python3.8/site-packages/nav2_msgs/msg/_behavior_tree_status_change.py
[1.944s] -- Up-to-date: /home/ros_workspace/install/nav2_msgs/lib/python3.8/site-packages/nav2_msgs/srv
[1.945s] -- Up-to-date: /home/ros_workspace/install/nav2_msgs/lib/python3.8/site-packages/nav2_msgs/srv/_clear_costmap_around_robot.py
[1.945s] -- Up-to-date: /home/ros_workspace/install/nav2_msgs/lib/python3.8/site-packages/nav2_msgs/srv/_get_costmap_s.c
[1.945s] -- Up-to-date: /home/ros_workspace/install/nav2_msgs/lib/python3.8/site-packages/nav2_msgs/srv/_manage_lifecycle_nodes_s.c
[1.945s] -- Up-to-date: /home/ros_workspace/install/nav2_msgs/lib/python3.8/site-packages/nav2_msgs/srv/_save_map_s.c
[1.945s] -- Up-to-date: /home/ros_workspace/install/nav2_msgs/lib/python3.8/site-packages/nav2_msgs/srv/_clear_costmap_except_region.py
[1.946s] -- Up-to-date: /home/ros_workspace/install/nav2_msgs/lib/python3.8/site-packages/nav2_msgs/srv/_save_map.py
[1.946s] -- Up-to-date: /home/ros_workspace/install/nav2_msgs/lib/python3.8/site-packages/nav2_msgs/srv/_get_costmap.py
[1.946s] -- Up-to-date: /home/ros_workspace/install/nav2_msgs/lib/python3.8/site-packages/nav2_msgs/srv/_clear_entire_costmap_s.c
[1.946s] -- Up-to-date: /home/ros_workspace/install/nav2_msgs/lib/python3.8/site-packages/nav2_msgs/srv/_manage_lifecycle_nodes.py
[1.946s] -- Up-to-date: /home/ros_workspace/install/nav2_msgs/lib/python3.8/site-packages/nav2_msgs/srv/__init__.py
[1.946s] -- Up-to-date: /home/ros_workspace/install/nav2_msgs/lib/python3.8/site-packages/nav2_msgs/srv/_load_map_s.c
[1.946s] -- Up-to-date: /home/ros_workspace/install/nav2_msgs/lib/python3.8/site-packages/nav2_msgs/srv/_clear_costmap_except_region_s.c
[1.947s] -- Up-to-date: /home/ros_workspace/install/nav2_msgs/lib/python3.8/site-packages/nav2_msgs/srv/_load_map.py
[1.947s] -- Up-to-date: /home/ros_workspace/install/nav2_msgs/lib/python3.8/site-packages/nav2_msgs/srv/_clear_costmap_around_robot_s.c
[1.947s] -- Up-to-date: /home/ros_workspace/install/nav2_msgs/lib/python3.8/site-packages/nav2_msgs/srv/_clear_entire_costmap.py
[1.947s] -- Up-to-date: /home/ros_workspace/install/nav2_msgs/lib/python3.8/site-packages/nav2_msgs/action
[1.947s] -- Up-to-date: /home/ros_workspace/install/nav2_msgs/lib/python3.8/site-packages/nav2_msgs/action/_spin.py
[1.948s] -- Up-to-date: /home/ros_workspace/install/nav2_msgs/lib/python3.8/site-packages/nav2_msgs/action/_dummy_recovery_s.c
[1.948s] -- Up-to-date: /home/ros_workspace/install/nav2_msgs/lib/python3.8/site-packages/nav2_msgs/action/_compute_path_to_pose_s.c
[1.948s] -- Up-to-date: /home/ros_workspace/install/nav2_msgs/lib/python3.8/site-packages/nav2_msgs/action/_spin_s.c
[1.948s] -- Up-to-date: /home/ros_workspace/install/nav2_msgs/lib/python3.8/site-packages/nav2_msgs/action/_back_up.py
[1.948s] -- Up-to-date: /home/ros_workspace/install/nav2_msgs/lib/python3.8/site-packages/nav2_msgs/action/_follow_waypoints.py
[1.949s] -- Up-to-date: /home/ros_workspace/install/nav2_msgs/lib/python3.8/site-packages/nav2_msgs/action/_wait.py
[1.949s] -- Up-to-date: /home/ros_workspace/install/nav2_msgs/lib/python3.8/site-packages/nav2_msgs/action/_back_up_s.c
[1.949s] -- Up-to-date: /home/ros_workspace/install/nav2_msgs/lib/python3.8/site-packages/nav2_msgs/action/_compute_path_to_pose.py
[1.949s] -- Up-to-date: /home/ros_workspace/install/nav2_msgs/lib/python3.8/site-packages/nav2_msgs/action/_follow_waypoints_s.c
[1.950s] -- Up-to-date: /home/ros_workspace/install/nav2_msgs/lib/python3.8/site-packages/nav2_msgs/action/_dummy_recovery.py
[1.950s] -- Up-to-date: /home/ros_workspace/install/nav2_msgs/lib/python3.8/site-packages/nav2_msgs/action/_follow_path_s.c
[1.950s] -- Up-to-date: /home/ros_workspace/install/nav2_msgs/lib/python3.8/site-packages/nav2_msgs/action/__init__.py
[1.950s] -- Up-to-date: /home/ros_workspace/install/nav2_msgs/lib/python3.8/site-packages/nav2_msgs/action/_wait_s.c
[1.950s] -- Up-to-date: /home/ros_workspace/install/nav2_msgs/lib/python3.8/site-packages/nav2_msgs/action/_navigate_to_pose.py
[1.951s] -- Up-to-date: /home/ros_workspace/install/nav2_msgs/lib/python3.8/site-packages/nav2_msgs/action/_navigate_to_pose_s.c
[1.951s] -- Up-to-date: /home/ros_workspace/install/nav2_msgs/lib/python3.8/site-packages/nav2_msgs/action/_follow_path.py
[1.951s] -- Up-to-date: /home/ros_workspace/install/nav2_msgs/lib/python3.8/site-packages/nav2_msgs/nav2_msgs_s__rosidl_typesupport_fastrtps_c.cpython-38-x86_64-linux-gnu.so
[1.952s] -- Up-to-date: /home/ros_workspace/install/nav2_msgs/lib/python3.8/site-packages/nav2_msgs/nav2_msgs_s__rosidl_typesupport_introspection_c.cpython-38-x86_64-linux-gnu.so
[1.952s] -- Up-to-date: /home/ros_workspace/install/nav2_msgs/lib/python3.8/site-packages/nav2_msgs/nav2_msgs_s__rosidl_typesupport_c.cpython-38-x86_64-linux-gnu.so
[1.952s] -- Up-to-date: /home/ros_workspace/install/nav2_msgs/lib/libnav2_msgs__python.so
[1.952s] -- Up-to-date: /home/ros_workspace/install/nav2_msgs/share/nav2_msgs/msg/Costmap.idl
[1.953s] -- Up-to-date: /home/ros_workspace/install/nav2_msgs/share/nav2_msgs/msg/CostmapMetaData.idl
[1.953s] -- Up-to-date: /home/ros_workspace/install/nav2_msgs/share/nav2_msgs/msg/VoxelGrid.idl
[1.953s] -- Up-to-date: /home/ros_workspace/install/nav2_msgs/share/nav2_msgs/msg/BehaviorTreeStatusChange.idl
[1.953s] -- Up-to-date: /home/ros_workspace/install/nav2_msgs/share/nav2_msgs/msg/BehaviorTreeLog.idl
[1.953s] -- Up-to-date: /home/ros_workspace/install/nav2_msgs/share/nav2_msgs/msg/Particle.idl
[1.954s] -- Up-to-date: /home/ros_workspace/install/nav2_msgs/share/nav2_msgs/msg/ParticleCloud.idl
[1.954s] -- Up-to-date: /home/ros_workspace/install/nav2_msgs/share/nav2_msgs/srv/GetCostmap.idl
[1.954s] -- Up-to-date: /home/ros_workspace/install/nav2_msgs/share/nav2_msgs/srv/ClearCostmapExceptRegion.idl
[1.954s] -- Up-to-date: /home/ros_workspace/install/nav2_msgs/share/nav2_msgs/srv/ClearCostmapAroundRobot.idl
[1.954s] -- Up-to-date: /home/ros_workspace/install/nav2_msgs/share/nav2_msgs/srv/ClearEntireCostmap.idl
[1.955s] -- Up-to-date: /home/ros_workspace/install/nav2_msgs/share/nav2_msgs/srv/ManageLifecycleNodes.idl
[1.955s] -- Up-to-date: /home/ros_workspace/install/nav2_msgs/share/nav2_msgs/srv/LoadMap.idl
[1.955s] -- Up-to-date: /home/ros_workspace/install/nav2_msgs/share/nav2_msgs/srv/SaveMap.idl
[1.955s] -- Up-to-date: /home/ros_workspace/install/nav2_msgs/share/nav2_msgs/action/BackUp.idl
[1.956s] -- Up-to-date: /home/ros_workspace/install/nav2_msgs/share/nav2_msgs/action/ComputePathToPose.idl
[1.956s] -- Up-to-date: /home/ros_workspace/install/nav2_msgs/share/nav2_msgs/action/FollowPath.idl
[1.956s] -- Up-to-date: /home/ros_workspace/install/nav2_msgs/share/nav2_msgs/action/NavigateToPose.idl
[1.956s] -- Up-to-date: /home/ros_workspace/install/nav2_msgs/share/nav2_msgs/action/Wait.idl
[1.957s] -- Up-to-date: /home/ros_workspace/install/nav2_msgs/share/nav2_msgs/action/Spin.idl
[1.957s] -- Up-to-date: /home/ros_workspace/install/nav2_msgs/share/nav2_msgs/action/DummyRecovery.idl
[1.957s] -- Up-to-date: /home/ros_workspace/install/nav2_msgs/share/nav2_msgs/action/FollowWaypoints.idl
[1.957s] -- Up-to-date: /home/ros_workspace/install/nav2_msgs/share/nav2_msgs/msg/Costmap.msg
[1.958s] -- Up-to-date: /home/ros_workspace/install/nav2_msgs/share/nav2_msgs/msg/CostmapMetaData.msg
[1.958s] -- Up-to-date: /home/ros_workspace/install/nav2_msgs/share/nav2_msgs/msg/VoxelGrid.msg
[1.958s] -- Up-to-date: /home/ros_workspace/install/nav2_msgs/share/nav2_msgs/msg/BehaviorTreeStatusChange.msg
[1.958s] -- Up-to-date: /home/ros_workspace/install/nav2_msgs/share/nav2_msgs/msg/BehaviorTreeLog.msg
[1.958s] -- Up-to-date: /home/ros_workspace/install/nav2_msgs/share/nav2_msgs/msg/Particle.msg
[1.959s] -- Up-to-date: /home/ros_workspace/install/nav2_msgs/share/nav2_msgs/msg/ParticleCloud.msg
[1.959s] -- Up-to-date: /home/ros_workspace/install/nav2_msgs/share/nav2_msgs/srv/GetCostmap.srv
[1.959s] -- Up-to-date: /home/ros_workspace/install/nav2_msgs/share/nav2_msgs/srv/GetCostmap_Request.msg
[1.959s] -- Up-to-date: /home/ros_workspace/install/nav2_msgs/share/nav2_msgs/srv/GetCostmap_Response.msg
[1.959s] -- Up-to-date: /home/ros_workspace/install/nav2_msgs/share/nav2_msgs/srv/ClearCostmapExceptRegion.srv
[1.960s] -- Up-to-date: /home/ros_workspace/install/nav2_msgs/share/nav2_msgs/srv/ClearCostmapExceptRegion_Request.msg
[1.960s] -- Up-to-date: /home/ros_workspace/install/nav2_msgs/share/nav2_msgs/srv/ClearCostmapExceptRegion_Response.msg
[1.960s] -- Up-to-date: /home/ros_workspace/install/nav2_msgs/share/nav2_msgs/srv/ClearCostmapAroundRobot.srv
[1.960s] -- Up-to-date: /home/ros_workspace/install/nav2_msgs/share/nav2_msgs/srv/ClearCostmapAroundRobot_Request.msg
[1.961s] -- Up-to-date: /home/ros_workspace/install/nav2_msgs/share/nav2_msgs/srv/ClearCostmapAroundRobot_Response.msg
[1.961s] -- Up-to-date: /home/ros_workspace/install/nav2_msgs/share/nav2_msgs/srv/ClearEntireCostmap.srv
[1.961s] -- Up-to-date: /home/ros_workspace/install/nav2_msgs/share/nav2_msgs/srv/ClearEntireCostmap_Request.msg
[1.961s] -- Up-to-date: /home/ros_workspace/install/nav2_msgs/share/nav2_msgs/srv/ClearEntireCostmap_Response.msg
[1.962s] -- Up-to-date: /home/ros_workspace/install/nav2_msgs/share/nav2_msgs/srv/ManageLifecycleNodes.srv
[1.962s] -- Up-to-date: /home/ros_workspace/install/nav2_msgs/share/nav2_msgs/srv/ManageLifecycleNodes_Request.msg
[1.962s] -- Up-to-date: /home/ros_workspace/install/nav2_msgs/share/nav2_msgs/srv/ManageLifecycleNodes_Response.msg
[1.962s] -- Up-to-date: /home/ros_workspace/install/nav2_msgs/share/nav2_msgs/srv/LoadMap.srv
[1.962s] -- Up-to-date: /home/ros_workspace/install/nav2_msgs/share/nav2_msgs/srv/LoadMap_Request.msg
[1.962s] -- Up-to-date: /home/ros_workspace/install/nav2_msgs/share/nav2_msgs/srv/LoadMap_Response.msg
[1.963s] -- Up-to-date: /home/ros_workspace/install/nav2_msgs/share/nav2_msgs/srv/SaveMap.srv
[1.963s] -- Up-to-date: /home/ros_workspace/install/nav2_msgs/share/nav2_msgs/srv/SaveMap_Request.msg
[1.963s] -- Up-to-date: /home/ros_workspace/install/nav2_msgs/share/nav2_msgs/srv/SaveMap_Response.msg
[1.963s] -- Up-to-date: /home/ros_workspace/install/nav2_msgs/share/nav2_msgs/action/BackUp.action
[1.963s] -- Up-to-date: /home/ros_workspace/install/nav2_msgs/share/nav2_msgs/action/ComputePathToPose.action
[1.964s] -- Up-to-date: /home/ros_workspace/install/nav2_msgs/share/nav2_msgs/action/FollowPath.action
[1.964s] -- Up-to-date: /home/ros_workspace/install/nav2_msgs/share/nav2_msgs/action/NavigateToPose.action
[1.964s] -- Up-to-date: /home/ros_workspace/install/nav2_msgs/share/nav2_msgs/action/Wait.action
[1.964s] -- Up-to-date: /home/ros_workspace/install/nav2_msgs/share/nav2_msgs/action/Spin.action
[1.965s] -- Up-to-date: /home/ros_workspace/install/nav2_msgs/share/nav2_msgs/action/DummyRecovery.action
[1.970s] -- Up-to-date: /home/ros_workspace/install/nav2_msgs/share/nav2_msgs/action/FollowWaypoints.action
[1.971s] -- Up-to-date: /home/ros_workspace/install/nav2_msgs/share/ament_index/resource_index/package_run_dependencies/nav2_msgs
[1.971s] -- Up-to-date: /home/ros_workspace/install/nav2_msgs/share/ament_index/resource_index/parent_prefix_path/nav2_msgs
[1.971s] -- Up-to-date: /home/ros_workspace/install/nav2_msgs/share/nav2_msgs/environment/ament_prefix_path.sh
[1.971s] -- Up-to-date: /home/ros_workspace/install/nav2_msgs/share/nav2_msgs/environment/ament_prefix_path.dsv
[1.972s] -- Up-to-date: /home/ros_workspace/install/nav2_msgs/share/nav2_msgs/environment/path.sh
[1.972s] -- Up-to-date: /home/ros_workspace/install/nav2_msgs/share/nav2_msgs/environment/path.dsv
[1.972s] -- Up-to-date: /home/ros_workspace/install/nav2_msgs/share/nav2_msgs/local_setup.bash
[1.972s] -- Up-to-date: /home/ros_workspace/install/nav2_msgs/share/nav2_msgs/local_setup.sh
[1.973s] -- Up-to-date: /home/ros_workspace/install/nav2_msgs/share/nav2_msgs/local_setup.zsh
[1.973s] -- Up-to-date: /home/ros_workspace/install/nav2_msgs/share/nav2_msgs/local_setup.dsv
[1.973s] -- Installing: /home/ros_workspace/install/nav2_msgs/share/nav2_msgs/package.dsv
[1.973s] -- Up-to-date: /home/ros_workspace/install/nav2_msgs/share/ament_index/resource_index/packages/nav2_msgs
[1.974s] -- Up-to-date: /home/ros_workspace/install/nav2_msgs/share/nav2_msgs/cmake/nav2_msgs__rosidl_generator_cExport.cmake
[1.974s] -- Up-to-date: /home/ros_workspace/install/nav2_msgs/share/nav2_msgs/cmake/nav2_msgs__rosidl_generator_cExport-release.cmake
[1.974s] -- Up-to-date: /home/ros_workspace/install/nav2_msgs/share/nav2_msgs/cmake/nav2_msgs__rosidl_typesupport_introspection_cExport.cmake
[1.974s] -- Up-to-date: /home/ros_workspace/install/nav2_msgs/share/nav2_msgs/cmake/nav2_msgs__rosidl_typesupport_introspection_cExport-release.cmake
[1.974s] -- Up-to-date: /home/ros_workspace/install/nav2_msgs/share/nav2_msgs/cmake/nav2_msgs__rosidl_typesupport_cExport.cmake
[1.975s] -- Up-to-date: /home/ros_workspace/install/nav2_msgs/share/nav2_msgs/cmake/nav2_msgs__rosidl_typesupport_cExport-release.cmake
[1.975s] -- Up-to-date: /home/ros_workspace/install/nav2_msgs/share/nav2_msgs/cmake/nav2_msgs__rosidl_generator_cppExport.cmake
[1.975s] -- Up-to-date: /home/ros_workspace/install/nav2_msgs/share/nav2_msgs/cmake/nav2_msgs__rosidl_typesupport_introspection_cppExport.cmake
[1.975s] -- Up-to-date: /home/ros_workspace/install/nav2_msgs/share/nav2_msgs/cmake/nav2_msgs__rosidl_typesupport_introspection_cppExport-release.cmake
[1.975s] -- Up-to-date: /home/ros_workspace/install/nav2_msgs/share/nav2_msgs/cmake/nav2_msgs__rosidl_typesupport_cppExport.cmake
[1.976s] -- Up-to-date: /home/ros_workspace/install/nav2_msgs/share/nav2_msgs/cmake/nav2_msgs__rosidl_typesupport_cppExport-release.cmake
[1.976s] -- Up-to-date: /home/ros_workspace/install/nav2_msgs/share/nav2_msgs/cmake/rosidl_cmake-extras.cmake
[1.976s] -- Up-to-date: /home/ros_workspace/install/nav2_msgs/share/nav2_msgs/cmake/ament_cmake_export_dependencies-extras.cmake
[1.976s] -- Up-to-date: /home/ros_workspace/install/nav2_msgs/share/nav2_msgs/cmake/ament_cmake_export_libraries-extras.cmake
[1.976s] -- Up-to-date: /home/ros_workspace/install/nav2_msgs/share/nav2_msgs/cmake/ament_cmake_export_targets-extras.cmake
[1.977s] -- Up-to-date: /home/ros_workspace/install/nav2_msgs/share/nav2_msgs/cmake/ament_cmake_export_include_directories-extras.cmake
[1.977s] -- Up-to-date: /home/ros_workspace/install/nav2_msgs/share/nav2_msgs/cmake/rosidl_cmake_export_typesupport_libraries-extras.cmake
[1.977s] -- Up-to-date: /home/ros_workspace/install/nav2_msgs/share/nav2_msgs/cmake/rosidl_cmake_export_typesupport_targets-extras.cmake
[1.977s] -- Up-to-date: /home/ros_workspace/install/nav2_msgs/share/nav2_msgs/cmake/nav2_msgsConfig.cmake
[1.978s] -- Up-to-date: /home/ros_workspace/install/nav2_msgs/share/nav2_msgs/cmake/nav2_msgsConfig-version.cmake
[1.978s] -- Up-to-date: /home/ros_workspace/install/nav2_msgs/share/nav2_msgs/package.xml
[1.978s] Invoked command in '/home/ros_workspace/build/nav2_msgs' returned '0': CMAKE_PREFIX_PATH=/home/ros_workspace/install/nav2_common:/home/ros_workspace/install/nav2_bringup:/home/ros_workspace/install/navigation2:/home/ros_workspace/install/nav2_waypoint_follower:/home/ros_workspace/install/nav2_core:/home/ros_workspace/install/nav2_costmap_2d:/home/ros_workspace/install/nav2_voxel_grid:/home/ros_workspace/install/nav2_rviz_plugins:/home/ros_workspace/install/nav2_map_server:/home/ros_workspace/install/nav2_lifecycle_manager:/home/ros_workspace/install/nav2_bt_navigator:/home/ros_workspace/install/nav2_behavior_tree:/home/ros_workspace/install/nav2_util:/home/ros_workspace/install/mpcc_interfaces:/home/ros_workspace/install/nav2_msgs:/home/ros_workspace/install/static_collision_avoidance:/home/ros_workspace/install/simple_igoneo_commander:/home/ros_workspace/install/mpcc_local_planner:/home/ros_workspace/install/local_path_planner:/home/ros_workspace/install/dynamic_collision_avoidance:/home/ros_workspace/install/cost_map_server:/home/ros_workspace/install/nav2_gazebo_spawner:/home/ros_workspace/install/mpc_igoneo:/home/ros_workspace/install/mpc_dynamic_obstacles:/home/ros_workspace/install/igoneo_dynamic_window:/opt/ros/foxy PYTHONPATH=/home/ros_workspace/install/nav2_common/lib/python3.8/site-packages:/home/ros_workspace/install/static_collision_avoidance/lib/python3.8/site-packages:/home/ros_workspace/install/simple_igoneo_commander/lib/python3.8/site-packages:/home/ros_workspace/install/mpcc_local_planner/lib/python3.8/site-packages:/home/ros_workspace/install/local_path_planner/lib/python3.8/site-packages:/home/ros_workspace/install/dynamic_collision_avoidance/lib/python3.8/site-packages:/home/ros_workspace/install/cost_map_server/lib/python3.8/site-packages:/home/ros_workspace/install/nav2_msgs/lib/python3.8/site-packages:/home/ros_workspace/install/nav2_gazebo_spawner/lib/python3.8/site-packages:/home/ros_workspace/install/mpc_igoneo/lib/python3.8/site-packages:/home/ros_workspace/install/mpc_dynamic_obstacles/lib/python3.8/site-packages:/home/ros_workspace/install/igoneo_dynamic_window/lib/python3.8/site-packages:/opt/ros/foxy/lib/python3.8/site-packages /usr/bin/cmake --install /home/ros_workspace/build/nav2_msgs
