[0.247s] Invoking command in '/home/ros_workspace/build/mpcc_interfaces': CMAKE_PREFIX_PATH=${CMAKE_PREFIX_PATH}:/home/ros_workspace/install/static_collision_avoidance:/home/ros_workspace/install/simple_igoneo_commander:/home/ros_workspace/install/mpcc_local_planner:/home/ros_workspace/install/local_path_planner:/home/ros_workspace/install/dynamic_collision_avoidance:/home/ros_workspace/install/cost_map_server:/home/ros_workspace/install/nav2_gazebo_spawner:/home/ros_workspace/install/mpc_igoneo:/home/ros_workspace/install/mpc_dynamic_obstacles:/home/ros_workspace/install/igoneo_dynamic_window:/opt/ros/foxy /usr/bin/cmake /home/ros_workspace/src/mpcc_planner/mpcc_interfaces -DCMAKE_INSTALL_PREFIX=/home/ros_workspace/install/mpcc_interfaces
[1.729s] -- The C compiler identification is GNU 9.4.0
[2.623s] -- The CXX compiler identification is GNU 9.4.0
[2.940s] -- Check for working C compiler: /usr/bin/cc
[3.400s] -- Check for working C compiler: /usr/bin/cc -- works
[3.437s] -- Detecting C compiler ABI info
[3.603s] -- Detecting C compiler ABI info - done
[3.658s] -- Detecting C compile features
[3.666s] -- Detecting C compile features - done
[3.720s] -- Check for working CXX compiler: /usr/bin/c++
[3.851s] -- Check for working CXX compiler: /usr/bin/c++ -- works
[3.854s] -- Detecting CXX compiler ABI info
[4.012s] -- Detecting CXX compiler ABI info - done
[4.038s] -- Detecting CXX compile features
[4.039s] -- Detecting CXX compile features - done
[4.166s] -- Found ament_cmake: 0.9.11 (/opt/ros/foxy/share/ament_cmake/cmake)
[4.316s] -- Found PythonInterp: /usr/bin/python3 (found suitable version "3.8.10", minimum required is "3") 
[4.316s] -- Using PYTHON_EXECUTABLE: /usr/bin/python3
[5.054s] -- Found nav2_msgs: 0.4.7 (/home/ros_workspace/install/nav2_msgs/share/nav2_msgs/cmake)
[5.362s] -- Using all available rosidl_typesupport_c: rosidl_typesupport_fastrtps_c;rosidl_typesupport_introspection_c
[5.459s] -- Found rosidl_adapter: 1.3.0 (/opt/ros/foxy/share/rosidl_adapter/cmake)
[6.128s] -- Found OpenSSL: /usr/lib/x86_64-linux-gnu/libcrypto.so (found version "1.1.1f")  
[6.257s] -- Found FastRTPS: /opt/ros/foxy/include  
[6.617s] -- Using all available rosidl_typesupport_cpp: rosidl_typesupport_fastrtps_cpp;rosidl_typesupport_introspection_cpp
[8.718s] CMake Error at /home/ros_workspace/install/nav2_msgs/share/nav2_msgs/cmake/ament_cmake_export_libraries-extras.cmake:48 (message):
[8.718s]   Package 'nav2_msgs' exports the library 'nav2_msgs__rosidl_generator_c'
[8.718s]   which couldn't be found
[8.719s] Call Stack (most recent call first):
[8.719s]   /home/ros_workspace/install/nav2_msgs/share/nav2_msgs/cmake/nav2_msgsConfig.cmake:41 (include)
[8.719s]   CMakeLists.txt:22 (find_package)
[8.719s] 
[8.719s] 
[8.720s] -- Configuring incomplete, errors occurred!
[8.721s] See also "/home/ros_workspace/build/mpcc_interfaces/CMakeFiles/CMakeOutput.log".
[8.729s] Invoked command in '/home/ros_workspace/build/mpcc_interfaces' returned '1': CMAKE_PREFIX_PATH=${CMAKE_PREFIX_PATH}:/home/ros_workspace/install/static_collision_avoidance:/home/ros_workspace/install/simple_igoneo_commander:/home/ros_workspace/install/mpcc_local_planner:/home/ros_workspace/install/local_path_planner:/home/ros_workspace/install/dynamic_collision_avoidance:/home/ros_workspace/install/cost_map_server:/home/ros_workspace/install/nav2_gazebo_spawner:/home/ros_workspace/install/mpc_igoneo:/home/ros_workspace/install/mpc_dynamic_obstacles:/home/ros_workspace/install/igoneo_dynamic_window:/opt/ros/foxy /usr/bin/cmake /home/ros_workspace/src/mpcc_planner/mpcc_interfaces -DCMAKE_INSTALL_PREFIX=/home/ros_workspace/install/mpcc_interfaces
