[4.437s] Invoking command in '/home/ros_workspace/src/navigation2/nav2_bringup/nav2_gazebo_spawner': PYTHONPATH=/home/ros_workspace/install/nav2_gazebo_spawner/lib/python3.8/site-packages:${PYTHONPATH} /usr/bin/python3 setup.py egg_info --egg-base ../../../../build/nav2_gazebo_spawner build --build-base /home/ros_workspace/build/nav2_gazebo_spawner/build install --prefix /home/ros_workspace/install/nav2_gazebo_spawner --record /home/ros_workspace/build/nav2_gazebo_spawner/install.log --single-version-externally-managed
[5.353s] running egg_info
[5.356s] writing ../../../../build/nav2_gazebo_spawner/nav2_gazebo_spawner.egg-info/PKG-INFO
[5.358s] writing dependency_links to ../../../../build/nav2_gazebo_spawner/nav2_gazebo_spawner.egg-info/dependency_links.txt
[5.359s] writing entry points to ../../../../build/nav2_gazebo_spawner/nav2_gazebo_spawner.egg-info/entry_points.txt
[5.360s] writing requirements to ../../../../build/nav2_gazebo_spawner/nav2_gazebo_spawner.egg-info/requires.txt
[5.361s] writing top-level names to ../../../../build/nav2_gazebo_spawner/nav2_gazebo_spawner.egg-info/top_level.txt
[5.510s] reading manifest file '../../../../build/nav2_gazebo_spawner/nav2_gazebo_spawner.egg-info/SOURCES.txt'
[5.514s] writing manifest file '../../../../build/nav2_gazebo_spawner/nav2_gazebo_spawner.egg-info/SOURCES.txt'
[5.519s] running build
[5.521s] running build_py
[5.521s] running install
[5.521s] running install_lib
[5.523s] running install_data
[5.526s] running install_egg_info
[5.530s] removing '/home/ros_workspace/install/nav2_gazebo_spawner/lib/python3.8/site-packages/nav2_gazebo_spawner-0.3.0-py3.8.egg-info' (and everything under it)
[5.531s] Copying ../../../../build/nav2_gazebo_spawner/nav2_gazebo_spawner.egg-info to /home/ros_workspace/install/nav2_gazebo_spawner/lib/python3.8/site-packages/nav2_gazebo_spawner-0.3.0-py3.8.egg-info
[5.533s] running install_scripts
[5.591s] Installing nav2_gazebo_spawner script to /home/ros_workspace/install/nav2_gazebo_spawner/lib/nav2_gazebo_spawner
[5.593s] writing list of installed files to '/home/ros_workspace/build/nav2_gazebo_spawner/install.log'
[5.691s] Invoked command in '/home/ros_workspace/src/navigation2/nav2_bringup/nav2_gazebo_spawner' returned '0': PYTHONPATH=/home/ros_workspace/install/nav2_gazebo_spawner/lib/python3.8/site-packages:${PYTHONPATH} /usr/bin/python3 setup.py egg_info --egg-base ../../../../build/nav2_gazebo_spawner build --build-base /home/ros_workspace/build/nav2_gazebo_spawner/build install --prefix /home/ros_workspace/install/nav2_gazebo_spawner --record /home/ros_workspace/build/nav2_gazebo_spawner/install.log --single-version-externally-managed
