[0.435s] Invoking command in '/home/ros_workspace/build/nav2_core': AMENT_PREFIX_PATH=/home/ros_workspace/install/nav2_costmap_2d:/home/ros_workspace/install/nav2_util:/home/ros_workspace/install/nav2_voxel_grid:/home/ros_workspace/install/nav2_msgs:/home/ros_workspace/install/nav2_common:${AMENT_PREFIX_PATH} CMAKE_PREFIX_PATH=/home/ros_workspace/install/nav2_costmap_2d:/home/ros_workspace/install/nav2_util:/home/ros_workspace/install/nav2_voxel_grid:/home/ros_workspace/install/nav2_msgs:/home/ros_workspace/install/nav2_common:/opt/ros/foxy LD_LIBRARY_PATH=/home/ros_workspace/install/nav2_costmap_2d/lib:/home/ros_workspace/install/nav2_util/lib:/home/ros_workspace/install/nav2_voxel_grid/lib:/home/ros_workspace/install/nav2_msgs/lib:${LD_LIBRARY_PATH} PYTHONPATH=/home/ros_workspace/install/nav2_msgs/lib/python3.8/site-packages:/home/ros_workspace/install/nav2_common/lib/python3.8/site-packages:${PYTHONPATH} /usr/bin/cmake --build /home/ros_workspace/build/nav2_core -- -j4 -l4
[1.054s] Invoked command in '/home/ros_workspace/build/nav2_core' returned '0': AMENT_PREFIX_PATH=/home/ros_workspace/install/nav2_costmap_2d:/home/ros_workspace/install/nav2_util:/home/ros_workspace/install/nav2_voxel_grid:/home/ros_workspace/install/nav2_msgs:/home/ros_workspace/install/nav2_common:${AMENT_PREFIX_PATH} CMAKE_PREFIX_PATH=/home/ros_workspace/install/nav2_costmap_2d:/home/ros_workspace/install/nav2_util:/home/ros_workspace/install/nav2_voxel_grid:/home/ros_workspace/install/nav2_msgs:/home/ros_workspace/install/nav2_common:/opt/ros/foxy LD_LIBRARY_PATH=/home/ros_workspace/install/nav2_costmap_2d/lib:/home/ros_workspace/install/nav2_util/lib:/home/ros_workspace/install/nav2_voxel_grid/lib:/home/ros_workspace/install/nav2_msgs/lib:${LD_LIBRARY_PATH} PYTHONPATH=/home/ros_workspace/install/nav2_msgs/lib/python3.8/site-packages:/home/ros_workspace/install/nav2_common/lib/python3.8/site-packages:${PYTHONPATH} /usr/bin/cmake --build /home/ros_workspace/build/nav2_core -- -j4 -l4
[1.565s] Invoking command in '/home/ros_workspace/build/nav2_core': AMENT_PREFIX_PATH=/home/ros_workspace/install/nav2_costmap_2d:/home/ros_workspace/install/nav2_util:/home/ros_workspace/install/nav2_voxel_grid:/home/ros_workspace/install/nav2_msgs:/home/ros_workspace/install/nav2_common:${AMENT_PREFIX_PATH} CMAKE_PREFIX_PATH=/home/ros_workspace/install/nav2_costmap_2d:/home/ros_workspace/install/nav2_util:/home/ros_workspace/install/nav2_voxel_grid:/home/ros_workspace/install/nav2_msgs:/home/ros_workspace/install/nav2_common:/opt/ros/foxy LD_LIBRARY_PATH=/home/ros_workspace/install/nav2_costmap_2d/lib:/home/ros_workspace/install/nav2_util/lib:/home/ros_workspace/install/nav2_voxel_grid/lib:/home/ros_workspace/install/nav2_msgs/lib:${LD_LIBRARY_PATH} PYTHONPATH=/home/ros_workspace/install/nav2_msgs/lib/python3.8/site-packages:/home/ros_workspace/install/nav2_common/lib/python3.8/site-packages:${PYTHONPATH} /usr/bin/cmake --install /home/ros_workspace/build/nav2_core
[1.715s] -- Install configuration: "Release"
[1.715s] -- Up-to-date: /home/ros_workspace/install/nav2_core/include/
[1.716s] -- Up-to-date: /home/ros_workspace/install/nav2_core/include//nav2_core
[1.716s] -- Up-to-date: /home/ros_workspace/install/nav2_core/include//nav2_core/goal_checker.hpp
[1.716s] -- Up-to-date: /home/ros_workspace/install/nav2_core/include//nav2_core/global_planner.hpp
[1.717s] -- Up-to-date: /home/ros_workspace/install/nav2_core/include//nav2_core/exceptions.hpp
[1.718s] -- Up-to-date: /home/ros_workspace/install/nav2_core/include//nav2_core/progress_checker.hpp
[1.719s] -- Up-to-date: /home/ros_workspace/install/nav2_core/include//nav2_core/recovery.hpp
[1.719s] -- Up-to-date: /home/ros_workspace/install/nav2_core/include//nav2_core/controller.hpp
[1.719s] -- Up-to-date: /home/ros_workspace/install/nav2_core/share/ament_index/resource_index/package_run_dependencies/nav2_core
[1.731s] -- Up-to-date: /home/ros_workspace/install/nav2_core/share/ament_index/resource_index/parent_prefix_path/nav2_core
[1.732s] -- Up-to-date: /home/ros_workspace/install/nav2_core/share/nav2_core/environment/ament_prefix_path.sh
[1.733s] -- Up-to-date: /home/ros_workspace/install/nav2_core/share/nav2_core/environment/ament_prefix_path.dsv
[1.734s] -- Up-to-date: /home/ros_workspace/install/nav2_core/share/nav2_core/environment/path.sh
[1.736s] -- Up-to-date: /home/ros_workspace/install/nav2_core/share/nav2_core/environment/path.dsv
[1.738s] -- Up-to-date: /home/ros_workspace/install/nav2_core/share/nav2_core/local_setup.bash
[1.740s] -- Up-to-date: /home/ros_workspace/install/nav2_core/share/nav2_core/local_setup.sh
[1.741s] -- Up-to-date: /home/ros_workspace/install/nav2_core/share/nav2_core/local_setup.zsh
[1.742s] -- Up-to-date: /home/ros_workspace/install/nav2_core/share/nav2_core/local_setup.dsv
[1.742s] -- Installing: /home/ros_workspace/install/nav2_core/share/nav2_core/package.dsv
[1.772s] -- Up-to-date: /home/ros_workspace/install/nav2_core/share/ament_index/resource_index/packages/nav2_core
[1.772s] -- Up-to-date: /home/ros_workspace/install/nav2_core/share/nav2_core/cmake/ament_cmake_export_include_directories-extras.cmake
[1.773s] -- Up-to-date: /home/ros_workspace/install/nav2_core/share/nav2_core/cmake/ament_cmake_export_dependencies-extras.cmake
[1.773s] -- Up-to-date: /home/ros_workspace/install/nav2_core/share/nav2_core/cmake/nav2_coreConfig.cmake
[1.780s] -- Up-to-date: /home/ros_workspace/install/nav2_core/share/nav2_core/cmake/nav2_coreConfig-version.cmake
[1.780s] -- Up-to-date: /home/ros_workspace/install/nav2_core/share/nav2_core/package.xml
[1.781s] Invoked command in '/home/ros_workspace/build/nav2_core' returned '0': AMENT_PREFIX_PATH=/home/ros_workspace/install/nav2_costmap_2d:/home/ros_workspace/install/nav2_util:/home/ros_workspace/install/nav2_voxel_grid:/home/ros_workspace/install/nav2_msgs:/home/ros_workspace/install/nav2_common:${AMENT_PREFIX_PATH} CMAKE_PREFIX_PATH=/home/ros_workspace/install/nav2_costmap_2d:/home/ros_workspace/install/nav2_util:/home/ros_workspace/install/nav2_voxel_grid:/home/ros_workspace/install/nav2_msgs:/home/ros_workspace/install/nav2_common:/opt/ros/foxy LD_LIBRARY_PATH=/home/ros_workspace/install/nav2_costmap_2d/lib:/home/ros_workspace/install/nav2_util/lib:/home/ros_workspace/install/nav2_voxel_grid/lib:/home/ros_workspace/install/nav2_msgs/lib:${LD_LIBRARY_PATH} PYTHONPATH=/home/ros_workspace/install/nav2_msgs/lib/python3.8/site-packages:/home/ros_workspace/install/nav2_common/lib/python3.8/site-packages:${PYTHONPATH} /usr/bin/cmake --install /home/ros_workspace/build/nav2_core
