[7.180s] Invoking command in '/home/ros_workspace/src/mpc_dynamic_obstacles': PYTHONPATH=/home/ros_workspace/install/mpc_dynamic_obstacles/lib/python3.8/site-packages:${PYTHONPATH} /usr/bin/python3 setup.py egg_info --egg-base ../../build/mpc_dynamic_obstacles build --build-base /home/ros_workspace/build/mpc_dynamic_obstacles/build install --prefix /home/ros_workspace/install/mpc_dynamic_obstacles --record /home/ros_workspace/build/mpc_dynamic_obstacles/install.log --single-version-externally-managed
[9.074s] running egg_info
[9.079s] writing ../../build/mpc_dynamic_obstacles/mpc_dynamic_obstacles.egg-info/PKG-INFO
[9.080s] writing dependency_links to ../../build/mpc_dynamic_obstacles/mpc_dynamic_obstacles.egg-info/dependency_links.txt
[9.080s] writing entry points to ../../build/mpc_dynamic_obstacles/mpc_dynamic_obstacles.egg-info/entry_points.txt
[9.080s] writing requirements to ../../build/mpc_dynamic_obstacles/mpc_dynamic_obstacles.egg-info/requires.txt
[9.080s] writing top-level names to ../../build/mpc_dynamic_obstacles/mpc_dynamic_obstacles.egg-info/top_level.txt
[9.204s] reading manifest file '../../build/mpc_dynamic_obstacles/mpc_dynamic_obstacles.egg-info/SOURCES.txt'
[9.207s] writing manifest file '../../build/mpc_dynamic_obstacles/mpc_dynamic_obstacles.egg-info/SOURCES.txt'
[9.209s] running build
[9.209s] running build_py
[9.218s] running install
[9.218s] running install_lib
[9.222s] running install_data
[9.227s] running install_egg_info
[9.232s] removing '/home/ros_workspace/install/mpc_dynamic_obstacles/lib/python3.8/site-packages/mpc_dynamic_obstacles-0.0.0-py3.8.egg-info' (and everything under it)
[9.232s] Copying ../../build/mpc_dynamic_obstacles/mpc_dynamic_obstacles.egg-info to /home/ros_workspace/install/mpc_dynamic_obstacles/lib/python3.8/site-packages/mpc_dynamic_obstacles-0.0.0-py3.8.egg-info
[9.238s] running install_scripts
[9.327s] Installing mpc_dyn_obst script to /home/ros_workspace/install/mpc_dynamic_obstacles/lib/mpc_dynamic_obstacles
[9.328s] writing list of installed files to '/home/ros_workspace/build/mpc_dynamic_obstacles/install.log'
[9.479s] Invoked command in '/home/ros_workspace/src/mpc_dynamic_obstacles' returned '0': PYTHONPATH=/home/ros_workspace/install/mpc_dynamic_obstacles/lib/python3.8/site-packages:${PYTHONPATH} /usr/bin/python3 setup.py egg_info --egg-base ../../build/mpc_dynamic_obstacles build --build-base /home/ros_workspace/build/mpc_dynamic_obstacles/build install --prefix /home/ros_workspace/install/mpc_dynamic_obstacles --record /home/ros_workspace/build/mpc_dynamic_obstacles/install.log --single-version-externally-managed
