[0.038s] Invoking command in '/home/ros_workspace/build/nav2_map_server': CMAKE_PREFIX_PATH=/home/ros_workspace/install/nav2_util:/home/ros_workspace/install/nav2_msgs:/home/ros_workspace/install/nav2_common:/home/ros_workspace/install/nav2_bringup:/home/ros_workspace/install/navigation2:/home/ros_workspace/install/nav2_waypoint_follower:/home/ros_workspace/install/nav2_core:/home/ros_workspace/install/nav2_costmap_2d:/home/ros_workspace/install/nav2_voxel_grid:/home/ros_workspace/install/nav2_rviz_plugins:/home/ros_workspace/install/nav2_map_server:/home/ros_workspace/install/nav2_lifecycle_manager:/home/ros_workspace/install/nav2_bt_navigator:/home/ros_workspace/install/nav2_behavior_tree:/home/ros_workspace/install/mpcc_interfaces:/home/ros_workspace/install/static_collision_avoidance:/home/ros_workspace/install/simple_igoneo_commander:/home/ros_workspace/install/mpcc_local_planner:/home/ros_workspace/install/local_path_planner:/home/ros_workspace/install/dynamic_collision_avoidance:/home/ros_workspace/install/cost_map_server:/home/ros_workspace/install/nav2_gazebo_spawner:/home/ros_workspace/install/mpc_igoneo:/home/ros_workspace/install/mpc_dynamic_obstacles:/home/ros_workspace/install/igoneo_dynamic_window:/opt/ros/foxy LD_LIBRARY_PATH=/home/ros_workspace/install/nav2_util/lib:/home/ros_workspace/install/nav2_msgs/lib:/home/ros_workspace/install/nav2_waypoint_follower/lib:/home/ros_workspace/install/nav2_costmap_2d/lib:/home/ros_workspace/install/nav2_voxel_grid/lib:/home/ros_workspace/install/nav2_rviz_plugins/lib:/home/ros_workspace/install/nav2_map_server/lib:/home/ros_workspace/install/nav2_lifecycle_manager/lib:/home/ros_workspace/install/nav2_bt_navigator/lib:/home/ros_workspace/install/nav2_behavior_tree/lib:/opt/ros/foxy/opt/yaml_cpp_vendor/lib:/opt/ros/foxy/opt/rviz_ogre_vendor/lib:/opt/ros/foxy/lib/x86_64-linux-gnu:/opt/ros/foxy/lib PYTHONPATH=/home/ros_workspace/install/nav2_msgs/lib/python3.8/site-packages:/home/ros_workspace/install/nav2_common/lib/python3.8/site-packages:/home/ros_workspace/install/static_collision_avoidance/lib/python3.8/site-packages:/home/ros_workspace/install/simple_igoneo_commander/lib/python3.8/site-packages:/home/ros_workspace/install/mpcc_local_planner/lib/python3.8/site-packages:/home/ros_workspace/install/local_path_planner/lib/python3.8/site-packages:/home/ros_workspace/install/dynamic_collision_avoidance/lib/python3.8/site-packages:/home/ros_workspace/install/cost_map_server/lib/python3.8/site-packages:/home/ros_workspace/install/nav2_gazebo_spawner/lib/python3.8/site-packages:/home/ros_workspace/install/mpc_igoneo/lib/python3.8/site-packages:/home/ros_workspace/install/mpc_dynamic_obstacles/lib/python3.8/site-packages:/home/ros_workspace/install/igoneo_dynamic_window/lib/python3.8/site-packages:/opt/ros/foxy/lib/python3.8/site-packages /usr/bin/cmake /home/ros_workspace/src/navigation2/nav2_map_server -DCMAKE_INSTALL_PREFIX=/home/ros_workspace/install/nav2_map_server
[0.110s] -- The C compiler identification is GNU 9.4.0
[0.182s] -- The CXX compiler identification is GNU 9.4.0
[0.189s] -- Check for working C compiler: /usr/bin/cc
[0.284s] -- Check for working C compiler: /usr/bin/cc -- works
[0.285s] -- Detecting C compiler ABI info
[0.378s] -- Detecting C compiler ABI info - done
[0.402s] -- Detecting C compile features
[0.403s] -- Detecting C compile features - done
[0.408s] -- Check for working CXX compiler: /usr/bin/c++
[0.521s] -- Check for working CXX compiler: /usr/bin/c++ -- works
[0.523s] -- Detecting CXX compiler ABI info
[0.638s] -- Detecting CXX compiler ABI info - done
[0.664s] -- Detecting CXX compile features
[0.666s] -- Detecting CXX compile features - done
[0.675s] -- Found ament_cmake: 0.9.11 (/opt/ros/foxy/share/ament_cmake/cmake)
[0.725s] -- Found PythonInterp: /usr/bin/python3 (found suitable version "3.8.10", minimum required is "3") 
[0.725s] -- Using PYTHON_EXECUTABLE: /usr/bin/python3
[1.082s] -- Found nav2_common: 0.4.7 (/home/ros_workspace/install/nav2_common/share/nav2_common/cmake)
[1.088s] -- Found rclcpp: 2.4.2 (/opt/ros/foxy/share/rclcpp/cmake)
[1.199s] -- Using all available rosidl_typesupport_c: rosidl_typesupport_fastrtps_c;rosidl_typesupport_introspection_c
[1.222s] -- Found rosidl_adapter: 1.3.0 (/opt/ros/foxy/share/rosidl_adapter/cmake)
[1.397s] -- Found OpenSSL: /usr/lib/x86_64-linux-gnu/libcrypto.so (found version "1.1.1f")  
[1.474s] -- Found FastRTPS: /opt/ros/foxy/include  
[1.655s] -- Using all available rosidl_typesupport_cpp: rosidl_typesupport_fastrtps_cpp;rosidl_typesupport_introspection_cpp
[1.783s] -- Found rmw_implementation_cmake: 1.0.3 (/opt/ros/foxy/share/rmw_implementation_cmake/cmake)
[1.789s] -- Using RMW implementation 'rmw_fastrtps_cpp' as default
[1.790s] -- Looking for pthread.h
[1.914s] -- Looking for pthread.h - found
[1.914s] -- Performing Test CMAKE_HAVE_LIBC_PTHREAD
[2.089s] -- Performing Test CMAKE_HAVE_LIBC_PTHREAD - Failed
[2.089s] -- Looking for pthread_create in pthreads
[2.204s] -- Looking for pthread_create in pthreads - not found
[2.204s] -- Looking for pthread_create in pthread
[2.338s] -- Looking for pthread_create in pthread - found
[2.340s] -- Found Threads: TRUE  
[2.634s] -- Found rclcpp_lifecycle: 2.4.2 (/opt/ros/foxy/share/rclcpp_lifecycle/cmake)
[2.718s] -- Found nav_msgs: 2.0.5 (/opt/ros/foxy/share/nav_msgs/cmake)
[2.997s] -- Found nav2_msgs: 0.4.7 (/home/ros_workspace/install/nav2_msgs/share/nav2_msgs/cmake)
[3.538s] -- Found yaml_cpp_vendor: 7.0.3 (/opt/ros/foxy/share/yaml_cpp_vendor/cmake)
[3.542s] -- Setting yaml-cpp_DIR to: '/opt/ros/foxy/share/yaml_cpp_vendor/cmake/../../../opt/yaml_cpp_vendor/lib/cmake/yaml-cpp'
[3.553s] -- Found tf2: 0.13.13 (/opt/ros/foxy/share/tf2/cmake)
[3.583s] -- Found nav2_util: 0.4.7 (/home/ros_workspace/install/nav2_util/share/nav2_util/cmake)
[4.437s] -- Found eigen3_cmake_module: 0.1.1 (/opt/ros/foxy/share/eigen3_cmake_module/cmake)
[4.448s] -- Found Eigen3: TRUE (found version "3.3.7") 
[4.801s] -- Found GRAPHICSMAGICKCPP: /usr/include/GraphicsMagick  
[4.801s] -- Setting build type to Release as none was specified.
[6.132s] -- Found ament_lint_auto: 0.9.7 (/opt/ros/foxy/share/ament_lint_auto/cmake)
[6.460s] -- Found gtest sources under '/opt/ros/foxy/src/gtest_vendor': C++ tests using 'Google Test' will be built
[6.464s] -- Check if compiler accepts -pthread
[6.642s] -- Check if compiler accepts -pthread - yes
[6.652s] -- Found gtest sources under '/opt/ros/foxy/src/gtest_vendor': C++ tests using 'Google Test' will be built
[6.675s] -- Found gtest sources under '/opt/ros/foxy/src/gtest_vendor': C++ tests using 'Google Test' will be built
[6.703s] -- Added test 'cppcheck' to perform static code analysis on C / C++ code
[6.705s] -- Configured cppcheck include dirs: /home/ros_workspace/src/navigation2/nav2_map_server/include
[6.705s] -- Configured cppcheck exclude dirs and/or files: 
[6.712s] -- Added test 'cpplint' to check C / C++ code against the Google style
[6.712s] -- Configured cpplint exclude dirs and/or files: 
[6.715s] -- Added test 'flake8' to check Python code syntax and style conventions
[6.717s] -- Added test 'lint_cmake' to check CMake code style
[6.719s] -- Added test 'pep257' to check Python code against some of the style conventions in PEP 257
[6.725s] -- Added test 'uncrustify' to check C / C++ code style
[6.725s] -- Configured uncrustify additional arguments: 
[6.728s] -- Added test 'xmllint' to check XML markup files
[6.747s] -- Configuring done
[7.517s] -- Generating done
[7.536s] -- Build files have been written to: /home/ros_workspace/build/nav2_map_server
[7.561s] Invoked command in '/home/ros_workspace/build/nav2_map_server' returned '0': CMAKE_PREFIX_PATH=/home/ros_workspace/install/nav2_util:/home/ros_workspace/install/nav2_msgs:/home/ros_workspace/install/nav2_common:/home/ros_workspace/install/nav2_bringup:/home/ros_workspace/install/navigation2:/home/ros_workspace/install/nav2_waypoint_follower:/home/ros_workspace/install/nav2_core:/home/ros_workspace/install/nav2_costmap_2d:/home/ros_workspace/install/nav2_voxel_grid:/home/ros_workspace/install/nav2_rviz_plugins:/home/ros_workspace/install/nav2_map_server:/home/ros_workspace/install/nav2_lifecycle_manager:/home/ros_workspace/install/nav2_bt_navigator:/home/ros_workspace/install/nav2_behavior_tree:/home/ros_workspace/install/mpcc_interfaces:/home/ros_workspace/install/static_collision_avoidance:/home/ros_workspace/install/simple_igoneo_commander:/home/ros_workspace/install/mpcc_local_planner:/home/ros_workspace/install/local_path_planner:/home/ros_workspace/install/dynamic_collision_avoidance:/home/ros_workspace/install/cost_map_server:/home/ros_workspace/install/nav2_gazebo_spawner:/home/ros_workspace/install/mpc_igoneo:/home/ros_workspace/install/mpc_dynamic_obstacles:/home/ros_workspace/install/igoneo_dynamic_window:/opt/ros/foxy LD_LIBRARY_PATH=/home/ros_workspace/install/nav2_util/lib:/home/ros_workspace/install/nav2_msgs/lib:/home/ros_workspace/install/nav2_waypoint_follower/lib:/home/ros_workspace/install/nav2_costmap_2d/lib:/home/ros_workspace/install/nav2_voxel_grid/lib:/home/ros_workspace/install/nav2_rviz_plugins/lib:/home/ros_workspace/install/nav2_map_server/lib:/home/ros_workspace/install/nav2_lifecycle_manager/lib:/home/ros_workspace/install/nav2_bt_navigator/lib:/home/ros_workspace/install/nav2_behavior_tree/lib:/opt/ros/foxy/opt/yaml_cpp_vendor/lib:/opt/ros/foxy/opt/rviz_ogre_vendor/lib:/opt/ros/foxy/lib/x86_64-linux-gnu:/opt/ros/foxy/lib PYTHONPATH=/home/ros_workspace/install/nav2_msgs/lib/python3.8/site-packages:/home/ros_workspace/install/nav2_common/lib/python3.8/site-packages:/home/ros_workspace/install/static_collision_avoidance/lib/python3.8/site-packages:/home/ros_workspace/install/simple_igoneo_commander/lib/python3.8/site-packages:/home/ros_workspace/install/mpcc_local_planner/lib/python3.8/site-packages:/home/ros_workspace/install/local_path_planner/lib/python3.8/site-packages:/home/ros_workspace/install/dynamic_collision_avoidance/lib/python3.8/site-packages:/home/ros_workspace/install/cost_map_server/lib/python3.8/site-packages:/home/ros_workspace/install/nav2_gazebo_spawner/lib/python3.8/site-packages:/home/ros_workspace/install/mpc_igoneo/lib/python3.8/site-packages:/home/ros_workspace/install/mpc_dynamic_obstacles/lib/python3.8/site-packages:/home/ros_workspace/install/igoneo_dynamic_window/lib/python3.8/site-packages:/opt/ros/foxy/lib/python3.8/site-packages /usr/bin/cmake /home/ros_workspace/src/navigation2/nav2_map_server -DCMAKE_INSTALL_PREFIX=/home/ros_workspace/install/nav2_map_server
[7.563s] Invoking command in '/home/ros_workspace/build/nav2_map_server': CMAKE_PREFIX_PATH=/home/ros_workspace/install/nav2_util:/home/ros_workspace/install/nav2_msgs:/home/ros_workspace/install/nav2_common:/home/ros_workspace/install/nav2_bringup:/home/ros_workspace/install/navigation2:/home/ros_workspace/install/nav2_waypoint_follower:/home/ros_workspace/install/nav2_core:/home/ros_workspace/install/nav2_costmap_2d:/home/ros_workspace/install/nav2_voxel_grid:/home/ros_workspace/install/nav2_rviz_plugins:/home/ros_workspace/install/nav2_map_server:/home/ros_workspace/install/nav2_lifecycle_manager:/home/ros_workspace/install/nav2_bt_navigator:/home/ros_workspace/install/nav2_behavior_tree:/home/ros_workspace/install/mpcc_interfaces:/home/ros_workspace/install/static_collision_avoidance:/home/ros_workspace/install/simple_igoneo_commander:/home/ros_workspace/install/mpcc_local_planner:/home/ros_workspace/install/local_path_planner:/home/ros_workspace/install/dynamic_collision_avoidance:/home/ros_workspace/install/cost_map_server:/home/ros_workspace/install/nav2_gazebo_spawner:/home/ros_workspace/install/mpc_igoneo:/home/ros_workspace/install/mpc_dynamic_obstacles:/home/ros_workspace/install/igoneo_dynamic_window:/opt/ros/foxy LD_LIBRARY_PATH=/home/ros_workspace/install/nav2_util/lib:/home/ros_workspace/install/nav2_msgs/lib:/home/ros_workspace/install/nav2_waypoint_follower/lib:/home/ros_workspace/install/nav2_costmap_2d/lib:/home/ros_workspace/install/nav2_voxel_grid/lib:/home/ros_workspace/install/nav2_rviz_plugins/lib:/home/ros_workspace/install/nav2_map_server/lib:/home/ros_workspace/install/nav2_lifecycle_manager/lib:/home/ros_workspace/install/nav2_bt_navigator/lib:/home/ros_workspace/install/nav2_behavior_tree/lib:/opt/ros/foxy/opt/yaml_cpp_vendor/lib:/opt/ros/foxy/opt/rviz_ogre_vendor/lib:/opt/ros/foxy/lib/x86_64-linux-gnu:/opt/ros/foxy/lib PYTHONPATH=/home/ros_workspace/install/nav2_msgs/lib/python3.8/site-packages:/home/ros_workspace/install/nav2_common/lib/python3.8/site-packages:/home/ros_workspace/install/static_collision_avoidance/lib/python3.8/site-packages:/home/ros_workspace/install/simple_igoneo_commander/lib/python3.8/site-packages:/home/ros_workspace/install/mpcc_local_planner/lib/python3.8/site-packages:/home/ros_workspace/install/local_path_planner/lib/python3.8/site-packages:/home/ros_workspace/install/dynamic_collision_avoidance/lib/python3.8/site-packages:/home/ros_workspace/install/cost_map_server/lib/python3.8/site-packages:/home/ros_workspace/install/nav2_gazebo_spawner/lib/python3.8/site-packages:/home/ros_workspace/install/mpc_igoneo/lib/python3.8/site-packages:/home/ros_workspace/install/mpc_dynamic_obstacles/lib/python3.8/site-packages:/home/ros_workspace/install/igoneo_dynamic_window/lib/python3.8/site-packages:/opt/ros/foxy/lib/python3.8/site-packages /usr/bin/cmake --build /home/ros_workspace/build/nav2_map_server -- -j8 -l8
[7.744s] [35m[1mScanning dependencies of target map_io[0m
[7.761s] [35m[1mScanning dependencies of target gtest[0m
[7.787s] [35m[1mScanning dependencies of target gtest_main[0m
[7.869s] [  3%] [32mBuilding CXX object gtest/CMakeFiles/gtest.dir/src/gtest-all.cc.o[0m
[7.924s] [  6%] [32mBuilding CXX object gtest/CMakeFiles/gtest_main.dir/src/gtest_main.cc.o[0m
[7.990s] [  9%] [32mBuilding CXX object CMakeFiles/map_io.dir/src/map_mode.cpp.o[0m
[8.028s] [ 12%] [32mBuilding CXX object CMakeFiles/map_io.dir/src/map_io.cpp.o[0m
[10.267s] [ 16%] [32m[1mLinking CXX static library libgtest_main.a[0m
[10.489s] [ 16%] Built target gtest_main
[16.353s] [ 19%] [32m[1mLinking CXX shared library libmap_io.so[0m
[16.855s] [ 19%] Built target map_io
[16.899s] [35m[1mScanning dependencies of target map_server_core[0m
[16.915s] [35m[1mScanning dependencies of target test_map_saver_publisher[0m
[17.087s] [ 22%] [32mBuilding CXX object CMakeFiles/map_server_core.dir/src/map_saver/map_saver.cpp.o[0m
[17.093s] [ 25%] [32mBuilding CXX object test/component/CMakeFiles/test_map_saver_publisher.dir/test_map_saver_publisher.cpp.o[0m
[17.106s] [ 29%] [32mBuilding CXX object test/component/CMakeFiles/test_map_saver_publisher.dir/__/test_constants.cpp.o[0m
[17.109s] [ 32%] [32mBuilding CXX object CMakeFiles/map_server_core.dir/src/map_server/map_server.cpp.o[0m
[21.988s] [ 35%] [32m[1mLinking CXX static library libgtest.a[0m
[22.059s] [ 35%] Built target gtest
[22.095s] [35m[1mScanning dependencies of target test_map_saver_cli[0m
[22.106s] [35m[1mScanning dependencies of target test_map_io[0m
[22.325s] [ 38%] [32mBuilding CXX object test/unit/CMakeFiles/test_map_io.dir/test_map_io.cpp.o[0m
[22.353s] [ 41%] [32mBuilding CXX object test/unit/CMakeFiles/test_map_io.dir/__/test_constants.cpp.o[0m
[22.530s] [ 45%] [32mBuilding CXX object test/map_saver_cli/CMakeFiles/test_map_saver_cli.dir/test_map_saver_cli.cpp.o[0m
[22.545s] [ 48%] [32mBuilding CXX object test/map_saver_cli/CMakeFiles/test_map_saver_cli.dir/__/test_constants.cpp.o[0m
[26.928s] [ 51%] [32m[1mLinking CXX executable test_map_saver_publisher[0m
[27.652s] [ 51%] Built target test_map_saver_publisher
[35.547s] [ 54%] [32m[1mLinking CXX executable test_map_io[0m
[36.086s] [ 58%] [32m[1mLinking CXX executable test_map_saver_cli[0m
[36.810s] [ 58%] Built target test_map_io
[37.219s] [ 58%] Built target test_map_saver_cli
[37.275s] [ 61%] [32m[1mLinking CXX shared library libmap_server_core.so[0m
[38.078s] [ 61%] Built target map_server_core
[38.137s] [35m[1mScanning dependencies of target map_server[0m
[38.428s] [ 64%] [32mBuilding CXX object CMakeFiles/map_server.dir/src/map_server/main.cpp.o[0m
[43.543s] [ 67%] [32m[1mLinking CXX executable map_server[0m
[44.026s] [ 67%] Built target map_server
[44.046s] [35m[1mScanning dependencies of target test_map_server_node[0m
[44.156s] [ 70%] [32mBuilding CXX object test/component/CMakeFiles/test_map_server_node.dir/test_map_server_node.cpp.o[0m
[50.735s] [ 74%] [32mBuilding CXX object test/component/CMakeFiles/test_map_server_node.dir/__/test_constants.cpp.o[0m
[50.881s] [ 77%] [32m[1mLinking CXX executable test_map_server_node[0m
[51.163s] [ 77%] Built target test_map_server_node
[51.177s] [35m[1mScanning dependencies of target test_map_saver_node[0m
[51.258s] [ 80%] [32mBuilding CXX object test/component/CMakeFiles/test_map_saver_node.dir/test_map_saver_node.cpp.o[0m
[57.388s] [ 83%] [32mBuilding CXX object test/component/CMakeFiles/test_map_saver_node.dir/__/test_constants.cpp.o[0m
[57.613s] [ 87%] [32m[1mLinking CXX executable test_map_saver_node[0m
[58.021s] [ 87%] Built target test_map_saver_node
[58.047s] [35m[1mScanning dependencies of target map_saver_server[0m
[58.164s] [ 90%] [32mBuilding CXX object CMakeFiles/map_saver_server.dir/src/map_saver/main_server.cpp.o[0m
[60.957s] [ 93%] [32m[1mLinking CXX executable map_saver_server[0m
[61.290s] [ 93%] Built target map_saver_server
[61.309s] [35m[1mScanning dependencies of target map_saver_cli[0m
[61.376s] [ 96%] [32mBuilding CXX object CMakeFiles/map_saver_cli.dir/src/map_saver/main_cli.cpp.o[0m
[64.297s] [100%] [32m[1mLinking CXX executable map_saver_cli[0m
[64.787s] [100%] Built target map_saver_cli
[64.811s] Invoked command in '/home/ros_workspace/build/nav2_map_server' returned '0': CMAKE_PREFIX_PATH=/home/ros_workspace/install/nav2_util:/home/ros_workspace/install/nav2_msgs:/home/ros_workspace/install/nav2_common:/home/ros_workspace/install/nav2_bringup:/home/ros_workspace/install/navigation2:/home/ros_workspace/install/nav2_waypoint_follower:/home/ros_workspace/install/nav2_core:/home/ros_workspace/install/nav2_costmap_2d:/home/ros_workspace/install/nav2_voxel_grid:/home/ros_workspace/install/nav2_rviz_plugins:/home/ros_workspace/install/nav2_map_server:/home/ros_workspace/install/nav2_lifecycle_manager:/home/ros_workspace/install/nav2_bt_navigator:/home/ros_workspace/install/nav2_behavior_tree:/home/ros_workspace/install/mpcc_interfaces:/home/ros_workspace/install/static_collision_avoidance:/home/ros_workspace/install/simple_igoneo_commander:/home/ros_workspace/install/mpcc_local_planner:/home/ros_workspace/install/local_path_planner:/home/ros_workspace/install/dynamic_collision_avoidance:/home/ros_workspace/install/cost_map_server:/home/ros_workspace/install/nav2_gazebo_spawner:/home/ros_workspace/install/mpc_igoneo:/home/ros_workspace/install/mpc_dynamic_obstacles:/home/ros_workspace/install/igoneo_dynamic_window:/opt/ros/foxy LD_LIBRARY_PATH=/home/ros_workspace/install/nav2_util/lib:/home/ros_workspace/install/nav2_msgs/lib:/home/ros_workspace/install/nav2_waypoint_follower/lib:/home/ros_workspace/install/nav2_costmap_2d/lib:/home/ros_workspace/install/nav2_voxel_grid/lib:/home/ros_workspace/install/nav2_rviz_plugins/lib:/home/ros_workspace/install/nav2_map_server/lib:/home/ros_workspace/install/nav2_lifecycle_manager/lib:/home/ros_workspace/install/nav2_bt_navigator/lib:/home/ros_workspace/install/nav2_behavior_tree/lib:/opt/ros/foxy/opt/yaml_cpp_vendor/lib:/opt/ros/foxy/opt/rviz_ogre_vendor/lib:/opt/ros/foxy/lib/x86_64-linux-gnu:/opt/ros/foxy/lib PYTHONPATH=/home/ros_workspace/install/nav2_msgs/lib/python3.8/site-packages:/home/ros_workspace/install/nav2_common/lib/python3.8/site-packages:/home/ros_workspace/install/static_collision_avoidance/lib/python3.8/site-packages:/home/ros_workspace/install/simple_igoneo_commander/lib/python3.8/site-packages:/home/ros_workspace/install/mpcc_local_planner/lib/python3.8/site-packages:/home/ros_workspace/install/local_path_planner/lib/python3.8/site-packages:/home/ros_workspace/install/dynamic_collision_avoidance/lib/python3.8/site-packages:/home/ros_workspace/install/cost_map_server/lib/python3.8/site-packages:/home/ros_workspace/install/nav2_gazebo_spawner/lib/python3.8/site-packages:/home/ros_workspace/install/mpc_igoneo/lib/python3.8/site-packages:/home/ros_workspace/install/mpc_dynamic_obstacles/lib/python3.8/site-packages:/home/ros_workspace/install/igoneo_dynamic_window/lib/python3.8/site-packages:/opt/ros/foxy/lib/python3.8/site-packages /usr/bin/cmake --build /home/ros_workspace/build/nav2_map_server -- -j8 -l8
[64.913s] Invoking command in '/home/ros_workspace/build/nav2_map_server': CMAKE_PREFIX_PATH=/home/ros_workspace/install/nav2_util:/home/ros_workspace/install/nav2_msgs:/home/ros_workspace/install/nav2_common:/home/ros_workspace/install/nav2_bringup:/home/ros_workspace/install/navigation2:/home/ros_workspace/install/nav2_waypoint_follower:/home/ros_workspace/install/nav2_core:/home/ros_workspace/install/nav2_costmap_2d:/home/ros_workspace/install/nav2_voxel_grid:/home/ros_workspace/install/nav2_rviz_plugins:/home/ros_workspace/install/nav2_map_server:/home/ros_workspace/install/nav2_lifecycle_manager:/home/ros_workspace/install/nav2_bt_navigator:/home/ros_workspace/install/nav2_behavior_tree:/home/ros_workspace/install/mpcc_interfaces:/home/ros_workspace/install/static_collision_avoidance:/home/ros_workspace/install/simple_igoneo_commander:/home/ros_workspace/install/mpcc_local_planner:/home/ros_workspace/install/local_path_planner:/home/ros_workspace/install/dynamic_collision_avoidance:/home/ros_workspace/install/cost_map_server:/home/ros_workspace/install/nav2_gazebo_spawner:/home/ros_workspace/install/mpc_igoneo:/home/ros_workspace/install/mpc_dynamic_obstacles:/home/ros_workspace/install/igoneo_dynamic_window:/opt/ros/foxy LD_LIBRARY_PATH=/home/ros_workspace/install/nav2_util/lib:/home/ros_workspace/install/nav2_msgs/lib:/home/ros_workspace/install/nav2_waypoint_follower/lib:/home/ros_workspace/install/nav2_costmap_2d/lib:/home/ros_workspace/install/nav2_voxel_grid/lib:/home/ros_workspace/install/nav2_rviz_plugins/lib:/home/ros_workspace/install/nav2_map_server/lib:/home/ros_workspace/install/nav2_lifecycle_manager/lib:/home/ros_workspace/install/nav2_bt_navigator/lib:/home/ros_workspace/install/nav2_behavior_tree/lib:/opt/ros/foxy/opt/yaml_cpp_vendor/lib:/opt/ros/foxy/opt/rviz_ogre_vendor/lib:/opt/ros/foxy/lib/x86_64-linux-gnu:/opt/ros/foxy/lib PYTHONPATH=/home/ros_workspace/install/nav2_msgs/lib/python3.8/site-packages:/home/ros_workspace/install/nav2_common/lib/python3.8/site-packages:/home/ros_workspace/install/static_collision_avoidance/lib/python3.8/site-packages:/home/ros_workspace/install/simple_igoneo_commander/lib/python3.8/site-packages:/home/ros_workspace/install/mpcc_local_planner/lib/python3.8/site-packages:/home/ros_workspace/install/local_path_planner/lib/python3.8/site-packages:/home/ros_workspace/install/dynamic_collision_avoidance/lib/python3.8/site-packages:/home/ros_workspace/install/cost_map_server/lib/python3.8/site-packages:/home/ros_workspace/install/nav2_gazebo_spawner/lib/python3.8/site-packages:/home/ros_workspace/install/mpc_igoneo/lib/python3.8/site-packages:/home/ros_workspace/install/mpc_dynamic_obstacles/lib/python3.8/site-packages:/home/ros_workspace/install/igoneo_dynamic_window/lib/python3.8/site-packages:/opt/ros/foxy/lib/python3.8/site-packages /usr/bin/cmake --install /home/ros_workspace/build/nav2_map_server
[64.927s] -- Install configuration: "Release"
[64.927s] -- Installing: /home/ros_workspace/install/nav2_map_server/lib/libmap_server_core.so
[64.930s] -- Set runtime path of "/home/ros_workspace/install/nav2_map_server/lib/libmap_server_core.so" to ""
[64.931s] -- Installing: /home/ros_workspace/install/nav2_map_server/lib/libmap_io.so
[64.932s] -- Set runtime path of "/home/ros_workspace/install/nav2_map_server/lib/libmap_io.so" to ""
[64.933s] -- Installing: /home/ros_workspace/install/nav2_map_server/lib/nav2_map_server/map_server
[64.933s] -- Set runtime path of "/home/ros_workspace/install/nav2_map_server/lib/nav2_map_server/map_server" to ""
[64.933s] -- Installing: /home/ros_workspace/install/nav2_map_server/lib/nav2_map_server/map_saver_cli
[64.934s] -- Set runtime path of "/home/ros_workspace/install/nav2_map_server/lib/nav2_map_server/map_saver_cli" to ""
[64.934s] -- Installing: /home/ros_workspace/install/nav2_map_server/lib/nav2_map_server/map_saver_server
[64.935s] -- Set runtime path of "/home/ros_workspace/install/nav2_map_server/lib/nav2_map_server/map_saver_server" to ""
[64.936s] -- Up-to-date: /home/ros_workspace/install/nav2_map_server/include/
[64.936s] -- Up-to-date: /home/ros_workspace/install/nav2_map_server/include//nav2_map_server
[64.936s] -- Installing: /home/ros_workspace/install/nav2_map_server/include//nav2_map_server/map_saver.hpp
[64.937s] -- Installing: /home/ros_workspace/install/nav2_map_server/include//nav2_map_server/map_server.hpp
[64.937s] -- Installing: /home/ros_workspace/install/nav2_map_server/include//nav2_map_server/map_io.hpp
[64.938s] -- Installing: /home/ros_workspace/install/nav2_map_server/include//nav2_map_server/map_mode.hpp
[64.939s] -- Up-to-date: /home/ros_workspace/install/nav2_map_server/share/nav2_map_server/launch
[64.939s] -- Installing: /home/ros_workspace/install/nav2_map_server/share/nav2_map_server/launch/map_saver_server.launch.py
[64.939s] -- Installing: /home/ros_workspace/install/nav2_map_server/share/nav2_map_server/environment/library_path.sh
[64.940s] -- Installing: /home/ros_workspace/install/nav2_map_server/share/nav2_map_server/environment/library_path.dsv
[64.940s] -- Installing: /home/ros_workspace/install/nav2_map_server/share/ament_index/resource_index/package_run_dependencies/nav2_map_server
[64.940s] -- Installing: /home/ros_workspace/install/nav2_map_server/share/ament_index/resource_index/parent_prefix_path/nav2_map_server
[64.941s] -- Installing: /home/ros_workspace/install/nav2_map_server/share/nav2_map_server/environment/ament_prefix_path.sh
[64.941s] -- Installing: /home/ros_workspace/install/nav2_map_server/share/nav2_map_server/environment/ament_prefix_path.dsv
[64.941s] -- Installing: /home/ros_workspace/install/nav2_map_server/share/nav2_map_server/environment/path.sh
[64.941s] -- Installing: /home/ros_workspace/install/nav2_map_server/share/nav2_map_server/environment/path.dsv
[64.942s] -- Installing: /home/ros_workspace/install/nav2_map_server/share/nav2_map_server/local_setup.bash
[64.942s] -- Installing: /home/ros_workspace/install/nav2_map_server/share/nav2_map_server/local_setup.sh
[64.942s] -- Installing: /home/ros_workspace/install/nav2_map_server/share/nav2_map_server/local_setup.zsh
[64.943s] -- Installing: /home/ros_workspace/install/nav2_map_server/share/nav2_map_server/local_setup.dsv
[64.943s] -- Installing: /home/ros_workspace/install/nav2_map_server/share/nav2_map_server/package.dsv
[64.943s] -- Installing: /home/ros_workspace/install/nav2_map_server/share/ament_index/resource_index/packages/nav2_map_server
[64.944s] -- Installing: /home/ros_workspace/install/nav2_map_server/share/nav2_map_server/cmake/ament_cmake_export_include_directories-extras.cmake
[64.944s] -- Installing: /home/ros_workspace/install/nav2_map_server/share/nav2_map_server/cmake/ament_cmake_export_libraries-extras.cmake
[64.944s] -- Installing: /home/ros_workspace/install/nav2_map_server/share/nav2_map_server/cmake/nav2_map_serverConfig.cmake
[64.945s] -- Installing: /home/ros_workspace/install/nav2_map_server/share/nav2_map_server/cmake/nav2_map_serverConfig-version.cmake
[64.946s] -- Installing: /home/ros_workspace/install/nav2_map_server/share/nav2_map_server/package.xml
[64.955s] Invoked command in '/home/ros_workspace/build/nav2_map_server' returned '0': CMAKE_PREFIX_PATH=/home/ros_workspace/install/nav2_util:/home/ros_workspace/install/nav2_msgs:/home/ros_workspace/install/nav2_common:/home/ros_workspace/install/nav2_bringup:/home/ros_workspace/install/navigation2:/home/ros_workspace/install/nav2_waypoint_follower:/home/ros_workspace/install/nav2_core:/home/ros_workspace/install/nav2_costmap_2d:/home/ros_workspace/install/nav2_voxel_grid:/home/ros_workspace/install/nav2_rviz_plugins:/home/ros_workspace/install/nav2_map_server:/home/ros_workspace/install/nav2_lifecycle_manager:/home/ros_workspace/install/nav2_bt_navigator:/home/ros_workspace/install/nav2_behavior_tree:/home/ros_workspace/install/mpcc_interfaces:/home/ros_workspace/install/static_collision_avoidance:/home/ros_workspace/install/simple_igoneo_commander:/home/ros_workspace/install/mpcc_local_planner:/home/ros_workspace/install/local_path_planner:/home/ros_workspace/install/dynamic_collision_avoidance:/home/ros_workspace/install/cost_map_server:/home/ros_workspace/install/nav2_gazebo_spawner:/home/ros_workspace/install/mpc_igoneo:/home/ros_workspace/install/mpc_dynamic_obstacles:/home/ros_workspace/install/igoneo_dynamic_window:/opt/ros/foxy LD_LIBRARY_PATH=/home/ros_workspace/install/nav2_util/lib:/home/ros_workspace/install/nav2_msgs/lib:/home/ros_workspace/install/nav2_waypoint_follower/lib:/home/ros_workspace/install/nav2_costmap_2d/lib:/home/ros_workspace/install/nav2_voxel_grid/lib:/home/ros_workspace/install/nav2_rviz_plugins/lib:/home/ros_workspace/install/nav2_map_server/lib:/home/ros_workspace/install/nav2_lifecycle_manager/lib:/home/ros_workspace/install/nav2_bt_navigator/lib:/home/ros_workspace/install/nav2_behavior_tree/lib:/opt/ros/foxy/opt/yaml_cpp_vendor/lib:/opt/ros/foxy/opt/rviz_ogre_vendor/lib:/opt/ros/foxy/lib/x86_64-linux-gnu:/opt/ros/foxy/lib PYTHONPATH=/home/ros_workspace/install/nav2_msgs/lib/python3.8/site-packages:/home/ros_workspace/install/nav2_common/lib/python3.8/site-packages:/home/ros_workspace/install/static_collision_avoidance/lib/python3.8/site-packages:/home/ros_workspace/install/simple_igoneo_commander/lib/python3.8/site-packages:/home/ros_workspace/install/mpcc_local_planner/lib/python3.8/site-packages:/home/ros_workspace/install/local_path_planner/lib/python3.8/site-packages:/home/ros_workspace/install/dynamic_collision_avoidance/lib/python3.8/site-packages:/home/ros_workspace/install/cost_map_server/lib/python3.8/site-packages:/home/ros_workspace/install/nav2_gazebo_spawner/lib/python3.8/site-packages:/home/ros_workspace/install/mpc_igoneo/lib/python3.8/site-packages:/home/ros_workspace/install/mpc_dynamic_obstacles/lib/python3.8/site-packages:/home/ros_workspace/install/igoneo_dynamic_window/lib/python3.8/site-packages:/opt/ros/foxy/lib/python3.8/site-packages /usr/bin/cmake --install /home/ros_workspace/build/nav2_map_server
