[4.702s] Invoking command in '/home/ros_workspace/src/mpc_dynamic_obstacles': PYTHONPATH=/home/ros_workspace/install/mpc_dynamic_obstacles/lib/python3.8/site-packages:${PYTHONPATH} /usr/bin/python3 setup.py egg_info --egg-base ../../build/mpc_dynamic_obstacles build --build-base /home/ros_workspace/build/mpc_dynamic_obstacles/build install --prefix /home/ros_workspace/install/mpc_dynamic_obstacles --record /home/ros_workspace/build/mpc_dynamic_obstacles/install.log --single-version-externally-managed
[5.973s] running egg_info
[5.973s] writing ../../build/mpc_dynamic_obstacles/mpc_dynamic_obstacles.egg-info/PKG-INFO
[5.973s] writing dependency_links to ../../build/mpc_dynamic_obstacles/mpc_dynamic_obstacles.egg-info/dependency_links.txt
[5.974s] writing entry points to ../../build/mpc_dynamic_obstacles/mpc_dynamic_obstacles.egg-info/entry_points.txt
[5.975s] writing requirements to ../../build/mpc_dynamic_obstacles/mpc_dynamic_obstacles.egg-info/requires.txt
[5.975s] writing top-level names to ../../build/mpc_dynamic_obstacles/mpc_dynamic_obstacles.egg-info/top_level.txt
[6.147s] reading manifest file '../../build/mpc_dynamic_obstacles/mpc_dynamic_obstacles.egg-info/SOURCES.txt'
[6.149s] writing manifest file '../../build/mpc_dynamic_obstacles/mpc_dynamic_obstacles.egg-info/SOURCES.txt'
[6.149s] running build
[6.150s] running build_py
[6.156s] running install
[6.156s] running install_lib
[6.159s] running install_data
[6.160s] running install_egg_info
[6.173s] removing '/home/ros_workspace/install/mpc_dynamic_obstacles/lib/python3.8/site-packages/mpc_dynamic_obstacles-0.0.0-py3.8.egg-info' (and everything under it)
[6.175s] Copying ../../build/mpc_dynamic_obstacles/mpc_dynamic_obstacles.egg-info to /home/ros_workspace/install/mpc_dynamic_obstacles/lib/python3.8/site-packages/mpc_dynamic_obstacles-0.0.0-py3.8.egg-info
[6.186s] running install_scripts
[6.296s] Installing mpc_dyn_obst script to /home/ros_workspace/install/mpc_dynamic_obstacles/lib/mpc_dynamic_obstacles
[6.298s] writing list of installed files to '/home/ros_workspace/build/mpc_dynamic_obstacles/install.log'
[6.402s] Invoked command in '/home/ros_workspace/src/mpc_dynamic_obstacles' returned '0': PYTHONPATH=/home/ros_workspace/install/mpc_dynamic_obstacles/lib/python3.8/site-packages:${PYTHONPATH} /usr/bin/python3 setup.py egg_info --egg-base ../../build/mpc_dynamic_obstacles build --build-base /home/ros_workspace/build/mpc_dynamic_obstacles/build install --prefix /home/ros_workspace/install/mpc_dynamic_obstacles --record /home/ros_workspace/build/mpc_dynamic_obstacles/install.log --single-version-externally-managed
