[0.165s] Invoking command in '/home/ros_workspace/build/nav2_map_server': AMENT_PREFIX_PATH=/home/ros_workspace/install/nav2_util:/home/ros_workspace/install/nav2_msgs:/home/ros_workspace/install/nav2_common:${AMENT_PREFIX_PATH} CMAKE_PREFIX_PATH=/home/ros_workspace/install/nav2_util:/home/ros_workspace/install/nav2_msgs:/home/ros_workspace/install/nav2_common:/opt/ros/foxy LD_LIBRARY_PATH=/home/ros_workspace/install/nav2_util/lib:/home/ros_workspace/install/nav2_msgs/lib:${LD_LIBRARY_PATH} PYTHONPATH=/home/ros_workspace/install/nav2_msgs/lib/python3.8/site-packages:/home/ros_workspace/install/nav2_common/lib/python3.8/site-packages:${PYTHONPATH} /usr/bin/cmake --build /home/ros_workspace/build/nav2_map_server -- -j4 -l4
[0.947s] [  9%] Built target map_io
[1.258s] [ 16%] Built target gtest_main
[1.617s] [ 25%] Built target test_map_saver_publisher
[1.873s] [ 35%] Built target map_server_core
[2.077s] [ 41%] Built target gtest
[2.393s] [ 48%] Built target map_saver_server
[2.609s] [ 58%] Built target test_map_io
[2.925s] [ 67%] Built target test_map_saver_node
[3.404s] [ 77%] Built target test_map_server_node
[3.798s] [ 87%] Built target test_map_saver_cli
[4.122s] [ 93%] Built target map_saver_cli
[4.625s] [100%] Built target map_server
[4.716s] Invoked command in '/home/ros_workspace/build/nav2_map_server' returned '0': AMENT_PREFIX_PATH=/home/ros_workspace/install/nav2_util:/home/ros_workspace/install/nav2_msgs:/home/ros_workspace/install/nav2_common:${AMENT_PREFIX_PATH} CMAKE_PREFIX_PATH=/home/ros_workspace/install/nav2_util:/home/ros_workspace/install/nav2_msgs:/home/ros_workspace/install/nav2_common:/opt/ros/foxy LD_LIBRARY_PATH=/home/ros_workspace/install/nav2_util/lib:/home/ros_workspace/install/nav2_msgs/lib:${LD_LIBRARY_PATH} PYTHONPATH=/home/ros_workspace/install/nav2_msgs/lib/python3.8/site-packages:/home/ros_workspace/install/nav2_common/lib/python3.8/site-packages:${PYTHONPATH} /usr/bin/cmake --build /home/ros_workspace/build/nav2_map_server -- -j4 -l4
[5.419s] Invoking command in '/home/ros_workspace/build/nav2_map_server': AMENT_PREFIX_PATH=/home/ros_workspace/install/nav2_util:/home/ros_workspace/install/nav2_msgs:/home/ros_workspace/install/nav2_common:${AMENT_PREFIX_PATH} CMAKE_PREFIX_PATH=/home/ros_workspace/install/nav2_util:/home/ros_workspace/install/nav2_msgs:/home/ros_workspace/install/nav2_common:/opt/ros/foxy LD_LIBRARY_PATH=/home/ros_workspace/install/nav2_util/lib:/home/ros_workspace/install/nav2_msgs/lib:${LD_LIBRARY_PATH} PYTHONPATH=/home/ros_workspace/install/nav2_msgs/lib/python3.8/site-packages:/home/ros_workspace/install/nav2_common/lib/python3.8/site-packages:${PYTHONPATH} /usr/bin/cmake --install /home/ros_workspace/build/nav2_map_server
[5.481s] -- Install configuration: "Release"
[5.508s] -- Up-to-date: /home/ros_workspace/install/nav2_map_server/lib/libmap_server_core.so
[5.524s] -- Up-to-date: /home/ros_workspace/install/nav2_map_server/lib/libmap_io.so
[5.538s] -- Up-to-date: /home/ros_workspace/install/nav2_map_server/lib/nav2_map_server/map_server
[5.554s] -- Up-to-date: /home/ros_workspace/install/nav2_map_server/lib/nav2_map_server/map_saver_cli
[5.574s] -- Up-to-date: /home/ros_workspace/install/nav2_map_server/lib/nav2_map_server/map_saver_server
[5.575s] -- Up-to-date: /home/ros_workspace/install/nav2_map_server/include/
[5.576s] -- Up-to-date: /home/ros_workspace/install/nav2_map_server/include//nav2_map_server
[5.576s] -- Up-to-date: /home/ros_workspace/install/nav2_map_server/include//nav2_map_server/map_io.hpp
[5.577s] -- Up-to-date: /home/ros_workspace/install/nav2_map_server/include//nav2_map_server/map_mode.hpp
[5.577s] -- Up-to-date: /home/ros_workspace/install/nav2_map_server/include//nav2_map_server/map_saver.hpp
[5.578s] -- Up-to-date: /home/ros_workspace/install/nav2_map_server/include//nav2_map_server/map_server.hpp
[5.578s] -- Up-to-date: /home/ros_workspace/install/nav2_map_server/share/nav2_map_server/launch
[5.578s] -- Up-to-date: /home/ros_workspace/install/nav2_map_server/share/nav2_map_server/launch/map_saver_server.launch.py
[5.578s] -- Up-to-date: /home/ros_workspace/install/nav2_map_server/share/nav2_map_server/environment/library_path.sh
[5.579s] -- Up-to-date: /home/ros_workspace/install/nav2_map_server/share/nav2_map_server/environment/library_path.dsv
[5.579s] -- Up-to-date: /home/ros_workspace/install/nav2_map_server/share/ament_index/resource_index/package_run_dependencies/nav2_map_server
[5.579s] -- Up-to-date: /home/ros_workspace/install/nav2_map_server/share/ament_index/resource_index/parent_prefix_path/nav2_map_server
[5.579s] -- Up-to-date: /home/ros_workspace/install/nav2_map_server/share/nav2_map_server/environment/ament_prefix_path.sh
[5.580s] -- Up-to-date: /home/ros_workspace/install/nav2_map_server/share/nav2_map_server/environment/ament_prefix_path.dsv
[5.581s] -- Up-to-date: /home/ros_workspace/install/nav2_map_server/share/nav2_map_server/environment/path.sh
[5.589s] -- Up-to-date: /home/ros_workspace/install/nav2_map_server/share/nav2_map_server/environment/path.dsv
[5.590s] -- Up-to-date: /home/ros_workspace/install/nav2_map_server/share/nav2_map_server/local_setup.bash
[5.590s] -- Up-to-date: /home/ros_workspace/install/nav2_map_server/share/nav2_map_server/local_setup.sh
[5.590s] -- Up-to-date: /home/ros_workspace/install/nav2_map_server/share/nav2_map_server/local_setup.zsh
[5.591s] -- Up-to-date: /home/ros_workspace/install/nav2_map_server/share/nav2_map_server/local_setup.dsv
[5.594s] -- Installing: /home/ros_workspace/install/nav2_map_server/share/nav2_map_server/package.dsv
[5.597s] -- Up-to-date: /home/ros_workspace/install/nav2_map_server/share/ament_index/resource_index/packages/nav2_map_server
[5.597s] -- Up-to-date: /home/ros_workspace/install/nav2_map_server/share/nav2_map_server/cmake/ament_cmake_export_include_directories-extras.cmake
[5.598s] -- Up-to-date: /home/ros_workspace/install/nav2_map_server/share/nav2_map_server/cmake/ament_cmake_export_libraries-extras.cmake
[5.598s] -- Up-to-date: /home/ros_workspace/install/nav2_map_server/share/nav2_map_server/cmake/nav2_map_serverConfig.cmake
[5.601s] -- Up-to-date: /home/ros_workspace/install/nav2_map_server/share/nav2_map_server/cmake/nav2_map_serverConfig-version.cmake
[5.602s] -- Up-to-date: /home/ros_workspace/install/nav2_map_server/share/nav2_map_server/package.xml
[5.640s] Invoked command in '/home/ros_workspace/build/nav2_map_server' returned '0': AMENT_PREFIX_PATH=/home/ros_workspace/install/nav2_util:/home/ros_workspace/install/nav2_msgs:/home/ros_workspace/install/nav2_common:${AMENT_PREFIX_PATH} CMAKE_PREFIX_PATH=/home/ros_workspace/install/nav2_util:/home/ros_workspace/install/nav2_msgs:/home/ros_workspace/install/nav2_common:/opt/ros/foxy LD_LIBRARY_PATH=/home/ros_workspace/install/nav2_util/lib:/home/ros_workspace/install/nav2_msgs/lib:${LD_LIBRARY_PATH} PYTHONPATH=/home/ros_workspace/install/nav2_msgs/lib/python3.8/site-packages:/home/ros_workspace/install/nav2_common/lib/python3.8/site-packages:${PYTHONPATH} /usr/bin/cmake --install /home/ros_workspace/build/nav2_map_server
