[0.218s] Invoking command in '/home/ros_workspace/build/nav2_msgs': AMENT_PREFIX_PATH=/home/ros_workspace/install/nav2_common:${AMENT_PREFIX_PATH} CMAKE_PREFIX_PATH=/home/ros_workspace/install/nav2_common:/opt/ros/foxy PYTHONPATH=/home/ros_workspace/install/nav2_common/lib/python3.8/site-packages:${PYTHONPATH} /usr/bin/cmake --build /home/ros_workspace/build/nav2_msgs -- -j4 -l4
[0.975s] [  0%] Built target nav2_msgs__cpp
[1.069s] [ 12%] Built target nav2_msgs__rosidl_generator_c
[1.142s] [ 24%] Built target nav2_msgs__rosidl_typesupport_cpp
[1.273s] [ 36%] Built target nav2_msgs__rosidl_typesupport_c
[1.318s] [ 49%] Built target nav2_msgs__rosidl_typesupport_introspection_cpp
[1.337s] [ 61%] Built target nav2_msgs__rosidl_typesupport_fastrtps_cpp
[1.380s] [ 73%] Built target nav2_msgs__rosidl_typesupport_introspection_c
[1.551s] [ 85%] Built target nav2_msgs__rosidl_typesupport_fastrtps_c
[1.687s] [ 85%] Built target nav2_msgs
[1.821s] [ 86%] Built target nav2_msgs__py
[2.117s] [ 97%] Built target nav2_msgs__python
[2.301s] [ 98%] Built target nav2_msgs__rosidl_typesupport_c__pyext
[2.310s] [ 99%] Built target nav2_msgs__rosidl_typesupport_fastrtps_c__pyext
[2.366s] [100%] Built target nav2_msgs__rosidl_typesupport_introspection_c__pyext
[2.399s] Invoked command in '/home/ros_workspace/build/nav2_msgs' returned '0': AMENT_PREFIX_PATH=/home/ros_workspace/install/nav2_common:${AMENT_PREFIX_PATH} CMAKE_PREFIX_PATH=/home/ros_workspace/install/nav2_common:/opt/ros/foxy PYTHONPATH=/home/ros_workspace/install/nav2_common/lib/python3.8/site-packages:${PYTHONPATH} /usr/bin/cmake --build /home/ros_workspace/build/nav2_msgs -- -j4 -l4
[6.158s] Invoking command in '/home/ros_workspace/build/nav2_msgs': AMENT_PREFIX_PATH=/home/ros_workspace/install/nav2_common:${AMENT_PREFIX_PATH} CMAKE_PREFIX_PATH=/home/ros_workspace/install/nav2_common:/opt/ros/foxy PYTHONPATH=/home/ros_workspace/install/nav2_common/lib/python3.8/site-packages:${PYTHONPATH} /usr/bin/cmake --install /home/ros_workspace/build/nav2_msgs
[6.223s] -- Install configuration: "Release"
[6.223s] -- Up-to-date: /home/ros_workspace/install/nav2_msgs/share/ament_index/resource_index/rosidl_interfaces/nav2_msgs
[6.258s] -- Up-to-date: /home/ros_workspace/install/nav2_msgs/include/nav2_msgs
[6.259s] -- Up-to-date: /home/ros_workspace/install/nav2_msgs/include/nav2_msgs/action
[6.259s] -- Up-to-date: /home/ros_workspace/install/nav2_msgs/include/nav2_msgs/action/spin.h
[6.259s] -- Up-to-date: /home/ros_workspace/install/nav2_msgs/include/nav2_msgs/action/back_up.h
[6.259s] -- Up-to-date: /home/ros_workspace/install/nav2_msgs/include/nav2_msgs/action/detail
[6.260s] -- Up-to-date: /home/ros_workspace/install/nav2_msgs/include/nav2_msgs/action/detail/back_up__functions.c
[6.260s] -- Up-to-date: /home/ros_workspace/install/nav2_msgs/include/nav2_msgs/action/detail/spin__functions.c
[6.260s] -- Up-to-date: /home/ros_workspace/install/nav2_msgs/include/nav2_msgs/action/detail/follow_path__functions.h
[6.260s] -- Up-to-date: /home/ros_workspace/install/nav2_msgs/include/nav2_msgs/action/detail/compute_path_to_pose__struct.h
[6.268s] -- Up-to-date: /home/ros_workspace/install/nav2_msgs/include/nav2_msgs/action/detail/follow_waypoints__type_support.h
[6.268s] -- Up-to-date: /home/ros_workspace/install/nav2_msgs/include/nav2_msgs/action/detail/wait__type_support.h
[6.269s] -- Up-to-date: /home/ros_workspace/install/nav2_msgs/include/nav2_msgs/action/detail/wait__functions.c
[6.270s] -- Up-to-date: /home/ros_workspace/install/nav2_msgs/include/nav2_msgs/action/detail/dummy_recovery__type_support.h
[6.271s] -- Up-to-date: /home/ros_workspace/install/nav2_msgs/include/nav2_msgs/action/detail/navigate_to_pose__type_support.h
[6.276s] -- Up-to-date: /home/ros_workspace/install/nav2_msgs/include/nav2_msgs/action/detail/follow_path__struct.h
[6.277s] -- Up-to-date: /home/ros_workspace/install/nav2_msgs/include/nav2_msgs/action/detail/back_up__functions.h
[6.278s] -- Up-to-date: /home/ros_workspace/install/nav2_msgs/include/nav2_msgs/action/detail/spin__struct.h
[6.279s] -- Up-to-date: /home/ros_workspace/install/nav2_msgs/include/nav2_msgs/action/detail/navigate_to_pose__functions.h
[6.288s] -- Up-to-date: /home/ros_workspace/install/nav2_msgs/include/nav2_msgs/action/detail/follow_waypoints__functions.c
[6.289s] -- Up-to-date: /home/ros_workspace/install/nav2_msgs/include/nav2_msgs/action/detail/compute_path_to_pose__functions.h
[6.289s] -- Up-to-date: /home/ros_workspace/install/nav2_msgs/include/nav2_msgs/action/detail/dummy_recovery__functions.c
[6.291s] -- Up-to-date: /home/ros_workspace/install/nav2_msgs/include/nav2_msgs/action/detail/dummy_recovery__struct.h
[6.291s] -- Up-to-date: /home/ros_workspace/install/nav2_msgs/include/nav2_msgs/action/detail/navigate_to_pose__functions.c
[6.292s] -- Up-to-date: /home/ros_workspace/install/nav2_msgs/include/nav2_msgs/action/detail/navigate_to_pose__struct.h
[6.296s] -- Up-to-date: /home/ros_workspace/install/nav2_msgs/include/nav2_msgs/action/detail/dummy_recovery__functions.h
[6.298s] -- Up-to-date: /home/ros_workspace/install/nav2_msgs/include/nav2_msgs/action/detail/follow_path__functions.c
[6.300s] -- Up-to-date: /home/ros_workspace/install/nav2_msgs/include/nav2_msgs/action/detail/back_up__struct.h
[6.302s] -- Up-to-date: /home/ros_workspace/install/nav2_msgs/include/nav2_msgs/action/detail/compute_path_to_pose__functions.c
[6.307s] -- Up-to-date: /home/ros_workspace/install/nav2_msgs/include/nav2_msgs/action/detail/spin__type_support.h
[6.307s] -- Up-to-date: /home/ros_workspace/install/nav2_msgs/include/nav2_msgs/action/detail/wait__functions.h
[6.308s] -- Up-to-date: /home/ros_workspace/install/nav2_msgs/include/nav2_msgs/action/detail/wait__struct.h
[6.308s] -- Up-to-date: /home/ros_workspace/install/nav2_msgs/include/nav2_msgs/action/detail/spin__functions.h
[6.319s] -- Up-to-date: /home/ros_workspace/install/nav2_msgs/include/nav2_msgs/action/detail/follow_waypoints__struct.h
[6.327s] -- Up-to-date: /home/ros_workspace/install/nav2_msgs/include/nav2_msgs/action/detail/back_up__type_support.h
[6.328s] -- Up-to-date: /home/ros_workspace/install/nav2_msgs/include/nav2_msgs/action/detail/compute_path_to_pose__type_support.h
[6.330s] -- Up-to-date: /home/ros_workspace/install/nav2_msgs/include/nav2_msgs/action/detail/follow_path__type_support.h
[6.331s] -- Up-to-date: /home/ros_workspace/install/nav2_msgs/include/nav2_msgs/action/detail/follow_waypoints__functions.h
[6.332s] -- Up-to-date: /home/ros_workspace/install/nav2_msgs/include/nav2_msgs/action/wait.h
[6.332s] -- Up-to-date: /home/ros_workspace/install/nav2_msgs/include/nav2_msgs/action/follow_waypoints.h
[6.339s] -- Up-to-date: /home/ros_workspace/install/nav2_msgs/include/nav2_msgs/action/navigate_to_pose.h
[6.339s] -- Up-to-date: /home/ros_workspace/install/nav2_msgs/include/nav2_msgs/action/compute_path_to_pose.h
[6.340s] -- Up-to-date: /home/ros_workspace/install/nav2_msgs/include/nav2_msgs/action/dummy_recovery.h
[6.340s] -- Up-to-date: /home/ros_workspace/install/nav2_msgs/include/nav2_msgs/action/follow_path.h
[6.341s] -- Up-to-date: /home/ros_workspace/install/nav2_msgs/include/nav2_msgs/msg
[6.341s] -- Up-to-date: /home/ros_workspace/install/nav2_msgs/include/nav2_msgs/msg/voxel_grid.h
[6.342s] -- Up-to-date: /home/ros_workspace/install/nav2_msgs/include/nav2_msgs/msg/behavior_tree_status_change.h
[6.343s] -- Up-to-date: /home/ros_workspace/install/nav2_msgs/include/nav2_msgs/msg/particle.h
[6.344s] -- Up-to-date: /home/ros_workspace/install/nav2_msgs/include/nav2_msgs/msg/rosidl_generator_c__visibility_control.h
[6.344s] -- Up-to-date: /home/ros_workspace/install/nav2_msgs/include/nav2_msgs/msg/detail
[6.345s] -- Up-to-date: /home/ros_workspace/install/nav2_msgs/include/nav2_msgs/msg/detail/costmap_meta_data__struct.h
[6.346s] -- Up-to-date: /home/ros_workspace/install/nav2_msgs/include/nav2_msgs/msg/detail/costmap_meta_data__functions.c
[6.346s] -- Up-to-date: /home/ros_workspace/install/nav2_msgs/include/nav2_msgs/msg/detail/particle__functions.c
[6.350s] -- Up-to-date: /home/ros_workspace/install/nav2_msgs/include/nav2_msgs/msg/detail/voxel_grid__struct.h
[6.356s] -- Up-to-date: /home/ros_workspace/install/nav2_msgs/include/nav2_msgs/msg/detail/behavior_tree_log__struct.h
[6.357s] -- Up-to-date: /home/ros_workspace/install/nav2_msgs/include/nav2_msgs/msg/detail/voxel_grid__type_support.h
[6.358s] -- Up-to-date: /home/ros_workspace/install/nav2_msgs/include/nav2_msgs/msg/detail/particle__functions.h
[6.363s] -- Up-to-date: /home/ros_workspace/install/nav2_msgs/include/nav2_msgs/msg/detail/behavior_tree_log__functions.h
[6.363s] -- Up-to-date: /home/ros_workspace/install/nav2_msgs/include/nav2_msgs/msg/detail/particle_cloud__struct.h
[6.364s] -- Up-to-date: /home/ros_workspace/install/nav2_msgs/include/nav2_msgs/msg/detail/costmap__functions.c
[6.365s] -- Up-to-date: /home/ros_workspace/install/nav2_msgs/include/nav2_msgs/msg/detail/behavior_tree_status_change__functions.h
[6.366s] -- Up-to-date: /home/ros_workspace/install/nav2_msgs/include/nav2_msgs/msg/detail/voxel_grid__functions.c
[6.367s] -- Up-to-date: /home/ros_workspace/install/nav2_msgs/include/nav2_msgs/msg/detail/costmap_meta_data__functions.h
[6.368s] -- Up-to-date: /home/ros_workspace/install/nav2_msgs/include/nav2_msgs/msg/detail/costmap__functions.h
[6.370s] -- Up-to-date: /home/ros_workspace/install/nav2_msgs/include/nav2_msgs/msg/detail/costmap_meta_data__type_support.h
[6.395s] -- Up-to-date: /home/ros_workspace/install/nav2_msgs/include/nav2_msgs/msg/detail/costmap__type_support.h
[6.396s] -- Up-to-date: /home/ros_workspace/install/nav2_msgs/include/nav2_msgs/msg/detail/behavior_tree_status_change__struct.h
[6.397s] -- Up-to-date: /home/ros_workspace/install/nav2_msgs/include/nav2_msgs/msg/detail/behavior_tree_status_change__functions.c
[6.407s] -- Up-to-date: /home/ros_workspace/install/nav2_msgs/include/nav2_msgs/msg/detail/behavior_tree_log__functions.c
[6.409s] -- Up-to-date: /home/ros_workspace/install/nav2_msgs/include/nav2_msgs/msg/detail/behavior_tree_log__type_support.h
[6.409s] -- Up-to-date: /home/ros_workspace/install/nav2_msgs/include/nav2_msgs/msg/detail/voxel_grid__functions.h
[6.410s] -- Up-to-date: /home/ros_workspace/install/nav2_msgs/include/nav2_msgs/msg/detail/particle__struct.h
[6.412s] -- Up-to-date: /home/ros_workspace/install/nav2_msgs/include/nav2_msgs/msg/detail/particle__type_support.h
[6.413s] -- Up-to-date: /home/ros_workspace/install/nav2_msgs/include/nav2_msgs/msg/detail/particle_cloud__type_support.h
[6.415s] -- Up-to-date: /home/ros_workspace/install/nav2_msgs/include/nav2_msgs/msg/detail/costmap__struct.h
[6.416s] -- Up-to-date: /home/ros_workspace/install/nav2_msgs/include/nav2_msgs/msg/detail/particle_cloud__functions.c
[6.416s] -- Up-to-date: /home/ros_workspace/install/nav2_msgs/include/nav2_msgs/msg/detail/behavior_tree_status_change__type_support.h
[6.417s] -- Up-to-date: /home/ros_workspace/install/nav2_msgs/include/nav2_msgs/msg/detail/particle_cloud__functions.h
[6.419s] -- Up-to-date: /home/ros_workspace/install/nav2_msgs/include/nav2_msgs/msg/behavior_tree_log.h
[6.419s] -- Up-to-date: /home/ros_workspace/install/nav2_msgs/include/nav2_msgs/msg/costmap_meta_data.h
[6.420s] -- Up-to-date: /home/ros_workspace/install/nav2_msgs/include/nav2_msgs/msg/particle_cloud.h
[6.421s] -- Up-to-date: /home/ros_workspace/install/nav2_msgs/include/nav2_msgs/msg/costmap.h
[6.421s] -- Up-to-date: /home/ros_workspace/install/nav2_msgs/include/nav2_msgs/srv
[6.422s] -- Up-to-date: /home/ros_workspace/install/nav2_msgs/include/nav2_msgs/srv/clear_costmap_except_region.h
[6.422s] -- Up-to-date: /home/ros_workspace/install/nav2_msgs/include/nav2_msgs/srv/save_map.h
[6.434s] -- Up-to-date: /home/ros_workspace/install/nav2_msgs/include/nav2_msgs/srv/manage_lifecycle_nodes.h
[6.444s] -- Up-to-date: /home/ros_workspace/install/nav2_msgs/include/nav2_msgs/srv/detail
[6.444s] -- Up-to-date: /home/ros_workspace/install/nav2_msgs/include/nav2_msgs/srv/detail/clear_costmap_except_region__struct.h
[6.448s] -- Up-to-date: /home/ros_workspace/install/nav2_msgs/include/nav2_msgs/srv/detail/clear_costmap_except_region__type_support.h
[6.449s] -- Up-to-date: /home/ros_workspace/install/nav2_msgs/include/nav2_msgs/srv/detail/clear_costmap_around_robot__functions.h
[6.451s] -- Up-to-date: /home/ros_workspace/install/nav2_msgs/include/nav2_msgs/srv/detail/clear_entire_costmap__functions.h
[6.451s] -- Up-to-date: /home/ros_workspace/install/nav2_msgs/include/nav2_msgs/srv/detail/save_map__functions.c
[6.457s] -- Up-to-date: /home/ros_workspace/install/nav2_msgs/include/nav2_msgs/srv/detail/load_map__type_support.h
[6.458s] -- Up-to-date: /home/ros_workspace/install/nav2_msgs/include/nav2_msgs/srv/detail/load_map__struct.h
[6.476s] -- Up-to-date: /home/ros_workspace/install/nav2_msgs/include/nav2_msgs/srv/detail/load_map__functions.c
[6.479s] -- Up-to-date: /home/ros_workspace/install/nav2_msgs/include/nav2_msgs/srv/detail/clear_costmap_except_region__functions.c
[6.487s] -- Up-to-date: /home/ros_workspace/install/nav2_msgs/include/nav2_msgs/srv/detail/get_costmap__type_support.h
[6.488s] -- Up-to-date: /home/ros_workspace/install/nav2_msgs/include/nav2_msgs/srv/detail/manage_lifecycle_nodes__struct.h
[6.491s] -- Up-to-date: /home/ros_workspace/install/nav2_msgs/include/nav2_msgs/srv/detail/manage_lifecycle_nodes__functions.c
[6.491s] -- Up-to-date: /home/ros_workspace/install/nav2_msgs/include/nav2_msgs/srv/detail/clear_costmap_around_robot__struct.h
[6.492s] -- Up-to-date: /home/ros_workspace/install/nav2_msgs/include/nav2_msgs/srv/detail/manage_lifecycle_nodes__functions.h
[6.492s] -- Up-to-date: /home/ros_workspace/install/nav2_msgs/include/nav2_msgs/srv/detail/get_costmap__functions.h
[6.493s] -- Up-to-date: /home/ros_workspace/install/nav2_msgs/include/nav2_msgs/srv/detail/save_map__functions.h
[6.493s] -- Up-to-date: /home/ros_workspace/install/nav2_msgs/include/nav2_msgs/srv/detail/load_map__functions.h
[6.493s] -- Up-to-date: /home/ros_workspace/install/nav2_msgs/include/nav2_msgs/srv/detail/clear_costmap_except_region__functions.h
[6.494s] -- Up-to-date: /home/ros_workspace/install/nav2_msgs/include/nav2_msgs/srv/detail/clear_costmap_around_robot__functions.c
[6.495s] -- Up-to-date: /home/ros_workspace/install/nav2_msgs/include/nav2_msgs/srv/detail/save_map__struct.h
[6.497s] -- Up-to-date: /home/ros_workspace/install/nav2_msgs/include/nav2_msgs/srv/detail/get_costmap__functions.c
[6.498s] -- Up-to-date: /home/ros_workspace/install/nav2_msgs/include/nav2_msgs/srv/detail/clear_entire_costmap__functions.c
[6.498s] -- Up-to-date: /home/ros_workspace/install/nav2_msgs/include/nav2_msgs/srv/detail/clear_costmap_around_robot__type_support.h
[6.499s] -- Up-to-date: /home/ros_workspace/install/nav2_msgs/include/nav2_msgs/srv/detail/get_costmap__struct.h
[6.505s] -- Up-to-date: /home/ros_workspace/install/nav2_msgs/include/nav2_msgs/srv/detail/clear_entire_costmap__type_support.h
[6.506s] -- Up-to-date: /home/ros_workspace/install/nav2_msgs/include/nav2_msgs/srv/detail/manage_lifecycle_nodes__type_support.h
[6.507s] -- Up-to-date: /home/ros_workspace/install/nav2_msgs/include/nav2_msgs/srv/detail/clear_entire_costmap__struct.h
[6.510s] -- Up-to-date: /home/ros_workspace/install/nav2_msgs/include/nav2_msgs/srv/detail/save_map__type_support.h
[6.511s] -- Up-to-date: /home/ros_workspace/install/nav2_msgs/include/nav2_msgs/srv/clear_entire_costmap.h
[6.511s] -- Up-to-date: /home/ros_workspace/install/nav2_msgs/include/nav2_msgs/srv/clear_costmap_around_robot.h
[6.512s] -- Up-to-date: /home/ros_workspace/install/nav2_msgs/include/nav2_msgs/srv/get_costmap.h
[6.512s] -- Up-to-date: /home/ros_workspace/install/nav2_msgs/include/nav2_msgs/srv/load_map.h
[6.513s] -- Up-to-date: /home/ros_workspace/install/nav2_msgs/share/nav2_msgs/environment/library_path.sh
[6.513s] -- Up-to-date: /home/ros_workspace/install/nav2_msgs/share/nav2_msgs/environment/library_path.dsv
[6.515s] -- Up-to-date: /home/ros_workspace/install/nav2_msgs/lib/libnav2_msgs__rosidl_generator_c.so
[6.516s] -- Up-to-date: /home/ros_workspace/install/nav2_msgs/include/nav2_msgs
[6.517s] -- Up-to-date: /home/ros_workspace/install/nav2_msgs/include/nav2_msgs/action
[6.518s] -- Up-to-date: /home/ros_workspace/install/nav2_msgs/include/nav2_msgs/action/detail
[6.527s] -- Up-to-date: /home/ros_workspace/install/nav2_msgs/include/nav2_msgs/action/detail/wait__rosidl_typesupport_fastrtps_c.h
[6.528s] -- Up-to-date: /home/ros_workspace/install/nav2_msgs/include/nav2_msgs/action/detail/spin__rosidl_typesupport_fastrtps_c.h
[6.529s] -- Up-to-date: /home/ros_workspace/install/nav2_msgs/include/nav2_msgs/action/detail/navigate_to_pose__rosidl_typesupport_fastrtps_c.h
[6.530s] -- Up-to-date: /home/ros_workspace/install/nav2_msgs/include/nav2_msgs/action/detail/follow_waypoints__rosidl_typesupport_fastrtps_c.h
[6.531s] -- Up-to-date: /home/ros_workspace/install/nav2_msgs/include/nav2_msgs/action/detail/back_up__rosidl_typesupport_fastrtps_c.h
[6.532s] -- Up-to-date: /home/ros_workspace/install/nav2_msgs/include/nav2_msgs/action/detail/follow_path__rosidl_typesupport_fastrtps_c.h
[6.535s] -- Up-to-date: /home/ros_workspace/install/nav2_msgs/include/nav2_msgs/action/detail/compute_path_to_pose__rosidl_typesupport_fastrtps_c.h
[6.537s] -- Up-to-date: /home/ros_workspace/install/nav2_msgs/include/nav2_msgs/action/detail/dummy_recovery__rosidl_typesupport_fastrtps_c.h
[6.538s] -- Up-to-date: /home/ros_workspace/install/nav2_msgs/include/nav2_msgs/msg
[6.538s] -- Up-to-date: /home/ros_workspace/install/nav2_msgs/include/nav2_msgs/msg/detail
[6.541s] -- Up-to-date: /home/ros_workspace/install/nav2_msgs/include/nav2_msgs/msg/detail/costmap_meta_data__rosidl_typesupport_fastrtps_c.h
[6.541s] -- Up-to-date: /home/ros_workspace/install/nav2_msgs/include/nav2_msgs/msg/detail/behavior_tree_status_change__rosidl_typesupport_fastrtps_c.h
[6.542s] -- Up-to-date: /home/ros_workspace/install/nav2_msgs/include/nav2_msgs/msg/detail/particle__rosidl_typesupport_fastrtps_c.h
[6.542s] -- Up-to-date: /home/ros_workspace/install/nav2_msgs/include/nav2_msgs/msg/detail/behavior_tree_log__rosidl_typesupport_fastrtps_c.h
[6.542s] -- Up-to-date: /home/ros_workspace/install/nav2_msgs/include/nav2_msgs/msg/detail/voxel_grid__rosidl_typesupport_fastrtps_c.h
[6.542s] -- Up-to-date: /home/ros_workspace/install/nav2_msgs/include/nav2_msgs/msg/detail/particle_cloud__rosidl_typesupport_fastrtps_c.h
[6.542s] -- Up-to-date: /home/ros_workspace/install/nav2_msgs/include/nav2_msgs/msg/detail/costmap__rosidl_typesupport_fastrtps_c.h
[6.547s] -- Up-to-date: /home/ros_workspace/install/nav2_msgs/include/nav2_msgs/msg/rosidl_typesupport_fastrtps_c__visibility_control.h
[6.547s] -- Up-to-date: /home/ros_workspace/install/nav2_msgs/include/nav2_msgs/srv
[6.547s] -- Up-to-date: /home/ros_workspace/install/nav2_msgs/include/nav2_msgs/srv/detail
[6.548s] -- Up-to-date: /home/ros_workspace/install/nav2_msgs/include/nav2_msgs/srv/detail/clear_costmap_except_region__rosidl_typesupport_fastrtps_c.h
[6.548s] -- Up-to-date: /home/ros_workspace/install/nav2_msgs/include/nav2_msgs/srv/detail/manage_lifecycle_nodes__rosidl_typesupport_fastrtps_c.h
[6.548s] -- Up-to-date: /home/ros_workspace/install/nav2_msgs/include/nav2_msgs/srv/detail/save_map__rosidl_typesupport_fastrtps_c.h
[6.548s] -- Up-to-date: /home/ros_workspace/install/nav2_msgs/include/nav2_msgs/srv/detail/clear_entire_costmap__rosidl_typesupport_fastrtps_c.h
[6.548s] -- Up-to-date: /home/ros_workspace/install/nav2_msgs/include/nav2_msgs/srv/detail/load_map__rosidl_typesupport_fastrtps_c.h
[6.555s] -- Up-to-date: /home/ros_workspace/install/nav2_msgs/include/nav2_msgs/srv/detail/clear_costmap_around_robot__rosidl_typesupport_fastrtps_c.h
[6.556s] -- Up-to-date: /home/ros_workspace/install/nav2_msgs/include/nav2_msgs/srv/detail/get_costmap__rosidl_typesupport_fastrtps_c.h
[6.556s] -- Up-to-date: /home/ros_workspace/install/nav2_msgs/lib/libnav2_msgs__rosidl_typesupport_fastrtps_c.so
[6.556s] -- Up-to-date: /home/ros_workspace/install/nav2_msgs/include/nav2_msgs
[6.556s] -- Up-to-date: /home/ros_workspace/install/nav2_msgs/include/nav2_msgs/action
[6.557s] -- Up-to-date: /home/ros_workspace/install/nav2_msgs/include/nav2_msgs/action/detail
[6.557s] -- Up-to-date: /home/ros_workspace/install/nav2_msgs/include/nav2_msgs/action/detail/dummy_recovery__rosidl_typesupport_fastrtps_cpp.hpp
[6.557s] -- Up-to-date: /home/ros_workspace/install/nav2_msgs/include/nav2_msgs/action/detail/follow_path__rosidl_typesupport_fastrtps_cpp.hpp
[6.557s] -- Up-to-date: /home/ros_workspace/install/nav2_msgs/include/nav2_msgs/action/detail/spin__rosidl_typesupport_fastrtps_cpp.hpp
[6.558s] -- Up-to-date: /home/ros_workspace/install/nav2_msgs/include/nav2_msgs/action/detail/wait__rosidl_typesupport_fastrtps_cpp.hpp
[6.558s] -- Up-to-date: /home/ros_workspace/install/nav2_msgs/include/nav2_msgs/action/detail/compute_path_to_pose__rosidl_typesupport_fastrtps_cpp.hpp
[6.558s] -- Up-to-date: /home/ros_workspace/install/nav2_msgs/include/nav2_msgs/action/detail/back_up__rosidl_typesupport_fastrtps_cpp.hpp
[6.558s] -- Up-to-date: /home/ros_workspace/install/nav2_msgs/include/nav2_msgs/action/detail/navigate_to_pose__rosidl_typesupport_fastrtps_cpp.hpp
[6.558s] -- Up-to-date: /home/ros_workspace/install/nav2_msgs/include/nav2_msgs/action/detail/dds_fastrtps
[6.558s] -- Up-to-date: /home/ros_workspace/install/nav2_msgs/include/nav2_msgs/action/detail/follow_waypoints__rosidl_typesupport_fastrtps_cpp.hpp
[6.561s] -- Up-to-date: /home/ros_workspace/install/nav2_msgs/include/nav2_msgs/msg
[6.561s] -- Up-to-date: /home/ros_workspace/install/nav2_msgs/include/nav2_msgs/msg/detail
[6.562s] -- Up-to-date: /home/ros_workspace/install/nav2_msgs/include/nav2_msgs/msg/detail/costmap__rosidl_typesupport_fastrtps_cpp.hpp
[6.562s] -- Up-to-date: /home/ros_workspace/install/nav2_msgs/include/nav2_msgs/msg/detail/particle__rosidl_typesupport_fastrtps_cpp.hpp
[6.562s] -- Up-to-date: /home/ros_workspace/install/nav2_msgs/include/nav2_msgs/msg/detail/costmap_meta_data__rosidl_typesupport_fastrtps_cpp.hpp
[6.562s] -- Up-to-date: /home/ros_workspace/install/nav2_msgs/include/nav2_msgs/msg/detail/behavior_tree_log__rosidl_typesupport_fastrtps_cpp.hpp
[6.562s] -- Up-to-date: /home/ros_workspace/install/nav2_msgs/include/nav2_msgs/msg/detail/voxel_grid__rosidl_typesupport_fastrtps_cpp.hpp
[6.563s] -- Up-to-date: /home/ros_workspace/install/nav2_msgs/include/nav2_msgs/msg/detail/particle_cloud__rosidl_typesupport_fastrtps_cpp.hpp
[6.563s] -- Up-to-date: /home/ros_workspace/install/nav2_msgs/include/nav2_msgs/msg/detail/dds_fastrtps
[6.563s] -- Up-to-date: /home/ros_workspace/install/nav2_msgs/include/nav2_msgs/msg/detail/behavior_tree_status_change__rosidl_typesupport_fastrtps_cpp.hpp
[6.563s] -- Up-to-date: /home/ros_workspace/install/nav2_msgs/include/nav2_msgs/msg/rosidl_typesupport_fastrtps_cpp__visibility_control.h
[6.563s] -- Up-to-date: /home/ros_workspace/install/nav2_msgs/include/nav2_msgs/srv
[6.564s] -- Up-to-date: /home/ros_workspace/install/nav2_msgs/include/nav2_msgs/srv/detail
[6.564s] -- Up-to-date: /home/ros_workspace/install/nav2_msgs/include/nav2_msgs/srv/detail/load_map__rosidl_typesupport_fastrtps_cpp.hpp
[6.564s] -- Up-to-date: /home/ros_workspace/install/nav2_msgs/include/nav2_msgs/srv/detail/manage_lifecycle_nodes__rosidl_typesupport_fastrtps_cpp.hpp
[6.564s] -- Up-to-date: /home/ros_workspace/install/nav2_msgs/include/nav2_msgs/srv/detail/clear_costmap_around_robot__rosidl_typesupport_fastrtps_cpp.hpp
[6.565s] -- Up-to-date: /home/ros_workspace/install/nav2_msgs/include/nav2_msgs/srv/detail/get_costmap__rosidl_typesupport_fastrtps_cpp.hpp
[6.565s] -- Up-to-date: /home/ros_workspace/install/nav2_msgs/include/nav2_msgs/srv/detail/save_map__rosidl_typesupport_fastrtps_cpp.hpp
[6.573s] -- Up-to-date: /home/ros_workspace/install/nav2_msgs/include/nav2_msgs/srv/detail/clear_entire_costmap__rosidl_typesupport_fastrtps_cpp.hpp
[6.574s] -- Up-to-date: /home/ros_workspace/install/nav2_msgs/include/nav2_msgs/srv/detail/dds_fastrtps
[6.574s] -- Up-to-date: /home/ros_workspace/install/nav2_msgs/include/nav2_msgs/srv/detail/clear_costmap_except_region__rosidl_typesupport_fastrtps_cpp.hpp
[6.574s] -- Up-to-date: /home/ros_workspace/install/nav2_msgs/lib/libnav2_msgs__rosidl_typesupport_fastrtps_cpp.so
[6.579s] -- Up-to-date: /home/ros_workspace/install/nav2_msgs/include/nav2_msgs
[6.579s] -- Up-to-date: /home/ros_workspace/install/nav2_msgs/include/nav2_msgs/action
[6.580s] -- Up-to-date: /home/ros_workspace/install/nav2_msgs/include/nav2_msgs/action/detail
[6.580s] -- Up-to-date: /home/ros_workspace/install/nav2_msgs/include/nav2_msgs/action/detail/navigate_to_pose__type_support.c
[6.580s] -- Up-to-date: /home/ros_workspace/install/nav2_msgs/include/nav2_msgs/action/detail/wait__type_support.c
[6.580s] -- Up-to-date: /home/ros_workspace/install/nav2_msgs/include/nav2_msgs/action/detail/dummy_recovery__rosidl_typesupport_introspection_c.h
[6.580s] -- Up-to-date: /home/ros_workspace/install/nav2_msgs/include/nav2_msgs/action/detail/navigate_to_pose__rosidl_typesupport_introspection_c.h
[6.581s] -- Up-to-date: /home/ros_workspace/install/nav2_msgs/include/nav2_msgs/action/detail/follow_waypoints__rosidl_typesupport_introspection_c.h
[6.581s] -- Up-to-date: /home/ros_workspace/install/nav2_msgs/include/nav2_msgs/action/detail/compute_path_to_pose__type_support.c
[6.581s] -- Up-to-date: /home/ros_workspace/install/nav2_msgs/include/nav2_msgs/action/detail/spin__rosidl_typesupport_introspection_c.h
[6.581s] -- Up-to-date: /home/ros_workspace/install/nav2_msgs/include/nav2_msgs/action/detail/follow_path__type_support.c
[6.582s] -- Up-to-date: /home/ros_workspace/install/nav2_msgs/include/nav2_msgs/action/detail/spin__type_support.c
[6.582s] -- Up-to-date: /home/ros_workspace/install/nav2_msgs/include/nav2_msgs/action/detail/dummy_recovery__type_support.c
[6.582s] -- Up-to-date: /home/ros_workspace/install/nav2_msgs/include/nav2_msgs/action/detail/wait__rosidl_typesupport_introspection_c.h
[6.582s] -- Up-to-date: /home/ros_workspace/install/nav2_msgs/include/nav2_msgs/action/detail/compute_path_to_pose__rosidl_typesupport_introspection_c.h
[6.582s] -- Up-to-date: /home/ros_workspace/install/nav2_msgs/include/nav2_msgs/action/detail/back_up__type_support.c
[6.596s] -- Up-to-date: /home/ros_workspace/install/nav2_msgs/include/nav2_msgs/action/detail/follow_waypoints__type_support.c
[6.597s] -- Up-to-date: /home/ros_workspace/install/nav2_msgs/include/nav2_msgs/action/detail/back_up__rosidl_typesupport_introspection_c.h
[6.597s] -- Up-to-date: /home/ros_workspace/install/nav2_msgs/include/nav2_msgs/action/detail/follow_path__rosidl_typesupport_introspection_c.h
[6.597s] -- Up-to-date: /home/ros_workspace/install/nav2_msgs/include/nav2_msgs/msg
[6.597s] -- Up-to-date: /home/ros_workspace/install/nav2_msgs/include/nav2_msgs/msg/detail
[6.597s] -- Up-to-date: /home/ros_workspace/install/nav2_msgs/include/nav2_msgs/msg/detail/particle_cloud__rosidl_typesupport_introspection_c.h
[6.598s] -- Up-to-date: /home/ros_workspace/install/nav2_msgs/include/nav2_msgs/msg/detail/particle__rosidl_typesupport_introspection_c.h
[6.598s] -- Up-to-date: /home/ros_workspace/install/nav2_msgs/include/nav2_msgs/msg/detail/voxel_grid__rosidl_typesupport_introspection_c.h
[6.598s] -- Up-to-date: /home/ros_workspace/install/nav2_msgs/include/nav2_msgs/msg/detail/behavior_tree_status_change__type_support.c
[6.598s] -- Up-to-date: /home/ros_workspace/install/nav2_msgs/include/nav2_msgs/msg/detail/behavior_tree_log__type_support.c
[6.608s] -- Up-to-date: /home/ros_workspace/install/nav2_msgs/include/nav2_msgs/msg/detail/behavior_tree_log__rosidl_typesupport_introspection_c.h
[6.608s] -- Up-to-date: /home/ros_workspace/install/nav2_msgs/include/nav2_msgs/msg/detail/particle_cloud__type_support.c
[6.608s] -- Up-to-date: /home/ros_workspace/install/nav2_msgs/include/nav2_msgs/msg/detail/voxel_grid__type_support.c
[6.608s] -- Up-to-date: /home/ros_workspace/install/nav2_msgs/include/nav2_msgs/msg/detail/behavior_tree_status_change__rosidl_typesupport_introspection_c.h
[6.608s] -- Up-to-date: /home/ros_workspace/install/nav2_msgs/include/nav2_msgs/msg/detail/costmap_meta_data__type_support.c
[6.609s] -- Up-to-date: /home/ros_workspace/install/nav2_msgs/include/nav2_msgs/msg/detail/particle__type_support.c
[6.609s] -- Up-to-date: /home/ros_workspace/install/nav2_msgs/include/nav2_msgs/msg/detail/costmap__rosidl_typesupport_introspection_c.h
[6.609s] -- Up-to-date: /home/ros_workspace/install/nav2_msgs/include/nav2_msgs/msg/detail/costmap__type_support.c
[6.609s] -- Up-to-date: /home/ros_workspace/install/nav2_msgs/include/nav2_msgs/msg/detail/costmap_meta_data__rosidl_typesupport_introspection_c.h
[6.609s] -- Up-to-date: /home/ros_workspace/install/nav2_msgs/include/nav2_msgs/msg/rosidl_typesupport_introspection_c__visibility_control.h
[6.609s] -- Up-to-date: /home/ros_workspace/install/nav2_msgs/include/nav2_msgs/srv
[6.610s] -- Up-to-date: /home/ros_workspace/install/nav2_msgs/include/nav2_msgs/srv/detail
[6.610s] -- Up-to-date: /home/ros_workspace/install/nav2_msgs/include/nav2_msgs/srv/detail/clear_costmap_around_robot__rosidl_typesupport_introspection_c.h
[6.610s] -- Up-to-date: /home/ros_workspace/install/nav2_msgs/include/nav2_msgs/srv/detail/clear_costmap_except_region__type_support.c
[6.610s] -- Up-to-date: /home/ros_workspace/install/nav2_msgs/include/nav2_msgs/srv/detail/manage_lifecycle_nodes__type_support.c
[6.621s] -- Up-to-date: /home/ros_workspace/install/nav2_msgs/include/nav2_msgs/srv/detail/save_map__type_support.c
[6.622s] -- Up-to-date: /home/ros_workspace/install/nav2_msgs/include/nav2_msgs/srv/detail/manage_lifecycle_nodes__rosidl_typesupport_introspection_c.h
[6.622s] -- Up-to-date: /home/ros_workspace/install/nav2_msgs/include/nav2_msgs/srv/detail/load_map__type_support.c
[6.630s] -- Up-to-date: /home/ros_workspace/install/nav2_msgs/include/nav2_msgs/srv/detail/clear_costmap_except_region__rosidl_typesupport_introspection_c.h
[6.630s] -- Up-to-date: /home/ros_workspace/install/nav2_msgs/include/nav2_msgs/srv/detail/clear_costmap_around_robot__type_support.c
[6.636s] -- Up-to-date: /home/ros_workspace/install/nav2_msgs/include/nav2_msgs/srv/detail/clear_entire_costmap__type_support.c
[6.636s] -- Up-to-date: /home/ros_workspace/install/nav2_msgs/include/nav2_msgs/srv/detail/clear_entire_costmap__rosidl_typesupport_introspection_c.h
[6.636s] -- Up-to-date: /home/ros_workspace/install/nav2_msgs/include/nav2_msgs/srv/detail/save_map__rosidl_typesupport_introspection_c.h
[6.637s] -- Up-to-date: /home/ros_workspace/install/nav2_msgs/include/nav2_msgs/srv/detail/get_costmap__rosidl_typesupport_introspection_c.h
[6.637s] -- Up-to-date: /home/ros_workspace/install/nav2_msgs/include/nav2_msgs/srv/detail/load_map__rosidl_typesupport_introspection_c.h
[6.637s] -- Up-to-date: /home/ros_workspace/install/nav2_msgs/include/nav2_msgs/srv/detail/get_costmap__type_support.c
[6.639s] -- Up-to-date: /home/ros_workspace/install/nav2_msgs/lib/libnav2_msgs__rosidl_typesupport_introspection_c.so
[6.639s] -- Up-to-date: /home/ros_workspace/install/nav2_msgs/lib/libnav2_msgs__rosidl_typesupport_c.so
[6.639s] -- Up-to-date: /home/ros_workspace/install/nav2_msgs/include/nav2_msgs
[6.639s] -- Up-to-date: /home/ros_workspace/install/nav2_msgs/include/nav2_msgs/action
[6.640s] -- Up-to-date: /home/ros_workspace/install/nav2_msgs/include/nav2_msgs/action/follow_waypoints.hpp
[6.640s] -- Up-to-date: /home/ros_workspace/install/nav2_msgs/include/nav2_msgs/action/navigate_to_pose.hpp
[6.640s] -- Up-to-date: /home/ros_workspace/install/nav2_msgs/include/nav2_msgs/action/wait.hpp
[6.640s] -- Up-to-date: /home/ros_workspace/install/nav2_msgs/include/nav2_msgs/action/detail
[6.640s] -- Up-to-date: /home/ros_workspace/install/nav2_msgs/include/nav2_msgs/action/detail/back_up__struct.hpp
[6.641s] -- Up-to-date: /home/ros_workspace/install/nav2_msgs/include/nav2_msgs/action/detail/follow_path__struct.hpp
[6.641s] -- Up-to-date: /home/ros_workspace/install/nav2_msgs/include/nav2_msgs/action/detail/wait__builder.hpp
[6.641s] -- Up-to-date: /home/ros_workspace/install/nav2_msgs/include/nav2_msgs/action/detail/spin__traits.hpp
[6.641s] -- Up-to-date: /home/ros_workspace/install/nav2_msgs/include/nav2_msgs/action/detail/dummy_recovery__struct.hpp
[6.641s] -- Up-to-date: /home/ros_workspace/install/nav2_msgs/include/nav2_msgs/action/detail/navigate_to_pose__traits.hpp
[6.642s] -- Up-to-date: /home/ros_workspace/install/nav2_msgs/include/nav2_msgs/action/detail/navigate_to_pose__struct.hpp
[6.642s] -- Up-to-date: /home/ros_workspace/install/nav2_msgs/include/nav2_msgs/action/detail/compute_path_to_pose__builder.hpp
[6.642s] -- Up-to-date: /home/ros_workspace/install/nav2_msgs/include/nav2_msgs/action/detail/follow_path__traits.hpp
[6.642s] -- Up-to-date: /home/ros_workspace/install/nav2_msgs/include/nav2_msgs/action/detail/follow_waypoints__traits.hpp
[6.643s] -- Up-to-date: /home/ros_workspace/install/nav2_msgs/include/nav2_msgs/action/detail/follow_waypoints__struct.hpp
[6.644s] -- Up-to-date: /home/ros_workspace/install/nav2_msgs/include/nav2_msgs/action/detail/wait__struct.hpp
[6.645s] -- Up-to-date: /home/ros_workspace/install/nav2_msgs/include/nav2_msgs/action/detail/dummy_recovery__builder.hpp
[6.646s] -- Up-to-date: /home/ros_workspace/install/nav2_msgs/include/nav2_msgs/action/detail/follow_path__builder.hpp
[6.646s] -- Up-to-date: /home/ros_workspace/install/nav2_msgs/include/nav2_msgs/action/detail/compute_path_to_pose__traits.hpp
[6.647s] -- Up-to-date: /home/ros_workspace/install/nav2_msgs/include/nav2_msgs/action/detail/back_up__traits.hpp
[6.647s] -- Up-to-date: /home/ros_workspace/install/nav2_msgs/include/nav2_msgs/action/detail/spin__builder.hpp
[6.648s] -- Up-to-date: /home/ros_workspace/install/nav2_msgs/include/nav2_msgs/action/detail/follow_waypoints__builder.hpp
[6.648s] -- Up-to-date: /home/ros_workspace/install/nav2_msgs/include/nav2_msgs/action/detail/spin__struct.hpp
[6.649s] -- Up-to-date: /home/ros_workspace/install/nav2_msgs/include/nav2_msgs/action/detail/dummy_recovery__traits.hpp
[6.649s] -- Up-to-date: /home/ros_workspace/install/nav2_msgs/include/nav2_msgs/action/detail/navigate_to_pose__builder.hpp
[6.650s] -- Up-to-date: /home/ros_workspace/install/nav2_msgs/include/nav2_msgs/action/detail/back_up__builder.hpp
[6.650s] -- Up-to-date: /home/ros_workspace/install/nav2_msgs/include/nav2_msgs/action/detail/compute_path_to_pose__struct.hpp
[6.651s] -- Up-to-date: /home/ros_workspace/install/nav2_msgs/include/nav2_msgs/action/detail/wait__traits.hpp
[6.651s] -- Up-to-date: /home/ros_workspace/install/nav2_msgs/include/nav2_msgs/action/dummy_recovery.hpp
[6.651s] -- Up-to-date: /home/ros_workspace/install/nav2_msgs/include/nav2_msgs/action/spin.hpp
[6.655s] -- Up-to-date: /home/ros_workspace/install/nav2_msgs/include/nav2_msgs/action/compute_path_to_pose.hpp
[6.655s] -- Up-to-date: /home/ros_workspace/install/nav2_msgs/include/nav2_msgs/action/follow_path.hpp
[6.661s] -- Up-to-date: /home/ros_workspace/install/nav2_msgs/include/nav2_msgs/action/back_up.hpp
[6.662s] -- Up-to-date: /home/ros_workspace/install/nav2_msgs/include/nav2_msgs/msg
[6.662s] -- Up-to-date: /home/ros_workspace/install/nav2_msgs/include/nav2_msgs/msg/behavior_tree_status_change.hpp
[6.662s] -- Up-to-date: /home/ros_workspace/install/nav2_msgs/include/nav2_msgs/msg/costmap.hpp
[6.663s] -- Up-to-date: /home/ros_workspace/install/nav2_msgs/include/nav2_msgs/msg/particle.hpp
[6.663s] -- Up-to-date: /home/ros_workspace/install/nav2_msgs/include/nav2_msgs/msg/behavior_tree_log.hpp
[6.664s] -- Up-to-date: /home/ros_workspace/install/nav2_msgs/include/nav2_msgs/msg/detail
[6.664s] -- Up-to-date: /home/ros_workspace/install/nav2_msgs/include/nav2_msgs/msg/detail/costmap_meta_data__traits.hpp
[6.665s] -- Up-to-date: /home/ros_workspace/install/nav2_msgs/include/nav2_msgs/msg/detail/behavior_tree_log__struct.hpp
[6.665s] -- Up-to-date: /home/ros_workspace/install/nav2_msgs/include/nav2_msgs/msg/detail/voxel_grid__builder.hpp
[6.665s] -- Up-to-date: /home/ros_workspace/install/nav2_msgs/include/nav2_msgs/msg/detail/behavior_tree_log__traits.hpp
[6.666s] -- Up-to-date: /home/ros_workspace/install/nav2_msgs/include/nav2_msgs/msg/detail/particle_cloud__traits.hpp
[6.666s] -- Up-to-date: /home/ros_workspace/install/nav2_msgs/include/nav2_msgs/msg/detail/behavior_tree_status_change__struct.hpp
[6.667s] -- Up-to-date: /home/ros_workspace/install/nav2_msgs/include/nav2_msgs/msg/detail/costmap_meta_data__builder.hpp
[6.667s] -- Up-to-date: /home/ros_workspace/install/nav2_msgs/include/nav2_msgs/msg/detail/particle_cloud__builder.hpp
[6.668s] -- Up-to-date: /home/ros_workspace/install/nav2_msgs/include/nav2_msgs/msg/detail/particle_cloud__struct.hpp
[6.668s] -- Up-to-date: /home/ros_workspace/install/nav2_msgs/include/nav2_msgs/msg/detail/costmap_meta_data__struct.hpp
[6.668s] -- Up-to-date: /home/ros_workspace/install/nav2_msgs/include/nav2_msgs/msg/detail/particle__traits.hpp
[6.669s] -- Up-to-date: /home/ros_workspace/install/nav2_msgs/include/nav2_msgs/msg/detail/voxel_grid__traits.hpp
[6.673s] -- Up-to-date: /home/ros_workspace/install/nav2_msgs/include/nav2_msgs/msg/detail/costmap__struct.hpp
[6.674s] -- Up-to-date: /home/ros_workspace/install/nav2_msgs/include/nav2_msgs/msg/detail/voxel_grid__struct.hpp
[6.675s] -- Up-to-date: /home/ros_workspace/install/nav2_msgs/include/nav2_msgs/msg/detail/particle__builder.hpp
[6.683s] -- Up-to-date: /home/ros_workspace/install/nav2_msgs/include/nav2_msgs/msg/detail/behavior_tree_log__builder.hpp
[6.684s] -- Up-to-date: /home/ros_workspace/install/nav2_msgs/include/nav2_msgs/msg/detail/costmap__traits.hpp
[6.684s] -- Up-to-date: /home/ros_workspace/install/nav2_msgs/include/nav2_msgs/msg/detail/behavior_tree_status_change__builder.hpp
[6.684s] -- Up-to-date: /home/ros_workspace/install/nav2_msgs/include/nav2_msgs/msg/detail/behavior_tree_status_change__traits.hpp
[6.685s] -- Up-to-date: /home/ros_workspace/install/nav2_msgs/include/nav2_msgs/msg/detail/costmap__builder.hpp
[6.685s] -- Up-to-date: /home/ros_workspace/install/nav2_msgs/include/nav2_msgs/msg/detail/particle__struct.hpp
[6.686s] -- Up-to-date: /home/ros_workspace/install/nav2_msgs/include/nav2_msgs/msg/costmap_meta_data.hpp
[6.686s] -- Up-to-date: /home/ros_workspace/install/nav2_msgs/include/nav2_msgs/msg/voxel_grid.hpp
[6.687s] -- Up-to-date: /home/ros_workspace/install/nav2_msgs/include/nav2_msgs/msg/particle_cloud.hpp
[6.688s] -- Up-to-date: /home/ros_workspace/install/nav2_msgs/include/nav2_msgs/srv
[6.691s] -- Up-to-date: /home/ros_workspace/install/nav2_msgs/include/nav2_msgs/srv/load_map.hpp
[6.692s] -- Up-to-date: /home/ros_workspace/install/nav2_msgs/include/nav2_msgs/srv/clear_entire_costmap.hpp
[6.692s] -- Up-to-date: /home/ros_workspace/install/nav2_msgs/include/nav2_msgs/srv/manage_lifecycle_nodes.hpp
[6.692s] -- Up-to-date: /home/ros_workspace/install/nav2_msgs/include/nav2_msgs/srv/get_costmap.hpp
[6.693s] -- Up-to-date: /home/ros_workspace/install/nav2_msgs/include/nav2_msgs/srv/save_map.hpp
[6.693s] -- Up-to-date: /home/ros_workspace/install/nav2_msgs/include/nav2_msgs/srv/detail
[6.694s] -- Up-to-date: /home/ros_workspace/install/nav2_msgs/include/nav2_msgs/srv/detail/load_map__traits.hpp
[6.694s] -- Up-to-date: /home/ros_workspace/install/nav2_msgs/include/nav2_msgs/srv/detail/get_costmap__builder.hpp
[6.703s] -- Up-to-date: /home/ros_workspace/install/nav2_msgs/include/nav2_msgs/srv/detail/clear_entire_costmap__struct.hpp
[6.703s] -- Up-to-date: /home/ros_workspace/install/nav2_msgs/include/nav2_msgs/srv/detail/clear_costmap_except_region__builder.hpp
[6.704s] -- Up-to-date: /home/ros_workspace/install/nav2_msgs/include/nav2_msgs/srv/detail/clear_costmap_except_region__traits.hpp
[6.704s] -- Up-to-date: /home/ros_workspace/install/nav2_msgs/include/nav2_msgs/srv/detail/clear_costmap_except_region__struct.hpp
[6.704s] -- Up-to-date: /home/ros_workspace/install/nav2_msgs/include/nav2_msgs/srv/detail/clear_costmap_around_robot__traits.hpp
[6.705s] -- Up-to-date: /home/ros_workspace/install/nav2_msgs/include/nav2_msgs/srv/detail/manage_lifecycle_nodes__builder.hpp
[6.705s] -- Up-to-date: /home/ros_workspace/install/nav2_msgs/include/nav2_msgs/srv/detail/manage_lifecycle_nodes__struct.hpp
[6.706s] -- Up-to-date: /home/ros_workspace/install/nav2_msgs/include/nav2_msgs/srv/detail/clear_costmap_around_robot__struct.hpp
[6.706s] -- Up-to-date: /home/ros_workspace/install/nav2_msgs/include/nav2_msgs/srv/detail/save_map__builder.hpp
[6.707s] -- Up-to-date: /home/ros_workspace/install/nav2_msgs/include/nav2_msgs/srv/detail/clear_entire_costmap__builder.hpp
[6.707s] -- Up-to-date: /home/ros_workspace/install/nav2_msgs/include/nav2_msgs/srv/detail/save_map__traits.hpp
[6.708s] -- Up-to-date: /home/ros_workspace/install/nav2_msgs/include/nav2_msgs/srv/detail/get_costmap__struct.hpp
[6.708s] -- Up-to-date: /home/ros_workspace/install/nav2_msgs/include/nav2_msgs/srv/detail/clear_costmap_around_robot__builder.hpp
[6.708s] -- Up-to-date: /home/ros_workspace/install/nav2_msgs/include/nav2_msgs/srv/detail/load_map__builder.hpp
[6.723s] -- Up-to-date: /home/ros_workspace/install/nav2_msgs/include/nav2_msgs/srv/detail/manage_lifecycle_nodes__traits.hpp
[6.724s] -- Up-to-date: /home/ros_workspace/install/nav2_msgs/include/nav2_msgs/srv/detail/save_map__struct.hpp
[6.730s] -- Up-to-date: /home/ros_workspace/install/nav2_msgs/include/nav2_msgs/srv/detail/get_costmap__traits.hpp
[6.731s] -- Up-to-date: /home/ros_workspace/install/nav2_msgs/include/nav2_msgs/srv/detail/load_map__struct.hpp
[6.732s] -- Up-to-date: /home/ros_workspace/install/nav2_msgs/include/nav2_msgs/srv/detail/clear_entire_costmap__traits.hpp
[6.732s] -- Up-to-date: /home/ros_workspace/install/nav2_msgs/include/nav2_msgs/srv/clear_costmap_around_robot.hpp
[6.733s] -- Up-to-date: /home/ros_workspace/install/nav2_msgs/include/nav2_msgs/srv/clear_costmap_except_region.hpp
[6.735s] -- Up-to-date: /home/ros_workspace/install/nav2_msgs/include/nav2_msgs
[6.736s] -- Up-to-date: /home/ros_workspace/install/nav2_msgs/include/nav2_msgs/action
[6.736s] -- Up-to-date: /home/ros_workspace/install/nav2_msgs/include/nav2_msgs/action/detail
[6.737s] -- Up-to-date: /home/ros_workspace/install/nav2_msgs/include/nav2_msgs/action/detail/wait__type_support.cpp
[6.737s] -- Up-to-date: /home/ros_workspace/install/nav2_msgs/include/nav2_msgs/action/detail/navigate_to_pose__rosidl_typesupport_introspection_cpp.hpp
[6.738s] -- Up-to-date: /home/ros_workspace/install/nav2_msgs/include/nav2_msgs/action/detail/follow_waypoints__type_support.cpp
[6.738s] -- Up-to-date: /home/ros_workspace/install/nav2_msgs/include/nav2_msgs/action/detail/follow_path__rosidl_typesupport_introspection_cpp.hpp
[6.739s] -- Up-to-date: /home/ros_workspace/install/nav2_msgs/include/nav2_msgs/action/detail/dummy_recovery__rosidl_typesupport_introspection_cpp.hpp
[6.739s] -- Up-to-date: /home/ros_workspace/install/nav2_msgs/include/nav2_msgs/action/detail/follow_waypoints__rosidl_typesupport_introspection_cpp.hpp
[6.740s] -- Up-to-date: /home/ros_workspace/install/nav2_msgs/include/nav2_msgs/action/detail/navigate_to_pose__type_support.cpp
[6.740s] -- Up-to-date: /home/ros_workspace/install/nav2_msgs/include/nav2_msgs/action/detail/follow_path__type_support.cpp
[6.741s] -- Up-to-date: /home/ros_workspace/install/nav2_msgs/include/nav2_msgs/action/detail/back_up__rosidl_typesupport_introspection_cpp.hpp
[6.742s] -- Up-to-date: /home/ros_workspace/install/nav2_msgs/include/nav2_msgs/action/detail/compute_path_to_pose__type_support.cpp
[6.743s] -- Up-to-date: /home/ros_workspace/install/nav2_msgs/include/nav2_msgs/action/detail/spin__type_support.cpp
[6.743s] -- Up-to-date: /home/ros_workspace/install/nav2_msgs/include/nav2_msgs/action/detail/wait__rosidl_typesupport_introspection_cpp.hpp
[6.744s] -- Up-to-date: /home/ros_workspace/install/nav2_msgs/include/nav2_msgs/action/detail/spin__rosidl_typesupport_introspection_cpp.hpp
[6.744s] -- Up-to-date: /home/ros_workspace/install/nav2_msgs/include/nav2_msgs/action/detail/back_up__type_support.cpp
[6.744s] -- Up-to-date: /home/ros_workspace/install/nav2_msgs/include/nav2_msgs/action/detail/compute_path_to_pose__rosidl_typesupport_introspection_cpp.hpp
[6.745s] -- Up-to-date: /home/ros_workspace/install/nav2_msgs/include/nav2_msgs/action/detail/dummy_recovery__type_support.cpp
[6.747s] -- Up-to-date: /home/ros_workspace/install/nav2_msgs/include/nav2_msgs/msg
[6.747s] -- Up-to-date: /home/ros_workspace/install/nav2_msgs/include/nav2_msgs/msg/detail
[6.748s] -- Up-to-date: /home/ros_workspace/install/nav2_msgs/include/nav2_msgs/msg/detail/behavior_tree_log__type_support.cpp
[6.748s] -- Up-to-date: /home/ros_workspace/install/nav2_msgs/include/nav2_msgs/msg/detail/particle__type_support.cpp
[6.749s] -- Up-to-date: /home/ros_workspace/install/nav2_msgs/include/nav2_msgs/msg/detail/costmap_meta_data__rosidl_typesupport_introspection_cpp.hpp
[6.749s] -- Up-to-date: /home/ros_workspace/install/nav2_msgs/include/nav2_msgs/msg/detail/behavior_tree_log__rosidl_typesupport_introspection_cpp.hpp
[6.750s] -- Up-to-date: /home/ros_workspace/install/nav2_msgs/include/nav2_msgs/msg/detail/costmap_meta_data__type_support.cpp
[6.750s] -- Up-to-date: /home/ros_workspace/install/nav2_msgs/include/nav2_msgs/msg/detail/voxel_grid__rosidl_typesupport_introspection_cpp.hpp
[6.750s] -- Up-to-date: /home/ros_workspace/install/nav2_msgs/include/nav2_msgs/msg/detail/behavior_tree_status_change__rosidl_typesupport_introspection_cpp.hpp
[6.751s] -- Up-to-date: /home/ros_workspace/install/nav2_msgs/include/nav2_msgs/msg/detail/behavior_tree_status_change__type_support.cpp
[6.751s] -- Up-to-date: /home/ros_workspace/install/nav2_msgs/include/nav2_msgs/msg/detail/costmap__rosidl_typesupport_introspection_cpp.hpp
[6.752s] -- Up-to-date: /home/ros_workspace/install/nav2_msgs/include/nav2_msgs/msg/detail/particle__rosidl_typesupport_introspection_cpp.hpp
[6.753s] -- Up-to-date: /home/ros_workspace/install/nav2_msgs/include/nav2_msgs/msg/detail/particle_cloud__type_support.cpp
[6.754s] -- Up-to-date: /home/ros_workspace/install/nav2_msgs/include/nav2_msgs/msg/detail/particle_cloud__rosidl_typesupport_introspection_cpp.hpp
[6.754s] -- Up-to-date: /home/ros_workspace/install/nav2_msgs/include/nav2_msgs/msg/detail/costmap__type_support.cpp
[6.756s] -- Up-to-date: /home/ros_workspace/install/nav2_msgs/include/nav2_msgs/msg/detail/voxel_grid__type_support.cpp
[6.758s] -- Up-to-date: /home/ros_workspace/install/nav2_msgs/include/nav2_msgs/srv
[6.761s] -- Up-to-date: /home/ros_workspace/install/nav2_msgs/include/nav2_msgs/srv/detail
[6.762s] -- Up-to-date: /home/ros_workspace/install/nav2_msgs/include/nav2_msgs/srv/detail/save_map__rosidl_typesupport_introspection_cpp.hpp
[6.762s] -- Up-to-date: /home/ros_workspace/install/nav2_msgs/include/nav2_msgs/srv/detail/get_costmap__type_support.cpp
[6.762s] -- Up-to-date: /home/ros_workspace/install/nav2_msgs/include/nav2_msgs/srv/detail/manage_lifecycle_nodes__type_support.cpp
[6.763s] -- Up-to-date: /home/ros_workspace/install/nav2_msgs/include/nav2_msgs/srv/detail/get_costmap__rosidl_typesupport_introspection_cpp.hpp
[6.763s] -- Up-to-date: /home/ros_workspace/install/nav2_msgs/include/nav2_msgs/srv/detail/save_map__type_support.cpp
[6.764s] -- Up-to-date: /home/ros_workspace/install/nav2_msgs/include/nav2_msgs/srv/detail/load_map__type_support.cpp
[6.764s] -- Up-to-date: /home/ros_workspace/install/nav2_msgs/include/nav2_msgs/srv/detail/load_map__rosidl_typesupport_introspection_cpp.hpp
[6.765s] -- Up-to-date: /home/ros_workspace/install/nav2_msgs/include/nav2_msgs/srv/detail/clear_entire_costmap__type_support.cpp
[6.767s] -- Up-to-date: /home/ros_workspace/install/nav2_msgs/include/nav2_msgs/srv/detail/manage_lifecycle_nodes__rosidl_typesupport_introspection_cpp.hpp
[6.767s] -- Up-to-date: /home/ros_workspace/install/nav2_msgs/include/nav2_msgs/srv/detail/clear_entire_costmap__rosidl_typesupport_introspection_cpp.hpp
[6.768s] -- Up-to-date: /home/ros_workspace/install/nav2_msgs/include/nav2_msgs/srv/detail/clear_costmap_except_region__type_support.cpp
[6.768s] -- Up-to-date: /home/ros_workspace/install/nav2_msgs/include/nav2_msgs/srv/detail/clear_costmap_around_robot__type_support.cpp
[6.769s] -- Up-to-date: /home/ros_workspace/install/nav2_msgs/include/nav2_msgs/srv/detail/clear_costmap_around_robot__rosidl_typesupport_introspection_cpp.hpp
[6.769s] -- Up-to-date: /home/ros_workspace/install/nav2_msgs/include/nav2_msgs/srv/detail/clear_costmap_except_region__rosidl_typesupport_introspection_cpp.hpp
[6.775s] -- Up-to-date: /home/ros_workspace/install/nav2_msgs/lib/libnav2_msgs__rosidl_typesupport_introspection_cpp.so
[6.776s] -- Up-to-date: /home/ros_workspace/install/nav2_msgs/lib/libnav2_msgs__rosidl_typesupport_cpp.so
[6.777s] -- Up-to-date: /home/ros_workspace/install/nav2_msgs/share/nav2_msgs/environment/pythonpath.sh
[6.778s] -- Up-to-date: /home/ros_workspace/install/nav2_msgs/share/nav2_msgs/environment/pythonpath.dsv
[6.778s] -- Up-to-date: /home/ros_workspace/install/nav2_msgs/lib/python3.8/site-packages/nav2_msgs/__init__.py
[6.784s] -- Up-to-date: /home/ros_workspace/install/nav2_msgs/lib/python3.8/site-packages/nav2_msgs/msg
[6.786s] -- Up-to-date: /home/ros_workspace/install/nav2_msgs/lib/python3.8/site-packages/nav2_msgs/msg/_particle.py
[6.787s] -- Up-to-date: /home/ros_workspace/install/nav2_msgs/lib/python3.8/site-packages/nav2_msgs/msg/_voxel_grid_s.c
[6.788s] -- Up-to-date: /home/ros_workspace/install/nav2_msgs/lib/python3.8/site-packages/nav2_msgs/msg/_behavior_tree_status_change.py
[6.789s] -- Up-to-date: /home/ros_workspace/install/nav2_msgs/lib/python3.8/site-packages/nav2_msgs/msg/_behavior_tree_status_change_s.c
[6.789s] -- Up-to-date: /home/ros_workspace/install/nav2_msgs/lib/python3.8/site-packages/nav2_msgs/msg/_costmap_meta_data_s.c
[6.796s] -- Up-to-date: /home/ros_workspace/install/nav2_msgs/lib/python3.8/site-packages/nav2_msgs/msg/_voxel_grid.py
[6.797s] -- Up-to-date: /home/ros_workspace/install/nav2_msgs/lib/python3.8/site-packages/nav2_msgs/msg/_particle_s.c
[6.804s] -- Up-to-date: /home/ros_workspace/install/nav2_msgs/lib/python3.8/site-packages/nav2_msgs/msg/__init__.py
[6.805s] -- Up-to-date: /home/ros_workspace/install/nav2_msgs/lib/python3.8/site-packages/nav2_msgs/msg/_costmap_s.c
[6.805s] -- Up-to-date: /home/ros_workspace/install/nav2_msgs/lib/python3.8/site-packages/nav2_msgs/msg/_costmap.py
[6.805s] -- Up-to-date: /home/ros_workspace/install/nav2_msgs/lib/python3.8/site-packages/nav2_msgs/msg/_behavior_tree_log.py
[6.806s] -- Up-to-date: /home/ros_workspace/install/nav2_msgs/lib/python3.8/site-packages/nav2_msgs/msg/_particle_cloud_s.c
[6.806s] -- Up-to-date: /home/ros_workspace/install/nav2_msgs/lib/python3.8/site-packages/nav2_msgs/msg/_particle_cloud.py
[6.807s] -- Up-to-date: /home/ros_workspace/install/nav2_msgs/lib/python3.8/site-packages/nav2_msgs/msg/_behavior_tree_log_s.c
[6.808s] -- Up-to-date: /home/ros_workspace/install/nav2_msgs/lib/python3.8/site-packages/nav2_msgs/msg/_costmap_meta_data.py
[6.808s] -- Up-to-date: /home/ros_workspace/install/nav2_msgs/lib/python3.8/site-packages/nav2_msgs/srv
[6.809s] -- Up-to-date: /home/ros_workspace/install/nav2_msgs/lib/python3.8/site-packages/nav2_msgs/srv/_clear_entire_costmap.py
[6.822s] -- Up-to-date: /home/ros_workspace/install/nav2_msgs/lib/python3.8/site-packages/nav2_msgs/srv/_save_map_s.c
[6.823s] -- Up-to-date: /home/ros_workspace/install/nav2_msgs/lib/python3.8/site-packages/nav2_msgs/srv/_clear_costmap_around_robot.py
[6.825s] -- Up-to-date: /home/ros_workspace/install/nav2_msgs/lib/python3.8/site-packages/nav2_msgs/srv/_clear_costmap_except_region_s.c
[6.827s] -- Up-to-date: /home/ros_workspace/install/nav2_msgs/lib/python3.8/site-packages/nav2_msgs/srv/_get_costmap_s.c
[6.828s] -- Up-to-date: /home/ros_workspace/install/nav2_msgs/lib/python3.8/site-packages/nav2_msgs/srv/_get_costmap.py
[6.832s] -- Up-to-date: /home/ros_workspace/install/nav2_msgs/lib/python3.8/site-packages/nav2_msgs/srv/_save_map.py
[6.834s] -- Up-to-date: /home/ros_workspace/install/nav2_msgs/lib/python3.8/site-packages/nav2_msgs/srv/_clear_entire_costmap_s.c
[6.837s] -- Up-to-date: /home/ros_workspace/install/nav2_msgs/lib/python3.8/site-packages/nav2_msgs/srv/_load_map_s.c
[6.839s] -- Up-to-date: /home/ros_workspace/install/nav2_msgs/lib/python3.8/site-packages/nav2_msgs/srv/_manage_lifecycle_nodes.py
[6.843s] -- Up-to-date: /home/ros_workspace/install/nav2_msgs/lib/python3.8/site-packages/nav2_msgs/srv/__init__.py
[6.844s] -- Up-to-date: /home/ros_workspace/install/nav2_msgs/lib/python3.8/site-packages/nav2_msgs/srv/_manage_lifecycle_nodes_s.c
[6.846s] -- Up-to-date: /home/ros_workspace/install/nav2_msgs/lib/python3.8/site-packages/nav2_msgs/srv/_clear_costmap_except_region.py
[6.848s] -- Up-to-date: /home/ros_workspace/install/nav2_msgs/lib/python3.8/site-packages/nav2_msgs/srv/_load_map.py
[6.856s] -- Up-to-date: /home/ros_workspace/install/nav2_msgs/lib/python3.8/site-packages/nav2_msgs/srv/_clear_costmap_around_robot_s.c
[6.857s] -- Up-to-date: /home/ros_workspace/install/nav2_msgs/lib/python3.8/site-packages/nav2_msgs/action
[6.858s] -- Up-to-date: /home/ros_workspace/install/nav2_msgs/lib/python3.8/site-packages/nav2_msgs/action/_dummy_recovery_s.c
[6.859s] -- Up-to-date: /home/ros_workspace/install/nav2_msgs/lib/python3.8/site-packages/nav2_msgs/action/_spin.py
[6.860s] -- Up-to-date: /home/ros_workspace/install/nav2_msgs/lib/python3.8/site-packages/nav2_msgs/action/_follow_waypoints_s.c
[6.861s] -- Up-to-date: /home/ros_workspace/install/nav2_msgs/lib/python3.8/site-packages/nav2_msgs/action/_follow_path.py
[6.862s] -- Up-to-date: /home/ros_workspace/install/nav2_msgs/lib/python3.8/site-packages/nav2_msgs/action/_navigate_to_pose.py
[6.864s] -- Up-to-date: /home/ros_workspace/install/nav2_msgs/lib/python3.8/site-packages/nav2_msgs/action/_navigate_to_pose_s.c
[6.866s] -- Up-to-date: /home/ros_workspace/install/nav2_msgs/lib/python3.8/site-packages/nav2_msgs/action/_back_up_s.c
[6.866s] -- Up-to-date: /home/ros_workspace/install/nav2_msgs/lib/python3.8/site-packages/nav2_msgs/action/_back_up.py
[6.866s] -- Up-to-date: /home/ros_workspace/install/nav2_msgs/lib/python3.8/site-packages/nav2_msgs/action/_wait.py
[6.867s] -- Up-to-date: /home/ros_workspace/install/nav2_msgs/lib/python3.8/site-packages/nav2_msgs/action/_compute_path_to_pose_s.c
[6.867s] -- Up-to-date: /home/ros_workspace/install/nav2_msgs/lib/python3.8/site-packages/nav2_msgs/action/_dummy_recovery.py
[6.868s] -- Up-to-date: /home/ros_workspace/install/nav2_msgs/lib/python3.8/site-packages/nav2_msgs/action/_compute_path_to_pose.py
[6.871s] -- Up-to-date: /home/ros_workspace/install/nav2_msgs/lib/python3.8/site-packages/nav2_msgs/action/_follow_path_s.c
[6.872s] -- Up-to-date: /home/ros_workspace/install/nav2_msgs/lib/python3.8/site-packages/nav2_msgs/action/_follow_waypoints.py
[6.872s] -- Up-to-date: /home/ros_workspace/install/nav2_msgs/lib/python3.8/site-packages/nav2_msgs/action/_spin_s.c
[6.872s] -- Up-to-date: /home/ros_workspace/install/nav2_msgs/lib/python3.8/site-packages/nav2_msgs/action/__init__.py
[6.873s] -- Up-to-date: /home/ros_workspace/install/nav2_msgs/lib/python3.8/site-packages/nav2_msgs/action/_wait_s.c
[6.875s] -- Up-to-date: /home/ros_workspace/install/nav2_msgs/lib/python3.8/site-packages/nav2_msgs/nav2_msgs_s__rosidl_typesupport_fastrtps_c.cpython-38-x86_64-linux-gnu.so
[6.876s] -- Up-to-date: /home/ros_workspace/install/nav2_msgs/lib/python3.8/site-packages/nav2_msgs/nav2_msgs_s__rosidl_typesupport_introspection_c.cpython-38-x86_64-linux-gnu.so
[6.877s] -- Up-to-date: /home/ros_workspace/install/nav2_msgs/lib/python3.8/site-packages/nav2_msgs/nav2_msgs_s__rosidl_typesupport_c.cpython-38-x86_64-linux-gnu.so
[6.880s] -- Up-to-date: /home/ros_workspace/install/nav2_msgs/lib/libnav2_msgs__python.so
[6.881s] -- Up-to-date: /home/ros_workspace/install/nav2_msgs/share/nav2_msgs/msg/Costmap.idl
[6.881s] -- Up-to-date: /home/ros_workspace/install/nav2_msgs/share/nav2_msgs/msg/CostmapMetaData.idl
[6.882s] -- Up-to-date: /home/ros_workspace/install/nav2_msgs/share/nav2_msgs/msg/VoxelGrid.idl
[6.882s] -- Up-to-date: /home/ros_workspace/install/nav2_msgs/share/nav2_msgs/msg/BehaviorTreeStatusChange.idl
[6.882s] -- Up-to-date: /home/ros_workspace/install/nav2_msgs/share/nav2_msgs/msg/BehaviorTreeLog.idl
[6.883s] -- Up-to-date: /home/ros_workspace/install/nav2_msgs/share/nav2_msgs/msg/Particle.idl
[6.885s] -- Up-to-date: /home/ros_workspace/install/nav2_msgs/share/nav2_msgs/msg/ParticleCloud.idl
[6.889s] -- Up-to-date: /home/ros_workspace/install/nav2_msgs/share/nav2_msgs/srv/GetCostmap.idl
[6.889s] -- Up-to-date: /home/ros_workspace/install/nav2_msgs/share/nav2_msgs/srv/ClearCostmapExceptRegion.idl
[6.890s] -- Up-to-date: /home/ros_workspace/install/nav2_msgs/share/nav2_msgs/srv/ClearCostmapAroundRobot.idl
[6.891s] -- Up-to-date: /home/ros_workspace/install/nav2_msgs/share/nav2_msgs/srv/ClearEntireCostmap.idl
[6.894s] -- Up-to-date: /home/ros_workspace/install/nav2_msgs/share/nav2_msgs/srv/ManageLifecycleNodes.idl
[6.897s] -- Up-to-date: /home/ros_workspace/install/nav2_msgs/share/nav2_msgs/srv/LoadMap.idl
[6.900s] -- Up-to-date: /home/ros_workspace/install/nav2_msgs/share/nav2_msgs/srv/SaveMap.idl
[6.904s] -- Up-to-date: /home/ros_workspace/install/nav2_msgs/share/nav2_msgs/action/BackUp.idl
[6.905s] -- Up-to-date: /home/ros_workspace/install/nav2_msgs/share/nav2_msgs/action/ComputePathToPose.idl
[6.906s] -- Up-to-date: /home/ros_workspace/install/nav2_msgs/share/nav2_msgs/action/FollowPath.idl
[6.906s] -- Up-to-date: /home/ros_workspace/install/nav2_msgs/share/nav2_msgs/action/NavigateToPose.idl
[6.907s] -- Up-to-date: /home/ros_workspace/install/nav2_msgs/share/nav2_msgs/action/Wait.idl
[6.907s] -- Up-to-date: /home/ros_workspace/install/nav2_msgs/share/nav2_msgs/action/Spin.idl
[6.908s] -- Up-to-date: /home/ros_workspace/install/nav2_msgs/share/nav2_msgs/action/DummyRecovery.idl
[6.908s] -- Up-to-date: /home/ros_workspace/install/nav2_msgs/share/nav2_msgs/action/FollowWaypoints.idl
[6.918s] -- Up-to-date: /home/ros_workspace/install/nav2_msgs/share/nav2_msgs/msg/Costmap.msg
[6.919s] -- Up-to-date: /home/ros_workspace/install/nav2_msgs/share/nav2_msgs/msg/CostmapMetaData.msg
[6.919s] -- Up-to-date: /home/ros_workspace/install/nav2_msgs/share/nav2_msgs/msg/VoxelGrid.msg
[6.919s] -- Up-to-date: /home/ros_workspace/install/nav2_msgs/share/nav2_msgs/msg/BehaviorTreeStatusChange.msg
[6.920s] -- Up-to-date: /home/ros_workspace/install/nav2_msgs/share/nav2_msgs/msg/BehaviorTreeLog.msg
[6.920s] -- Up-to-date: /home/ros_workspace/install/nav2_msgs/share/nav2_msgs/msg/Particle.msg
[6.924s] -- Up-to-date: /home/ros_workspace/install/nav2_msgs/share/nav2_msgs/msg/ParticleCloud.msg
[6.927s] -- Up-to-date: /home/ros_workspace/install/nav2_msgs/share/nav2_msgs/srv/GetCostmap.srv
[6.928s] -- Up-to-date: /home/ros_workspace/install/nav2_msgs/share/nav2_msgs/srv/GetCostmap_Request.msg
[6.929s] -- Up-to-date: /home/ros_workspace/install/nav2_msgs/share/nav2_msgs/srv/GetCostmap_Response.msg
[6.930s] -- Up-to-date: /home/ros_workspace/install/nav2_msgs/share/nav2_msgs/srv/ClearCostmapExceptRegion.srv
[6.930s] -- Up-to-date: /home/ros_workspace/install/nav2_msgs/share/nav2_msgs/srv/ClearCostmapExceptRegion_Request.msg
[6.932s] -- Up-to-date: /home/ros_workspace/install/nav2_msgs/share/nav2_msgs/srv/ClearCostmapExceptRegion_Response.msg
[6.935s] -- Up-to-date: /home/ros_workspace/install/nav2_msgs/share/nav2_msgs/srv/ClearCostmapAroundRobot.srv
[6.936s] -- Up-to-date: /home/ros_workspace/install/nav2_msgs/share/nav2_msgs/srv/ClearCostmapAroundRobot_Request.msg
[6.936s] -- Up-to-date: /home/ros_workspace/install/nav2_msgs/share/nav2_msgs/srv/ClearCostmapAroundRobot_Response.msg
[6.937s] -- Up-to-date: /home/ros_workspace/install/nav2_msgs/share/nav2_msgs/srv/ClearEntireCostmap.srv
[6.943s] -- Up-to-date: /home/ros_workspace/install/nav2_msgs/share/nav2_msgs/srv/ClearEntireCostmap_Request.msg
[6.943s] -- Up-to-date: /home/ros_workspace/install/nav2_msgs/share/nav2_msgs/srv/ClearEntireCostmap_Response.msg
[6.944s] -- Up-to-date: /home/ros_workspace/install/nav2_msgs/share/nav2_msgs/srv/ManageLifecycleNodes.srv
[6.944s] -- Up-to-date: /home/ros_workspace/install/nav2_msgs/share/nav2_msgs/srv/ManageLifecycleNodes_Request.msg
[6.945s] -- Up-to-date: /home/ros_workspace/install/nav2_msgs/share/nav2_msgs/srv/ManageLifecycleNodes_Response.msg
[6.945s] -- Up-to-date: /home/ros_workspace/install/nav2_msgs/share/nav2_msgs/srv/LoadMap.srv
[6.945s] -- Up-to-date: /home/ros_workspace/install/nav2_msgs/share/nav2_msgs/srv/LoadMap_Request.msg
[6.946s] -- Up-to-date: /home/ros_workspace/install/nav2_msgs/share/nav2_msgs/srv/LoadMap_Response.msg
[6.946s] -- Up-to-date: /home/ros_workspace/install/nav2_msgs/share/nav2_msgs/srv/SaveMap.srv
[6.947s] -- Up-to-date: /home/ros_workspace/install/nav2_msgs/share/nav2_msgs/srv/SaveMap_Request.msg
[6.947s] -- Up-to-date: /home/ros_workspace/install/nav2_msgs/share/nav2_msgs/srv/SaveMap_Response.msg
[6.947s] -- Up-to-date: /home/ros_workspace/install/nav2_msgs/share/nav2_msgs/action/BackUp.action
[6.948s] -- Up-to-date: /home/ros_workspace/install/nav2_msgs/share/nav2_msgs/action/ComputePathToPose.action
[6.948s] -- Up-to-date: /home/ros_workspace/install/nav2_msgs/share/nav2_msgs/action/FollowPath.action
[6.949s] -- Up-to-date: /home/ros_workspace/install/nav2_msgs/share/nav2_msgs/action/NavigateToPose.action
[6.950s] -- Up-to-date: /home/ros_workspace/install/nav2_msgs/share/nav2_msgs/action/Wait.action
[6.951s] -- Up-to-date: /home/ros_workspace/install/nav2_msgs/share/nav2_msgs/action/Spin.action
[6.954s] -- Up-to-date: /home/ros_workspace/install/nav2_msgs/share/nav2_msgs/action/DummyRecovery.action
[6.955s] -- Up-to-date: /home/ros_workspace/install/nav2_msgs/share/nav2_msgs/action/FollowWaypoints.action
[6.955s] -- Up-to-date: /home/ros_workspace/install/nav2_msgs/share/ament_index/resource_index/package_run_dependencies/nav2_msgs
[6.955s] -- Up-to-date: /home/ros_workspace/install/nav2_msgs/share/ament_index/resource_index/parent_prefix_path/nav2_msgs
[6.957s] -- Up-to-date: /home/ros_workspace/install/nav2_msgs/share/nav2_msgs/environment/ament_prefix_path.sh
[6.963s] -- Up-to-date: /home/ros_workspace/install/nav2_msgs/share/nav2_msgs/environment/ament_prefix_path.dsv
[6.965s] -- Up-to-date: /home/ros_workspace/install/nav2_msgs/share/nav2_msgs/environment/path.sh
[6.965s] -- Up-to-date: /home/ros_workspace/install/nav2_msgs/share/nav2_msgs/environment/path.dsv
[6.970s] -- Up-to-date: /home/ros_workspace/install/nav2_msgs/share/nav2_msgs/local_setup.bash
[6.975s] -- Up-to-date: /home/ros_workspace/install/nav2_msgs/share/nav2_msgs/local_setup.sh
[6.976s] -- Up-to-date: /home/ros_workspace/install/nav2_msgs/share/nav2_msgs/local_setup.zsh
[6.976s] -- Up-to-date: /home/ros_workspace/install/nav2_msgs/share/nav2_msgs/local_setup.dsv
[6.976s] -- Installing: /home/ros_workspace/install/nav2_msgs/share/nav2_msgs/package.dsv
[6.977s] -- Up-to-date: /home/ros_workspace/install/nav2_msgs/share/ament_index/resource_index/packages/nav2_msgs
[6.978s] -- Up-to-date: /home/ros_workspace/install/nav2_msgs/share/nav2_msgs/cmake/nav2_msgs__rosidl_generator_cExport.cmake
[6.978s] -- Up-to-date: /home/ros_workspace/install/nav2_msgs/share/nav2_msgs/cmake/nav2_msgs__rosidl_generator_cExport-release.cmake
[6.981s] -- Up-to-date: /home/ros_workspace/install/nav2_msgs/share/nav2_msgs/cmake/nav2_msgs__rosidl_typesupport_introspection_cExport.cmake
[6.983s] -- Up-to-date: /home/ros_workspace/install/nav2_msgs/share/nav2_msgs/cmake/nav2_msgs__rosidl_typesupport_introspection_cExport-release.cmake
[6.983s] -- Up-to-date: /home/ros_workspace/install/nav2_msgs/share/nav2_msgs/cmake/nav2_msgs__rosidl_typesupport_cExport.cmake
[6.984s] -- Up-to-date: /home/ros_workspace/install/nav2_msgs/share/nav2_msgs/cmake/nav2_msgs__rosidl_typesupport_cExport-release.cmake
[6.988s] -- Up-to-date: /home/ros_workspace/install/nav2_msgs/share/nav2_msgs/cmake/nav2_msgs__rosidl_generator_cppExport.cmake
[6.989s] -- Up-to-date: /home/ros_workspace/install/nav2_msgs/share/nav2_msgs/cmake/nav2_msgs__rosidl_typesupport_introspection_cppExport.cmake
[6.990s] -- Up-to-date: /home/ros_workspace/install/nav2_msgs/share/nav2_msgs/cmake/nav2_msgs__rosidl_typesupport_introspection_cppExport-release.cmake
[6.990s] -- Up-to-date: /home/ros_workspace/install/nav2_msgs/share/nav2_msgs/cmake/nav2_msgs__rosidl_typesupport_cppExport.cmake
[6.991s] -- Up-to-date: /home/ros_workspace/install/nav2_msgs/share/nav2_msgs/cmake/nav2_msgs__rosidl_typesupport_cppExport-release.cmake
[6.993s] -- Up-to-date: /home/ros_workspace/install/nav2_msgs/share/nav2_msgs/cmake/rosidl_cmake-extras.cmake
[7.002s] -- Up-to-date: /home/ros_workspace/install/nav2_msgs/share/nav2_msgs/cmake/ament_cmake_export_dependencies-extras.cmake
[7.002s] -- Up-to-date: /home/ros_workspace/install/nav2_msgs/share/nav2_msgs/cmake/ament_cmake_export_libraries-extras.cmake
[7.003s] -- Up-to-date: /home/ros_workspace/install/nav2_msgs/share/nav2_msgs/cmake/ament_cmake_export_targets-extras.cmake
[7.003s] -- Up-to-date: /home/ros_workspace/install/nav2_msgs/share/nav2_msgs/cmake/ament_cmake_export_include_directories-extras.cmake
[7.004s] -- Up-to-date: /home/ros_workspace/install/nav2_msgs/share/nav2_msgs/cmake/rosidl_cmake_export_typesupport_libraries-extras.cmake
[7.004s] -- Up-to-date: /home/ros_workspace/install/nav2_msgs/share/nav2_msgs/cmake/rosidl_cmake_export_typesupport_targets-extras.cmake
[7.005s] -- Up-to-date: /home/ros_workspace/install/nav2_msgs/share/nav2_msgs/cmake/nav2_msgsConfig.cmake
[7.005s] -- Up-to-date: /home/ros_workspace/install/nav2_msgs/share/nav2_msgs/cmake/nav2_msgsConfig-version.cmake
[7.006s] -- Up-to-date: /home/ros_workspace/install/nav2_msgs/share/nav2_msgs/package.xml
[8.195s] Invoked command in '/home/ros_workspace/build/nav2_msgs' returned '0': AMENT_PREFIX_PATH=/home/ros_workspace/install/nav2_common:${AMENT_PREFIX_PATH} CMAKE_PREFIX_PATH=/home/ros_workspace/install/nav2_common:/opt/ros/foxy PYTHONPATH=/home/ros_workspace/install/nav2_common/lib/python3.8/site-packages:${PYTHONPATH} /usr/bin/cmake --install /home/ros_workspace/build/nav2_msgs
