[2.879s] Invoking command in '/home/ros_workspace/src/mpcc_planner/dynamic_collision_avoidance': AMENT_PREFIX_PATH=/home/ros_workspace/install/mpcc_interfaces:${AMENT_PREFIX_PATH} CMAKE_PREFIX_PATH=/home/ros_workspace/install/mpcc_interfaces:/home/ros_workspace/install/nav2_msgs:/home/ros_workspace/install/nav2_bringup:/home/ros_workspace/install/navigation2:/home/ros_workspace/install/nav2_waypoint_follower:/home/ros_workspace/install/nav2_core:/home/ros_workspace/install/nav2_costmap_2d:/home/ros_workspace/install/nav2_voxel_grid:/home/ros_workspace/install/nav2_rviz_plugins:/home/ros_workspace/install/nav2_map_server:/home/ros_workspace/install/nav2_lifecycle_manager:/home/ros_workspace/install/nav2_bt_navigator:/home/ros_workspace/install/nav2_behavior_tree:/home/ros_workspace/install/nav2_util:/home/ros_workspace/install/nav2_common LD_LIBRARY_PATH=/home/ros_workspace/install/mpcc_interfaces/lib:/home/ros_workspace/install/nav2_msgs/lib:/home/ros_workspace/install/nav2_waypoint_follower/lib:/home/ros_workspace/install/nav2_costmap_2d/lib:/home/ros_workspace/install/nav2_voxel_grid/lib:/home/ros_workspace/install/nav2_rviz_plugins/lib:/home/ros_workspace/install/nav2_map_server/lib:/home/ros_workspace/install/nav2_lifecycle_manager/lib:/home/ros_workspace/install/nav2_bt_navigator/lib:/home/ros_workspace/install/nav2_behavior_tree/lib:/home/ros_workspace/install/nav2_util/lib:/opt/ros/foxy/opt/yaml_cpp_vendor/lib:/opt/ros/foxy/opt/rviz_ogre_vendor/lib:/opt/ros/foxy/lib/x86_64-linux-gnu:/opt/ros/foxy/lib PYTHONPATH=/home/ros_workspace/install/dynamic_collision_avoidance/lib/python3.8/site-packages:/home/ros_workspace/install/mpcc_interfaces/lib/python3.8/site-packages:/home/ros_workspace/install/nav2_msgs/lib/python3.8/site-packages:/home/ros_workspace/install/static_collision_avoidance/lib/python3.8/site-packages:/home/ros_workspace/install/simple_igoneo_commander/lib/python3.8/site-packages:/home/ros_workspace/install/mpcc_local_planner/lib/python3.8/site-packages:/home/ros_workspace/install/local_path_planner/lib/python3.8/site-packages:/home/ros_workspace/install/dynamic_collision_avoidance/lib/python3.8/site-packages:/home/ros_workspace/install/cost_map_server/lib/python3.8/site-packages:/home/ros_workspace/install/nav2_gazebo_spawner/lib/python3.8/site-packages:/home/ros_workspace/install/nav2_common/lib/python3.8/site-packages:/home/ros_workspace/install/mpc_igoneo/lib/python3.8/site-packages:/home/ros_workspace/install/mpc_dynamic_obstacles/lib/python3.8/site-packages:/home/ros_workspace/install/igoneo_dynamic_window/lib/python3.8/site-packages:/opt/ros/foxy/lib/python3.8/site-packages /usr/bin/python3 setup.py egg_info --egg-base ../../../build/dynamic_collision_avoidance build --build-base /home/ros_workspace/build/dynamic_collision_avoidance/build install --prefix /home/ros_workspace/install/dynamic_collision_avoidance --record /home/ros_workspace/build/dynamic_collision_avoidance/install.log --single-version-externally-managed
[3.411s] running egg_info
[3.412s] creating ../../../build/dynamic_collision_avoidance/dynamic_collision_avoidance.egg-info
[3.413s] writing ../../../build/dynamic_collision_avoidance/dynamic_collision_avoidance.egg-info/PKG-INFO
[3.413s] writing dependency_links to ../../../build/dynamic_collision_avoidance/dynamic_collision_avoidance.egg-info/dependency_links.txt
[3.414s] writing entry points to ../../../build/dynamic_collision_avoidance/dynamic_collision_avoidance.egg-info/entry_points.txt
[3.415s] writing requirements to ../../../build/dynamic_collision_avoidance/dynamic_collision_avoidance.egg-info/requires.txt
[3.415s] writing top-level names to ../../../build/dynamic_collision_avoidance/dynamic_collision_avoidance.egg-info/top_level.txt
[3.419s] writing manifest file '../../../build/dynamic_collision_avoidance/dynamic_collision_avoidance.egg-info/SOURCES.txt'
[3.504s] reading manifest file '../../../build/dynamic_collision_avoidance/dynamic_collision_avoidance.egg-info/SOURCES.txt'
[3.506s] writing manifest file '../../../build/dynamic_collision_avoidance/dynamic_collision_avoidance.egg-info/SOURCES.txt'
[3.507s] running build
[3.507s] running build_py
[3.508s] creating /home/ros_workspace/build/dynamic_collision_avoidance/build
[3.508s] creating /home/ros_workspace/build/dynamic_collision_avoidance/build/lib
[3.509s] creating /home/ros_workspace/build/dynamic_collision_avoidance/build/lib/dynamic_collision_avoidance
[3.509s] copying dynamic_collision_avoidance/dynamic_collision_avoidance_node.py -> /home/ros_workspace/build/dynamic_collision_avoidance/build/lib/dynamic_collision_avoidance
[3.510s] copying dynamic_collision_avoidance/dynamic_collision_avoidance.py -> /home/ros_workspace/build/dynamic_collision_avoidance/build/lib/dynamic_collision_avoidance
[3.511s] copying dynamic_collision_avoidance/__init__.py -> /home/ros_workspace/build/dynamic_collision_avoidance/build/lib/dynamic_collision_avoidance
[3.512s] creating /home/ros_workspace/build/dynamic_collision_avoidance/build/lib/dynamic_obstacle
[3.512s] copying dynamic_obstacle/dynamic_obstacle.py -> /home/ros_workspace/build/dynamic_collision_avoidance/build/lib/dynamic_obstacle
[3.513s] copying dynamic_obstacle/kalman_filter.py -> /home/ros_workspace/build/dynamic_collision_avoidance/build/lib/dynamic_obstacle
[3.514s] copying dynamic_obstacle/__init__.py -> /home/ros_workspace/build/dynamic_collision_avoidance/build/lib/dynamic_obstacle
[3.515s] running install
[3.517s] running install_lib
[3.519s] creating /home/ros_workspace/install/dynamic_collision_avoidance/lib/python3.8/site-packages/dynamic_collision_avoidance
[3.520s] copying /home/ros_workspace/build/dynamic_collision_avoidance/build/lib/dynamic_collision_avoidance/dynamic_collision_avoidance_node.py -> /home/ros_workspace/install/dynamic_collision_avoidance/lib/python3.8/site-packages/dynamic_collision_avoidance
[3.521s] copying /home/ros_workspace/build/dynamic_collision_avoidance/build/lib/dynamic_collision_avoidance/dynamic_collision_avoidance.py -> /home/ros_workspace/install/dynamic_collision_avoidance/lib/python3.8/site-packages/dynamic_collision_avoidance
[3.522s] copying /home/ros_workspace/build/dynamic_collision_avoidance/build/lib/dynamic_collision_avoidance/__init__.py -> /home/ros_workspace/install/dynamic_collision_avoidance/lib/python3.8/site-packages/dynamic_collision_avoidance
[3.522s] creating /home/ros_workspace/install/dynamic_collision_avoidance/lib/python3.8/site-packages/dynamic_obstacle
[3.523s] copying /home/ros_workspace/build/dynamic_collision_avoidance/build/lib/dynamic_obstacle/dynamic_obstacle.py -> /home/ros_workspace/install/dynamic_collision_avoidance/lib/python3.8/site-packages/dynamic_obstacle
[3.524s] copying /home/ros_workspace/build/dynamic_collision_avoidance/build/lib/dynamic_obstacle/kalman_filter.py -> /home/ros_workspace/install/dynamic_collision_avoidance/lib/python3.8/site-packages/dynamic_obstacle
[3.527s] copying /home/ros_workspace/build/dynamic_collision_avoidance/build/lib/dynamic_obstacle/__init__.py -> /home/ros_workspace/install/dynamic_collision_avoidance/lib/python3.8/site-packages/dynamic_obstacle
[3.529s] byte-compiling /home/ros_workspace/install/dynamic_collision_avoidance/lib/python3.8/site-packages/dynamic_collision_avoidance/dynamic_collision_avoidance_node.py to dynamic_collision_avoidance_node.cpython-38.pyc
[3.537s] byte-compiling /home/ros_workspace/install/dynamic_collision_avoidance/lib/python3.8/site-packages/dynamic_collision_avoidance/dynamic_collision_avoidance.py to dynamic_collision_avoidance.cpython-38.pyc
[3.537s] byte-compiling /home/ros_workspace/install/dynamic_collision_avoidance/lib/python3.8/site-packages/dynamic_collision_avoidance/__init__.py to __init__.cpython-38.pyc
[3.538s] byte-compiling /home/ros_workspace/install/dynamic_collision_avoidance/lib/python3.8/site-packages/dynamic_obstacle/dynamic_obstacle.py to dynamic_obstacle.cpython-38.pyc
[3.539s] byte-compiling /home/ros_workspace/install/dynamic_collision_avoidance/lib/python3.8/site-packages/dynamic_obstacle/kalman_filter.py to kalman_filter.cpython-38.pyc
[3.542s] byte-compiling /home/ros_workspace/install/dynamic_collision_avoidance/lib/python3.8/site-packages/dynamic_obstacle/__init__.py to __init__.cpython-38.pyc
[3.542s] running install_data
[3.543s] running install_egg_info
[3.551s] Copying ../../../build/dynamic_collision_avoidance/dynamic_collision_avoidance.egg-info to /home/ros_workspace/install/dynamic_collision_avoidance/lib/python3.8/site-packages/dynamic_collision_avoidance-0.0.0-py3.8.egg-info
[3.551s] running install_scripts
[3.583s] Installing dynamic_collision_avoidance script to /home/ros_workspace/install/dynamic_collision_avoidance/lib/dynamic_collision_avoidance
[3.583s] writing list of installed files to '/home/ros_workspace/build/dynamic_collision_avoidance/install.log'
[3.631s] Invoked command in '/home/ros_workspace/src/mpcc_planner/dynamic_collision_avoidance' returned '0': AMENT_PREFIX_PATH=/home/ros_workspace/install/mpcc_interfaces:${AMENT_PREFIX_PATH} CMAKE_PREFIX_PATH=/home/ros_workspace/install/mpcc_interfaces:/home/ros_workspace/install/nav2_msgs:/home/ros_workspace/install/nav2_bringup:/home/ros_workspace/install/navigation2:/home/ros_workspace/install/nav2_waypoint_follower:/home/ros_workspace/install/nav2_core:/home/ros_workspace/install/nav2_costmap_2d:/home/ros_workspace/install/nav2_voxel_grid:/home/ros_workspace/install/nav2_rviz_plugins:/home/ros_workspace/install/nav2_map_server:/home/ros_workspace/install/nav2_lifecycle_manager:/home/ros_workspace/install/nav2_bt_navigator:/home/ros_workspace/install/nav2_behavior_tree:/home/ros_workspace/install/nav2_util:/home/ros_workspace/install/nav2_common LD_LIBRARY_PATH=/home/ros_workspace/install/mpcc_interfaces/lib:/home/ros_workspace/install/nav2_msgs/lib:/home/ros_workspace/install/nav2_waypoint_follower/lib:/home/ros_workspace/install/nav2_costmap_2d/lib:/home/ros_workspace/install/nav2_voxel_grid/lib:/home/ros_workspace/install/nav2_rviz_plugins/lib:/home/ros_workspace/install/nav2_map_server/lib:/home/ros_workspace/install/nav2_lifecycle_manager/lib:/home/ros_workspace/install/nav2_bt_navigator/lib:/home/ros_workspace/install/nav2_behavior_tree/lib:/home/ros_workspace/install/nav2_util/lib:/opt/ros/foxy/opt/yaml_cpp_vendor/lib:/opt/ros/foxy/opt/rviz_ogre_vendor/lib:/opt/ros/foxy/lib/x86_64-linux-gnu:/opt/ros/foxy/lib PYTHONPATH=/home/ros_workspace/install/dynamic_collision_avoidance/lib/python3.8/site-packages:/home/ros_workspace/install/mpcc_interfaces/lib/python3.8/site-packages:/home/ros_workspace/install/nav2_msgs/lib/python3.8/site-packages:/home/ros_workspace/install/static_collision_avoidance/lib/python3.8/site-packages:/home/ros_workspace/install/simple_igoneo_commander/lib/python3.8/site-packages:/home/ros_workspace/install/mpcc_local_planner/lib/python3.8/site-packages:/home/ros_workspace/install/local_path_planner/lib/python3.8/site-packages:/home/ros_workspace/install/dynamic_collision_avoidance/lib/python3.8/site-packages:/home/ros_workspace/install/cost_map_server/lib/python3.8/site-packages:/home/ros_workspace/install/nav2_gazebo_spawner/lib/python3.8/site-packages:/home/ros_workspace/install/nav2_common/lib/python3.8/site-packages:/home/ros_workspace/install/mpc_igoneo/lib/python3.8/site-packages:/home/ros_workspace/install/mpc_dynamic_obstacles/lib/python3.8/site-packages:/home/ros_workspace/install/igoneo_dynamic_window/lib/python3.8/site-packages:/opt/ros/foxy/lib/python3.8/site-packages /usr/bin/python3 setup.py egg_info --egg-base ../../../build/dynamic_collision_avoidance build --build-base /home/ros_workspace/build/dynamic_collision_avoidance/build install --prefix /home/ros_workspace/install/dynamic_collision_avoidance --record /home/ros_workspace/build/dynamic_collision_avoidance/install.log --single-version-externally-managed
