running egg_info
creating ../../../build/simple_igoneo_commander/simple_igoneo_commander.egg-info
writing ../../../build/simple_igoneo_commander/simple_igoneo_commander.egg-info/PKG-INFO
writing dependency_links to ../../../build/simple_igoneo_commander/simple_igoneo_commander.egg-info/dependency_links.txt
writing entry points to ../../../build/simple_igoneo_commander/simple_igoneo_commander.egg-info/entry_points.txt
writing requirements to ../../../build/simple_igoneo_commander/simple_igoneo_commander.egg-info/requires.txt
writing top-level names to ../../../build/simple_igoneo_commander/simple_igoneo_commander.egg-info/top_level.txt
writing manifest file '../../../build/simple_igoneo_commander/simple_igoneo_commander.egg-info/SOURCES.txt'
reading manifest file '../../../build/simple_igoneo_commander/simple_igoneo_commander.egg-info/SOURCES.txt'
writing manifest file '../../../build/simple_igoneo_commander/simple_igoneo_commander.egg-info/SOURCES.txt'
running build
running build_py
creating /home/ros_workspace/build/simple_igoneo_commander/build
creating /home/ros_workspace/build/simple_igoneo_commander/build/lib
creating /home/ros_workspace/build/simple_igoneo_commander/build/lib/simple_igoneo_commander
copying simple_igoneo_commander/__init__.py -> /home/ros_workspace/build/simple_igoneo_commander/build/lib/simple_igoneo_commander
copying simple_igoneo_commander/simple_commands.py -> /home/ros_workspace/build/simple_igoneo_commander/build/lib/simple_igoneo_commander
running install
running install_lib
creating /home/ros_workspace/install/simple_igoneo_commander/lib/python3.8/site-packages/simple_igoneo_commander
copying /home/ros_workspace/build/simple_igoneo_commander/build/lib/simple_igoneo_commander/__init__.py -> /home/ros_workspace/install/simple_igoneo_commander/lib/python3.8/site-packages/simple_igoneo_commander
copying /home/ros_workspace/build/simple_igoneo_commander/build/lib/simple_igoneo_commander/simple_commands.py -> /home/ros_workspace/install/simple_igoneo_commander/lib/python3.8/site-packages/simple_igoneo_commander
byte-compiling /home/ros_workspace/install/simple_igoneo_commander/lib/python3.8/site-packages/simple_igoneo_commander/__init__.py to __init__.cpython-38.pyc
byte-compiling /home/ros_workspace/install/simple_igoneo_commander/lib/python3.8/site-packages/simple_igoneo_commander/simple_commands.py to simple_commands.cpython-38.pyc
running install_data
running install_egg_info
Copying ../../../build/simple_igoneo_commander/simple_igoneo_commander.egg-info to /home/ros_workspace/install/simple_igoneo_commander/lib/python3.8/site-packages/simple_igoneo_commander-0.0.0-py3.8.egg-info
running install_scripts
Installing simple_commander script to /home/ros_workspace/install/simple_igoneo_commander/lib/simple_igoneo_commander
writing list of installed files to '/home/ros_workspace/build/simple_igoneo_commander/install.log'
