[2.107s] Invoking command in '/home/ros_workspace/src/mpcc_planner/simple_igoneo_commander': PYTHONPATH=/home/ros_workspace/install/simple_igoneo_commander/lib/python3.8/site-packages:${PYTHONPATH} /usr/bin/python3 setup.py egg_info --egg-base ../../../build/simple_igoneo_commander build --build-base /home/ros_workspace/build/simple_igoneo_commander/build install --prefix /home/ros_workspace/install/simple_igoneo_commander --record /home/ros_workspace/build/simple_igoneo_commander/install.log --single-version-externally-managed
[2.443s] running egg_info
[2.444s] creating ../../../build/simple_igoneo_commander/simple_igoneo_commander.egg-info
[2.444s] writing ../../../build/simple_igoneo_commander/simple_igoneo_commander.egg-info/PKG-INFO
[2.444s] writing dependency_links to ../../../build/simple_igoneo_commander/simple_igoneo_commander.egg-info/dependency_links.txt
[2.445s] writing entry points to ../../../build/simple_igoneo_commander/simple_igoneo_commander.egg-info/entry_points.txt
[2.445s] writing requirements to ../../../build/simple_igoneo_commander/simple_igoneo_commander.egg-info/requires.txt
[2.445s] writing top-level names to ../../../build/simple_igoneo_commander/simple_igoneo_commander.egg-info/top_level.txt
[2.449s] writing manifest file '../../../build/simple_igoneo_commander/simple_igoneo_commander.egg-info/SOURCES.txt'
[2.497s] reading manifest file '../../../build/simple_igoneo_commander/simple_igoneo_commander.egg-info/SOURCES.txt'
[2.498s] writing manifest file '../../../build/simple_igoneo_commander/simple_igoneo_commander.egg-info/SOURCES.txt'
[2.498s] running build
[2.498s] running build_py
[2.499s] creating /home/ros_workspace/build/simple_igoneo_commander/build
[2.499s] creating /home/ros_workspace/build/simple_igoneo_commander/build/lib
[2.499s] creating /home/ros_workspace/build/simple_igoneo_commander/build/lib/simple_igoneo_commander
[2.499s] copying simple_igoneo_commander/__init__.py -> /home/ros_workspace/build/simple_igoneo_commander/build/lib/simple_igoneo_commander
[2.499s] copying simple_igoneo_commander/simple_commands.py -> /home/ros_workspace/build/simple_igoneo_commander/build/lib/simple_igoneo_commander
[2.499s] running install
[2.501s] running install_lib
[2.503s] creating /home/ros_workspace/install/simple_igoneo_commander/lib/python3.8/site-packages/simple_igoneo_commander
[2.503s] copying /home/ros_workspace/build/simple_igoneo_commander/build/lib/simple_igoneo_commander/__init__.py -> /home/ros_workspace/install/simple_igoneo_commander/lib/python3.8/site-packages/simple_igoneo_commander
[2.503s] copying /home/ros_workspace/build/simple_igoneo_commander/build/lib/simple_igoneo_commander/simple_commands.py -> /home/ros_workspace/install/simple_igoneo_commander/lib/python3.8/site-packages/simple_igoneo_commander
[2.504s] byte-compiling /home/ros_workspace/install/simple_igoneo_commander/lib/python3.8/site-packages/simple_igoneo_commander/__init__.py to __init__.cpython-38.pyc
[2.507s] byte-compiling /home/ros_workspace/install/simple_igoneo_commander/lib/python3.8/site-packages/simple_igoneo_commander/simple_commands.py to simple_commands.cpython-38.pyc
[2.507s] running install_data
[2.508s] running install_egg_info
[2.510s] Copying ../../../build/simple_igoneo_commander/simple_igoneo_commander.egg-info to /home/ros_workspace/install/simple_igoneo_commander/lib/python3.8/site-packages/simple_igoneo_commander-0.0.0-py3.8.egg-info
[2.512s] running install_scripts
[2.542s] Installing simple_commander script to /home/ros_workspace/install/simple_igoneo_commander/lib/simple_igoneo_commander
[2.542s] writing list of installed files to '/home/ros_workspace/build/simple_igoneo_commander/install.log'
[2.583s] Invoked command in '/home/ros_workspace/src/mpcc_planner/simple_igoneo_commander' returned '0': PYTHONPATH=/home/ros_workspace/install/simple_igoneo_commander/lib/python3.8/site-packages:${PYTHONPATH} /usr/bin/python3 setup.py egg_info --egg-base ../../../build/simple_igoneo_commander build --build-base /home/ros_workspace/build/simple_igoneo_commander/build install --prefix /home/ros_workspace/install/simple_igoneo_commander --record /home/ros_workspace/build/simple_igoneo_commander/install.log --single-version-externally-managed
