[0.388s] Invoking command in '/home/ros_workspace/build/nav2_common': CMAKE_PREFIX_PATH=/opt/ros/foxy /usr/bin/cmake --build /home/ros_workspace/build/nav2_common -- -j4 -l4
[2.721s] Invoked command in '/home/ros_workspace/build/nav2_common' returned '0': CMAKE_PREFIX_PATH=/opt/ros/foxy /usr/bin/cmake --build /home/ros_workspace/build/nav2_common -- -j4 -l4
[3.054s] Invoking command in '/home/ros_workspace/build/nav2_common': CMAKE_PREFIX_PATH=/opt/ros/foxy /usr/bin/cmake --install /home/ros_workspace/build/nav2_common
[3.128s] -- Install configuration: ""
[3.130s] -- Up-to-date: /home/ros_workspace/install/nav2_common/share/nav2_common/environment/pythonpath.sh
[3.132s] -- Up-to-date: /home/ros_workspace/install/nav2_common/share/nav2_common/environment/pythonpath.dsv
[3.133s] -- Up-to-date: /home/ros_workspace/install/nav2_common/lib/python3.8/site-packages/nav2_common
[3.134s] -- Up-to-date: /home/ros_workspace/install/nav2_common/lib/python3.8/site-packages/nav2_common/launch
[3.135s] -- Up-to-date: /home/ros_workspace/install/nav2_common/lib/python3.8/site-packages/nav2_common/launch/has_node_params.py
[3.135s] -- Up-to-date: /home/ros_workspace/install/nav2_common/lib/python3.8/site-packages/nav2_common/launch/rewritten_yaml.py
[3.136s] -- Up-to-date: /home/ros_workspace/install/nav2_common/lib/python3.8/site-packages/nav2_common/launch/replace_string.py
[3.136s] -- Up-to-date: /home/ros_workspace/install/nav2_common/lib/python3.8/site-packages/nav2_common/launch/__init__.py
[3.137s] -- Up-to-date: /home/ros_workspace/install/nav2_common/lib/python3.8/site-packages/nav2_common/__init__.py
[3.357s] Listing '/home/ros_workspace/install/nav2_common/lib/python3.8/site-packages/nav2_common'...
[3.357s] Listing '/home/ros_workspace/install/nav2_common/lib/python3.8/site-packages/nav2_common/launch'...
[3.369s] -- Up-to-date: /home/ros_workspace/install/nav2_common/share/ament_index/resource_index/package_run_dependencies/nav2_common
[3.370s] -- Up-to-date: /home/ros_workspace/install/nav2_common/share/ament_index/resource_index/parent_prefix_path/nav2_common
[3.371s] -- Up-to-date: /home/ros_workspace/install/nav2_common/share/nav2_common/environment/ament_prefix_path.sh
[3.372s] -- Up-to-date: /home/ros_workspace/install/nav2_common/share/nav2_common/environment/ament_prefix_path.dsv
[3.373s] -- Up-to-date: /home/ros_workspace/install/nav2_common/share/nav2_common/environment/path.sh
[3.373s] -- Up-to-date: /home/ros_workspace/install/nav2_common/share/nav2_common/environment/path.dsv
[3.374s] -- Up-to-date: /home/ros_workspace/install/nav2_common/share/nav2_common/local_setup.bash
[3.375s] -- Up-to-date: /home/ros_workspace/install/nav2_common/share/nav2_common/local_setup.sh
[3.376s] -- Up-to-date: /home/ros_workspace/install/nav2_common/share/nav2_common/local_setup.zsh
[3.377s] -- Up-to-date: /home/ros_workspace/install/nav2_common/share/nav2_common/local_setup.dsv
[3.377s] -- Installing: /home/ros_workspace/install/nav2_common/share/nav2_common/package.dsv
[3.379s] -- Up-to-date: /home/ros_workspace/install/nav2_common/share/ament_index/resource_index/packages/nav2_common
[3.379s] -- Up-to-date: /home/ros_workspace/install/nav2_common/share/nav2_common/cmake/nav2_common-extras.cmake
[3.379s] -- Up-to-date: /home/ros_workspace/install/nav2_common/share/nav2_common/cmake/nav2_commonConfig.cmake
[3.382s] -- Up-to-date: /home/ros_workspace/install/nav2_common/share/nav2_common/cmake/nav2_commonConfig-version.cmake
[3.382s] -- Up-to-date: /home/ros_workspace/install/nav2_common/share/nav2_common/package.xml
[3.382s] -- Up-to-date: /home/ros_workspace/install/nav2_common/share/nav2_common/cmake
[3.383s] -- Up-to-date: /home/ros_workspace/install/nav2_common/share/nav2_common/cmake/nav2_package.cmake
[3.391s] Invoked command in '/home/ros_workspace/build/nav2_common' returned '0': CMAKE_PREFIX_PATH=/opt/ros/foxy /usr/bin/cmake --install /home/ros_workspace/build/nav2_common
