[0.171s] Invoking command in '/home/ros_workspace/build/nav2_msgs': CMAKE_PREFIX_PATH=/home/ros_workspace/install/nav2_common:/home/ros_workspace/install/nav2_bringup:/home/ros_workspace/install/navigation2:/home/ros_workspace/install/nav2_waypoint_follower:/home/ros_workspace/install/nav2_navfn_planner:/home/ros_workspace/install/nav2_core:/home/ros_workspace/install/nav2_costmap_2d:/home/ros_workspace/install/nav2_voxel_grid:/home/ros_workspace/install/nav2_rviz_plugins:/home/ros_workspace/install/nav2_map_server:/home/ros_workspace/install/nav2_lifecycle_manager:/home/ros_workspace/install/nav2_bt_navigator:/home/ros_workspace/install/nav2_behavior_tree:/home/ros_workspace/install/nav2_util:/home/ros_workspace/install/mpcc_interfaces:/home/ros_workspace/install/nav2_msgs:/home/ros_workspace/install/static_collision_avoidance:/home/ros_workspace/install/simple_igoneo_commander:/home/ros_workspace/install/mpcc_local_planner:/home/ros_workspace/install/local_path_planner:/home/ros_workspace/install/dynamic_collision_avoidance:/home/ros_workspace/install/cost_map_server:/home/ros_workspace/install/nav2_gazebo_spawner:/home/ros_workspace/install/mpc_igoneo:/home/ros_workspace/install/mpc_dynamic_obstacles:/home/ros_workspace/install/igoneo_dynamic_window:/opt/ros/foxy PYTHONPATH=/home/ros_workspace/install/nav2_common/lib/python3.8/site-packages:/home/ros_workspace/install/static_collision_avoidance/lib/python3.8/site-packages:/home/ros_workspace/install/simple_igoneo_commander/lib/python3.8/site-packages:/home/ros_workspace/install/mpcc_local_planner/lib/python3.8/site-packages:/home/ros_workspace/install/local_path_planner/lib/python3.8/site-packages:/home/ros_workspace/install/dynamic_collision_avoidance/lib/python3.8/site-packages:/home/ros_workspace/install/cost_map_server/lib/python3.8/site-packages:/home/ros_workspace/install/mpcc_interfaces/lib/python3.8/site-packages:/home/ros_workspace/install/nav2_msgs/lib/python3.8/site-packages:/home/ros_workspace/install/nav2_gazebo_spawner/lib/python3.8/site-packages:/home/ros_workspace/install/mpc_igoneo/lib/python3.8/site-packages:/home/ros_workspace/install/mpc_dynamic_obstacles/lib/python3.8/site-packages:/home/ros_workspace/install/igoneo_dynamic_window/lib/python3.8/site-packages:/opt/ros/foxy/lib/python3.8/site-packages /usr/bin/cmake --build /home/ros_workspace/build/nav2_msgs -- -j4 -l4
[0.799s] [  0%] Built target nav2_msgs__cpp
[0.856s] [ 12%] Built target nav2_msgs__rosidl_generator_c
[1.131s] [ 24%] Built target nav2_msgs__rosidl_typesupport_cpp
[1.144s] [ 36%] Built target nav2_msgs__rosidl_typesupport_fastrtps_cpp
[1.190s] [ 49%] Built target nav2_msgs__rosidl_typesupport_introspection_cpp
[1.216s] [ 61%] Built target nav2_msgs__rosidl_typesupport_c
[1.518s] [ 73%] Built target nav2_msgs__rosidl_typesupport_fastrtps_c
[1.556s] [ 85%] Built target nav2_msgs__rosidl_typesupport_introspection_c
[1.773s] [ 85%] Built target nav2_msgs
[1.992s] [ 86%] Built target nav2_msgs__py
[2.387s] [ 97%] Built target nav2_msgs__python
[2.652s] [ 98%] Built target nav2_msgs__rosidl_typesupport_fastrtps_c__pyext
[2.731s] [ 99%] Built target nav2_msgs__rosidl_typesupport_c__pyext
[2.750s] [100%] Built target nav2_msgs__rosidl_typesupport_introspection_c__pyext
[2.833s] Invoked command in '/home/ros_workspace/build/nav2_msgs' returned '0': CMAKE_PREFIX_PATH=/home/ros_workspace/install/nav2_common:/home/ros_workspace/install/nav2_bringup:/home/ros_workspace/install/navigation2:/home/ros_workspace/install/nav2_waypoint_follower:/home/ros_workspace/install/nav2_navfn_planner:/home/ros_workspace/install/nav2_core:/home/ros_workspace/install/nav2_costmap_2d:/home/ros_workspace/install/nav2_voxel_grid:/home/ros_workspace/install/nav2_rviz_plugins:/home/ros_workspace/install/nav2_map_server:/home/ros_workspace/install/nav2_lifecycle_manager:/home/ros_workspace/install/nav2_bt_navigator:/home/ros_workspace/install/nav2_behavior_tree:/home/ros_workspace/install/nav2_util:/home/ros_workspace/install/mpcc_interfaces:/home/ros_workspace/install/nav2_msgs:/home/ros_workspace/install/static_collision_avoidance:/home/ros_workspace/install/simple_igoneo_commander:/home/ros_workspace/install/mpcc_local_planner:/home/ros_workspace/install/local_path_planner:/home/ros_workspace/install/dynamic_collision_avoidance:/home/ros_workspace/install/cost_map_server:/home/ros_workspace/install/nav2_gazebo_spawner:/home/ros_workspace/install/mpc_igoneo:/home/ros_workspace/install/mpc_dynamic_obstacles:/home/ros_workspace/install/igoneo_dynamic_window:/opt/ros/foxy PYTHONPATH=/home/ros_workspace/install/nav2_common/lib/python3.8/site-packages:/home/ros_workspace/install/static_collision_avoidance/lib/python3.8/site-packages:/home/ros_workspace/install/simple_igoneo_commander/lib/python3.8/site-packages:/home/ros_workspace/install/mpcc_local_planner/lib/python3.8/site-packages:/home/ros_workspace/install/local_path_planner/lib/python3.8/site-packages:/home/ros_workspace/install/dynamic_collision_avoidance/lib/python3.8/site-packages:/home/ros_workspace/install/cost_map_server/lib/python3.8/site-packages:/home/ros_workspace/install/mpcc_interfaces/lib/python3.8/site-packages:/home/ros_workspace/install/nav2_msgs/lib/python3.8/site-packages:/home/ros_workspace/install/nav2_gazebo_spawner/lib/python3.8/site-packages:/home/ros_workspace/install/mpc_igoneo/lib/python3.8/site-packages:/home/ros_workspace/install/mpc_dynamic_obstacles/lib/python3.8/site-packages:/home/ros_workspace/install/igoneo_dynamic_window/lib/python3.8/site-packages:/opt/ros/foxy/lib/python3.8/site-packages /usr/bin/cmake --build /home/ros_workspace/build/nav2_msgs -- -j4 -l4
[5.413s] Invoking command in '/home/ros_workspace/build/nav2_msgs': CMAKE_PREFIX_PATH=/home/ros_workspace/install/nav2_common:/home/ros_workspace/install/nav2_bringup:/home/ros_workspace/install/navigation2:/home/ros_workspace/install/nav2_waypoint_follower:/home/ros_workspace/install/nav2_navfn_planner:/home/ros_workspace/install/nav2_core:/home/ros_workspace/install/nav2_costmap_2d:/home/ros_workspace/install/nav2_voxel_grid:/home/ros_workspace/install/nav2_rviz_plugins:/home/ros_workspace/install/nav2_map_server:/home/ros_workspace/install/nav2_lifecycle_manager:/home/ros_workspace/install/nav2_bt_navigator:/home/ros_workspace/install/nav2_behavior_tree:/home/ros_workspace/install/nav2_util:/home/ros_workspace/install/mpcc_interfaces:/home/ros_workspace/install/nav2_msgs:/home/ros_workspace/install/static_collision_avoidance:/home/ros_workspace/install/simple_igoneo_commander:/home/ros_workspace/install/mpcc_local_planner:/home/ros_workspace/install/local_path_planner:/home/ros_workspace/install/dynamic_collision_avoidance:/home/ros_workspace/install/cost_map_server:/home/ros_workspace/install/nav2_gazebo_spawner:/home/ros_workspace/install/mpc_igoneo:/home/ros_workspace/install/mpc_dynamic_obstacles:/home/ros_workspace/install/igoneo_dynamic_window:/opt/ros/foxy PYTHONPATH=/home/ros_workspace/install/nav2_common/lib/python3.8/site-packages:/home/ros_workspace/install/static_collision_avoidance/lib/python3.8/site-packages:/home/ros_workspace/install/simple_igoneo_commander/lib/python3.8/site-packages:/home/ros_workspace/install/mpcc_local_planner/lib/python3.8/site-packages:/home/ros_workspace/install/local_path_planner/lib/python3.8/site-packages:/home/ros_workspace/install/dynamic_collision_avoidance/lib/python3.8/site-packages:/home/ros_workspace/install/cost_map_server/lib/python3.8/site-packages:/home/ros_workspace/install/mpcc_interfaces/lib/python3.8/site-packages:/home/ros_workspace/install/nav2_msgs/lib/python3.8/site-packages:/home/ros_workspace/install/nav2_gazebo_spawner/lib/python3.8/site-packages:/home/ros_workspace/install/mpc_igoneo/lib/python3.8/site-packages:/home/ros_workspace/install/mpc_dynamic_obstacles/lib/python3.8/site-packages:/home/ros_workspace/install/igoneo_dynamic_window/lib/python3.8/site-packages:/opt/ros/foxy/lib/python3.8/site-packages /usr/bin/cmake --install /home/ros_workspace/build/nav2_msgs
[5.445s] -- Install configuration: "Release"
[5.446s] -- Up-to-date: /home/ros_workspace/install/nav2_msgs/share/ament_index/resource_index/rosidl_interfaces/nav2_msgs
[5.451s] -- Up-to-date: /home/ros_workspace/install/nav2_msgs/include/nav2_msgs
[5.451s] -- Up-to-date: /home/ros_workspace/install/nav2_msgs/include/nav2_msgs/action
[5.452s] -- Up-to-date: /home/ros_workspace/install/nav2_msgs/include/nav2_msgs/action/spin.h
[5.452s] -- Up-to-date: /home/ros_workspace/install/nav2_msgs/include/nav2_msgs/action/back_up.h
[5.453s] -- Up-to-date: /home/ros_workspace/install/nav2_msgs/include/nav2_msgs/action/detail
[5.453s] -- Up-to-date: /home/ros_workspace/install/nav2_msgs/include/nav2_msgs/action/detail/back_up__functions.c
[5.453s] -- Up-to-date: /home/ros_workspace/install/nav2_msgs/include/nav2_msgs/action/detail/spin__functions.c
[5.453s] -- Up-to-date: /home/ros_workspace/install/nav2_msgs/include/nav2_msgs/action/detail/follow_path__functions.h
[5.454s] -- Up-to-date: /home/ros_workspace/install/nav2_msgs/include/nav2_msgs/action/detail/compute_path_to_pose__struct.h
[5.454s] -- Up-to-date: /home/ros_workspace/install/nav2_msgs/include/nav2_msgs/action/detail/follow_waypoints__type_support.h
[5.455s] -- Up-to-date: /home/ros_workspace/install/nav2_msgs/include/nav2_msgs/action/detail/wait__type_support.h
[5.455s] -- Up-to-date: /home/ros_workspace/install/nav2_msgs/include/nav2_msgs/action/detail/wait__functions.c
[5.456s] -- Up-to-date: /home/ros_workspace/install/nav2_msgs/include/nav2_msgs/action/detail/dummy_recovery__type_support.h
[5.456s] -- Up-to-date: /home/ros_workspace/install/nav2_msgs/include/nav2_msgs/action/detail/navigate_to_pose__type_support.h
[5.456s] -- Up-to-date: /home/ros_workspace/install/nav2_msgs/include/nav2_msgs/action/detail/follow_path__struct.h
[5.462s] -- Up-to-date: /home/ros_workspace/install/nav2_msgs/include/nav2_msgs/action/detail/back_up__functions.h
[5.463s] -- Up-to-date: /home/ros_workspace/install/nav2_msgs/include/nav2_msgs/action/detail/spin__struct.h
[5.466s] -- Up-to-date: /home/ros_workspace/install/nav2_msgs/include/nav2_msgs/action/detail/navigate_to_pose__functions.h
[5.467s] -- Up-to-date: /home/ros_workspace/install/nav2_msgs/include/nav2_msgs/action/detail/follow_waypoints__functions.c
[5.467s] -- Up-to-date: /home/ros_workspace/install/nav2_msgs/include/nav2_msgs/action/detail/compute_path_to_pose__functions.h
[5.468s] -- Up-to-date: /home/ros_workspace/install/nav2_msgs/include/nav2_msgs/action/detail/dummy_recovery__functions.c
[5.469s] -- Up-to-date: /home/ros_workspace/install/nav2_msgs/include/nav2_msgs/action/detail/dummy_recovery__struct.h
[5.469s] -- Up-to-date: /home/ros_workspace/install/nav2_msgs/include/nav2_msgs/action/detail/navigate_to_pose__functions.c
[5.470s] -- Up-to-date: /home/ros_workspace/install/nav2_msgs/include/nav2_msgs/action/detail/navigate_to_pose__struct.h
[5.470s] -- Up-to-date: /home/ros_workspace/install/nav2_msgs/include/nav2_msgs/action/detail/dummy_recovery__functions.h
[5.470s] -- Up-to-date: /home/ros_workspace/install/nav2_msgs/include/nav2_msgs/action/detail/follow_path__functions.c
[5.471s] -- Up-to-date: /home/ros_workspace/install/nav2_msgs/include/nav2_msgs/action/detail/back_up__struct.h
[5.471s] -- Up-to-date: /home/ros_workspace/install/nav2_msgs/include/nav2_msgs/action/detail/compute_path_to_pose__functions.c
[5.471s] -- Up-to-date: /home/ros_workspace/install/nav2_msgs/include/nav2_msgs/action/detail/spin__type_support.h
[5.472s] -- Up-to-date: /home/ros_workspace/install/nav2_msgs/include/nav2_msgs/action/detail/wait__functions.h
[5.472s] -- Up-to-date: /home/ros_workspace/install/nav2_msgs/include/nav2_msgs/action/detail/wait__struct.h
[5.472s] -- Up-to-date: /home/ros_workspace/install/nav2_msgs/include/nav2_msgs/action/detail/spin__functions.h
[5.473s] -- Up-to-date: /home/ros_workspace/install/nav2_msgs/include/nav2_msgs/action/detail/follow_waypoints__struct.h
[5.473s] -- Up-to-date: /home/ros_workspace/install/nav2_msgs/include/nav2_msgs/action/detail/back_up__type_support.h
[5.473s] -- Up-to-date: /home/ros_workspace/install/nav2_msgs/include/nav2_msgs/action/detail/compute_path_to_pose__type_support.h
[5.473s] -- Up-to-date: /home/ros_workspace/install/nav2_msgs/include/nav2_msgs/action/detail/follow_path__type_support.h
[5.473s] -- Up-to-date: /home/ros_workspace/install/nav2_msgs/include/nav2_msgs/action/detail/follow_waypoints__functions.h
[5.474s] -- Up-to-date: /home/ros_workspace/install/nav2_msgs/include/nav2_msgs/action/wait.h
[5.474s] -- Up-to-date: /home/ros_workspace/install/nav2_msgs/include/nav2_msgs/action/follow_waypoints.h
[5.477s] -- Up-to-date: /home/ros_workspace/install/nav2_msgs/include/nav2_msgs/action/navigate_to_pose.h
[5.478s] -- Up-to-date: /home/ros_workspace/install/nav2_msgs/include/nav2_msgs/action/compute_path_to_pose.h
[5.478s] -- Up-to-date: /home/ros_workspace/install/nav2_msgs/include/nav2_msgs/action/dummy_recovery.h
[5.478s] -- Up-to-date: /home/ros_workspace/install/nav2_msgs/include/nav2_msgs/action/follow_path.h
[5.478s] -- Up-to-date: /home/ros_workspace/install/nav2_msgs/include/nav2_msgs/msg
[5.478s] -- Up-to-date: /home/ros_workspace/install/nav2_msgs/include/nav2_msgs/msg/voxel_grid.h
[5.479s] -- Up-to-date: /home/ros_workspace/install/nav2_msgs/include/nav2_msgs/msg/behavior_tree_status_change.h
[5.479s] -- Up-to-date: /home/ros_workspace/install/nav2_msgs/include/nav2_msgs/msg/particle.h
[5.479s] -- Up-to-date: /home/ros_workspace/install/nav2_msgs/include/nav2_msgs/msg/rosidl_generator_c__visibility_control.h
[5.479s] -- Up-to-date: /home/ros_workspace/install/nav2_msgs/include/nav2_msgs/msg/detail
[5.479s] -- Up-to-date: /home/ros_workspace/install/nav2_msgs/include/nav2_msgs/msg/detail/costmap_meta_data__struct.h
[5.479s] -- Up-to-date: /home/ros_workspace/install/nav2_msgs/include/nav2_msgs/msg/detail/costmap_meta_data__functions.c
[5.480s] -- Up-to-date: /home/ros_workspace/install/nav2_msgs/include/nav2_msgs/msg/detail/particle__functions.c
[5.480s] -- Up-to-date: /home/ros_workspace/install/nav2_msgs/include/nav2_msgs/msg/detail/voxel_grid__struct.h
[5.480s] -- Up-to-date: /home/ros_workspace/install/nav2_msgs/include/nav2_msgs/msg/detail/behavior_tree_log__struct.h
[5.480s] -- Up-to-date: /home/ros_workspace/install/nav2_msgs/include/nav2_msgs/msg/detail/voxel_grid__type_support.h
[5.481s] -- Up-to-date: /home/ros_workspace/install/nav2_msgs/include/nav2_msgs/msg/detail/particle__functions.h
[5.483s] -- Up-to-date: /home/ros_workspace/install/nav2_msgs/include/nav2_msgs/msg/detail/behavior_tree_log__functions.h
[5.484s] -- Up-to-date: /home/ros_workspace/install/nav2_msgs/include/nav2_msgs/msg/detail/particle_cloud__struct.h
[5.484s] -- Up-to-date: /home/ros_workspace/install/nav2_msgs/include/nav2_msgs/msg/detail/costmap__functions.c
[5.485s] -- Up-to-date: /home/ros_workspace/install/nav2_msgs/include/nav2_msgs/msg/detail/behavior_tree_status_change__functions.h
[5.485s] -- Up-to-date: /home/ros_workspace/install/nav2_msgs/include/nav2_msgs/msg/detail/voxel_grid__functions.c
[5.485s] -- Up-to-date: /home/ros_workspace/install/nav2_msgs/include/nav2_msgs/msg/detail/costmap_meta_data__functions.h
[5.485s] -- Up-to-date: /home/ros_workspace/install/nav2_msgs/include/nav2_msgs/msg/detail/costmap__functions.h
[5.486s] -- Up-to-date: /home/ros_workspace/install/nav2_msgs/include/nav2_msgs/msg/detail/costmap_meta_data__type_support.h
[5.487s] -- Up-to-date: /home/ros_workspace/install/nav2_msgs/include/nav2_msgs/msg/detail/costmap__type_support.h
[5.488s] -- Up-to-date: /home/ros_workspace/install/nav2_msgs/include/nav2_msgs/msg/detail/behavior_tree_status_change__struct.h
[5.488s] -- Up-to-date: /home/ros_workspace/install/nav2_msgs/include/nav2_msgs/msg/detail/behavior_tree_status_change__functions.c
[5.489s] -- Up-to-date: /home/ros_workspace/install/nav2_msgs/include/nav2_msgs/msg/detail/behavior_tree_log__functions.c
[5.489s] -- Up-to-date: /home/ros_workspace/install/nav2_msgs/include/nav2_msgs/msg/detail/behavior_tree_log__type_support.h
[5.489s] -- Up-to-date: /home/ros_workspace/install/nav2_msgs/include/nav2_msgs/msg/detail/voxel_grid__functions.h
[5.489s] -- Up-to-date: /home/ros_workspace/install/nav2_msgs/include/nav2_msgs/msg/detail/particle__struct.h
[5.490s] -- Up-to-date: /home/ros_workspace/install/nav2_msgs/include/nav2_msgs/msg/detail/particle__type_support.h
[5.490s] -- Up-to-date: /home/ros_workspace/install/nav2_msgs/include/nav2_msgs/msg/detail/particle_cloud__type_support.h
[5.490s] -- Up-to-date: /home/ros_workspace/install/nav2_msgs/include/nav2_msgs/msg/detail/costmap__struct.h
[5.491s] -- Up-to-date: /home/ros_workspace/install/nav2_msgs/include/nav2_msgs/msg/detail/particle_cloud__functions.c
[5.491s] -- Up-to-date: /home/ros_workspace/install/nav2_msgs/include/nav2_msgs/msg/detail/behavior_tree_status_change__type_support.h
[5.494s] -- Up-to-date: /home/ros_workspace/install/nav2_msgs/include/nav2_msgs/msg/detail/particle_cloud__functions.h
[5.494s] -- Up-to-date: /home/ros_workspace/install/nav2_msgs/include/nav2_msgs/msg/behavior_tree_log.h
[5.495s] -- Up-to-date: /home/ros_workspace/install/nav2_msgs/include/nav2_msgs/msg/costmap_meta_data.h
[5.495s] -- Up-to-date: /home/ros_workspace/install/nav2_msgs/include/nav2_msgs/msg/particle_cloud.h
[5.495s] -- Up-to-date: /home/ros_workspace/install/nav2_msgs/include/nav2_msgs/msg/costmap.h
[5.495s] -- Up-to-date: /home/ros_workspace/install/nav2_msgs/include/nav2_msgs/srv
[5.495s] -- Up-to-date: /home/ros_workspace/install/nav2_msgs/include/nav2_msgs/srv/clear_costmap_except_region.h
[5.496s] -- Up-to-date: /home/ros_workspace/install/nav2_msgs/include/nav2_msgs/srv/save_map.h
[5.496s] -- Up-to-date: /home/ros_workspace/install/nav2_msgs/include/nav2_msgs/srv/manage_lifecycle_nodes.h
[5.496s] -- Up-to-date: /home/ros_workspace/install/nav2_msgs/include/nav2_msgs/srv/detail
[5.496s] -- Up-to-date: /home/ros_workspace/install/nav2_msgs/include/nav2_msgs/srv/detail/clear_costmap_except_region__struct.h
[5.496s] -- Up-to-date: /home/ros_workspace/install/nav2_msgs/include/nav2_msgs/srv/detail/clear_costmap_except_region__type_support.h
[5.496s] -- Up-to-date: /home/ros_workspace/install/nav2_msgs/include/nav2_msgs/srv/detail/clear_costmap_around_robot__functions.h
[5.502s] -- Up-to-date: /home/ros_workspace/install/nav2_msgs/include/nav2_msgs/srv/detail/clear_entire_costmap__functions.h
[5.504s] -- Up-to-date: /home/ros_workspace/install/nav2_msgs/include/nav2_msgs/srv/detail/save_map__functions.c
[5.504s] -- Up-to-date: /home/ros_workspace/install/nav2_msgs/include/nav2_msgs/srv/detail/load_map__type_support.h
[5.505s] -- Up-to-date: /home/ros_workspace/install/nav2_msgs/include/nav2_msgs/srv/detail/load_map__struct.h
[5.505s] -- Up-to-date: /home/ros_workspace/install/nav2_msgs/include/nav2_msgs/srv/detail/load_map__functions.c
[5.506s] -- Up-to-date: /home/ros_workspace/install/nav2_msgs/include/nav2_msgs/srv/detail/clear_costmap_except_region__functions.c
[5.506s] -- Up-to-date: /home/ros_workspace/install/nav2_msgs/include/nav2_msgs/srv/detail/get_costmap__type_support.h
[5.506s] -- Up-to-date: /home/ros_workspace/install/nav2_msgs/include/nav2_msgs/srv/detail/manage_lifecycle_nodes__struct.h
[5.506s] -- Up-to-date: /home/ros_workspace/install/nav2_msgs/include/nav2_msgs/srv/detail/manage_lifecycle_nodes__functions.c
[5.507s] -- Up-to-date: /home/ros_workspace/install/nav2_msgs/include/nav2_msgs/srv/detail/clear_costmap_around_robot__struct.h
[5.507s] -- Up-to-date: /home/ros_workspace/install/nav2_msgs/include/nav2_msgs/srv/detail/manage_lifecycle_nodes__functions.h
[5.507s] -- Up-to-date: /home/ros_workspace/install/nav2_msgs/include/nav2_msgs/srv/detail/get_costmap__functions.h
[5.507s] -- Up-to-date: /home/ros_workspace/install/nav2_msgs/include/nav2_msgs/srv/detail/save_map__functions.h
[5.522s] -- Up-to-date: /home/ros_workspace/install/nav2_msgs/include/nav2_msgs/srv/detail/load_map__functions.h
[5.522s] -- Up-to-date: /home/ros_workspace/install/nav2_msgs/include/nav2_msgs/srv/detail/clear_costmap_except_region__functions.h
[5.522s] -- Up-to-date: /home/ros_workspace/install/nav2_msgs/include/nav2_msgs/srv/detail/clear_costmap_around_robot__functions.c
[5.522s] -- Up-to-date: /home/ros_workspace/install/nav2_msgs/include/nav2_msgs/srv/detail/save_map__struct.h
[5.523s] -- Up-to-date: /home/ros_workspace/install/nav2_msgs/include/nav2_msgs/srv/detail/get_costmap__functions.c
[5.523s] -- Up-to-date: /home/ros_workspace/install/nav2_msgs/include/nav2_msgs/srv/detail/clear_entire_costmap__functions.c
[5.523s] -- Up-to-date: /home/ros_workspace/install/nav2_msgs/include/nav2_msgs/srv/detail/clear_costmap_around_robot__type_support.h
[5.523s] -- Up-to-date: /home/ros_workspace/install/nav2_msgs/include/nav2_msgs/srv/detail/get_costmap__struct.h
[5.524s] -- Up-to-date: /home/ros_workspace/install/nav2_msgs/include/nav2_msgs/srv/detail/clear_entire_costmap__type_support.h
[5.525s] -- Up-to-date: /home/ros_workspace/install/nav2_msgs/include/nav2_msgs/srv/detail/manage_lifecycle_nodes__type_support.h
[5.530s] -- Up-to-date: /home/ros_workspace/install/nav2_msgs/include/nav2_msgs/srv/detail/clear_entire_costmap__struct.h
[5.534s] -- Up-to-date: /home/ros_workspace/install/nav2_msgs/include/nav2_msgs/srv/detail/save_map__type_support.h
[5.535s] -- Up-to-date: /home/ros_workspace/install/nav2_msgs/include/nav2_msgs/srv/clear_entire_costmap.h
[5.535s] -- Up-to-date: /home/ros_workspace/install/nav2_msgs/include/nav2_msgs/srv/clear_costmap_around_robot.h
[5.535s] -- Up-to-date: /home/ros_workspace/install/nav2_msgs/include/nav2_msgs/srv/get_costmap.h
[5.536s] -- Up-to-date: /home/ros_workspace/install/nav2_msgs/include/nav2_msgs/srv/load_map.h
[5.536s] -- Up-to-date: /home/ros_workspace/install/nav2_msgs/share/nav2_msgs/environment/library_path.sh
[5.536s] -- Up-to-date: /home/ros_workspace/install/nav2_msgs/share/nav2_msgs/environment/library_path.dsv
[5.537s] -- Up-to-date: /home/ros_workspace/install/nav2_msgs/lib/libnav2_msgs__rosidl_generator_c.so
[5.537s] -- Up-to-date: /home/ros_workspace/install/nav2_msgs/include/nav2_msgs
[5.538s] -- Up-to-date: /home/ros_workspace/install/nav2_msgs/include/nav2_msgs/action
[5.538s] -- Up-to-date: /home/ros_workspace/install/nav2_msgs/include/nav2_msgs/action/detail
[5.538s] -- Up-to-date: /home/ros_workspace/install/nav2_msgs/include/nav2_msgs/action/detail/wait__rosidl_typesupport_fastrtps_c.h
[5.539s] -- Up-to-date: /home/ros_workspace/install/nav2_msgs/include/nav2_msgs/action/detail/spin__rosidl_typesupport_fastrtps_c.h
[5.539s] -- Up-to-date: /home/ros_workspace/install/nav2_msgs/include/nav2_msgs/action/detail/navigate_to_pose__rosidl_typesupport_fastrtps_c.h
[5.539s] -- Up-to-date: /home/ros_workspace/install/nav2_msgs/include/nav2_msgs/action/detail/follow_waypoints__rosidl_typesupport_fastrtps_c.h
[5.540s] -- Up-to-date: /home/ros_workspace/install/nav2_msgs/include/nav2_msgs/action/detail/back_up__rosidl_typesupport_fastrtps_c.h
[5.540s] -- Up-to-date: /home/ros_workspace/install/nav2_msgs/include/nav2_msgs/action/detail/follow_path__rosidl_typesupport_fastrtps_c.h
[5.540s] -- Up-to-date: /home/ros_workspace/install/nav2_msgs/include/nav2_msgs/action/detail/compute_path_to_pose__rosidl_typesupport_fastrtps_c.h
[5.541s] -- Up-to-date: /home/ros_workspace/install/nav2_msgs/include/nav2_msgs/action/detail/dummy_recovery__rosidl_typesupport_fastrtps_c.h
[5.541s] -- Up-to-date: /home/ros_workspace/install/nav2_msgs/include/nav2_msgs/msg
[5.541s] -- Up-to-date: /home/ros_workspace/install/nav2_msgs/include/nav2_msgs/msg/detail
[5.546s] -- Up-to-date: /home/ros_workspace/install/nav2_msgs/include/nav2_msgs/msg/detail/costmap_meta_data__rosidl_typesupport_fastrtps_c.h
[5.549s] -- Up-to-date: /home/ros_workspace/install/nav2_msgs/include/nav2_msgs/msg/detail/behavior_tree_status_change__rosidl_typesupport_fastrtps_c.h
[5.550s] -- Up-to-date: /home/ros_workspace/install/nav2_msgs/include/nav2_msgs/msg/detail/particle__rosidl_typesupport_fastrtps_c.h
[5.550s] -- Up-to-date: /home/ros_workspace/install/nav2_msgs/include/nav2_msgs/msg/detail/behavior_tree_log__rosidl_typesupport_fastrtps_c.h
[5.551s] -- Up-to-date: /home/ros_workspace/install/nav2_msgs/include/nav2_msgs/msg/detail/voxel_grid__rosidl_typesupport_fastrtps_c.h
[5.551s] -- Up-to-date: /home/ros_workspace/install/nav2_msgs/include/nav2_msgs/msg/detail/particle_cloud__rosidl_typesupport_fastrtps_c.h
[5.552s] -- Up-to-date: /home/ros_workspace/install/nav2_msgs/include/nav2_msgs/msg/detail/costmap__rosidl_typesupport_fastrtps_c.h
[5.552s] -- Up-to-date: /home/ros_workspace/install/nav2_msgs/include/nav2_msgs/msg/rosidl_typesupport_fastrtps_c__visibility_control.h
[5.552s] -- Up-to-date: /home/ros_workspace/install/nav2_msgs/include/nav2_msgs/srv
[5.553s] -- Up-to-date: /home/ros_workspace/install/nav2_msgs/include/nav2_msgs/srv/detail
[5.553s] -- Up-to-date: /home/ros_workspace/install/nav2_msgs/include/nav2_msgs/srv/detail/clear_costmap_except_region__rosidl_typesupport_fastrtps_c.h
[5.553s] -- Up-to-date: /home/ros_workspace/install/nav2_msgs/include/nav2_msgs/srv/detail/manage_lifecycle_nodes__rosidl_typesupport_fastrtps_c.h
[5.554s] -- Up-to-date: /home/ros_workspace/install/nav2_msgs/include/nav2_msgs/srv/detail/save_map__rosidl_typesupport_fastrtps_c.h
[5.554s] -- Up-to-date: /home/ros_workspace/install/nav2_msgs/include/nav2_msgs/srv/detail/clear_entire_costmap__rosidl_typesupport_fastrtps_c.h
[5.554s] -- Up-to-date: /home/ros_workspace/install/nav2_msgs/include/nav2_msgs/srv/detail/load_map__rosidl_typesupport_fastrtps_c.h
[5.555s] -- Up-to-date: /home/ros_workspace/install/nav2_msgs/include/nav2_msgs/srv/detail/clear_costmap_around_robot__rosidl_typesupport_fastrtps_c.h
[5.555s] -- Up-to-date: /home/ros_workspace/install/nav2_msgs/include/nav2_msgs/srv/detail/get_costmap__rosidl_typesupport_fastrtps_c.h
[5.555s] -- Up-to-date: /home/ros_workspace/install/nav2_msgs/lib/libnav2_msgs__rosidl_typesupport_fastrtps_c.so
[5.556s] -- Up-to-date: /home/ros_workspace/install/nav2_msgs/include/nav2_msgs
[5.556s] -- Up-to-date: /home/ros_workspace/install/nav2_msgs/include/nav2_msgs/action
[5.556s] -- Up-to-date: /home/ros_workspace/install/nav2_msgs/include/nav2_msgs/action/detail
[5.565s] -- Up-to-date: /home/ros_workspace/install/nav2_msgs/include/nav2_msgs/action/detail/dummy_recovery__rosidl_typesupport_fastrtps_cpp.hpp
[5.566s] -- Up-to-date: /home/ros_workspace/install/nav2_msgs/include/nav2_msgs/action/detail/follow_path__rosidl_typesupport_fastrtps_cpp.hpp
[5.566s] -- Up-to-date: /home/ros_workspace/install/nav2_msgs/include/nav2_msgs/action/detail/spin__rosidl_typesupport_fastrtps_cpp.hpp
[5.570s] -- Up-to-date: /home/ros_workspace/install/nav2_msgs/include/nav2_msgs/action/detail/wait__rosidl_typesupport_fastrtps_cpp.hpp
[5.570s] -- Up-to-date: /home/ros_workspace/install/nav2_msgs/include/nav2_msgs/action/detail/compute_path_to_pose__rosidl_typesupport_fastrtps_cpp.hpp
[5.570s] -- Up-to-date: /home/ros_workspace/install/nav2_msgs/include/nav2_msgs/action/detail/back_up__rosidl_typesupport_fastrtps_cpp.hpp
[5.571s] -- Up-to-date: /home/ros_workspace/install/nav2_msgs/include/nav2_msgs/action/detail/navigate_to_pose__rosidl_typesupport_fastrtps_cpp.hpp
[5.571s] -- Up-to-date: /home/ros_workspace/install/nav2_msgs/include/nav2_msgs/action/detail/dds_fastrtps
[5.571s] -- Up-to-date: /home/ros_workspace/install/nav2_msgs/include/nav2_msgs/action/detail/follow_waypoints__rosidl_typesupport_fastrtps_cpp.hpp
[5.572s] -- Up-to-date: /home/ros_workspace/install/nav2_msgs/include/nav2_msgs/msg
[5.572s] -- Up-to-date: /home/ros_workspace/install/nav2_msgs/include/nav2_msgs/msg/detail
[5.572s] -- Up-to-date: /home/ros_workspace/install/nav2_msgs/include/nav2_msgs/msg/detail/costmap__rosidl_typesupport_fastrtps_cpp.hpp
[5.572s] -- Up-to-date: /home/ros_workspace/install/nav2_msgs/include/nav2_msgs/msg/detail/particle__rosidl_typesupport_fastrtps_cpp.hpp
[5.573s] -- Up-to-date: /home/ros_workspace/install/nav2_msgs/include/nav2_msgs/msg/detail/costmap_meta_data__rosidl_typesupport_fastrtps_cpp.hpp
[5.573s] -- Up-to-date: /home/ros_workspace/install/nav2_msgs/include/nav2_msgs/msg/detail/behavior_tree_log__rosidl_typesupport_fastrtps_cpp.hpp
[5.573s] -- Up-to-date: /home/ros_workspace/install/nav2_msgs/include/nav2_msgs/msg/detail/voxel_grid__rosidl_typesupport_fastrtps_cpp.hpp
[5.573s] -- Up-to-date: /home/ros_workspace/install/nav2_msgs/include/nav2_msgs/msg/detail/particle_cloud__rosidl_typesupport_fastrtps_cpp.hpp
[5.574s] -- Up-to-date: /home/ros_workspace/install/nav2_msgs/include/nav2_msgs/msg/detail/dds_fastrtps
[5.574s] -- Up-to-date: /home/ros_workspace/install/nav2_msgs/include/nav2_msgs/msg/detail/behavior_tree_status_change__rosidl_typesupport_fastrtps_cpp.hpp
[5.574s] -- Up-to-date: /home/ros_workspace/install/nav2_msgs/include/nav2_msgs/msg/rosidl_typesupport_fastrtps_cpp__visibility_control.h
[5.574s] -- Up-to-date: /home/ros_workspace/install/nav2_msgs/include/nav2_msgs/srv
[5.574s] -- Up-to-date: /home/ros_workspace/install/nav2_msgs/include/nav2_msgs/srv/detail
[5.585s] -- Up-to-date: /home/ros_workspace/install/nav2_msgs/include/nav2_msgs/srv/detail/load_map__rosidl_typesupport_fastrtps_cpp.hpp
[5.585s] -- Up-to-date: /home/ros_workspace/install/nav2_msgs/include/nav2_msgs/srv/detail/manage_lifecycle_nodes__rosidl_typesupport_fastrtps_cpp.hpp
[5.586s] -- Up-to-date: /home/ros_workspace/install/nav2_msgs/include/nav2_msgs/srv/detail/clear_costmap_around_robot__rosidl_typesupport_fastrtps_cpp.hpp
[5.586s] -- Up-to-date: /home/ros_workspace/install/nav2_msgs/include/nav2_msgs/srv/detail/get_costmap__rosidl_typesupport_fastrtps_cpp.hpp
[5.586s] -- Up-to-date: /home/ros_workspace/install/nav2_msgs/include/nav2_msgs/srv/detail/save_map__rosidl_typesupport_fastrtps_cpp.hpp
[5.587s] -- Up-to-date: /home/ros_workspace/install/nav2_msgs/include/nav2_msgs/srv/detail/clear_entire_costmap__rosidl_typesupport_fastrtps_cpp.hpp
[5.589s] -- Up-to-date: /home/ros_workspace/install/nav2_msgs/include/nav2_msgs/srv/detail/dds_fastrtps
[5.589s] -- Up-to-date: /home/ros_workspace/install/nav2_msgs/include/nav2_msgs/srv/detail/clear_costmap_except_region__rosidl_typesupport_fastrtps_cpp.hpp
[5.589s] -- Up-to-date: /home/ros_workspace/install/nav2_msgs/lib/libnav2_msgs__rosidl_typesupport_fastrtps_cpp.so
[5.590s] -- Up-to-date: /home/ros_workspace/install/nav2_msgs/include/nav2_msgs
[5.590s] -- Up-to-date: /home/ros_workspace/install/nav2_msgs/include/nav2_msgs/action
[5.590s] -- Up-to-date: /home/ros_workspace/install/nav2_msgs/include/nav2_msgs/action/detail
[5.591s] -- Up-to-date: /home/ros_workspace/install/nav2_msgs/include/nav2_msgs/action/detail/navigate_to_pose__type_support.c
[5.595s] -- Up-to-date: /home/ros_workspace/install/nav2_msgs/include/nav2_msgs/action/detail/wait__type_support.c
[5.595s] -- Up-to-date: /home/ros_workspace/install/nav2_msgs/include/nav2_msgs/action/detail/dummy_recovery__rosidl_typesupport_introspection_c.h
[5.595s] -- Up-to-date: /home/ros_workspace/install/nav2_msgs/include/nav2_msgs/action/detail/navigate_to_pose__rosidl_typesupport_introspection_c.h
[5.596s] -- Up-to-date: /home/ros_workspace/install/nav2_msgs/include/nav2_msgs/action/detail/follow_waypoints__rosidl_typesupport_introspection_c.h
[5.596s] -- Up-to-date: /home/ros_workspace/install/nav2_msgs/include/nav2_msgs/action/detail/compute_path_to_pose__type_support.c
[5.596s] -- Up-to-date: /home/ros_workspace/install/nav2_msgs/include/nav2_msgs/action/detail/spin__rosidl_typesupport_introspection_c.h
[5.596s] -- Up-to-date: /home/ros_workspace/install/nav2_msgs/include/nav2_msgs/action/detail/follow_path__type_support.c
[5.596s] -- Up-to-date: /home/ros_workspace/install/nav2_msgs/include/nav2_msgs/action/detail/spin__type_support.c
[5.596s] -- Up-to-date: /home/ros_workspace/install/nav2_msgs/include/nav2_msgs/action/detail/dummy_recovery__type_support.c
[5.597s] -- Up-to-date: /home/ros_workspace/install/nav2_msgs/include/nav2_msgs/action/detail/wait__rosidl_typesupport_introspection_c.h
[5.597s] -- Up-to-date: /home/ros_workspace/install/nav2_msgs/include/nav2_msgs/action/detail/compute_path_to_pose__rosidl_typesupport_introspection_c.h
[5.598s] -- Up-to-date: /home/ros_workspace/install/nav2_msgs/include/nav2_msgs/action/detail/back_up__type_support.c
[5.601s] -- Up-to-date: /home/ros_workspace/install/nav2_msgs/include/nav2_msgs/action/detail/follow_waypoints__type_support.c
[5.601s] -- Up-to-date: /home/ros_workspace/install/nav2_msgs/include/nav2_msgs/action/detail/back_up__rosidl_typesupport_introspection_c.h
[5.602s] -- Up-to-date: /home/ros_workspace/install/nav2_msgs/include/nav2_msgs/action/detail/follow_path__rosidl_typesupport_introspection_c.h
[5.602s] -- Up-to-date: /home/ros_workspace/install/nav2_msgs/include/nav2_msgs/msg
[5.602s] -- Up-to-date: /home/ros_workspace/install/nav2_msgs/include/nav2_msgs/msg/detail
[5.602s] -- Up-to-date: /home/ros_workspace/install/nav2_msgs/include/nav2_msgs/msg/detail/particle_cloud__rosidl_typesupport_introspection_c.h
[5.603s] -- Up-to-date: /home/ros_workspace/install/nav2_msgs/include/nav2_msgs/msg/detail/particle__rosidl_typesupport_introspection_c.h
[5.603s] -- Up-to-date: /home/ros_workspace/install/nav2_msgs/include/nav2_msgs/msg/detail/voxel_grid__rosidl_typesupport_introspection_c.h
[5.603s] -- Up-to-date: /home/ros_workspace/install/nav2_msgs/include/nav2_msgs/msg/detail/behavior_tree_status_change__type_support.c
[5.604s] -- Up-to-date: /home/ros_workspace/install/nav2_msgs/include/nav2_msgs/msg/detail/behavior_tree_log__type_support.c
[5.604s] -- Up-to-date: /home/ros_workspace/install/nav2_msgs/include/nav2_msgs/msg/detail/behavior_tree_log__rosidl_typesupport_introspection_c.h
[5.604s] -- Up-to-date: /home/ros_workspace/install/nav2_msgs/include/nav2_msgs/msg/detail/particle_cloud__type_support.c
[5.604s] -- Up-to-date: /home/ros_workspace/install/nav2_msgs/include/nav2_msgs/msg/detail/voxel_grid__type_support.c
[5.604s] -- Up-to-date: /home/ros_workspace/install/nav2_msgs/include/nav2_msgs/msg/detail/behavior_tree_status_change__rosidl_typesupport_introspection_c.h
[5.605s] -- Up-to-date: /home/ros_workspace/install/nav2_msgs/include/nav2_msgs/msg/detail/costmap_meta_data__type_support.c
[5.605s] -- Up-to-date: /home/ros_workspace/install/nav2_msgs/include/nav2_msgs/msg/detail/particle__type_support.c
[5.605s] -- Up-to-date: /home/ros_workspace/install/nav2_msgs/include/nav2_msgs/msg/detail/costmap__rosidl_typesupport_introspection_c.h
[5.605s] -- Up-to-date: /home/ros_workspace/install/nav2_msgs/include/nav2_msgs/msg/detail/costmap__type_support.c
[5.606s] -- Up-to-date: /home/ros_workspace/install/nav2_msgs/include/nav2_msgs/msg/detail/costmap_meta_data__rosidl_typesupport_introspection_c.h
[5.606s] -- Up-to-date: /home/ros_workspace/install/nav2_msgs/include/nav2_msgs/msg/rosidl_typesupport_introspection_c__visibility_control.h
[5.606s] -- Up-to-date: /home/ros_workspace/install/nav2_msgs/include/nav2_msgs/srv
[5.606s] -- Up-to-date: /home/ros_workspace/install/nav2_msgs/include/nav2_msgs/srv/detail
[5.607s] -- Up-to-date: /home/ros_workspace/install/nav2_msgs/include/nav2_msgs/srv/detail/clear_costmap_around_robot__rosidl_typesupport_introspection_c.h
[5.608s] -- Up-to-date: /home/ros_workspace/install/nav2_msgs/include/nav2_msgs/srv/detail/clear_costmap_except_region__type_support.c
[5.620s] -- Up-to-date: /home/ros_workspace/install/nav2_msgs/include/nav2_msgs/srv/detail/manage_lifecycle_nodes__type_support.c
[5.620s] -- Up-to-date: /home/ros_workspace/install/nav2_msgs/include/nav2_msgs/srv/detail/save_map__type_support.c
[5.620s] -- Up-to-date: /home/ros_workspace/install/nav2_msgs/include/nav2_msgs/srv/detail/manage_lifecycle_nodes__rosidl_typesupport_introspection_c.h
[5.620s] -- Up-to-date: /home/ros_workspace/install/nav2_msgs/include/nav2_msgs/srv/detail/load_map__type_support.c
[5.621s] -- Up-to-date: /home/ros_workspace/install/nav2_msgs/include/nav2_msgs/srv/detail/clear_costmap_except_region__rosidl_typesupport_introspection_c.h
[5.621s] -- Up-to-date: /home/ros_workspace/install/nav2_msgs/include/nav2_msgs/srv/detail/clear_costmap_around_robot__type_support.c
[5.621s] -- Up-to-date: /home/ros_workspace/install/nav2_msgs/include/nav2_msgs/srv/detail/clear_entire_costmap__type_support.c
[5.622s] -- Up-to-date: /home/ros_workspace/install/nav2_msgs/include/nav2_msgs/srv/detail/clear_entire_costmap__rosidl_typesupport_introspection_c.h
[5.622s] -- Up-to-date: /home/ros_workspace/install/nav2_msgs/include/nav2_msgs/srv/detail/save_map__rosidl_typesupport_introspection_c.h
[5.623s] -- Up-to-date: /home/ros_workspace/install/nav2_msgs/include/nav2_msgs/srv/detail/get_costmap__rosidl_typesupport_introspection_c.h
[5.623s] -- Up-to-date: /home/ros_workspace/install/nav2_msgs/include/nav2_msgs/srv/detail/load_map__rosidl_typesupport_introspection_c.h
[5.623s] -- Up-to-date: /home/ros_workspace/install/nav2_msgs/include/nav2_msgs/srv/detail/get_costmap__type_support.c
[5.624s] -- Up-to-date: /home/ros_workspace/install/nav2_msgs/lib/libnav2_msgs__rosidl_typesupport_introspection_c.so
[5.624s] -- Up-to-date: /home/ros_workspace/install/nav2_msgs/lib/libnav2_msgs__rosidl_typesupport_c.so
[5.624s] -- Up-to-date: /home/ros_workspace/install/nav2_msgs/include/nav2_msgs
[5.625s] -- Up-to-date: /home/ros_workspace/install/nav2_msgs/include/nav2_msgs/action
[5.625s] -- Up-to-date: /home/ros_workspace/install/nav2_msgs/include/nav2_msgs/action/follow_waypoints.hpp
[5.625s] -- Up-to-date: /home/ros_workspace/install/nav2_msgs/include/nav2_msgs/action/navigate_to_pose.hpp
[5.625s] -- Up-to-date: /home/ros_workspace/install/nav2_msgs/include/nav2_msgs/action/wait.hpp
[5.626s] -- Up-to-date: /home/ros_workspace/install/nav2_msgs/include/nav2_msgs/action/detail
[5.626s] -- Up-to-date: /home/ros_workspace/install/nav2_msgs/include/nav2_msgs/action/detail/back_up__struct.hpp
[5.626s] -- Up-to-date: /home/ros_workspace/install/nav2_msgs/include/nav2_msgs/action/detail/follow_path__struct.hpp
[5.626s] -- Up-to-date: /home/ros_workspace/install/nav2_msgs/include/nav2_msgs/action/detail/wait__builder.hpp
[5.627s] -- Up-to-date: /home/ros_workspace/install/nav2_msgs/include/nav2_msgs/action/detail/spin__traits.hpp
[5.627s] -- Up-to-date: /home/ros_workspace/install/nav2_msgs/include/nav2_msgs/action/detail/dummy_recovery__struct.hpp
[5.627s] -- Up-to-date: /home/ros_workspace/install/nav2_msgs/include/nav2_msgs/action/detail/navigate_to_pose__traits.hpp
[5.627s] -- Up-to-date: /home/ros_workspace/install/nav2_msgs/include/nav2_msgs/action/detail/navigate_to_pose__struct.hpp
[5.628s] -- Up-to-date: /home/ros_workspace/install/nav2_msgs/include/nav2_msgs/action/detail/compute_path_to_pose__builder.hpp
[5.628s] -- Up-to-date: /home/ros_workspace/install/nav2_msgs/include/nav2_msgs/action/detail/follow_path__traits.hpp
[5.628s] -- Up-to-date: /home/ros_workspace/install/nav2_msgs/include/nav2_msgs/action/detail/follow_waypoints__traits.hpp
[5.628s] -- Up-to-date: /home/ros_workspace/install/nav2_msgs/include/nav2_msgs/action/detail/follow_waypoints__struct.hpp
[5.628s] -- Up-to-date: /home/ros_workspace/install/nav2_msgs/include/nav2_msgs/action/detail/wait__struct.hpp
[5.629s] -- Up-to-date: /home/ros_workspace/install/nav2_msgs/include/nav2_msgs/action/detail/dummy_recovery__builder.hpp
[5.629s] -- Up-to-date: /home/ros_workspace/install/nav2_msgs/include/nav2_msgs/action/detail/follow_path__builder.hpp
[5.629s] -- Up-to-date: /home/ros_workspace/install/nav2_msgs/include/nav2_msgs/action/detail/compute_path_to_pose__traits.hpp
[5.630s] -- Up-to-date: /home/ros_workspace/install/nav2_msgs/include/nav2_msgs/action/detail/back_up__traits.hpp
[5.630s] -- Up-to-date: /home/ros_workspace/install/nav2_msgs/include/nav2_msgs/action/detail/spin__builder.hpp
[5.630s] -- Up-to-date: /home/ros_workspace/install/nav2_msgs/include/nav2_msgs/action/detail/follow_waypoints__builder.hpp
[5.630s] -- Up-to-date: /home/ros_workspace/install/nav2_msgs/include/nav2_msgs/action/detail/spin__struct.hpp
[5.630s] -- Up-to-date: /home/ros_workspace/install/nav2_msgs/include/nav2_msgs/action/detail/dummy_recovery__traits.hpp
[5.631s] -- Up-to-date: /home/ros_workspace/install/nav2_msgs/include/nav2_msgs/action/detail/navigate_to_pose__builder.hpp
[5.631s] -- Up-to-date: /home/ros_workspace/install/nav2_msgs/include/nav2_msgs/action/detail/back_up__builder.hpp
[5.632s] -- Up-to-date: /home/ros_workspace/install/nav2_msgs/include/nav2_msgs/action/detail/compute_path_to_pose__struct.hpp
[5.632s] -- Up-to-date: /home/ros_workspace/install/nav2_msgs/include/nav2_msgs/action/detail/wait__traits.hpp
[5.633s] -- Up-to-date: /home/ros_workspace/install/nav2_msgs/include/nav2_msgs/action/dummy_recovery.hpp
[5.633s] -- Up-to-date: /home/ros_workspace/install/nav2_msgs/include/nav2_msgs/action/spin.hpp
[5.633s] -- Up-to-date: /home/ros_workspace/install/nav2_msgs/include/nav2_msgs/action/compute_path_to_pose.hpp
[5.634s] -- Up-to-date: /home/ros_workspace/install/nav2_msgs/include/nav2_msgs/action/follow_path.hpp
[5.634s] -- Up-to-date: /home/ros_workspace/install/nav2_msgs/include/nav2_msgs/action/back_up.hpp
[5.634s] -- Up-to-date: /home/ros_workspace/install/nav2_msgs/include/nav2_msgs/msg
[5.635s] -- Up-to-date: /home/ros_workspace/install/nav2_msgs/include/nav2_msgs/msg/behavior_tree_status_change.hpp
[5.635s] -- Up-to-date: /home/ros_workspace/install/nav2_msgs/include/nav2_msgs/msg/costmap.hpp
[5.635s] -- Up-to-date: /home/ros_workspace/install/nav2_msgs/include/nav2_msgs/msg/particle.hpp
[5.635s] -- Up-to-date: /home/ros_workspace/install/nav2_msgs/include/nav2_msgs/msg/behavior_tree_log.hpp
[5.636s] -- Up-to-date: /home/ros_workspace/install/nav2_msgs/include/nav2_msgs/msg/detail
[5.636s] -- Up-to-date: /home/ros_workspace/install/nav2_msgs/include/nav2_msgs/msg/detail/costmap_meta_data__traits.hpp
[5.636s] -- Up-to-date: /home/ros_workspace/install/nav2_msgs/include/nav2_msgs/msg/detail/behavior_tree_log__struct.hpp
[5.637s] -- Up-to-date: /home/ros_workspace/install/nav2_msgs/include/nav2_msgs/msg/detail/voxel_grid__builder.hpp
[5.637s] -- Up-to-date: /home/ros_workspace/install/nav2_msgs/include/nav2_msgs/msg/detail/behavior_tree_log__traits.hpp
[5.637s] -- Up-to-date: /home/ros_workspace/install/nav2_msgs/include/nav2_msgs/msg/detail/particle_cloud__traits.hpp
[5.637s] -- Up-to-date: /home/ros_workspace/install/nav2_msgs/include/nav2_msgs/msg/detail/behavior_tree_status_change__struct.hpp
[5.638s] -- Up-to-date: /home/ros_workspace/install/nav2_msgs/include/nav2_msgs/msg/detail/costmap_meta_data__builder.hpp
[5.638s] -- Up-to-date: /home/ros_workspace/install/nav2_msgs/include/nav2_msgs/msg/detail/particle_cloud__builder.hpp
[5.638s] -- Up-to-date: /home/ros_workspace/install/nav2_msgs/include/nav2_msgs/msg/detail/particle_cloud__struct.hpp
[5.639s] -- Up-to-date: /home/ros_workspace/install/nav2_msgs/include/nav2_msgs/msg/detail/costmap_meta_data__struct.hpp
[5.639s] -- Up-to-date: /home/ros_workspace/install/nav2_msgs/include/nav2_msgs/msg/detail/particle__traits.hpp
[5.639s] -- Up-to-date: /home/ros_workspace/install/nav2_msgs/include/nav2_msgs/msg/detail/voxel_grid__traits.hpp
[5.639s] -- Up-to-date: /home/ros_workspace/install/nav2_msgs/include/nav2_msgs/msg/detail/costmap__struct.hpp
[5.640s] -- Up-to-date: /home/ros_workspace/install/nav2_msgs/include/nav2_msgs/msg/detail/voxel_grid__struct.hpp
[5.640s] -- Up-to-date: /home/ros_workspace/install/nav2_msgs/include/nav2_msgs/msg/detail/particle__builder.hpp
[5.640s] -- Up-to-date: /home/ros_workspace/install/nav2_msgs/include/nav2_msgs/msg/detail/behavior_tree_log__builder.hpp
[5.641s] -- Up-to-date: /home/ros_workspace/install/nav2_msgs/include/nav2_msgs/msg/detail/costmap__traits.hpp
[5.641s] -- Up-to-date: /home/ros_workspace/install/nav2_msgs/include/nav2_msgs/msg/detail/behavior_tree_status_change__builder.hpp
[5.643s] -- Up-to-date: /home/ros_workspace/install/nav2_msgs/include/nav2_msgs/msg/detail/behavior_tree_status_change__traits.hpp
[5.643s] -- Up-to-date: /home/ros_workspace/install/nav2_msgs/include/nav2_msgs/msg/detail/costmap__builder.hpp
[5.644s] -- Up-to-date: /home/ros_workspace/install/nav2_msgs/include/nav2_msgs/msg/detail/particle__struct.hpp
[5.644s] -- Up-to-date: /home/ros_workspace/install/nav2_msgs/include/nav2_msgs/msg/costmap_meta_data.hpp
[5.644s] -- Up-to-date: /home/ros_workspace/install/nav2_msgs/include/nav2_msgs/msg/voxel_grid.hpp
[5.645s] -- Up-to-date: /home/ros_workspace/install/nav2_msgs/include/nav2_msgs/msg/particle_cloud.hpp
[5.645s] -- Up-to-date: /home/ros_workspace/install/nav2_msgs/include/nav2_msgs/srv
[5.645s] -- Up-to-date: /home/ros_workspace/install/nav2_msgs/include/nav2_msgs/srv/load_map.hpp
[5.645s] -- Up-to-date: /home/ros_workspace/install/nav2_msgs/include/nav2_msgs/srv/clear_entire_costmap.hpp
[5.645s] -- Up-to-date: /home/ros_workspace/install/nav2_msgs/include/nav2_msgs/srv/manage_lifecycle_nodes.hpp
[5.646s] -- Up-to-date: /home/ros_workspace/install/nav2_msgs/include/nav2_msgs/srv/get_costmap.hpp
[5.646s] -- Up-to-date: /home/ros_workspace/install/nav2_msgs/include/nav2_msgs/srv/save_map.hpp
[5.646s] -- Up-to-date: /home/ros_workspace/install/nav2_msgs/include/nav2_msgs/srv/detail
[5.647s] -- Up-to-date: /home/ros_workspace/install/nav2_msgs/include/nav2_msgs/srv/detail/load_map__traits.hpp
[5.647s] -- Up-to-date: /home/ros_workspace/install/nav2_msgs/include/nav2_msgs/srv/detail/get_costmap__builder.hpp
[5.647s] -- Up-to-date: /home/ros_workspace/install/nav2_msgs/include/nav2_msgs/srv/detail/clear_entire_costmap__struct.hpp
[5.648s] -- Up-to-date: /home/ros_workspace/install/nav2_msgs/include/nav2_msgs/srv/detail/clear_costmap_except_region__builder.hpp
[5.648s] -- Up-to-date: /home/ros_workspace/install/nav2_msgs/include/nav2_msgs/srv/detail/clear_costmap_except_region__traits.hpp
[5.648s] -- Up-to-date: /home/ros_workspace/install/nav2_msgs/include/nav2_msgs/srv/detail/clear_costmap_except_region__struct.hpp
[5.648s] -- Up-to-date: /home/ros_workspace/install/nav2_msgs/include/nav2_msgs/srv/detail/clear_costmap_around_robot__traits.hpp
[5.648s] -- Up-to-date: /home/ros_workspace/install/nav2_msgs/include/nav2_msgs/srv/detail/manage_lifecycle_nodes__builder.hpp
[5.649s] -- Up-to-date: /home/ros_workspace/install/nav2_msgs/include/nav2_msgs/srv/detail/manage_lifecycle_nodes__struct.hpp
[5.649s] -- Up-to-date: /home/ros_workspace/install/nav2_msgs/include/nav2_msgs/srv/detail/clear_costmap_around_robot__struct.hpp
[5.649s] -- Up-to-date: /home/ros_workspace/install/nav2_msgs/include/nav2_msgs/srv/detail/save_map__builder.hpp
[5.649s] -- Up-to-date: /home/ros_workspace/install/nav2_msgs/include/nav2_msgs/srv/detail/clear_entire_costmap__builder.hpp
[5.649s] -- Up-to-date: /home/ros_workspace/install/nav2_msgs/include/nav2_msgs/srv/detail/save_map__traits.hpp
[5.650s] -- Up-to-date: /home/ros_workspace/install/nav2_msgs/include/nav2_msgs/srv/detail/get_costmap__struct.hpp
[5.650s] -- Up-to-date: /home/ros_workspace/install/nav2_msgs/include/nav2_msgs/srv/detail/clear_costmap_around_robot__builder.hpp
[5.650s] -- Up-to-date: /home/ros_workspace/install/nav2_msgs/include/nav2_msgs/srv/detail/load_map__builder.hpp
[5.650s] -- Up-to-date: /home/ros_workspace/install/nav2_msgs/include/nav2_msgs/srv/detail/manage_lifecycle_nodes__traits.hpp
[5.650s] -- Up-to-date: /home/ros_workspace/install/nav2_msgs/include/nav2_msgs/srv/detail/save_map__struct.hpp
[5.651s] -- Up-to-date: /home/ros_workspace/install/nav2_msgs/include/nav2_msgs/srv/detail/get_costmap__traits.hpp
[5.651s] -- Up-to-date: /home/ros_workspace/install/nav2_msgs/include/nav2_msgs/srv/detail/load_map__struct.hpp
[5.651s] -- Up-to-date: /home/ros_workspace/install/nav2_msgs/include/nav2_msgs/srv/detail/clear_entire_costmap__traits.hpp
[5.651s] -- Up-to-date: /home/ros_workspace/install/nav2_msgs/include/nav2_msgs/srv/clear_costmap_around_robot.hpp
[5.651s] -- Up-to-date: /home/ros_workspace/install/nav2_msgs/include/nav2_msgs/srv/clear_costmap_except_region.hpp
[5.652s] -- Up-to-date: /home/ros_workspace/install/nav2_msgs/include/nav2_msgs
[5.652s] -- Up-to-date: /home/ros_workspace/install/nav2_msgs/include/nav2_msgs/action
[5.652s] -- Up-to-date: /home/ros_workspace/install/nav2_msgs/include/nav2_msgs/action/detail
[5.652s] -- Up-to-date: /home/ros_workspace/install/nav2_msgs/include/nav2_msgs/action/detail/wait__type_support.cpp
[5.653s] -- Up-to-date: /home/ros_workspace/install/nav2_msgs/include/nav2_msgs/action/detail/navigate_to_pose__rosidl_typesupport_introspection_cpp.hpp
[5.653s] -- Up-to-date: /home/ros_workspace/install/nav2_msgs/include/nav2_msgs/action/detail/follow_waypoints__type_support.cpp
[5.654s] -- Up-to-date: /home/ros_workspace/install/nav2_msgs/include/nav2_msgs/action/detail/follow_path__rosidl_typesupport_introspection_cpp.hpp
[5.654s] -- Up-to-date: /home/ros_workspace/install/nav2_msgs/include/nav2_msgs/action/detail/dummy_recovery__rosidl_typesupport_introspection_cpp.hpp
[5.654s] -- Up-to-date: /home/ros_workspace/install/nav2_msgs/include/nav2_msgs/action/detail/follow_waypoints__rosidl_typesupport_introspection_cpp.hpp
[5.655s] -- Up-to-date: /home/ros_workspace/install/nav2_msgs/include/nav2_msgs/action/detail/navigate_to_pose__type_support.cpp
[5.655s] -- Up-to-date: /home/ros_workspace/install/nav2_msgs/include/nav2_msgs/action/detail/follow_path__type_support.cpp
[5.656s] -- Up-to-date: /home/ros_workspace/install/nav2_msgs/include/nav2_msgs/action/detail/back_up__rosidl_typesupport_introspection_cpp.hpp
[5.656s] -- Up-to-date: /home/ros_workspace/install/nav2_msgs/include/nav2_msgs/action/detail/compute_path_to_pose__type_support.cpp
[5.656s] -- Up-to-date: /home/ros_workspace/install/nav2_msgs/include/nav2_msgs/action/detail/spin__type_support.cpp
[5.656s] -- Up-to-date: /home/ros_workspace/install/nav2_msgs/include/nav2_msgs/action/detail/wait__rosidl_typesupport_introspection_cpp.hpp
[5.657s] -- Up-to-date: /home/ros_workspace/install/nav2_msgs/include/nav2_msgs/action/detail/spin__rosidl_typesupport_introspection_cpp.hpp
[5.657s] -- Up-to-date: /home/ros_workspace/install/nav2_msgs/include/nav2_msgs/action/detail/back_up__type_support.cpp
[5.658s] -- Up-to-date: /home/ros_workspace/install/nav2_msgs/include/nav2_msgs/action/detail/compute_path_to_pose__rosidl_typesupport_introspection_cpp.hpp
[5.658s] -- Up-to-date: /home/ros_workspace/install/nav2_msgs/include/nav2_msgs/action/detail/dummy_recovery__type_support.cpp
[5.658s] -- Up-to-date: /home/ros_workspace/install/nav2_msgs/include/nav2_msgs/msg
[5.658s] -- Up-to-date: /home/ros_workspace/install/nav2_msgs/include/nav2_msgs/msg/detail
[5.659s] -- Up-to-date: /home/ros_workspace/install/nav2_msgs/include/nav2_msgs/msg/detail/behavior_tree_log__type_support.cpp
[5.659s] -- Up-to-date: /home/ros_workspace/install/nav2_msgs/include/nav2_msgs/msg/detail/particle__type_support.cpp
[5.659s] -- Up-to-date: /home/ros_workspace/install/nav2_msgs/include/nav2_msgs/msg/detail/costmap_meta_data__rosidl_typesupport_introspection_cpp.hpp
[5.659s] -- Up-to-date: /home/ros_workspace/install/nav2_msgs/include/nav2_msgs/msg/detail/behavior_tree_log__rosidl_typesupport_introspection_cpp.hpp
[5.659s] -- Up-to-date: /home/ros_workspace/install/nav2_msgs/include/nav2_msgs/msg/detail/costmap_meta_data__type_support.cpp
[5.660s] -- Up-to-date: /home/ros_workspace/install/nav2_msgs/include/nav2_msgs/msg/detail/voxel_grid__rosidl_typesupport_introspection_cpp.hpp
[5.660s] -- Up-to-date: /home/ros_workspace/install/nav2_msgs/include/nav2_msgs/msg/detail/behavior_tree_status_change__rosidl_typesupport_introspection_cpp.hpp
[5.660s] -- Up-to-date: /home/ros_workspace/install/nav2_msgs/include/nav2_msgs/msg/detail/behavior_tree_status_change__type_support.cpp
[5.660s] -- Up-to-date: /home/ros_workspace/install/nav2_msgs/include/nav2_msgs/msg/detail/costmap__rosidl_typesupport_introspection_cpp.hpp
[5.660s] -- Up-to-date: /home/ros_workspace/install/nav2_msgs/include/nav2_msgs/msg/detail/particle__rosidl_typesupport_introspection_cpp.hpp
[5.660s] -- Up-to-date: /home/ros_workspace/install/nav2_msgs/include/nav2_msgs/msg/detail/particle_cloud__type_support.cpp
[5.661s] -- Up-to-date: /home/ros_workspace/install/nav2_msgs/include/nav2_msgs/msg/detail/particle_cloud__rosidl_typesupport_introspection_cpp.hpp
[5.661s] -- Up-to-date: /home/ros_workspace/install/nav2_msgs/include/nav2_msgs/msg/detail/costmap__type_support.cpp
[5.661s] -- Up-to-date: /home/ros_workspace/install/nav2_msgs/include/nav2_msgs/msg/detail/voxel_grid__type_support.cpp
[5.661s] -- Up-to-date: /home/ros_workspace/install/nav2_msgs/include/nav2_msgs/srv
[5.662s] -- Up-to-date: /home/ros_workspace/install/nav2_msgs/include/nav2_msgs/srv/detail
[5.662s] -- Up-to-date: /home/ros_workspace/install/nav2_msgs/include/nav2_msgs/srv/detail/save_map__rosidl_typesupport_introspection_cpp.hpp
[5.663s] -- Up-to-date: /home/ros_workspace/install/nav2_msgs/include/nav2_msgs/srv/detail/get_costmap__type_support.cpp
[5.663s] -- Up-to-date: /home/ros_workspace/install/nav2_msgs/include/nav2_msgs/srv/detail/manage_lifecycle_nodes__type_support.cpp
[5.663s] -- Up-to-date: /home/ros_workspace/install/nav2_msgs/include/nav2_msgs/srv/detail/get_costmap__rosidl_typesupport_introspection_cpp.hpp
[5.664s] -- Up-to-date: /home/ros_workspace/install/nav2_msgs/include/nav2_msgs/srv/detail/save_map__type_support.cpp
[5.664s] -- Up-to-date: /home/ros_workspace/install/nav2_msgs/include/nav2_msgs/srv/detail/load_map__type_support.cpp
[5.664s] -- Up-to-date: /home/ros_workspace/install/nav2_msgs/include/nav2_msgs/srv/detail/load_map__rosidl_typesupport_introspection_cpp.hpp
[5.664s] -- Up-to-date: /home/ros_workspace/install/nav2_msgs/include/nav2_msgs/srv/detail/clear_entire_costmap__type_support.cpp
[5.665s] -- Up-to-date: /home/ros_workspace/install/nav2_msgs/include/nav2_msgs/srv/detail/manage_lifecycle_nodes__rosidl_typesupport_introspection_cpp.hpp
[5.665s] -- Up-to-date: /home/ros_workspace/install/nav2_msgs/include/nav2_msgs/srv/detail/clear_entire_costmap__rosidl_typesupport_introspection_cpp.hpp
[5.665s] -- Up-to-date: /home/ros_workspace/install/nav2_msgs/include/nav2_msgs/srv/detail/clear_costmap_except_region__type_support.cpp
[5.665s] -- Up-to-date: /home/ros_workspace/install/nav2_msgs/include/nav2_msgs/srv/detail/clear_costmap_around_robot__type_support.cpp
[5.666s] -- Up-to-date: /home/ros_workspace/install/nav2_msgs/include/nav2_msgs/srv/detail/clear_costmap_around_robot__rosidl_typesupport_introspection_cpp.hpp
[5.666s] -- Up-to-date: /home/ros_workspace/install/nav2_msgs/include/nav2_msgs/srv/detail/clear_costmap_except_region__rosidl_typesupport_introspection_cpp.hpp
[5.667s] -- Up-to-date: /home/ros_workspace/install/nav2_msgs/lib/libnav2_msgs__rosidl_typesupport_introspection_cpp.so
[5.667s] -- Up-to-date: /home/ros_workspace/install/nav2_msgs/lib/libnav2_msgs__rosidl_typesupport_cpp.so
[5.667s] -- Up-to-date: /home/ros_workspace/install/nav2_msgs/share/nav2_msgs/environment/pythonpath.sh
[5.668s] -- Up-to-date: /home/ros_workspace/install/nav2_msgs/share/nav2_msgs/environment/pythonpath.dsv
[5.668s] -- Up-to-date: /home/ros_workspace/install/nav2_msgs/lib/python3.8/site-packages/nav2_msgs/__init__.py
[5.954s] -- Up-to-date: /home/ros_workspace/install/nav2_msgs/lib/python3.8/site-packages/nav2_msgs/msg
[5.955s] -- Up-to-date: /home/ros_workspace/install/nav2_msgs/lib/python3.8/site-packages/nav2_msgs/msg/_particle.py
[5.955s] -- Up-to-date: /home/ros_workspace/install/nav2_msgs/lib/python3.8/site-packages/nav2_msgs/msg/_voxel_grid_s.c
[5.956s] -- Up-to-date: /home/ros_workspace/install/nav2_msgs/lib/python3.8/site-packages/nav2_msgs/msg/_behavior_tree_status_change.py
[5.956s] -- Up-to-date: /home/ros_workspace/install/nav2_msgs/lib/python3.8/site-packages/nav2_msgs/msg/_behavior_tree_status_change_s.c
[5.960s] -- Up-to-date: /home/ros_workspace/install/nav2_msgs/lib/python3.8/site-packages/nav2_msgs/msg/_costmap_meta_data_s.c
[5.960s] -- Up-to-date: /home/ros_workspace/install/nav2_msgs/lib/python3.8/site-packages/nav2_msgs/msg/_voxel_grid.py
[5.960s] -- Up-to-date: /home/ros_workspace/install/nav2_msgs/lib/python3.8/site-packages/nav2_msgs/msg/_particle_s.c
[5.961s] -- Up-to-date: /home/ros_workspace/install/nav2_msgs/lib/python3.8/site-packages/nav2_msgs/msg/__init__.py
[5.961s] -- Up-to-date: /home/ros_workspace/install/nav2_msgs/lib/python3.8/site-packages/nav2_msgs/msg/_costmap_s.c
[5.961s] -- Up-to-date: /home/ros_workspace/install/nav2_msgs/lib/python3.8/site-packages/nav2_msgs/msg/_costmap.py
[5.961s] -- Up-to-date: /home/ros_workspace/install/nav2_msgs/lib/python3.8/site-packages/nav2_msgs/msg/_behavior_tree_log.py
[5.962s] -- Up-to-date: /home/ros_workspace/install/nav2_msgs/lib/python3.8/site-packages/nav2_msgs/msg/_particle_cloud_s.c
[5.962s] -- Up-to-date: /home/ros_workspace/install/nav2_msgs/lib/python3.8/site-packages/nav2_msgs/msg/_particle_cloud.py
[5.968s] -- Up-to-date: /home/ros_workspace/install/nav2_msgs/lib/python3.8/site-packages/nav2_msgs/msg/_behavior_tree_log_s.c
[5.969s] -- Up-to-date: /home/ros_workspace/install/nav2_msgs/lib/python3.8/site-packages/nav2_msgs/msg/_costmap_meta_data.py
[5.969s] -- Up-to-date: /home/ros_workspace/install/nav2_msgs/lib/python3.8/site-packages/nav2_msgs/srv
[5.970s] -- Up-to-date: /home/ros_workspace/install/nav2_msgs/lib/python3.8/site-packages/nav2_msgs/srv/_clear_entire_costmap.py
[5.971s] -- Up-to-date: /home/ros_workspace/install/nav2_msgs/lib/python3.8/site-packages/nav2_msgs/srv/_save_map_s.c
[5.971s] -- Up-to-date: /home/ros_workspace/install/nav2_msgs/lib/python3.8/site-packages/nav2_msgs/srv/_clear_costmap_around_robot.py
[5.973s] -- Up-to-date: /home/ros_workspace/install/nav2_msgs/lib/python3.8/site-packages/nav2_msgs/srv/_clear_costmap_except_region_s.c
[5.974s] -- Up-to-date: /home/ros_workspace/install/nav2_msgs/lib/python3.8/site-packages/nav2_msgs/srv/_get_costmap_s.c
[5.975s] -- Up-to-date: /home/ros_workspace/install/nav2_msgs/lib/python3.8/site-packages/nav2_msgs/srv/_get_costmap.py
[5.975s] -- Up-to-date: /home/ros_workspace/install/nav2_msgs/lib/python3.8/site-packages/nav2_msgs/srv/_save_map.py
[5.981s] -- Up-to-date: /home/ros_workspace/install/nav2_msgs/lib/python3.8/site-packages/nav2_msgs/srv/_clear_entire_costmap_s.c
[5.982s] -- Up-to-date: /home/ros_workspace/install/nav2_msgs/lib/python3.8/site-packages/nav2_msgs/srv/_load_map_s.c
[5.982s] -- Up-to-date: /home/ros_workspace/install/nav2_msgs/lib/python3.8/site-packages/nav2_msgs/srv/_manage_lifecycle_nodes.py
[5.983s] -- Up-to-date: /home/ros_workspace/install/nav2_msgs/lib/python3.8/site-packages/nav2_msgs/srv/__init__.py
[5.983s] -- Up-to-date: /home/ros_workspace/install/nav2_msgs/lib/python3.8/site-packages/nav2_msgs/srv/_manage_lifecycle_nodes_s.c
[5.988s] -- Up-to-date: /home/ros_workspace/install/nav2_msgs/lib/python3.8/site-packages/nav2_msgs/srv/_clear_costmap_except_region.py
[5.989s] -- Up-to-date: /home/ros_workspace/install/nav2_msgs/lib/python3.8/site-packages/nav2_msgs/srv/_load_map.py
[5.989s] -- Up-to-date: /home/ros_workspace/install/nav2_msgs/lib/python3.8/site-packages/nav2_msgs/srv/_clear_costmap_around_robot_s.c
[5.993s] -- Up-to-date: /home/ros_workspace/install/nav2_msgs/lib/python3.8/site-packages/nav2_msgs/action
[6.001s] -- Up-to-date: /home/ros_workspace/install/nav2_msgs/lib/python3.8/site-packages/nav2_msgs/action/_dummy_recovery_s.c
[6.004s] -- Up-to-date: /home/ros_workspace/install/nav2_msgs/lib/python3.8/site-packages/nav2_msgs/action/_spin.py
[6.005s] -- Up-to-date: /home/ros_workspace/install/nav2_msgs/lib/python3.8/site-packages/nav2_msgs/action/_follow_waypoints_s.c
[6.016s] -- Up-to-date: /home/ros_workspace/install/nav2_msgs/lib/python3.8/site-packages/nav2_msgs/action/_follow_path.py
[6.016s] -- Up-to-date: /home/ros_workspace/install/nav2_msgs/lib/python3.8/site-packages/nav2_msgs/action/_navigate_to_pose.py
[6.017s] -- Up-to-date: /home/ros_workspace/install/nav2_msgs/lib/python3.8/site-packages/nav2_msgs/action/_navigate_to_pose_s.c
[6.018s] -- Up-to-date: /home/ros_workspace/install/nav2_msgs/lib/python3.8/site-packages/nav2_msgs/action/_back_up_s.c
[6.019s] -- Up-to-date: /home/ros_workspace/install/nav2_msgs/lib/python3.8/site-packages/nav2_msgs/action/_back_up.py
[6.025s] -- Up-to-date: /home/ros_workspace/install/nav2_msgs/lib/python3.8/site-packages/nav2_msgs/action/_wait.py
[6.032s] -- Up-to-date: /home/ros_workspace/install/nav2_msgs/lib/python3.8/site-packages/nav2_msgs/action/_compute_path_to_pose_s.c
[6.043s] -- Up-to-date: /home/ros_workspace/install/nav2_msgs/lib/python3.8/site-packages/nav2_msgs/action/_dummy_recovery.py
[6.043s] -- Up-to-date: /home/ros_workspace/install/nav2_msgs/lib/python3.8/site-packages/nav2_msgs/action/_compute_path_to_pose.py
[6.048s] -- Up-to-date: /home/ros_workspace/install/nav2_msgs/lib/python3.8/site-packages/nav2_msgs/action/_follow_path_s.c
[6.050s] -- Up-to-date: /home/ros_workspace/install/nav2_msgs/lib/python3.8/site-packages/nav2_msgs/action/_follow_waypoints.py
[6.057s] -- Up-to-date: /home/ros_workspace/install/nav2_msgs/lib/python3.8/site-packages/nav2_msgs/action/_spin_s.c
[6.058s] -- Up-to-date: /home/ros_workspace/install/nav2_msgs/lib/python3.8/site-packages/nav2_msgs/action/__init__.py
[6.059s] -- Up-to-date: /home/ros_workspace/install/nav2_msgs/lib/python3.8/site-packages/nav2_msgs/action/_wait_s.c
[6.060s] -- Up-to-date: /home/ros_workspace/install/nav2_msgs/lib/python3.8/site-packages/nav2_msgs/nav2_msgs_s__rosidl_typesupport_fastrtps_c.cpython-38-x86_64-linux-gnu.so
[6.065s] -- Up-to-date: /home/ros_workspace/install/nav2_msgs/lib/python3.8/site-packages/nav2_msgs/nav2_msgs_s__rosidl_typesupport_introspection_c.cpython-38-x86_64-linux-gnu.so
[6.070s] -- Up-to-date: /home/ros_workspace/install/nav2_msgs/lib/python3.8/site-packages/nav2_msgs/nav2_msgs_s__rosidl_typesupport_c.cpython-38-x86_64-linux-gnu.so
[6.073s] -- Up-to-date: /home/ros_workspace/install/nav2_msgs/lib/libnav2_msgs__python.so
[6.075s] -- Up-to-date: /home/ros_workspace/install/nav2_msgs/share/nav2_msgs/msg/Costmap.idl
[6.076s] -- Up-to-date: /home/ros_workspace/install/nav2_msgs/share/nav2_msgs/msg/CostmapMetaData.idl
[6.079s] -- Up-to-date: /home/ros_workspace/install/nav2_msgs/share/nav2_msgs/msg/VoxelGrid.idl
[6.080s] -- Up-to-date: /home/ros_workspace/install/nav2_msgs/share/nav2_msgs/msg/BehaviorTreeStatusChange.idl
[6.081s] -- Up-to-date: /home/ros_workspace/install/nav2_msgs/share/nav2_msgs/msg/BehaviorTreeLog.idl
[6.088s] -- Up-to-date: /home/ros_workspace/install/nav2_msgs/share/nav2_msgs/msg/Particle.idl
[6.088s] -- Up-to-date: /home/ros_workspace/install/nav2_msgs/share/nav2_msgs/msg/ParticleCloud.idl
[6.089s] -- Up-to-date: /home/ros_workspace/install/nav2_msgs/share/nav2_msgs/srv/GetCostmap.idl
[6.091s] -- Up-to-date: /home/ros_workspace/install/nav2_msgs/share/nav2_msgs/srv/ClearCostmapExceptRegion.idl
[6.092s] -- Up-to-date: /home/ros_workspace/install/nav2_msgs/share/nav2_msgs/srv/ClearCostmapAroundRobot.idl
[6.093s] -- Up-to-date: /home/ros_workspace/install/nav2_msgs/share/nav2_msgs/srv/ClearEntireCostmap.idl
[6.094s] -- Up-to-date: /home/ros_workspace/install/nav2_msgs/share/nav2_msgs/srv/ManageLifecycleNodes.idl
[6.100s] -- Up-to-date: /home/ros_workspace/install/nav2_msgs/share/nav2_msgs/srv/LoadMap.idl
[6.104s] -- Up-to-date: /home/ros_workspace/install/nav2_msgs/share/nav2_msgs/srv/SaveMap.idl
[6.105s] -- Up-to-date: /home/ros_workspace/install/nav2_msgs/share/nav2_msgs/action/BackUp.idl
[6.107s] -- Up-to-date: /home/ros_workspace/install/nav2_msgs/share/nav2_msgs/action/ComputePathToPose.idl
[6.107s] -- Up-to-date: /home/ros_workspace/install/nav2_msgs/share/nav2_msgs/action/FollowPath.idl
[6.109s] -- Up-to-date: /home/ros_workspace/install/nav2_msgs/share/nav2_msgs/action/NavigateToPose.idl
[6.117s] -- Up-to-date: /home/ros_workspace/install/nav2_msgs/share/nav2_msgs/action/Wait.idl
[6.122s] -- Up-to-date: /home/ros_workspace/install/nav2_msgs/share/nav2_msgs/action/Spin.idl
[6.129s] -- Up-to-date: /home/ros_workspace/install/nav2_msgs/share/nav2_msgs/action/DummyRecovery.idl
[6.130s] -- Up-to-date: /home/ros_workspace/install/nav2_msgs/share/nav2_msgs/action/FollowWaypoints.idl
[6.130s] -- Up-to-date: /home/ros_workspace/install/nav2_msgs/share/nav2_msgs/msg/Costmap.msg
[6.131s] -- Up-to-date: /home/ros_workspace/install/nav2_msgs/share/nav2_msgs/msg/CostmapMetaData.msg
[6.141s] -- Up-to-date: /home/ros_workspace/install/nav2_msgs/share/nav2_msgs/msg/VoxelGrid.msg
[6.141s] -- Up-to-date: /home/ros_workspace/install/nav2_msgs/share/nav2_msgs/msg/BehaviorTreeStatusChange.msg
[6.142s] -- Up-to-date: /home/ros_workspace/install/nav2_msgs/share/nav2_msgs/msg/BehaviorTreeLog.msg
[6.143s] -- Up-to-date: /home/ros_workspace/install/nav2_msgs/share/nav2_msgs/msg/Particle.msg
[6.168s] -- Up-to-date: /home/ros_workspace/install/nav2_msgs/share/nav2_msgs/msg/ParticleCloud.msg
[6.168s] -- Up-to-date: /home/ros_workspace/install/nav2_msgs/share/nav2_msgs/srv/GetCostmap.srv
[6.168s] -- Up-to-date: /home/ros_workspace/install/nav2_msgs/share/nav2_msgs/srv/GetCostmap_Request.msg
[6.169s] -- Up-to-date: /home/ros_workspace/install/nav2_msgs/share/nav2_msgs/srv/GetCostmap_Response.msg
[6.169s] -- Up-to-date: /home/ros_workspace/install/nav2_msgs/share/nav2_msgs/srv/ClearCostmapExceptRegion.srv
[6.169s] -- Up-to-date: /home/ros_workspace/install/nav2_msgs/share/nav2_msgs/srv/ClearCostmapExceptRegion_Request.msg
[6.170s] -- Up-to-date: /home/ros_workspace/install/nav2_msgs/share/nav2_msgs/srv/ClearCostmapExceptRegion_Response.msg
[6.170s] -- Up-to-date: /home/ros_workspace/install/nav2_msgs/share/nav2_msgs/srv/ClearCostmapAroundRobot.srv
[6.170s] -- Up-to-date: /home/ros_workspace/install/nav2_msgs/share/nav2_msgs/srv/ClearCostmapAroundRobot_Request.msg
[6.171s] -- Up-to-date: /home/ros_workspace/install/nav2_msgs/share/nav2_msgs/srv/ClearCostmapAroundRobot_Response.msg
[6.171s] -- Up-to-date: /home/ros_workspace/install/nav2_msgs/share/nav2_msgs/srv/ClearEntireCostmap.srv
[6.171s] -- Up-to-date: /home/ros_workspace/install/nav2_msgs/share/nav2_msgs/srv/ClearEntireCostmap_Request.msg
[6.172s] -- Up-to-date: /home/ros_workspace/install/nav2_msgs/share/nav2_msgs/srv/ClearEntireCostmap_Response.msg
[6.172s] -- Up-to-date: /home/ros_workspace/install/nav2_msgs/share/nav2_msgs/srv/ManageLifecycleNodes.srv
[6.172s] -- Up-to-date: /home/ros_workspace/install/nav2_msgs/share/nav2_msgs/srv/ManageLifecycleNodes_Request.msg
[6.173s] -- Up-to-date: /home/ros_workspace/install/nav2_msgs/share/nav2_msgs/srv/ManageLifecycleNodes_Response.msg
[6.173s] -- Up-to-date: /home/ros_workspace/install/nav2_msgs/share/nav2_msgs/srv/LoadMap.srv
[6.173s] -- Up-to-date: /home/ros_workspace/install/nav2_msgs/share/nav2_msgs/srv/LoadMap_Request.msg
[6.173s] -- Up-to-date: /home/ros_workspace/install/nav2_msgs/share/nav2_msgs/srv/LoadMap_Response.msg
[6.174s] -- Up-to-date: /home/ros_workspace/install/nav2_msgs/share/nav2_msgs/srv/SaveMap.srv
[6.174s] -- Up-to-date: /home/ros_workspace/install/nav2_msgs/share/nav2_msgs/srv/SaveMap_Request.msg
[6.174s] -- Up-to-date: /home/ros_workspace/install/nav2_msgs/share/nav2_msgs/srv/SaveMap_Response.msg
[6.175s] -- Up-to-date: /home/ros_workspace/install/nav2_msgs/share/nav2_msgs/action/BackUp.action
[6.193s] -- Up-to-date: /home/ros_workspace/install/nav2_msgs/share/nav2_msgs/action/ComputePathToPose.action
[6.194s] -- Up-to-date: /home/ros_workspace/install/nav2_msgs/share/nav2_msgs/action/FollowPath.action
[6.194s] -- Up-to-date: /home/ros_workspace/install/nav2_msgs/share/nav2_msgs/action/NavigateToPose.action
[6.195s] -- Up-to-date: /home/ros_workspace/install/nav2_msgs/share/nav2_msgs/action/Wait.action
[6.195s] -- Up-to-date: /home/ros_workspace/install/nav2_msgs/share/nav2_msgs/action/Spin.action
[6.196s] -- Up-to-date: /home/ros_workspace/install/nav2_msgs/share/nav2_msgs/action/DummyRecovery.action
[6.197s] -- Up-to-date: /home/ros_workspace/install/nav2_msgs/share/nav2_msgs/action/FollowWaypoints.action
[6.207s] -- Up-to-date: /home/ros_workspace/install/nav2_msgs/share/ament_index/resource_index/package_run_dependencies/nav2_msgs
[6.208s] -- Up-to-date: /home/ros_workspace/install/nav2_msgs/share/ament_index/resource_index/parent_prefix_path/nav2_msgs
[6.209s] -- Up-to-date: /home/ros_workspace/install/nav2_msgs/share/nav2_msgs/environment/ament_prefix_path.sh
[6.210s] -- Up-to-date: /home/ros_workspace/install/nav2_msgs/share/nav2_msgs/environment/ament_prefix_path.dsv
[6.210s] -- Up-to-date: /home/ros_workspace/install/nav2_msgs/share/nav2_msgs/environment/path.sh
[6.212s] -- Up-to-date: /home/ros_workspace/install/nav2_msgs/share/nav2_msgs/environment/path.dsv
[6.213s] -- Up-to-date: /home/ros_workspace/install/nav2_msgs/share/nav2_msgs/local_setup.bash
[6.214s] -- Up-to-date: /home/ros_workspace/install/nav2_msgs/share/nav2_msgs/local_setup.sh
[6.215s] -- Up-to-date: /home/ros_workspace/install/nav2_msgs/share/nav2_msgs/local_setup.zsh
[6.215s] -- Up-to-date: /home/ros_workspace/install/nav2_msgs/share/nav2_msgs/local_setup.dsv
[6.216s] -- Installing: /home/ros_workspace/install/nav2_msgs/share/nav2_msgs/package.dsv
[6.223s] -- Up-to-date: /home/ros_workspace/install/nav2_msgs/share/ament_index/resource_index/packages/nav2_msgs
[6.224s] -- Up-to-date: /home/ros_workspace/install/nav2_msgs/share/nav2_msgs/cmake/nav2_msgs__rosidl_generator_cExport.cmake
[6.225s] -- Up-to-date: /home/ros_workspace/install/nav2_msgs/share/nav2_msgs/cmake/nav2_msgs__rosidl_generator_cExport-release.cmake
[6.228s] -- Up-to-date: /home/ros_workspace/install/nav2_msgs/share/nav2_msgs/cmake/nav2_msgs__rosidl_typesupport_introspection_cExport.cmake
[6.232s] -- Up-to-date: /home/ros_workspace/install/nav2_msgs/share/nav2_msgs/cmake/nav2_msgs__rosidl_typesupport_introspection_cExport-release.cmake
[6.238s] -- Up-to-date: /home/ros_workspace/install/nav2_msgs/share/nav2_msgs/cmake/nav2_msgs__rosidl_typesupport_cExport.cmake
[6.239s] -- Up-to-date: /home/ros_workspace/install/nav2_msgs/share/nav2_msgs/cmake/nav2_msgs__rosidl_typesupport_cExport-release.cmake
[6.253s] -- Up-to-date: /home/ros_workspace/install/nav2_msgs/share/nav2_msgs/cmake/nav2_msgs__rosidl_generator_cppExport.cmake
[6.255s] -- Up-to-date: /home/ros_workspace/install/nav2_msgs/share/nav2_msgs/cmake/nav2_msgs__rosidl_typesupport_introspection_cppExport.cmake
[6.258s] -- Up-to-date: /home/ros_workspace/install/nav2_msgs/share/nav2_msgs/cmake/nav2_msgs__rosidl_typesupport_introspection_cppExport-release.cmake
[6.268s] -- Up-to-date: /home/ros_workspace/install/nav2_msgs/share/nav2_msgs/cmake/nav2_msgs__rosidl_typesupport_cppExport.cmake
[6.269s] -- Up-to-date: /home/ros_workspace/install/nav2_msgs/share/nav2_msgs/cmake/nav2_msgs__rosidl_typesupport_cppExport-release.cmake
[6.269s] -- Up-to-date: /home/ros_workspace/install/nav2_msgs/share/nav2_msgs/cmake/rosidl_cmake-extras.cmake
[6.270s] -- Up-to-date: /home/ros_workspace/install/nav2_msgs/share/nav2_msgs/cmake/ament_cmake_export_dependencies-extras.cmake
[6.270s] -- Up-to-date: /home/ros_workspace/install/nav2_msgs/share/nav2_msgs/cmake/ament_cmake_export_libraries-extras.cmake
[6.271s] -- Up-to-date: /home/ros_workspace/install/nav2_msgs/share/nav2_msgs/cmake/ament_cmake_export_targets-extras.cmake
[6.271s] -- Up-to-date: /home/ros_workspace/install/nav2_msgs/share/nav2_msgs/cmake/ament_cmake_export_include_directories-extras.cmake
[6.272s] -- Up-to-date: /home/ros_workspace/install/nav2_msgs/share/nav2_msgs/cmake/rosidl_cmake_export_typesupport_libraries-extras.cmake
[6.272s] -- Up-to-date: /home/ros_workspace/install/nav2_msgs/share/nav2_msgs/cmake/rosidl_cmake_export_typesupport_targets-extras.cmake
[6.273s] -- Up-to-date: /home/ros_workspace/install/nav2_msgs/share/nav2_msgs/cmake/nav2_msgsConfig.cmake
[6.273s] -- Up-to-date: /home/ros_workspace/install/nav2_msgs/share/nav2_msgs/cmake/nav2_msgsConfig-version.cmake
[6.275s] -- Up-to-date: /home/ros_workspace/install/nav2_msgs/share/nav2_msgs/package.xml
[6.288s] Invoked command in '/home/ros_workspace/build/nav2_msgs' returned '0': CMAKE_PREFIX_PATH=/home/ros_workspace/install/nav2_common:/home/ros_workspace/install/nav2_bringup:/home/ros_workspace/install/navigation2:/home/ros_workspace/install/nav2_waypoint_follower:/home/ros_workspace/install/nav2_navfn_planner:/home/ros_workspace/install/nav2_core:/home/ros_workspace/install/nav2_costmap_2d:/home/ros_workspace/install/nav2_voxel_grid:/home/ros_workspace/install/nav2_rviz_plugins:/home/ros_workspace/install/nav2_map_server:/home/ros_workspace/install/nav2_lifecycle_manager:/home/ros_workspace/install/nav2_bt_navigator:/home/ros_workspace/install/nav2_behavior_tree:/home/ros_workspace/install/nav2_util:/home/ros_workspace/install/mpcc_interfaces:/home/ros_workspace/install/nav2_msgs:/home/ros_workspace/install/static_collision_avoidance:/home/ros_workspace/install/simple_igoneo_commander:/home/ros_workspace/install/mpcc_local_planner:/home/ros_workspace/install/local_path_planner:/home/ros_workspace/install/dynamic_collision_avoidance:/home/ros_workspace/install/cost_map_server:/home/ros_workspace/install/nav2_gazebo_spawner:/home/ros_workspace/install/mpc_igoneo:/home/ros_workspace/install/mpc_dynamic_obstacles:/home/ros_workspace/install/igoneo_dynamic_window:/opt/ros/foxy PYTHONPATH=/home/ros_workspace/install/nav2_common/lib/python3.8/site-packages:/home/ros_workspace/install/static_collision_avoidance/lib/python3.8/site-packages:/home/ros_workspace/install/simple_igoneo_commander/lib/python3.8/site-packages:/home/ros_workspace/install/mpcc_local_planner/lib/python3.8/site-packages:/home/ros_workspace/install/local_path_planner/lib/python3.8/site-packages:/home/ros_workspace/install/dynamic_collision_avoidance/lib/python3.8/site-packages:/home/ros_workspace/install/cost_map_server/lib/python3.8/site-packages:/home/ros_workspace/install/mpcc_interfaces/lib/python3.8/site-packages:/home/ros_workspace/install/nav2_msgs/lib/python3.8/site-packages:/home/ros_workspace/install/nav2_gazebo_spawner/lib/python3.8/site-packages:/home/ros_workspace/install/mpc_igoneo/lib/python3.8/site-packages:/home/ros_workspace/install/mpc_dynamic_obstacles/lib/python3.8/site-packages:/home/ros_workspace/install/igoneo_dynamic_window/lib/python3.8/site-packages:/opt/ros/foxy/lib/python3.8/site-packages /usr/bin/cmake --install /home/ros_workspace/build/nav2_msgs
