[0.054s] Invoking command in '/home/ros_workspace/build/nav2_costmap_2d': CMAKE_PREFIX_PATH=/home/ros_workspace/install/nav2_map_server:/home/ros_workspace/install/nav2_lifecycle_manager:/home/ros_workspace/install/nav2_util:/home/ros_workspace/install/nav2_msgs:/home/ros_workspace/install/nav2_common:/home/ros_workspace/install/nav2_bringup:/home/ros_workspace/install/navigation2:/home/ros_workspace/install/nav2_waypoint_follower:/home/ros_workspace/install/nav2_core:/home/ros_workspace/install/nav2_costmap_2d:/home/ros_workspace/install/nav2_voxel_grid:/home/ros_workspace/install/nav2_rviz_plugins:/home/ros_workspace/install/nav2_bt_navigator:/home/ros_workspace/install/nav2_behavior_tree:/home/ros_workspace/install/mpcc_interfaces:/home/ros_workspace/install/static_collision_avoidance:/home/ros_workspace/install/simple_igoneo_commander:/home/ros_workspace/install/mpcc_local_planner:/home/ros_workspace/install/local_path_planner:/home/ros_workspace/install/dynamic_collision_avoidance:/home/ros_workspace/install/cost_map_server:/home/ros_workspace/install/nav2_gazebo_spawner:/home/ros_workspace/install/mpc_igoneo:/home/ros_workspace/install/mpc_dynamic_obstacles:/home/ros_workspace/install/igoneo_dynamic_window:/opt/ros/foxy LD_LIBRARY_PATH=/home/ros_workspace/install/nav2_map_server/lib:/home/ros_workspace/install/nav2_lifecycle_manager/lib:/home/ros_workspace/install/nav2_util/lib:/home/ros_workspace/install/nav2_msgs/lib:/home/ros_workspace/install/nav2_waypoint_follower/lib:/home/ros_workspace/install/nav2_costmap_2d/lib:/home/ros_workspace/install/nav2_voxel_grid/lib:/home/ros_workspace/install/nav2_rviz_plugins/lib:/home/ros_workspace/install/nav2_bt_navigator/lib:/home/ros_workspace/install/nav2_behavior_tree/lib:/opt/ros/foxy/opt/yaml_cpp_vendor/lib:/opt/ros/foxy/opt/rviz_ogre_vendor/lib:/opt/ros/foxy/lib/x86_64-linux-gnu:/opt/ros/foxy/lib PYTHONPATH=/home/ros_workspace/install/nav2_msgs/lib/python3.8/site-packages:/home/ros_workspace/install/nav2_common/lib/python3.8/site-packages:/home/ros_workspace/install/static_collision_avoidance/lib/python3.8/site-packages:/home/ros_workspace/install/simple_igoneo_commander/lib/python3.8/site-packages:/home/ros_workspace/install/mpcc_local_planner/lib/python3.8/site-packages:/home/ros_workspace/install/local_path_planner/lib/python3.8/site-packages:/home/ros_workspace/install/dynamic_collision_avoidance/lib/python3.8/site-packages:/home/ros_workspace/install/cost_map_server/lib/python3.8/site-packages:/home/ros_workspace/install/nav2_gazebo_spawner/lib/python3.8/site-packages:/home/ros_workspace/install/mpc_igoneo/lib/python3.8/site-packages:/home/ros_workspace/install/mpc_dynamic_obstacles/lib/python3.8/site-packages:/home/ros_workspace/install/igoneo_dynamic_window/lib/python3.8/site-packages:/opt/ros/foxy/lib/python3.8/site-packages /usr/bin/cmake /home/ros_workspace/src/navigation2/nav2_costmap_2d -DCMAKE_INSTALL_PREFIX=/home/ros_workspace/install/nav2_costmap_2d
[0.193s] -- The C compiler identification is GNU 9.4.0
[0.331s] -- The CXX compiler identification is GNU 9.4.0
[0.345s] -- Check for working C compiler: /usr/bin/cc
[0.530s] -- Check for working C compiler: /usr/bin/cc -- works
[0.535s] -- Detecting C compiler ABI info
[0.706s] -- Detecting C compiler ABI info - done
[0.732s] -- Detecting C compile features
[0.732s] -- Detecting C compile features - done
[0.738s] -- Check for working CXX compiler: /usr/bin/c++
[0.893s] -- Check for working CXX compiler: /usr/bin/c++ -- works
[0.893s] -- Detecting CXX compiler ABI info
[1.050s] -- Detecting CXX compiler ABI info - done
[1.073s] -- Detecting CXX compile features
[1.074s] -- Detecting CXX compile features - done
[1.084s] -- Found ament_cmake: 0.9.11 (/opt/ros/foxy/share/ament_cmake/cmake)
[1.138s] -- Found PythonInterp: /usr/bin/python3 (found suitable version "3.8.10", minimum required is "3") 
[1.139s] -- Using PYTHON_EXECUTABLE: /usr/bin/python3
[1.611s] -- Found geometry_msgs: 2.0.5 (/opt/ros/foxy/share/geometry_msgs/cmake)
[1.708s] -- Using all available rosidl_typesupport_c: rosidl_typesupport_fastrtps_c;rosidl_typesupport_introspection_c
[1.733s] -- Found rosidl_adapter: 1.3.0 (/opt/ros/foxy/share/rosidl_adapter/cmake)
[1.997s] -- Found OpenSSL: /usr/lib/x86_64-linux-gnu/libcrypto.so (found version "1.1.1f")  
[2.076s] -- Found FastRTPS: /opt/ros/foxy/include  
[2.293s] -- Using all available rosidl_typesupport_cpp: rosidl_typesupport_fastrtps_cpp;rosidl_typesupport_introspection_cpp
[2.505s] -- Found laser_geometry: 2.2.0 (/opt/ros/foxy/share/laser_geometry/cmake)
[2.546s] -- Found map_msgs: 2.0.2 (/opt/ros/foxy/share/map_msgs/cmake)
[3.376s] -- Found message_filters: 3.2.5 (/opt/ros/foxy/share/message_filters/cmake)
[3.381s] -- Found nav2_common: 0.4.7 (/home/ros_workspace/install/nav2_common/share/nav2_common/cmake)
[3.382s] -- Found nav2_msgs: 0.4.7 (/home/ros_workspace/install/nav2_msgs/share/nav2_msgs/cmake)
[3.897s] -- Found nav2_util: 0.4.7 (/home/ros_workspace/install/nav2_util/share/nav2_util/cmake)
[4.091s] -- Found rmw_implementation_cmake: 1.0.3 (/opt/ros/foxy/share/rmw_implementation_cmake/cmake)
[4.096s] -- Using RMW implementation 'rmw_fastrtps_cpp' as default
[4.097s] -- Looking for pthread.h
[4.216s] -- Looking for pthread.h - found
[4.216s] -- Performing Test CMAKE_HAVE_LIBC_PTHREAD
[4.330s] -- Performing Test CMAKE_HAVE_LIBC_PTHREAD - Failed
[4.331s] -- Looking for pthread_create in pthreads
[4.432s] -- Looking for pthread_create in pthreads - not found
[4.433s] -- Looking for pthread_create in pthread
[4.566s] -- Looking for pthread_create in pthread - found
[4.568s] -- Found Threads: TRUE  
[5.546s] -- Found Eigen3: TRUE (found version "3.3.7") 
[5.849s] -- Found nav2_voxel_grid: 0.4.7 (/home/ros_workspace/install/nav2_voxel_grid/share/nav2_voxel_grid/cmake)
[5.854s] CMake Error at /home/ros_workspace/install/nav2_voxel_grid/share/nav2_voxel_grid/cmake/ament_cmake_export_libraries-extras.cmake:48 (message):
[5.854s]   Package 'nav2_voxel_grid' exports the library 'voxel_grid' which couldn't
[5.854s]   be found
[5.855s] Call Stack (most recent call first):
[5.855s]   /home/ros_workspace/install/nav2_voxel_grid/share/nav2_voxel_grid/cmake/nav2_voxel_gridConfig.cmake:41 (include)
[5.855s]   CMakeLists.txt:12 (find_package)
[5.855s] 
[5.855s] 
[5.861s] -- Configuring incomplete, errors occurred!
[5.863s] See also "/home/ros_workspace/build/nav2_costmap_2d/CMakeFiles/CMakeOutput.log".
[5.864s] See also "/home/ros_workspace/build/nav2_costmap_2d/CMakeFiles/CMakeError.log".
[5.888s] Invoked command in '/home/ros_workspace/build/nav2_costmap_2d' returned '1': CMAKE_PREFIX_PATH=/home/ros_workspace/install/nav2_map_server:/home/ros_workspace/install/nav2_lifecycle_manager:/home/ros_workspace/install/nav2_util:/home/ros_workspace/install/nav2_msgs:/home/ros_workspace/install/nav2_common:/home/ros_workspace/install/nav2_bringup:/home/ros_workspace/install/navigation2:/home/ros_workspace/install/nav2_waypoint_follower:/home/ros_workspace/install/nav2_core:/home/ros_workspace/install/nav2_costmap_2d:/home/ros_workspace/install/nav2_voxel_grid:/home/ros_workspace/install/nav2_rviz_plugins:/home/ros_workspace/install/nav2_bt_navigator:/home/ros_workspace/install/nav2_behavior_tree:/home/ros_workspace/install/mpcc_interfaces:/home/ros_workspace/install/static_collision_avoidance:/home/ros_workspace/install/simple_igoneo_commander:/home/ros_workspace/install/mpcc_local_planner:/home/ros_workspace/install/local_path_planner:/home/ros_workspace/install/dynamic_collision_avoidance:/home/ros_workspace/install/cost_map_server:/home/ros_workspace/install/nav2_gazebo_spawner:/home/ros_workspace/install/mpc_igoneo:/home/ros_workspace/install/mpc_dynamic_obstacles:/home/ros_workspace/install/igoneo_dynamic_window:/opt/ros/foxy LD_LIBRARY_PATH=/home/ros_workspace/install/nav2_map_server/lib:/home/ros_workspace/install/nav2_lifecycle_manager/lib:/home/ros_workspace/install/nav2_util/lib:/home/ros_workspace/install/nav2_msgs/lib:/home/ros_workspace/install/nav2_waypoint_follower/lib:/home/ros_workspace/install/nav2_costmap_2d/lib:/home/ros_workspace/install/nav2_voxel_grid/lib:/home/ros_workspace/install/nav2_rviz_plugins/lib:/home/ros_workspace/install/nav2_bt_navigator/lib:/home/ros_workspace/install/nav2_behavior_tree/lib:/opt/ros/foxy/opt/yaml_cpp_vendor/lib:/opt/ros/foxy/opt/rviz_ogre_vendor/lib:/opt/ros/foxy/lib/x86_64-linux-gnu:/opt/ros/foxy/lib PYTHONPATH=/home/ros_workspace/install/nav2_msgs/lib/python3.8/site-packages:/home/ros_workspace/install/nav2_common/lib/python3.8/site-packages:/home/ros_workspace/install/static_collision_avoidance/lib/python3.8/site-packages:/home/ros_workspace/install/simple_igoneo_commander/lib/python3.8/site-packages:/home/ros_workspace/install/mpcc_local_planner/lib/python3.8/site-packages:/home/ros_workspace/install/local_path_planner/lib/python3.8/site-packages:/home/ros_workspace/install/dynamic_collision_avoidance/lib/python3.8/site-packages:/home/ros_workspace/install/cost_map_server/lib/python3.8/site-packages:/home/ros_workspace/install/nav2_gazebo_spawner/lib/python3.8/site-packages:/home/ros_workspace/install/mpc_igoneo/lib/python3.8/site-packages:/home/ros_workspace/install/mpc_dynamic_obstacles/lib/python3.8/site-packages:/home/ros_workspace/install/igoneo_dynamic_window/lib/python3.8/site-packages:/opt/ros/foxy/lib/python3.8/site-packages /usr/bin/cmake /home/ros_workspace/src/navigation2/nav2_costmap_2d -DCMAKE_INSTALL_PREFIX=/home/ros_workspace/install/nav2_costmap_2d
