[0.118s] Invoking command in '/home/ros_workspace/build/mpcc_interfaces': CMAKE_PREFIX_PATH=${CMAKE_PREFIX_PATH}:/home/ros_workspace/install/static_collision_avoidance:/home/ros_workspace/install/simple_igoneo_commander:/home/ros_workspace/install/mpcc_local_planner:/home/ros_workspace/install/local_path_planner:/home/ros_workspace/install/dynamic_collision_avoidance:/home/ros_workspace/install/cost_map_server:/home/ros_workspace/install/nav2_gazebo_spawner:/home/ros_workspace/install/mpc_igoneo:/home/ros_workspace/install/mpc_dynamic_obstacles:/home/ros_workspace/install/igoneo_dynamic_window:/opt/ros/foxy /usr/bin/cmake /home/ros_workspace/src/mpcc_planner/mpcc_interfaces -DCMAKE_INSTALL_PREFIX=/home/ros_workspace/install/mpcc_interfaces
[1.103s] -- The C compiler identification is GNU 9.4.0
[1.103s] -- The CXX compiler identification is GNU 9.4.0
[1.106s] -- Check for working C compiler: /usr/bin/cc
[1.107s] -- Check for working C compiler: /usr/bin/cc -- works
[1.107s] -- Detecting C compiler ABI info
[1.107s] -- Detecting C compiler ABI info - done
[1.107s] -- Detecting C compile features
[1.108s] -- Detecting C compile features - done
[1.108s] -- Check for working CXX compiler: /usr/bin/c++
[1.108s] -- Check for working CXX compiler: /usr/bin/c++ -- works
[1.108s] -- Detecting CXX compiler ABI info
[1.109s] -- Detecting CXX compiler ABI info - done
[1.109s] -- Detecting CXX compile features
[1.109s] -- Detecting CXX compile features - done
[1.109s] -- Found ament_cmake: 0.9.11 (/opt/ros/foxy/share/ament_cmake/cmake)
[1.109s] -- Found PythonInterp: /usr/bin/python3 (found suitable version "3.8.10", minimum required is "3") 
[1.109s] -- Using PYTHON_EXECUTABLE: /usr/bin/python3
[1.385s] -- Found nav2_msgs: 0.4.7 (/home/ros_workspace/install/nav2_msgs/share/nav2_msgs/cmake)
[1.486s] -- Using all available rosidl_typesupport_c: rosidl_typesupport_fastrtps_c;rosidl_typesupport_introspection_c
[1.529s] -- Found rosidl_adapter: 1.3.0 (/opt/ros/foxy/share/rosidl_adapter/cmake)
[1.777s] -- Found OpenSSL: /usr/lib/x86_64-linux-gnu/libcrypto.so (found version "1.1.1f")  
[1.850s] -- Found FastRTPS: /opt/ros/foxy/include  
[2.092s] -- Using all available rosidl_typesupport_cpp: rosidl_typesupport_fastrtps_cpp;rosidl_typesupport_introspection_cpp
[3.069s] CMake Error at /home/ros_workspace/install/nav2_msgs/share/nav2_msgs/cmake/ament_cmake_export_libraries-extras.cmake:48 (message):
[3.070s]   Package 'nav2_msgs' exports the library 'nav2_msgs__rosidl_generator_c'
[3.070s]   which couldn't be found
[3.070s] Call Stack (most recent call first):
[3.070s]   /home/ros_workspace/install/nav2_msgs/share/nav2_msgs/cmake/nav2_msgsConfig.cmake:41 (include)
[3.070s]   CMakeLists.txt:22 (find_package)
[3.071s] 
[3.071s] 
[3.072s] -- Configuring incomplete, errors occurred!
[3.072s] See also "/home/ros_workspace/build/mpcc_interfaces/CMakeFiles/CMakeOutput.log".
[3.081s] Invoked command in '/home/ros_workspace/build/mpcc_interfaces' returned '1': CMAKE_PREFIX_PATH=${CMAKE_PREFIX_PATH}:/home/ros_workspace/install/static_collision_avoidance:/home/ros_workspace/install/simple_igoneo_commander:/home/ros_workspace/install/mpcc_local_planner:/home/ros_workspace/install/local_path_planner:/home/ros_workspace/install/dynamic_collision_avoidance:/home/ros_workspace/install/cost_map_server:/home/ros_workspace/install/nav2_gazebo_spawner:/home/ros_workspace/install/mpc_igoneo:/home/ros_workspace/install/mpc_dynamic_obstacles:/home/ros_workspace/install/igoneo_dynamic_window:/opt/ros/foxy /usr/bin/cmake /home/ros_workspace/src/mpcc_planner/mpcc_interfaces -DCMAKE_INSTALL_PREFIX=/home/ros_workspace/install/mpcc_interfaces
