[5.350s] Invoking command in '/home/ros_workspace/src/mpcc_planner/dynamic_collision_avoidance': AMENT_PREFIX_PATH=/home/ros_workspace/install/mpcc_interfaces:/home/ros_workspace/install/nav2_msgs:${AMENT_PREFIX_PATH} CMAKE_PREFIX_PATH=/home/ros_workspace/install/mpcc_interfaces:/home/ros_workspace/install/nav2_msgs LD_LIBRARY_PATH=/home/ros_workspace/install/mpcc_interfaces/lib:/home/ros_workspace/install/nav2_msgs/lib:${LD_LIBRARY_PATH} PYTHONPATH=/home/ros_workspace/install/dynamic_collision_avoidance/lib/python3.8/site-packages:/home/ros_workspace/install/mpcc_interfaces/lib/python3.8/site-packages:/home/ros_workspace/install/nav2_msgs/lib/python3.8/site-packages:${PYTHONPATH} /usr/bin/python3 setup.py egg_info --egg-base ../../../build/dynamic_collision_avoidance build --build-base /home/ros_workspace/build/dynamic_collision_avoidance/build install --prefix /home/ros_workspace/install/dynamic_collision_avoidance --record /home/ros_workspace/build/dynamic_collision_avoidance/install.log --single-version-externally-managed
[6.752s] running egg_info
[6.755s] writing ../../../build/dynamic_collision_avoidance/dynamic_collision_avoidance.egg-info/PKG-INFO
[6.756s] writing dependency_links to ../../../build/dynamic_collision_avoidance/dynamic_collision_avoidance.egg-info/dependency_links.txt
[6.757s] writing entry points to ../../../build/dynamic_collision_avoidance/dynamic_collision_avoidance.egg-info/entry_points.txt
[6.761s] writing requirements to ../../../build/dynamic_collision_avoidance/dynamic_collision_avoidance.egg-info/requires.txt
[6.761s] writing top-level names to ../../../build/dynamic_collision_avoidance/dynamic_collision_avoidance.egg-info/top_level.txt
[6.952s] reading manifest file '../../../build/dynamic_collision_avoidance/dynamic_collision_avoidance.egg-info/SOURCES.txt'
[6.981s] writing manifest file '../../../build/dynamic_collision_avoidance/dynamic_collision_avoidance.egg-info/SOURCES.txt'
[6.987s] running build
[6.987s] running build_py
[6.987s] running install
[6.987s] running install_lib
[7.003s] running install_data
[7.004s] running install_egg_info
[7.009s] removing '/home/ros_workspace/install/dynamic_collision_avoidance/lib/python3.8/site-packages/dynamic_collision_avoidance-0.0.0-py3.8.egg-info' (and everything under it)
[7.011s] Copying ../../../build/dynamic_collision_avoidance/dynamic_collision_avoidance.egg-info to /home/ros_workspace/install/dynamic_collision_avoidance/lib/python3.8/site-packages/dynamic_collision_avoidance-0.0.0-py3.8.egg-info
[7.036s] running install_scripts
[7.168s] Installing dynamic_collision_avoidance script to /home/ros_workspace/install/dynamic_collision_avoidance/lib/dynamic_collision_avoidance
[7.170s] writing list of installed files to '/home/ros_workspace/build/dynamic_collision_avoidance/install.log'
[7.577s] Invoked command in '/home/ros_workspace/src/mpcc_planner/dynamic_collision_avoidance' returned '0': AMENT_PREFIX_PATH=/home/ros_workspace/install/mpcc_interfaces:/home/ros_workspace/install/nav2_msgs:${AMENT_PREFIX_PATH} CMAKE_PREFIX_PATH=/home/ros_workspace/install/mpcc_interfaces:/home/ros_workspace/install/nav2_msgs LD_LIBRARY_PATH=/home/ros_workspace/install/mpcc_interfaces/lib:/home/ros_workspace/install/nav2_msgs/lib:${LD_LIBRARY_PATH} PYTHONPATH=/home/ros_workspace/install/dynamic_collision_avoidance/lib/python3.8/site-packages:/home/ros_workspace/install/mpcc_interfaces/lib/python3.8/site-packages:/home/ros_workspace/install/nav2_msgs/lib/python3.8/site-packages:${PYTHONPATH} /usr/bin/python3 setup.py egg_info --egg-base ../../../build/dynamic_collision_avoidance build --build-base /home/ros_workspace/build/dynamic_collision_avoidance/build install --prefix /home/ros_workspace/install/dynamic_collision_avoidance --record /home/ros_workspace/build/dynamic_collision_avoidance/install.log --single-version-externally-managed
