[2.127s] Invoking command in '/home/ros_workspace/src/navigation2/nav2_bringup/nav2_gazebo_spawner': PYTHONPATH=/home/ros_workspace/install/nav2_gazebo_spawner/lib/python3.8/site-packages:${PYTHONPATH} /usr/bin/python3 setup.py egg_info --egg-base ../../../../build/nav2_gazebo_spawner build --build-base /home/ros_workspace/build/nav2_gazebo_spawner/build install --prefix /home/ros_workspace/install/nav2_gazebo_spawner --record /home/ros_workspace/build/nav2_gazebo_spawner/install.log --single-version-externally-managed
[2.494s] running egg_info
[2.495s] creating ../../../../build/nav2_gazebo_spawner/nav2_gazebo_spawner.egg-info
[2.496s] writing ../../../../build/nav2_gazebo_spawner/nav2_gazebo_spawner.egg-info/PKG-INFO
[2.496s] writing dependency_links to ../../../../build/nav2_gazebo_spawner/nav2_gazebo_spawner.egg-info/dependency_links.txt
[2.496s] writing entry points to ../../../../build/nav2_gazebo_spawner/nav2_gazebo_spawner.egg-info/entry_points.txt
[2.497s] writing requirements to ../../../../build/nav2_gazebo_spawner/nav2_gazebo_spawner.egg-info/requires.txt
[2.497s] writing top-level names to ../../../../build/nav2_gazebo_spawner/nav2_gazebo_spawner.egg-info/top_level.txt
[2.500s] writing manifest file '../../../../build/nav2_gazebo_spawner/nav2_gazebo_spawner.egg-info/SOURCES.txt'
[2.561s] reading manifest file '../../../../build/nav2_gazebo_spawner/nav2_gazebo_spawner.egg-info/SOURCES.txt'
[2.563s] writing manifest file '../../../../build/nav2_gazebo_spawner/nav2_gazebo_spawner.egg-info/SOURCES.txt'
[2.563s] running build
[2.563s] running build_py
[2.563s] creating /home/ros_workspace/build/nav2_gazebo_spawner/build
[2.564s] creating /home/ros_workspace/build/nav2_gazebo_spawner/build/lib
[2.564s] creating /home/ros_workspace/build/nav2_gazebo_spawner/build/lib/nav2_gazebo_spawner
[2.564s] copying nav2_gazebo_spawner/nav2_gazebo_spawner.py -> /home/ros_workspace/build/nav2_gazebo_spawner/build/lib/nav2_gazebo_spawner
[2.564s] copying nav2_gazebo_spawner/__init__.py -> /home/ros_workspace/build/nav2_gazebo_spawner/build/lib/nav2_gazebo_spawner
[2.565s] running install
[2.566s] running install_lib
[2.568s] creating /home/ros_workspace/install/nav2_gazebo_spawner/lib/python3.8/site-packages/nav2_gazebo_spawner
[2.568s] copying /home/ros_workspace/build/nav2_gazebo_spawner/build/lib/nav2_gazebo_spawner/nav2_gazebo_spawner.py -> /home/ros_workspace/install/nav2_gazebo_spawner/lib/python3.8/site-packages/nav2_gazebo_spawner
[2.569s] copying /home/ros_workspace/build/nav2_gazebo_spawner/build/lib/nav2_gazebo_spawner/__init__.py -> /home/ros_workspace/install/nav2_gazebo_spawner/lib/python3.8/site-packages/nav2_gazebo_spawner
[2.570s] byte-compiling /home/ros_workspace/install/nav2_gazebo_spawner/lib/python3.8/site-packages/nav2_gazebo_spawner/nav2_gazebo_spawner.py to nav2_gazebo_spawner.cpython-38.pyc
[2.573s] byte-compiling /home/ros_workspace/install/nav2_gazebo_spawner/lib/python3.8/site-packages/nav2_gazebo_spawner/__init__.py to __init__.cpython-38.pyc
[2.574s] running install_data
[2.575s] copying resource/nav2_gazebo_spawner -> /home/ros_workspace/install/nav2_gazebo_spawner/share/ament_index/resource_index/packages
[2.576s] copying package.xml -> /home/ros_workspace/install/nav2_gazebo_spawner/share/nav2_gazebo_spawner
[2.576s] running install_egg_info
[2.579s] Copying ../../../../build/nav2_gazebo_spawner/nav2_gazebo_spawner.egg-info to /home/ros_workspace/install/nav2_gazebo_spawner/lib/python3.8/site-packages/nav2_gazebo_spawner-0.3.0-py3.8.egg-info
[2.582s] running install_scripts
[2.618s] Installing nav2_gazebo_spawner script to /home/ros_workspace/install/nav2_gazebo_spawner/lib/nav2_gazebo_spawner
[2.619s] writing list of installed files to '/home/ros_workspace/build/nav2_gazebo_spawner/install.log'
[2.671s] Invoked command in '/home/ros_workspace/src/navigation2/nav2_bringup/nav2_gazebo_spawner' returned '0': PYTHONPATH=/home/ros_workspace/install/nav2_gazebo_spawner/lib/python3.8/site-packages:${PYTHONPATH} /usr/bin/python3 setup.py egg_info --egg-base ../../../../build/nav2_gazebo_spawner build --build-base /home/ros_workspace/build/nav2_gazebo_spawner/build install --prefix /home/ros_workspace/install/nav2_gazebo_spawner --record /home/ros_workspace/build/nav2_gazebo_spawner/install.log --single-version-externally-managed
