[0.067s] Invoking command in '/home/ros_workspace/build/nav2_lifecycle_manager': CMAKE_PREFIX_PATH=/home/ros_workspace/install/nav2_util:/home/ros_workspace/install/nav2_msgs:/home/ros_workspace/install/nav2_common:/home/ros_workspace/install/nav2_bringup:/home/ros_workspace/install/navigation2:/home/ros_workspace/install/nav2_waypoint_follower:/home/ros_workspace/install/nav2_core:/home/ros_workspace/install/nav2_costmap_2d:/home/ros_workspace/install/nav2_voxel_grid:/home/ros_workspace/install/nav2_rviz_plugins:/home/ros_workspace/install/nav2_map_server:/home/ros_workspace/install/nav2_lifecycle_manager:/home/ros_workspace/install/nav2_bt_navigator:/home/ros_workspace/install/nav2_behavior_tree:/home/ros_workspace/install/mpcc_interfaces:/home/ros_workspace/install/static_collision_avoidance:/home/ros_workspace/install/simple_igoneo_commander:/home/ros_workspace/install/mpcc_local_planner:/home/ros_workspace/install/local_path_planner:/home/ros_workspace/install/dynamic_collision_avoidance:/home/ros_workspace/install/cost_map_server:/home/ros_workspace/install/nav2_gazebo_spawner:/home/ros_workspace/install/mpc_igoneo:/home/ros_workspace/install/mpc_dynamic_obstacles:/home/ros_workspace/install/igoneo_dynamic_window:/opt/ros/foxy LD_LIBRARY_PATH=/home/ros_workspace/install/nav2_util/lib:/home/ros_workspace/install/nav2_msgs/lib:/home/ros_workspace/install/nav2_waypoint_follower/lib:/home/ros_workspace/install/nav2_costmap_2d/lib:/home/ros_workspace/install/nav2_voxel_grid/lib:/home/ros_workspace/install/nav2_rviz_plugins/lib:/home/ros_workspace/install/nav2_map_server/lib:/home/ros_workspace/install/nav2_lifecycle_manager/lib:/home/ros_workspace/install/nav2_bt_navigator/lib:/home/ros_workspace/install/nav2_behavior_tree/lib:/opt/ros/foxy/opt/yaml_cpp_vendor/lib:/opt/ros/foxy/opt/rviz_ogre_vendor/lib:/opt/ros/foxy/lib/x86_64-linux-gnu:/opt/ros/foxy/lib PYTHONPATH=/home/ros_workspace/install/nav2_msgs/lib/python3.8/site-packages:/home/ros_workspace/install/nav2_common/lib/python3.8/site-packages:/home/ros_workspace/install/static_collision_avoidance/lib/python3.8/site-packages:/home/ros_workspace/install/simple_igoneo_commander/lib/python3.8/site-packages:/home/ros_workspace/install/mpcc_local_planner/lib/python3.8/site-packages:/home/ros_workspace/install/local_path_planner/lib/python3.8/site-packages:/home/ros_workspace/install/dynamic_collision_avoidance/lib/python3.8/site-packages:/home/ros_workspace/install/cost_map_server/lib/python3.8/site-packages:/home/ros_workspace/install/nav2_gazebo_spawner/lib/python3.8/site-packages:/home/ros_workspace/install/mpc_igoneo/lib/python3.8/site-packages:/home/ros_workspace/install/mpc_dynamic_obstacles/lib/python3.8/site-packages:/home/ros_workspace/install/igoneo_dynamic_window/lib/python3.8/site-packages:/opt/ros/foxy/lib/python3.8/site-packages /usr/bin/cmake --build /home/ros_workspace/build/nav2_lifecycle_manager -- -j8 -l8
[0.157s] -- Found ament_cmake: 0.9.11 (/opt/ros/foxy/share/ament_cmake/cmake)
[0.211s] -- Using PYTHON_EXECUTABLE: /usr/bin/python3
[0.534s] -- Found geometry_msgs: 2.0.5 (/opt/ros/foxy/share/geometry_msgs/cmake)
[0.574s] -- Using all available rosidl_typesupport_c: rosidl_typesupport_fastrtps_c;rosidl_typesupport_introspection_c
[0.579s] -- Found rosidl_adapter: 1.3.0 (/opt/ros/foxy/share/rosidl_adapter/cmake)
[0.892s] -- Using all available rosidl_typesupport_cpp: rosidl_typesupport_fastrtps_cpp;rosidl_typesupport_introspection_cpp
[1.097s] -- Found lifecycle_msgs: 1.0.0 (/opt/ros/foxy/share/lifecycle_msgs/cmake)
[1.119s] -- Found nav2_common: 0.4.7 (/home/ros_workspace/install/nav2_common/share/nav2_common/cmake)
[1.119s] -- Found nav2_msgs: 0.4.7 (/home/ros_workspace/install/nav2_msgs/share/nav2_msgs/cmake)
[1.996s] -- Found nav2_util: 0.4.7 (/home/ros_workspace/install/nav2_util/share/nav2_util/cmake)
[2.174s] -- Found rmw_implementation_cmake: 1.0.3 (/opt/ros/foxy/share/rmw_implementation_cmake/cmake)
[2.175s] -- Using RMW implementation 'rmw_fastrtps_cpp' as default
[3.181s] -- Found eigen3_cmake_module: 0.1.1 (/opt/ros/foxy/share/eigen3_cmake_module/cmake)
[3.454s] -- Found std_srvs: 2.0.5 (/opt/ros/foxy/share/std_srvs/cmake)
[3.948s] -- Found ament_lint_auto: 0.9.7 (/opt/ros/foxy/share/ament_lint_auto/cmake)
[4.067s] -- Found ament_cmake_gtest: 0.9.11 (/opt/ros/foxy/share/ament_cmake_gtest/cmake)
[4.068s] -- Found ament_cmake_pytest: 0.9.11 (/opt/ros/foxy/share/ament_cmake_pytest/cmake)
[4.072s] -- Found gtest sources under '/opt/ros/foxy/src/gtest_vendor': C++ tests using 'Google Test' will be built
[4.352s] -- Added test 'copyright' to check source files copyright and LICENSE
[4.355s] -- Added test 'cppcheck' to perform static code analysis on C / C++ code
[4.356s] -- Configured cppcheck include dirs: /home/ros_workspace/src/navigation2/nav2_lifecycle_manager/include
[4.356s] -- Configured cppcheck exclude dirs and/or files: 
[4.360s] -- Added test 'cpplint' to check C / C++ code against the Google style
[4.360s] -- Configured cpplint exclude dirs and/or files: 
[4.360s] -- Added test 'flake8' to check Python code syntax and style conventions
[4.360s] -- Added test 'lint_cmake' to check CMake code style
[4.361s] -- Added test 'pep257' to check Python code against some of the style conventions in PEP 257
[4.364s] -- Added test 'uncrustify' to check C / C++ code style
[4.364s] -- Configured uncrustify additional arguments: 
[4.365s] -- Added test 'xmllint' to check XML markup files
[4.375s] -- Configuring done
[4.561s] -- Generating done
[4.566s] -- Build files have been written to: /home/ros_workspace/build/nav2_lifecycle_manager
[4.636s] [35m[1mScanning dependencies of target nav2_lifecycle_manager_core[0m
[4.643s] [ 18%] Built target gtest
[4.651s] [ 36%] Built target gtest_main
[4.732s] [ 45%] [32mBuilding CXX object CMakeFiles/nav2_lifecycle_manager_core.dir/src/lifecycle_manager.cpp.o[0m
[4.734s] [ 54%] [32mBuilding CXX object CMakeFiles/nav2_lifecycle_manager_core.dir/src/lifecycle_manager_client.cpp.o[0m
[12.903s] [ 63%] [32m[1mLinking CXX shared library libnav2_lifecycle_manager_core.so[0m
[13.195s] [ 63%] Built target nav2_lifecycle_manager_core
[13.214s] [35m[1mScanning dependencies of target lifecycle_manager[0m
[13.280s] [ 72%] [32mBuilding CXX object CMakeFiles/lifecycle_manager.dir/src/main.cpp.o[0m
[16.558s] [ 81%] [32m[1mLinking CXX executable lifecycle_manager[0m
[16.826s] [ 81%] Built target lifecycle_manager
[16.854s] [35m[1mScanning dependencies of target test_lifecycle_gtest[0m
[16.941s] [ 90%] [32mBuilding CXX object test/CMakeFiles/test_lifecycle_gtest.dir/test_lifecycle_manager.cpp.o[0m
[21.096s] [100%] [32m[1mLinking CXX executable test_lifecycle_gtest[0m
[21.455s] [100%] Built target test_lifecycle_gtest
[21.482s] Invoked command in '/home/ros_workspace/build/nav2_lifecycle_manager' returned '0': CMAKE_PREFIX_PATH=/home/ros_workspace/install/nav2_util:/home/ros_workspace/install/nav2_msgs:/home/ros_workspace/install/nav2_common:/home/ros_workspace/install/nav2_bringup:/home/ros_workspace/install/navigation2:/home/ros_workspace/install/nav2_waypoint_follower:/home/ros_workspace/install/nav2_core:/home/ros_workspace/install/nav2_costmap_2d:/home/ros_workspace/install/nav2_voxel_grid:/home/ros_workspace/install/nav2_rviz_plugins:/home/ros_workspace/install/nav2_map_server:/home/ros_workspace/install/nav2_lifecycle_manager:/home/ros_workspace/install/nav2_bt_navigator:/home/ros_workspace/install/nav2_behavior_tree:/home/ros_workspace/install/mpcc_interfaces:/home/ros_workspace/install/static_collision_avoidance:/home/ros_workspace/install/simple_igoneo_commander:/home/ros_workspace/install/mpcc_local_planner:/home/ros_workspace/install/local_path_planner:/home/ros_workspace/install/dynamic_collision_avoidance:/home/ros_workspace/install/cost_map_server:/home/ros_workspace/install/nav2_gazebo_spawner:/home/ros_workspace/install/mpc_igoneo:/home/ros_workspace/install/mpc_dynamic_obstacles:/home/ros_workspace/install/igoneo_dynamic_window:/opt/ros/foxy LD_LIBRARY_PATH=/home/ros_workspace/install/nav2_util/lib:/home/ros_workspace/install/nav2_msgs/lib:/home/ros_workspace/install/nav2_waypoint_follower/lib:/home/ros_workspace/install/nav2_costmap_2d/lib:/home/ros_workspace/install/nav2_voxel_grid/lib:/home/ros_workspace/install/nav2_rviz_plugins/lib:/home/ros_workspace/install/nav2_map_server/lib:/home/ros_workspace/install/nav2_lifecycle_manager/lib:/home/ros_workspace/install/nav2_bt_navigator/lib:/home/ros_workspace/install/nav2_behavior_tree/lib:/opt/ros/foxy/opt/yaml_cpp_vendor/lib:/opt/ros/foxy/opt/rviz_ogre_vendor/lib:/opt/ros/foxy/lib/x86_64-linux-gnu:/opt/ros/foxy/lib PYTHONPATH=/home/ros_workspace/install/nav2_msgs/lib/python3.8/site-packages:/home/ros_workspace/install/nav2_common/lib/python3.8/site-packages:/home/ros_workspace/install/static_collision_avoidance/lib/python3.8/site-packages:/home/ros_workspace/install/simple_igoneo_commander/lib/python3.8/site-packages:/home/ros_workspace/install/mpcc_local_planner/lib/python3.8/site-packages:/home/ros_workspace/install/local_path_planner/lib/python3.8/site-packages:/home/ros_workspace/install/dynamic_collision_avoidance/lib/python3.8/site-packages:/home/ros_workspace/install/cost_map_server/lib/python3.8/site-packages:/home/ros_workspace/install/nav2_gazebo_spawner/lib/python3.8/site-packages:/home/ros_workspace/install/mpc_igoneo/lib/python3.8/site-packages:/home/ros_workspace/install/mpc_dynamic_obstacles/lib/python3.8/site-packages:/home/ros_workspace/install/igoneo_dynamic_window/lib/python3.8/site-packages:/opt/ros/foxy/lib/python3.8/site-packages /usr/bin/cmake --build /home/ros_workspace/build/nav2_lifecycle_manager -- -j8 -l8
[21.531s] Invoking command in '/home/ros_workspace/build/nav2_lifecycle_manager': CMAKE_PREFIX_PATH=/home/ros_workspace/install/nav2_util:/home/ros_workspace/install/nav2_msgs:/home/ros_workspace/install/nav2_common:/home/ros_workspace/install/nav2_bringup:/home/ros_workspace/install/navigation2:/home/ros_workspace/install/nav2_waypoint_follower:/home/ros_workspace/install/nav2_core:/home/ros_workspace/install/nav2_costmap_2d:/home/ros_workspace/install/nav2_voxel_grid:/home/ros_workspace/install/nav2_rviz_plugins:/home/ros_workspace/install/nav2_map_server:/home/ros_workspace/install/nav2_lifecycle_manager:/home/ros_workspace/install/nav2_bt_navigator:/home/ros_workspace/install/nav2_behavior_tree:/home/ros_workspace/install/mpcc_interfaces:/home/ros_workspace/install/static_collision_avoidance:/home/ros_workspace/install/simple_igoneo_commander:/home/ros_workspace/install/mpcc_local_planner:/home/ros_workspace/install/local_path_planner:/home/ros_workspace/install/dynamic_collision_avoidance:/home/ros_workspace/install/cost_map_server:/home/ros_workspace/install/nav2_gazebo_spawner:/home/ros_workspace/install/mpc_igoneo:/home/ros_workspace/install/mpc_dynamic_obstacles:/home/ros_workspace/install/igoneo_dynamic_window:/opt/ros/foxy LD_LIBRARY_PATH=/home/ros_workspace/install/nav2_util/lib:/home/ros_workspace/install/nav2_msgs/lib:/home/ros_workspace/install/nav2_waypoint_follower/lib:/home/ros_workspace/install/nav2_costmap_2d/lib:/home/ros_workspace/install/nav2_voxel_grid/lib:/home/ros_workspace/install/nav2_rviz_plugins/lib:/home/ros_workspace/install/nav2_map_server/lib:/home/ros_workspace/install/nav2_lifecycle_manager/lib:/home/ros_workspace/install/nav2_bt_navigator/lib:/home/ros_workspace/install/nav2_behavior_tree/lib:/opt/ros/foxy/opt/yaml_cpp_vendor/lib:/opt/ros/foxy/opt/rviz_ogre_vendor/lib:/opt/ros/foxy/lib/x86_64-linux-gnu:/opt/ros/foxy/lib PYTHONPATH=/home/ros_workspace/install/nav2_msgs/lib/python3.8/site-packages:/home/ros_workspace/install/nav2_common/lib/python3.8/site-packages:/home/ros_workspace/install/static_collision_avoidance/lib/python3.8/site-packages:/home/ros_workspace/install/simple_igoneo_commander/lib/python3.8/site-packages:/home/ros_workspace/install/mpcc_local_planner/lib/python3.8/site-packages:/home/ros_workspace/install/local_path_planner/lib/python3.8/site-packages:/home/ros_workspace/install/dynamic_collision_avoidance/lib/python3.8/site-packages:/home/ros_workspace/install/cost_map_server/lib/python3.8/site-packages:/home/ros_workspace/install/nav2_gazebo_spawner/lib/python3.8/site-packages:/home/ros_workspace/install/mpc_igoneo/lib/python3.8/site-packages:/home/ros_workspace/install/mpc_dynamic_obstacles/lib/python3.8/site-packages:/home/ros_workspace/install/igoneo_dynamic_window/lib/python3.8/site-packages:/opt/ros/foxy/lib/python3.8/site-packages /usr/bin/cmake --install /home/ros_workspace/build/nav2_lifecycle_manager
[21.542s] -- Install configuration: "Release"
[21.543s] -- Installing: /home/ros_workspace/install/nav2_lifecycle_manager/lib/libnav2_lifecycle_manager_core.so
[21.545s] -- Set runtime path of "/home/ros_workspace/install/nav2_lifecycle_manager/lib/libnav2_lifecycle_manager_core.so" to ""
[21.545s] -- Installing: /home/ros_workspace/install/nav2_lifecycle_manager/lib/nav2_lifecycle_manager/lifecycle_manager
[21.546s] -- Set runtime path of "/home/ros_workspace/install/nav2_lifecycle_manager/lib/nav2_lifecycle_manager/lifecycle_manager" to ""
[21.546s] -- Up-to-date: /home/ros_workspace/install/nav2_lifecycle_manager/include/
[21.546s] -- Up-to-date: /home/ros_workspace/install/nav2_lifecycle_manager/include//nav2_lifecycle_manager
[21.547s] -- Installing: /home/ros_workspace/install/nav2_lifecycle_manager/include//nav2_lifecycle_manager/lifecycle_manager_client.hpp
[21.547s] -- Installing: /home/ros_workspace/install/nav2_lifecycle_manager/include//nav2_lifecycle_manager/lifecycle_manager.hpp
[21.547s] -- Up-to-date: /home/ros_workspace/install/nav2_lifecycle_manager/share/nav2_lifecycle_manager/environment/library_path.sh
[21.548s] -- Installing: /home/ros_workspace/install/nav2_lifecycle_manager/share/nav2_lifecycle_manager/environment/library_path.dsv
[21.548s] -- Up-to-date: /home/ros_workspace/install/nav2_lifecycle_manager/share/ament_index/resource_index/package_run_dependencies/nav2_lifecycle_manager
[21.548s] -- Up-to-date: /home/ros_workspace/install/nav2_lifecycle_manager/share/ament_index/resource_index/parent_prefix_path/nav2_lifecycle_manager
[21.548s] -- Up-to-date: /home/ros_workspace/install/nav2_lifecycle_manager/share/nav2_lifecycle_manager/environment/ament_prefix_path.sh
[21.549s] -- Installing: /home/ros_workspace/install/nav2_lifecycle_manager/share/nav2_lifecycle_manager/environment/ament_prefix_path.dsv
[21.549s] -- Up-to-date: /home/ros_workspace/install/nav2_lifecycle_manager/share/nav2_lifecycle_manager/environment/path.sh
[21.549s] -- Installing: /home/ros_workspace/install/nav2_lifecycle_manager/share/nav2_lifecycle_manager/environment/path.dsv
[21.549s] -- Up-to-date: /home/ros_workspace/install/nav2_lifecycle_manager/share/nav2_lifecycle_manager/local_setup.bash
[21.550s] -- Up-to-date: /home/ros_workspace/install/nav2_lifecycle_manager/share/nav2_lifecycle_manager/local_setup.sh
[21.550s] -- Up-to-date: /home/ros_workspace/install/nav2_lifecycle_manager/share/nav2_lifecycle_manager/local_setup.zsh
[21.550s] -- Installing: /home/ros_workspace/install/nav2_lifecycle_manager/share/nav2_lifecycle_manager/local_setup.dsv
[21.551s] -- Installing: /home/ros_workspace/install/nav2_lifecycle_manager/share/nav2_lifecycle_manager/package.dsv
[21.551s] -- Up-to-date: /home/ros_workspace/install/nav2_lifecycle_manager/share/ament_index/resource_index/packages/nav2_lifecycle_manager
[21.551s] -- Up-to-date: /home/ros_workspace/install/nav2_lifecycle_manager/share/nav2_lifecycle_manager/cmake/ament_cmake_export_include_directories-extras.cmake
[21.551s] -- Up-to-date: /home/ros_workspace/install/nav2_lifecycle_manager/share/nav2_lifecycle_manager/cmake/ament_cmake_export_libraries-extras.cmake
[21.551s] -- Up-to-date: /home/ros_workspace/install/nav2_lifecycle_manager/share/nav2_lifecycle_manager/cmake/ament_cmake_export_dependencies-extras.cmake
[21.552s] -- Up-to-date: /home/ros_workspace/install/nav2_lifecycle_manager/share/nav2_lifecycle_manager/cmake/nav2_lifecycle_managerConfig.cmake
[21.552s] -- Up-to-date: /home/ros_workspace/install/nav2_lifecycle_manager/share/nav2_lifecycle_manager/cmake/nav2_lifecycle_managerConfig-version.cmake
[21.552s] -- Installing: /home/ros_workspace/install/nav2_lifecycle_manager/share/nav2_lifecycle_manager/package.xml
[21.559s] Invoked command in '/home/ros_workspace/build/nav2_lifecycle_manager' returned '0': CMAKE_PREFIX_PATH=/home/ros_workspace/install/nav2_util:/home/ros_workspace/install/nav2_msgs:/home/ros_workspace/install/nav2_common:/home/ros_workspace/install/nav2_bringup:/home/ros_workspace/install/navigation2:/home/ros_workspace/install/nav2_waypoint_follower:/home/ros_workspace/install/nav2_core:/home/ros_workspace/install/nav2_costmap_2d:/home/ros_workspace/install/nav2_voxel_grid:/home/ros_workspace/install/nav2_rviz_plugins:/home/ros_workspace/install/nav2_map_server:/home/ros_workspace/install/nav2_lifecycle_manager:/home/ros_workspace/install/nav2_bt_navigator:/home/ros_workspace/install/nav2_behavior_tree:/home/ros_workspace/install/mpcc_interfaces:/home/ros_workspace/install/static_collision_avoidance:/home/ros_workspace/install/simple_igoneo_commander:/home/ros_workspace/install/mpcc_local_planner:/home/ros_workspace/install/local_path_planner:/home/ros_workspace/install/dynamic_collision_avoidance:/home/ros_workspace/install/cost_map_server:/home/ros_workspace/install/nav2_gazebo_spawner:/home/ros_workspace/install/mpc_igoneo:/home/ros_workspace/install/mpc_dynamic_obstacles:/home/ros_workspace/install/igoneo_dynamic_window:/opt/ros/foxy LD_LIBRARY_PATH=/home/ros_workspace/install/nav2_util/lib:/home/ros_workspace/install/nav2_msgs/lib:/home/ros_workspace/install/nav2_waypoint_follower/lib:/home/ros_workspace/install/nav2_costmap_2d/lib:/home/ros_workspace/install/nav2_voxel_grid/lib:/home/ros_workspace/install/nav2_rviz_plugins/lib:/home/ros_workspace/install/nav2_map_server/lib:/home/ros_workspace/install/nav2_lifecycle_manager/lib:/home/ros_workspace/install/nav2_bt_navigator/lib:/home/ros_workspace/install/nav2_behavior_tree/lib:/opt/ros/foxy/opt/yaml_cpp_vendor/lib:/opt/ros/foxy/opt/rviz_ogre_vendor/lib:/opt/ros/foxy/lib/x86_64-linux-gnu:/opt/ros/foxy/lib PYTHONPATH=/home/ros_workspace/install/nav2_msgs/lib/python3.8/site-packages:/home/ros_workspace/install/nav2_common/lib/python3.8/site-packages:/home/ros_workspace/install/static_collision_avoidance/lib/python3.8/site-packages:/home/ros_workspace/install/simple_igoneo_commander/lib/python3.8/site-packages:/home/ros_workspace/install/mpcc_local_planner/lib/python3.8/site-packages:/home/ros_workspace/install/local_path_planner/lib/python3.8/site-packages:/home/ros_workspace/install/dynamic_collision_avoidance/lib/python3.8/site-packages:/home/ros_workspace/install/cost_map_server/lib/python3.8/site-packages:/home/ros_workspace/install/nav2_gazebo_spawner/lib/python3.8/site-packages:/home/ros_workspace/install/mpc_igoneo/lib/python3.8/site-packages:/home/ros_workspace/install/mpc_dynamic_obstacles/lib/python3.8/site-packages:/home/ros_workspace/install/igoneo_dynamic_window/lib/python3.8/site-packages:/opt/ros/foxy/lib/python3.8/site-packages /usr/bin/cmake --install /home/ros_workspace/build/nav2_lifecycle_manager
