[0.169s] Invoking command in '/home/ros_workspace/build/nav2_msgs': CMAKE_PREFIX_PATH=/home/ros_workspace/install/nav2_common:/home/ros_workspace/install/nav2_bringup:/home/ros_workspace/install/navigation2:/home/ros_workspace/install/nav2_waypoint_follower:/home/ros_workspace/install/nav2_core:/home/ros_workspace/install/nav2_costmap_2d:/home/ros_workspace/install/nav2_voxel_grid:/home/ros_workspace/install/nav2_rviz_plugins:/home/ros_workspace/install/nav2_map_server:/home/ros_workspace/install/nav2_lifecycle_manager:/home/ros_workspace/install/nav2_bt_navigator:/home/ros_workspace/install/nav2_behavior_tree:/home/ros_workspace/install/nav2_util:/home/ros_workspace/install/mpcc_interfaces:/home/ros_workspace/install/nav2_msgs:/home/ros_workspace/install/static_collision_avoidance:/home/ros_workspace/install/simple_igoneo_commander:/home/ros_workspace/install/mpcc_local_planner:/home/ros_workspace/install/local_path_planner:/home/ros_workspace/install/dynamic_collision_avoidance:/home/ros_workspace/install/cost_map_server:/home/ros_workspace/install/nav2_gazebo_spawner:/home/ros_workspace/install/mpc_igoneo:/home/ros_workspace/install/mpc_dynamic_obstacles:/home/ros_workspace/install/igoneo_dynamic_window:/opt/ros/foxy PYTHONPATH=/home/ros_workspace/install/nav2_common/lib/python3.8/site-packages:/home/ros_workspace/install/static_collision_avoidance/lib/python3.8/site-packages:/home/ros_workspace/install/simple_igoneo_commander/lib/python3.8/site-packages:/home/ros_workspace/install/mpcc_local_planner/lib/python3.8/site-packages:/home/ros_workspace/install/local_path_planner/lib/python3.8/site-packages:/home/ros_workspace/install/dynamic_collision_avoidance/lib/python3.8/site-packages:/home/ros_workspace/install/cost_map_server/lib/python3.8/site-packages:/home/ros_workspace/install/mpcc_interfaces/lib/python3.8/site-packages:/home/ros_workspace/install/nav2_msgs/lib/python3.8/site-packages:/home/ros_workspace/install/nav2_gazebo_spawner/lib/python3.8/site-packages:/home/ros_workspace/install/mpc_igoneo/lib/python3.8/site-packages:/home/ros_workspace/install/mpc_dynamic_obstacles/lib/python3.8/site-packages:/home/ros_workspace/install/igoneo_dynamic_window/lib/python3.8/site-packages:/opt/ros/foxy/lib/python3.8/site-packages /usr/bin/cmake --build /home/ros_workspace/build/nav2_msgs -- -j4 -l4
[0.575s] [ 12%] Built target nav2_msgs__rosidl_generator_c
[0.614s] [ 12%] Built target nav2_msgs__cpp
[0.867s] [ 24%] Built target nav2_msgs__rosidl_typesupport_c
[0.889s] [ 36%] Built target nav2_msgs__rosidl_typesupport_cpp
[0.934s] [ 49%] Built target nav2_msgs__rosidl_typesupport_introspection_cpp
[0.963s] [ 61%] Built target nav2_msgs__rosidl_typesupport_introspection_c
[1.073s] [ 73%] Built target nav2_msgs__rosidl_typesupport_fastrtps_cpp
[1.199s] [ 85%] Built target nav2_msgs__rosidl_typesupport_fastrtps_c
[1.361s] [ 85%] Built target nav2_msgs
[1.529s] [ 86%] Built target nav2_msgs__py
[1.781s] [ 97%] Built target nav2_msgs__python
[1.981s] [ 98%] Built target nav2_msgs__rosidl_typesupport_c__pyext
[2.025s] [ 99%] Built target nav2_msgs__rosidl_typesupport_introspection_c__pyext
[2.055s] [100%] Built target nav2_msgs__rosidl_typesupport_fastrtps_c__pyext
[2.116s] Invoked command in '/home/ros_workspace/build/nav2_msgs' returned '0': CMAKE_PREFIX_PATH=/home/ros_workspace/install/nav2_common:/home/ros_workspace/install/nav2_bringup:/home/ros_workspace/install/navigation2:/home/ros_workspace/install/nav2_waypoint_follower:/home/ros_workspace/install/nav2_core:/home/ros_workspace/install/nav2_costmap_2d:/home/ros_workspace/install/nav2_voxel_grid:/home/ros_workspace/install/nav2_rviz_plugins:/home/ros_workspace/install/nav2_map_server:/home/ros_workspace/install/nav2_lifecycle_manager:/home/ros_workspace/install/nav2_bt_navigator:/home/ros_workspace/install/nav2_behavior_tree:/home/ros_workspace/install/nav2_util:/home/ros_workspace/install/mpcc_interfaces:/home/ros_workspace/install/nav2_msgs:/home/ros_workspace/install/static_collision_avoidance:/home/ros_workspace/install/simple_igoneo_commander:/home/ros_workspace/install/mpcc_local_planner:/home/ros_workspace/install/local_path_planner:/home/ros_workspace/install/dynamic_collision_avoidance:/home/ros_workspace/install/cost_map_server:/home/ros_workspace/install/nav2_gazebo_spawner:/home/ros_workspace/install/mpc_igoneo:/home/ros_workspace/install/mpc_dynamic_obstacles:/home/ros_workspace/install/igoneo_dynamic_window:/opt/ros/foxy PYTHONPATH=/home/ros_workspace/install/nav2_common/lib/python3.8/site-packages:/home/ros_workspace/install/static_collision_avoidance/lib/python3.8/site-packages:/home/ros_workspace/install/simple_igoneo_commander/lib/python3.8/site-packages:/home/ros_workspace/install/mpcc_local_planner/lib/python3.8/site-packages:/home/ros_workspace/install/local_path_planner/lib/python3.8/site-packages:/home/ros_workspace/install/dynamic_collision_avoidance/lib/python3.8/site-packages:/home/ros_workspace/install/cost_map_server/lib/python3.8/site-packages:/home/ros_workspace/install/mpcc_interfaces/lib/python3.8/site-packages:/home/ros_workspace/install/nav2_msgs/lib/python3.8/site-packages:/home/ros_workspace/install/nav2_gazebo_spawner/lib/python3.8/site-packages:/home/ros_workspace/install/mpc_igoneo/lib/python3.8/site-packages:/home/ros_workspace/install/mpc_dynamic_obstacles/lib/python3.8/site-packages:/home/ros_workspace/install/igoneo_dynamic_window/lib/python3.8/site-packages:/opt/ros/foxy/lib/python3.8/site-packages /usr/bin/cmake --build /home/ros_workspace/build/nav2_msgs -- -j4 -l4
[4.318s] Invoking command in '/home/ros_workspace/build/nav2_msgs': CMAKE_PREFIX_PATH=/home/ros_workspace/install/nav2_common:/home/ros_workspace/install/nav2_bringup:/home/ros_workspace/install/navigation2:/home/ros_workspace/install/nav2_waypoint_follower:/home/ros_workspace/install/nav2_core:/home/ros_workspace/install/nav2_costmap_2d:/home/ros_workspace/install/nav2_voxel_grid:/home/ros_workspace/install/nav2_rviz_plugins:/home/ros_workspace/install/nav2_map_server:/home/ros_workspace/install/nav2_lifecycle_manager:/home/ros_workspace/install/nav2_bt_navigator:/home/ros_workspace/install/nav2_behavior_tree:/home/ros_workspace/install/nav2_util:/home/ros_workspace/install/mpcc_interfaces:/home/ros_workspace/install/nav2_msgs:/home/ros_workspace/install/static_collision_avoidance:/home/ros_workspace/install/simple_igoneo_commander:/home/ros_workspace/install/mpcc_local_planner:/home/ros_workspace/install/local_path_planner:/home/ros_workspace/install/dynamic_collision_avoidance:/home/ros_workspace/install/cost_map_server:/home/ros_workspace/install/nav2_gazebo_spawner:/home/ros_workspace/install/mpc_igoneo:/home/ros_workspace/install/mpc_dynamic_obstacles:/home/ros_workspace/install/igoneo_dynamic_window:/opt/ros/foxy PYTHONPATH=/home/ros_workspace/install/nav2_common/lib/python3.8/site-packages:/home/ros_workspace/install/static_collision_avoidance/lib/python3.8/site-packages:/home/ros_workspace/install/simple_igoneo_commander/lib/python3.8/site-packages:/home/ros_workspace/install/mpcc_local_planner/lib/python3.8/site-packages:/home/ros_workspace/install/local_path_planner/lib/python3.8/site-packages:/home/ros_workspace/install/dynamic_collision_avoidance/lib/python3.8/site-packages:/home/ros_workspace/install/cost_map_server/lib/python3.8/site-packages:/home/ros_workspace/install/mpcc_interfaces/lib/python3.8/site-packages:/home/ros_workspace/install/nav2_msgs/lib/python3.8/site-packages:/home/ros_workspace/install/nav2_gazebo_spawner/lib/python3.8/site-packages:/home/ros_workspace/install/mpc_igoneo/lib/python3.8/site-packages:/home/ros_workspace/install/mpc_dynamic_obstacles/lib/python3.8/site-packages:/home/ros_workspace/install/igoneo_dynamic_window/lib/python3.8/site-packages:/opt/ros/foxy/lib/python3.8/site-packages /usr/bin/cmake --install /home/ros_workspace/build/nav2_msgs
[4.345s] -- Install configuration: "Release"
[4.346s] -- Up-to-date: /home/ros_workspace/install/nav2_msgs/share/ament_index/resource_index/rosidl_interfaces/nav2_msgs
[4.347s] -- Up-to-date: /home/ros_workspace/install/nav2_msgs/include/nav2_msgs
[4.347s] -- Up-to-date: /home/ros_workspace/install/nav2_msgs/include/nav2_msgs/action
[4.347s] -- Up-to-date: /home/ros_workspace/install/nav2_msgs/include/nav2_msgs/action/spin.h
[4.348s] -- Up-to-date: /home/ros_workspace/install/nav2_msgs/include/nav2_msgs/action/back_up.h
[4.348s] -- Up-to-date: /home/ros_workspace/install/nav2_msgs/include/nav2_msgs/action/detail
[4.349s] -- Up-to-date: /home/ros_workspace/install/nav2_msgs/include/nav2_msgs/action/detail/back_up__functions.c
[4.349s] -- Up-to-date: /home/ros_workspace/install/nav2_msgs/include/nav2_msgs/action/detail/spin__functions.c
[4.349s] -- Up-to-date: /home/ros_workspace/install/nav2_msgs/include/nav2_msgs/action/detail/follow_path__functions.h
[4.351s] -- Up-to-date: /home/ros_workspace/install/nav2_msgs/include/nav2_msgs/action/detail/compute_path_to_pose__struct.h
[4.352s] -- Up-to-date: /home/ros_workspace/install/nav2_msgs/include/nav2_msgs/action/detail/follow_waypoints__type_support.h
[4.352s] -- Up-to-date: /home/ros_workspace/install/nav2_msgs/include/nav2_msgs/action/detail/wait__type_support.h
[4.353s] -- Up-to-date: /home/ros_workspace/install/nav2_msgs/include/nav2_msgs/action/detail/wait__functions.c
[4.354s] -- Up-to-date: /home/ros_workspace/install/nav2_msgs/include/nav2_msgs/action/detail/dummy_recovery__type_support.h
[4.355s] -- Up-to-date: /home/ros_workspace/install/nav2_msgs/include/nav2_msgs/action/detail/navigate_to_pose__type_support.h
[4.356s] -- Up-to-date: /home/ros_workspace/install/nav2_msgs/include/nav2_msgs/action/detail/follow_path__struct.h
[4.359s] -- Up-to-date: /home/ros_workspace/install/nav2_msgs/include/nav2_msgs/action/detail/back_up__functions.h
[4.361s] -- Up-to-date: /home/ros_workspace/install/nav2_msgs/include/nav2_msgs/action/detail/spin__struct.h
[4.362s] -- Up-to-date: /home/ros_workspace/install/nav2_msgs/include/nav2_msgs/action/detail/navigate_to_pose__functions.h
[4.363s] -- Up-to-date: /home/ros_workspace/install/nav2_msgs/include/nav2_msgs/action/detail/follow_waypoints__functions.c
[4.363s] -- Up-to-date: /home/ros_workspace/install/nav2_msgs/include/nav2_msgs/action/detail/compute_path_to_pose__functions.h
[4.364s] -- Up-to-date: /home/ros_workspace/install/nav2_msgs/include/nav2_msgs/action/detail/dummy_recovery__functions.c
[4.369s] -- Up-to-date: /home/ros_workspace/install/nav2_msgs/include/nav2_msgs/action/detail/dummy_recovery__struct.h
[4.369s] -- Up-to-date: /home/ros_workspace/install/nav2_msgs/include/nav2_msgs/action/detail/navigate_to_pose__functions.c
[4.370s] -- Up-to-date: /home/ros_workspace/install/nav2_msgs/include/nav2_msgs/action/detail/navigate_to_pose__struct.h
[4.370s] -- Up-to-date: /home/ros_workspace/install/nav2_msgs/include/nav2_msgs/action/detail/dummy_recovery__functions.h
[4.371s] -- Up-to-date: /home/ros_workspace/install/nav2_msgs/include/nav2_msgs/action/detail/follow_path__functions.c
[4.377s] -- Up-to-date: /home/ros_workspace/install/nav2_msgs/include/nav2_msgs/action/detail/back_up__struct.h
[4.379s] -- Up-to-date: /home/ros_workspace/install/nav2_msgs/include/nav2_msgs/action/detail/compute_path_to_pose__functions.c
[4.379s] -- Up-to-date: /home/ros_workspace/install/nav2_msgs/include/nav2_msgs/action/detail/spin__type_support.h
[4.382s] -- Up-to-date: /home/ros_workspace/install/nav2_msgs/include/nav2_msgs/action/detail/wait__functions.h
[4.383s] -- Up-to-date: /home/ros_workspace/install/nav2_msgs/include/nav2_msgs/action/detail/wait__struct.h
[4.383s] -- Up-to-date: /home/ros_workspace/install/nav2_msgs/include/nav2_msgs/action/detail/spin__functions.h
[4.384s] -- Up-to-date: /home/ros_workspace/install/nav2_msgs/include/nav2_msgs/action/detail/follow_waypoints__struct.h
[4.385s] -- Up-to-date: /home/ros_workspace/install/nav2_msgs/include/nav2_msgs/action/detail/back_up__type_support.h
[4.386s] -- Up-to-date: /home/ros_workspace/install/nav2_msgs/include/nav2_msgs/action/detail/compute_path_to_pose__type_support.h
[4.392s] -- Up-to-date: /home/ros_workspace/install/nav2_msgs/include/nav2_msgs/action/detail/follow_path__type_support.h
[4.393s] -- Up-to-date: /home/ros_workspace/install/nav2_msgs/include/nav2_msgs/action/detail/follow_waypoints__functions.h
[4.394s] -- Up-to-date: /home/ros_workspace/install/nav2_msgs/include/nav2_msgs/action/wait.h
[4.395s] -- Up-to-date: /home/ros_workspace/install/nav2_msgs/include/nav2_msgs/action/follow_waypoints.h
[4.396s] -- Up-to-date: /home/ros_workspace/install/nav2_msgs/include/nav2_msgs/action/navigate_to_pose.h
[4.397s] -- Up-to-date: /home/ros_workspace/install/nav2_msgs/include/nav2_msgs/action/compute_path_to_pose.h
[4.398s] -- Up-to-date: /home/ros_workspace/install/nav2_msgs/include/nav2_msgs/action/dummy_recovery.h
[4.398s] -- Up-to-date: /home/ros_workspace/install/nav2_msgs/include/nav2_msgs/action/follow_path.h
[4.399s] -- Up-to-date: /home/ros_workspace/install/nav2_msgs/include/nav2_msgs/msg
[4.399s] -- Up-to-date: /home/ros_workspace/install/nav2_msgs/include/nav2_msgs/msg/voxel_grid.h
[4.400s] -- Up-to-date: /home/ros_workspace/install/nav2_msgs/include/nav2_msgs/msg/behavior_tree_status_change.h
[4.406s] -- Up-to-date: /home/ros_workspace/install/nav2_msgs/include/nav2_msgs/msg/particle.h
[4.407s] -- Up-to-date: /home/ros_workspace/install/nav2_msgs/include/nav2_msgs/msg/rosidl_generator_c__visibility_control.h
[4.411s] -- Up-to-date: /home/ros_workspace/install/nav2_msgs/include/nav2_msgs/msg/detail
[4.414s] -- Up-to-date: /home/ros_workspace/install/nav2_msgs/include/nav2_msgs/msg/detail/costmap_meta_data__struct.h
[4.415s] -- Up-to-date: /home/ros_workspace/install/nav2_msgs/include/nav2_msgs/msg/detail/costmap_meta_data__functions.c
[4.415s] -- Up-to-date: /home/ros_workspace/install/nav2_msgs/include/nav2_msgs/msg/detail/particle__functions.c
[4.416s] -- Up-to-date: /home/ros_workspace/install/nav2_msgs/include/nav2_msgs/msg/detail/voxel_grid__struct.h
[4.416s] -- Up-to-date: /home/ros_workspace/install/nav2_msgs/include/nav2_msgs/msg/detail/behavior_tree_log__struct.h
[4.416s] -- Up-to-date: /home/ros_workspace/install/nav2_msgs/include/nav2_msgs/msg/detail/voxel_grid__type_support.h
[4.417s] -- Up-to-date: /home/ros_workspace/install/nav2_msgs/include/nav2_msgs/msg/detail/particle__functions.h
[4.417s] -- Up-to-date: /home/ros_workspace/install/nav2_msgs/include/nav2_msgs/msg/detail/behavior_tree_log__functions.h
[4.418s] -- Up-to-date: /home/ros_workspace/install/nav2_msgs/include/nav2_msgs/msg/detail/particle_cloud__struct.h
[4.418s] -- Up-to-date: /home/ros_workspace/install/nav2_msgs/include/nav2_msgs/msg/detail/costmap__functions.c
[4.419s] -- Up-to-date: /home/ros_workspace/install/nav2_msgs/include/nav2_msgs/msg/detail/behavior_tree_status_change__functions.h
[4.419s] -- Up-to-date: /home/ros_workspace/install/nav2_msgs/include/nav2_msgs/msg/detail/voxel_grid__functions.c
[4.419s] -- Up-to-date: /home/ros_workspace/install/nav2_msgs/include/nav2_msgs/msg/detail/costmap_meta_data__functions.h
[4.420s] -- Up-to-date: /home/ros_workspace/install/nav2_msgs/include/nav2_msgs/msg/detail/costmap__functions.h
[4.420s] -- Up-to-date: /home/ros_workspace/install/nav2_msgs/include/nav2_msgs/msg/detail/costmap_meta_data__type_support.h
[4.421s] -- Up-to-date: /home/ros_workspace/install/nav2_msgs/include/nav2_msgs/msg/detail/costmap__type_support.h
[4.421s] -- Up-to-date: /home/ros_workspace/install/nav2_msgs/include/nav2_msgs/msg/detail/behavior_tree_status_change__struct.h
[4.421s] -- Up-to-date: /home/ros_workspace/install/nav2_msgs/include/nav2_msgs/msg/detail/behavior_tree_status_change__functions.c
[4.422s] -- Up-to-date: /home/ros_workspace/install/nav2_msgs/include/nav2_msgs/msg/detail/behavior_tree_log__functions.c
[4.422s] -- Up-to-date: /home/ros_workspace/install/nav2_msgs/include/nav2_msgs/msg/detail/behavior_tree_log__type_support.h
[4.423s] -- Up-to-date: /home/ros_workspace/install/nav2_msgs/include/nav2_msgs/msg/detail/voxel_grid__functions.h
[4.424s] -- Up-to-date: /home/ros_workspace/install/nav2_msgs/include/nav2_msgs/msg/detail/particle__struct.h
[4.425s] -- Up-to-date: /home/ros_workspace/install/nav2_msgs/include/nav2_msgs/msg/detail/particle__type_support.h
[4.425s] -- Up-to-date: /home/ros_workspace/install/nav2_msgs/include/nav2_msgs/msg/detail/particle_cloud__type_support.h
[4.426s] -- Up-to-date: /home/ros_workspace/install/nav2_msgs/include/nav2_msgs/msg/detail/costmap__struct.h
[4.426s] -- Up-to-date: /home/ros_workspace/install/nav2_msgs/include/nav2_msgs/msg/detail/particle_cloud__functions.c
[4.427s] -- Up-to-date: /home/ros_workspace/install/nav2_msgs/include/nav2_msgs/msg/detail/behavior_tree_status_change__type_support.h
[4.436s] -- Up-to-date: /home/ros_workspace/install/nav2_msgs/include/nav2_msgs/msg/detail/particle_cloud__functions.h
[4.439s] -- Up-to-date: /home/ros_workspace/install/nav2_msgs/include/nav2_msgs/msg/behavior_tree_log.h
[4.440s] -- Up-to-date: /home/ros_workspace/install/nav2_msgs/include/nav2_msgs/msg/costmap_meta_data.h
[4.440s] -- Up-to-date: /home/ros_workspace/install/nav2_msgs/include/nav2_msgs/msg/particle_cloud.h
[4.441s] -- Up-to-date: /home/ros_workspace/install/nav2_msgs/include/nav2_msgs/msg/costmap.h
[4.441s] -- Up-to-date: /home/ros_workspace/install/nav2_msgs/include/nav2_msgs/srv
[4.442s] -- Up-to-date: /home/ros_workspace/install/nav2_msgs/include/nav2_msgs/srv/clear_costmap_except_region.h
[4.442s] -- Up-to-date: /home/ros_workspace/install/nav2_msgs/include/nav2_msgs/srv/save_map.h
[4.443s] -- Up-to-date: /home/ros_workspace/install/nav2_msgs/include/nav2_msgs/srv/manage_lifecycle_nodes.h
[4.443s] -- Up-to-date: /home/ros_workspace/install/nav2_msgs/include/nav2_msgs/srv/detail
[4.443s] -- Up-to-date: /home/ros_workspace/install/nav2_msgs/include/nav2_msgs/srv/detail/clear_costmap_except_region__struct.h
[4.444s] -- Up-to-date: /home/ros_workspace/install/nav2_msgs/include/nav2_msgs/srv/detail/clear_costmap_except_region__type_support.h
[4.444s] -- Up-to-date: /home/ros_workspace/install/nav2_msgs/include/nav2_msgs/srv/detail/clear_costmap_around_robot__functions.h
[4.445s] -- Up-to-date: /home/ros_workspace/install/nav2_msgs/include/nav2_msgs/srv/detail/clear_entire_costmap__functions.h
[4.445s] -- Up-to-date: /home/ros_workspace/install/nav2_msgs/include/nav2_msgs/srv/detail/save_map__functions.c
[4.446s] -- Up-to-date: /home/ros_workspace/install/nav2_msgs/include/nav2_msgs/srv/detail/load_map__type_support.h
[4.447s] -- Up-to-date: /home/ros_workspace/install/nav2_msgs/include/nav2_msgs/srv/detail/load_map__struct.h
[4.447s] -- Up-to-date: /home/ros_workspace/install/nav2_msgs/include/nav2_msgs/srv/detail/load_map__functions.c
[4.449s] -- Up-to-date: /home/ros_workspace/install/nav2_msgs/include/nav2_msgs/srv/detail/clear_costmap_except_region__functions.c
[4.449s] -- Up-to-date: /home/ros_workspace/install/nav2_msgs/include/nav2_msgs/srv/detail/get_costmap__type_support.h
[4.450s] -- Up-to-date: /home/ros_workspace/install/nav2_msgs/include/nav2_msgs/srv/detail/manage_lifecycle_nodes__struct.h
[4.451s] -- Up-to-date: /home/ros_workspace/install/nav2_msgs/include/nav2_msgs/srv/detail/manage_lifecycle_nodes__functions.c
[4.451s] -- Up-to-date: /home/ros_workspace/install/nav2_msgs/include/nav2_msgs/srv/detail/clear_costmap_around_robot__struct.h
[4.451s] -- Up-to-date: /home/ros_workspace/install/nav2_msgs/include/nav2_msgs/srv/detail/manage_lifecycle_nodes__functions.h
[4.452s] -- Up-to-date: /home/ros_workspace/install/nav2_msgs/include/nav2_msgs/srv/detail/get_costmap__functions.h
[4.452s] -- Up-to-date: /home/ros_workspace/install/nav2_msgs/include/nav2_msgs/srv/detail/save_map__functions.h
[4.453s] -- Up-to-date: /home/ros_workspace/install/nav2_msgs/include/nav2_msgs/srv/detail/load_map__functions.h
[4.453s] -- Up-to-date: /home/ros_workspace/install/nav2_msgs/include/nav2_msgs/srv/detail/clear_costmap_except_region__functions.h
[4.454s] -- Up-to-date: /home/ros_workspace/install/nav2_msgs/include/nav2_msgs/srv/detail/clear_costmap_around_robot__functions.c
[4.454s] -- Up-to-date: /home/ros_workspace/install/nav2_msgs/include/nav2_msgs/srv/detail/save_map__struct.h
[4.455s] -- Up-to-date: /home/ros_workspace/install/nav2_msgs/include/nav2_msgs/srv/detail/get_costmap__functions.c
[4.455s] -- Up-to-date: /home/ros_workspace/install/nav2_msgs/include/nav2_msgs/srv/detail/clear_entire_costmap__functions.c
[4.456s] -- Up-to-date: /home/ros_workspace/install/nav2_msgs/include/nav2_msgs/srv/detail/clear_costmap_around_robot__type_support.h
[4.457s] -- Up-to-date: /home/ros_workspace/install/nav2_msgs/include/nav2_msgs/srv/detail/get_costmap__struct.h
[4.457s] -- Up-to-date: /home/ros_workspace/install/nav2_msgs/include/nav2_msgs/srv/detail/clear_entire_costmap__type_support.h
[4.458s] -- Up-to-date: /home/ros_workspace/install/nav2_msgs/include/nav2_msgs/srv/detail/manage_lifecycle_nodes__type_support.h
[4.458s] -- Up-to-date: /home/ros_workspace/install/nav2_msgs/include/nav2_msgs/srv/detail/clear_entire_costmap__struct.h
[4.459s] -- Up-to-date: /home/ros_workspace/install/nav2_msgs/include/nav2_msgs/srv/detail/save_map__type_support.h
[4.462s] -- Up-to-date: /home/ros_workspace/install/nav2_msgs/include/nav2_msgs/srv/clear_entire_costmap.h
[4.462s] -- Up-to-date: /home/ros_workspace/install/nav2_msgs/include/nav2_msgs/srv/clear_costmap_around_robot.h
[4.463s] -- Up-to-date: /home/ros_workspace/install/nav2_msgs/include/nav2_msgs/srv/get_costmap.h
[4.463s] -- Up-to-date: /home/ros_workspace/install/nav2_msgs/include/nav2_msgs/srv/load_map.h
[4.464s] -- Up-to-date: /home/ros_workspace/install/nav2_msgs/share/nav2_msgs/environment/library_path.sh
[4.464s] -- Up-to-date: /home/ros_workspace/install/nav2_msgs/share/nav2_msgs/environment/library_path.dsv
[4.465s] -- Up-to-date: /home/ros_workspace/install/nav2_msgs/lib/libnav2_msgs__rosidl_generator_c.so
[4.465s] -- Up-to-date: /home/ros_workspace/install/nav2_msgs/include/nav2_msgs
[4.466s] -- Up-to-date: /home/ros_workspace/install/nav2_msgs/include/nav2_msgs/action
[4.466s] -- Up-to-date: /home/ros_workspace/install/nav2_msgs/include/nav2_msgs/action/detail
[4.466s] -- Up-to-date: /home/ros_workspace/install/nav2_msgs/include/nav2_msgs/action/detail/wait__rosidl_typesupport_fastrtps_c.h
[4.467s] -- Up-to-date: /home/ros_workspace/install/nav2_msgs/include/nav2_msgs/action/detail/spin__rosidl_typesupport_fastrtps_c.h
[4.467s] -- Up-to-date: /home/ros_workspace/install/nav2_msgs/include/nav2_msgs/action/detail/navigate_to_pose__rosidl_typesupport_fastrtps_c.h
[4.468s] -- Up-to-date: /home/ros_workspace/install/nav2_msgs/include/nav2_msgs/action/detail/follow_waypoints__rosidl_typesupport_fastrtps_c.h
[4.468s] -- Up-to-date: /home/ros_workspace/install/nav2_msgs/include/nav2_msgs/action/detail/back_up__rosidl_typesupport_fastrtps_c.h
[4.469s] -- Up-to-date: /home/ros_workspace/install/nav2_msgs/include/nav2_msgs/action/detail/follow_path__rosidl_typesupport_fastrtps_c.h
[4.469s] -- Up-to-date: /home/ros_workspace/install/nav2_msgs/include/nav2_msgs/action/detail/compute_path_to_pose__rosidl_typesupport_fastrtps_c.h
[4.472s] -- Up-to-date: /home/ros_workspace/install/nav2_msgs/include/nav2_msgs/action/detail/dummy_recovery__rosidl_typesupport_fastrtps_c.h
[4.472s] -- Up-to-date: /home/ros_workspace/install/nav2_msgs/include/nav2_msgs/msg
[4.473s] -- Up-to-date: /home/ros_workspace/install/nav2_msgs/include/nav2_msgs/msg/detail
[4.473s] -- Up-to-date: /home/ros_workspace/install/nav2_msgs/include/nav2_msgs/msg/detail/costmap_meta_data__rosidl_typesupport_fastrtps_c.h
[4.474s] -- Up-to-date: /home/ros_workspace/install/nav2_msgs/include/nav2_msgs/msg/detail/behavior_tree_status_change__rosidl_typesupport_fastrtps_c.h
[4.474s] -- Up-to-date: /home/ros_workspace/install/nav2_msgs/include/nav2_msgs/msg/detail/particle__rosidl_typesupport_fastrtps_c.h
[4.477s] -- Up-to-date: /home/ros_workspace/install/nav2_msgs/include/nav2_msgs/msg/detail/behavior_tree_log__rosidl_typesupport_fastrtps_c.h
[4.477s] -- Up-to-date: /home/ros_workspace/install/nav2_msgs/include/nav2_msgs/msg/detail/voxel_grid__rosidl_typesupport_fastrtps_c.h
[4.478s] -- Up-to-date: /home/ros_workspace/install/nav2_msgs/include/nav2_msgs/msg/detail/particle_cloud__rosidl_typesupport_fastrtps_c.h
[4.478s] -- Up-to-date: /home/ros_workspace/install/nav2_msgs/include/nav2_msgs/msg/detail/costmap__rosidl_typesupport_fastrtps_c.h
[4.479s] -- Up-to-date: /home/ros_workspace/install/nav2_msgs/include/nav2_msgs/msg/rosidl_typesupport_fastrtps_c__visibility_control.h
[4.479s] -- Up-to-date: /home/ros_workspace/install/nav2_msgs/include/nav2_msgs/srv
[4.481s] -- Up-to-date: /home/ros_workspace/install/nav2_msgs/include/nav2_msgs/srv/detail
[4.481s] -- Up-to-date: /home/ros_workspace/install/nav2_msgs/include/nav2_msgs/srv/detail/clear_costmap_except_region__rosidl_typesupport_fastrtps_c.h
[4.482s] -- Up-to-date: /home/ros_workspace/install/nav2_msgs/include/nav2_msgs/srv/detail/manage_lifecycle_nodes__rosidl_typesupport_fastrtps_c.h
[4.489s] -- Up-to-date: /home/ros_workspace/install/nav2_msgs/include/nav2_msgs/srv/detail/save_map__rosidl_typesupport_fastrtps_c.h
[4.489s] -- Up-to-date: /home/ros_workspace/install/nav2_msgs/include/nav2_msgs/srv/detail/clear_entire_costmap__rosidl_typesupport_fastrtps_c.h
[4.490s] -- Up-to-date: /home/ros_workspace/install/nav2_msgs/include/nav2_msgs/srv/detail/load_map__rosidl_typesupport_fastrtps_c.h
[4.490s] -- Up-to-date: /home/ros_workspace/install/nav2_msgs/include/nav2_msgs/srv/detail/clear_costmap_around_robot__rosidl_typesupport_fastrtps_c.h
[4.491s] -- Up-to-date: /home/ros_workspace/install/nav2_msgs/include/nav2_msgs/srv/detail/get_costmap__rosidl_typesupport_fastrtps_c.h
[4.495s] -- Up-to-date: /home/ros_workspace/install/nav2_msgs/lib/libnav2_msgs__rosidl_typesupport_fastrtps_c.so
[4.496s] -- Up-to-date: /home/ros_workspace/install/nav2_msgs/include/nav2_msgs
[4.497s] -- Up-to-date: /home/ros_workspace/install/nav2_msgs/include/nav2_msgs/action
[4.497s] -- Up-to-date: /home/ros_workspace/install/nav2_msgs/include/nav2_msgs/action/detail
[4.497s] -- Up-to-date: /home/ros_workspace/install/nav2_msgs/include/nav2_msgs/action/detail/dummy_recovery__rosidl_typesupport_fastrtps_cpp.hpp
[4.498s] -- Up-to-date: /home/ros_workspace/install/nav2_msgs/include/nav2_msgs/action/detail/follow_path__rosidl_typesupport_fastrtps_cpp.hpp
[4.498s] -- Up-to-date: /home/ros_workspace/install/nav2_msgs/include/nav2_msgs/action/detail/spin__rosidl_typesupport_fastrtps_cpp.hpp
[4.499s] -- Up-to-date: /home/ros_workspace/install/nav2_msgs/include/nav2_msgs/action/detail/wait__rosidl_typesupport_fastrtps_cpp.hpp
[4.499s] -- Up-to-date: /home/ros_workspace/install/nav2_msgs/include/nav2_msgs/action/detail/compute_path_to_pose__rosidl_typesupport_fastrtps_cpp.hpp
[4.500s] -- Up-to-date: /home/ros_workspace/install/nav2_msgs/include/nav2_msgs/action/detail/back_up__rosidl_typesupport_fastrtps_cpp.hpp
[4.503s] -- Up-to-date: /home/ros_workspace/install/nav2_msgs/include/nav2_msgs/action/detail/navigate_to_pose__rosidl_typesupport_fastrtps_cpp.hpp
[4.508s] -- Up-to-date: /home/ros_workspace/install/nav2_msgs/include/nav2_msgs/action/detail/dds_fastrtps
[4.510s] -- Up-to-date: /home/ros_workspace/install/nav2_msgs/include/nav2_msgs/action/detail/follow_waypoints__rosidl_typesupport_fastrtps_cpp.hpp
[4.513s] -- Up-to-date: /home/ros_workspace/install/nav2_msgs/include/nav2_msgs/msg
[4.513s] -- Up-to-date: /home/ros_workspace/install/nav2_msgs/include/nav2_msgs/msg/detail
[4.514s] -- Up-to-date: /home/ros_workspace/install/nav2_msgs/include/nav2_msgs/msg/detail/costmap__rosidl_typesupport_fastrtps_cpp.hpp
[4.514s] -- Up-to-date: /home/ros_workspace/install/nav2_msgs/include/nav2_msgs/msg/detail/particle__rosidl_typesupport_fastrtps_cpp.hpp
[4.515s] -- Up-to-date: /home/ros_workspace/install/nav2_msgs/include/nav2_msgs/msg/detail/costmap_meta_data__rosidl_typesupport_fastrtps_cpp.hpp
[4.516s] -- Up-to-date: /home/ros_workspace/install/nav2_msgs/include/nav2_msgs/msg/detail/behavior_tree_log__rosidl_typesupport_fastrtps_cpp.hpp
[4.518s] -- Up-to-date: /home/ros_workspace/install/nav2_msgs/include/nav2_msgs/msg/detail/voxel_grid__rosidl_typesupport_fastrtps_cpp.hpp
[4.522s] -- Up-to-date: /home/ros_workspace/install/nav2_msgs/include/nav2_msgs/msg/detail/particle_cloud__rosidl_typesupport_fastrtps_cpp.hpp
[4.522s] -- Up-to-date: /home/ros_workspace/install/nav2_msgs/include/nav2_msgs/msg/detail/dds_fastrtps
[4.523s] -- Up-to-date: /home/ros_workspace/install/nav2_msgs/include/nav2_msgs/msg/detail/behavior_tree_status_change__rosidl_typesupport_fastrtps_cpp.hpp
[4.523s] -- Up-to-date: /home/ros_workspace/install/nav2_msgs/include/nav2_msgs/msg/rosidl_typesupport_fastrtps_cpp__visibility_control.h
[4.524s] -- Up-to-date: /home/ros_workspace/install/nav2_msgs/include/nav2_msgs/srv
[4.524s] -- Up-to-date: /home/ros_workspace/install/nav2_msgs/include/nav2_msgs/srv/detail
[4.525s] -- Up-to-date: /home/ros_workspace/install/nav2_msgs/include/nav2_msgs/srv/detail/load_map__rosidl_typesupport_fastrtps_cpp.hpp
[4.526s] -- Up-to-date: /home/ros_workspace/install/nav2_msgs/include/nav2_msgs/srv/detail/manage_lifecycle_nodes__rosidl_typesupport_fastrtps_cpp.hpp
[4.528s] -- Up-to-date: /home/ros_workspace/install/nav2_msgs/include/nav2_msgs/srv/detail/clear_costmap_around_robot__rosidl_typesupport_fastrtps_cpp.hpp
[4.529s] -- Up-to-date: /home/ros_workspace/install/nav2_msgs/include/nav2_msgs/srv/detail/get_costmap__rosidl_typesupport_fastrtps_cpp.hpp
[4.549s] -- Up-to-date: /home/ros_workspace/install/nav2_msgs/include/nav2_msgs/srv/detail/save_map__rosidl_typesupport_fastrtps_cpp.hpp
[4.551s] -- Up-to-date: /home/ros_workspace/install/nav2_msgs/include/nav2_msgs/srv/detail/clear_entire_costmap__rosidl_typesupport_fastrtps_cpp.hpp
[4.552s] -- Up-to-date: /home/ros_workspace/install/nav2_msgs/include/nav2_msgs/srv/detail/dds_fastrtps
[4.553s] -- Up-to-date: /home/ros_workspace/install/nav2_msgs/include/nav2_msgs/srv/detail/clear_costmap_except_region__rosidl_typesupport_fastrtps_cpp.hpp
[4.554s] -- Up-to-date: /home/ros_workspace/install/nav2_msgs/lib/libnav2_msgs__rosidl_typesupport_fastrtps_cpp.so
[4.555s] -- Up-to-date: /home/ros_workspace/install/nav2_msgs/include/nav2_msgs
[4.556s] -- Up-to-date: /home/ros_workspace/install/nav2_msgs/include/nav2_msgs/action
[4.557s] -- Up-to-date: /home/ros_workspace/install/nav2_msgs/include/nav2_msgs/action/detail
[4.558s] -- Up-to-date: /home/ros_workspace/install/nav2_msgs/include/nav2_msgs/action/detail/navigate_to_pose__type_support.c
[4.561s] -- Up-to-date: /home/ros_workspace/install/nav2_msgs/include/nav2_msgs/action/detail/wait__type_support.c
[4.562s] -- Up-to-date: /home/ros_workspace/install/nav2_msgs/include/nav2_msgs/action/detail/dummy_recovery__rosidl_typesupport_introspection_c.h
[4.563s] -- Up-to-date: /home/ros_workspace/install/nav2_msgs/include/nav2_msgs/action/detail/navigate_to_pose__rosidl_typesupport_introspection_c.h
[4.564s] -- Up-to-date: /home/ros_workspace/install/nav2_msgs/include/nav2_msgs/action/detail/follow_waypoints__rosidl_typesupport_introspection_c.h
[4.565s] -- Up-to-date: /home/ros_workspace/install/nav2_msgs/include/nav2_msgs/action/detail/compute_path_to_pose__type_support.c
[4.566s] -- Up-to-date: /home/ros_workspace/install/nav2_msgs/include/nav2_msgs/action/detail/spin__rosidl_typesupport_introspection_c.h
[4.567s] -- Up-to-date: /home/ros_workspace/install/nav2_msgs/include/nav2_msgs/action/detail/follow_path__type_support.c
[4.568s] -- Up-to-date: /home/ros_workspace/install/nav2_msgs/include/nav2_msgs/action/detail/spin__type_support.c
[4.570s] -- Up-to-date: /home/ros_workspace/install/nav2_msgs/include/nav2_msgs/action/detail/dummy_recovery__type_support.c
[4.571s] -- Up-to-date: /home/ros_workspace/install/nav2_msgs/include/nav2_msgs/action/detail/wait__rosidl_typesupport_introspection_c.h
[4.572s] -- Up-to-date: /home/ros_workspace/install/nav2_msgs/include/nav2_msgs/action/detail/compute_path_to_pose__rosidl_typesupport_introspection_c.h
[4.573s] -- Up-to-date: /home/ros_workspace/install/nav2_msgs/include/nav2_msgs/action/detail/back_up__type_support.c
[4.575s] -- Up-to-date: /home/ros_workspace/install/nav2_msgs/include/nav2_msgs/action/detail/follow_waypoints__type_support.c
[4.576s] -- Up-to-date: /home/ros_workspace/install/nav2_msgs/include/nav2_msgs/action/detail/back_up__rosidl_typesupport_introspection_c.h
[4.577s] -- Up-to-date: /home/ros_workspace/install/nav2_msgs/include/nav2_msgs/action/detail/follow_path__rosidl_typesupport_introspection_c.h
[4.579s] -- Up-to-date: /home/ros_workspace/install/nav2_msgs/include/nav2_msgs/msg
[4.580s] -- Up-to-date: /home/ros_workspace/install/nav2_msgs/include/nav2_msgs/msg/detail
[4.585s] -- Up-to-date: /home/ros_workspace/install/nav2_msgs/include/nav2_msgs/msg/detail/particle_cloud__rosidl_typesupport_introspection_c.h
[4.586s] -- Up-to-date: /home/ros_workspace/install/nav2_msgs/include/nav2_msgs/msg/detail/particle__rosidl_typesupport_introspection_c.h
[4.589s] -- Up-to-date: /home/ros_workspace/install/nav2_msgs/include/nav2_msgs/msg/detail/voxel_grid__rosidl_typesupport_introspection_c.h
[4.599s] -- Up-to-date: /home/ros_workspace/install/nav2_msgs/include/nav2_msgs/msg/detail/behavior_tree_status_change__type_support.c
[4.600s] -- Up-to-date: /home/ros_workspace/install/nav2_msgs/include/nav2_msgs/msg/detail/behavior_tree_log__type_support.c
[4.602s] -- Up-to-date: /home/ros_workspace/install/nav2_msgs/include/nav2_msgs/msg/detail/behavior_tree_log__rosidl_typesupport_introspection_c.h
[4.618s] -- Up-to-date: /home/ros_workspace/install/nav2_msgs/include/nav2_msgs/msg/detail/particle_cloud__type_support.c
[4.627s] -- Up-to-date: /home/ros_workspace/install/nav2_msgs/include/nav2_msgs/msg/detail/voxel_grid__type_support.c
[4.628s] -- Up-to-date: /home/ros_workspace/install/nav2_msgs/include/nav2_msgs/msg/detail/behavior_tree_status_change__rosidl_typesupport_introspection_c.h
[4.630s] -- Up-to-date: /home/ros_workspace/install/nav2_msgs/include/nav2_msgs/msg/detail/costmap_meta_data__type_support.c
[4.631s] -- Up-to-date: /home/ros_workspace/install/nav2_msgs/include/nav2_msgs/msg/detail/particle__type_support.c
[4.632s] -- Up-to-date: /home/ros_workspace/install/nav2_msgs/include/nav2_msgs/msg/detail/costmap__rosidl_typesupport_introspection_c.h
[4.633s] -- Up-to-date: /home/ros_workspace/install/nav2_msgs/include/nav2_msgs/msg/detail/costmap__type_support.c
[4.635s] -- Up-to-date: /home/ros_workspace/install/nav2_msgs/include/nav2_msgs/msg/detail/costmap_meta_data__rosidl_typesupport_introspection_c.h
[4.636s] -- Up-to-date: /home/ros_workspace/install/nav2_msgs/include/nav2_msgs/msg/rosidl_typesupport_introspection_c__visibility_control.h
[4.638s] -- Up-to-date: /home/ros_workspace/install/nav2_msgs/include/nav2_msgs/srv
[4.639s] -- Up-to-date: /home/ros_workspace/install/nav2_msgs/include/nav2_msgs/srv/detail
[4.641s] -- Up-to-date: /home/ros_workspace/install/nav2_msgs/include/nav2_msgs/srv/detail/clear_costmap_around_robot__rosidl_typesupport_introspection_c.h
[4.643s] -- Up-to-date: /home/ros_workspace/install/nav2_msgs/include/nav2_msgs/srv/detail/clear_costmap_except_region__type_support.c
[4.643s] -- Up-to-date: /home/ros_workspace/install/nav2_msgs/include/nav2_msgs/srv/detail/manage_lifecycle_nodes__type_support.c
[4.646s] -- Up-to-date: /home/ros_workspace/install/nav2_msgs/include/nav2_msgs/srv/detail/save_map__type_support.c
[4.648s] -- Up-to-date: /home/ros_workspace/install/nav2_msgs/include/nav2_msgs/srv/detail/manage_lifecycle_nodes__rosidl_typesupport_introspection_c.h
[4.649s] -- Up-to-date: /home/ros_workspace/install/nav2_msgs/include/nav2_msgs/srv/detail/load_map__type_support.c
[4.649s] -- Up-to-date: /home/ros_workspace/install/nav2_msgs/include/nav2_msgs/srv/detail/clear_costmap_except_region__rosidl_typesupport_introspection_c.h
[4.650s] -- Up-to-date: /home/ros_workspace/install/nav2_msgs/include/nav2_msgs/srv/detail/clear_costmap_around_robot__type_support.c
[4.651s] -- Up-to-date: /home/ros_workspace/install/nav2_msgs/include/nav2_msgs/srv/detail/clear_entire_costmap__type_support.c
[4.655s] -- Up-to-date: /home/ros_workspace/install/nav2_msgs/include/nav2_msgs/srv/detail/clear_entire_costmap__rosidl_typesupport_introspection_c.h
[4.656s] -- Up-to-date: /home/ros_workspace/install/nav2_msgs/include/nav2_msgs/srv/detail/save_map__rosidl_typesupport_introspection_c.h
[4.657s] -- Up-to-date: /home/ros_workspace/install/nav2_msgs/include/nav2_msgs/srv/detail/get_costmap__rosidl_typesupport_introspection_c.h
[4.659s] -- Up-to-date: /home/ros_workspace/install/nav2_msgs/include/nav2_msgs/srv/detail/load_map__rosidl_typesupport_introspection_c.h
[4.665s] -- Up-to-date: /home/ros_workspace/install/nav2_msgs/include/nav2_msgs/srv/detail/get_costmap__type_support.c
[4.666s] -- Up-to-date: /home/ros_workspace/install/nav2_msgs/lib/libnav2_msgs__rosidl_typesupport_introspection_c.so
[4.669s] -- Up-to-date: /home/ros_workspace/install/nav2_msgs/lib/libnav2_msgs__rosidl_typesupport_c.so
[4.670s] -- Up-to-date: /home/ros_workspace/install/nav2_msgs/include/nav2_msgs
[4.687s] -- Up-to-date: /home/ros_workspace/install/nav2_msgs/include/nav2_msgs/action
[4.693s] -- Up-to-date: /home/ros_workspace/install/nav2_msgs/include/nav2_msgs/action/follow_waypoints.hpp
[4.693s] -- Up-to-date: /home/ros_workspace/install/nav2_msgs/include/nav2_msgs/action/navigate_to_pose.hpp
[4.694s] -- Up-to-date: /home/ros_workspace/install/nav2_msgs/include/nav2_msgs/action/wait.hpp
[4.698s] -- Up-to-date: /home/ros_workspace/install/nav2_msgs/include/nav2_msgs/action/detail
[4.698s] -- Up-to-date: /home/ros_workspace/install/nav2_msgs/include/nav2_msgs/action/detail/back_up__struct.hpp
[4.714s] -- Up-to-date: /home/ros_workspace/install/nav2_msgs/include/nav2_msgs/action/detail/follow_path__struct.hpp
[4.714s] -- Up-to-date: /home/ros_workspace/install/nav2_msgs/include/nav2_msgs/action/detail/wait__builder.hpp
[4.716s] -- Up-to-date: /home/ros_workspace/install/nav2_msgs/include/nav2_msgs/action/detail/spin__traits.hpp
[4.717s] -- Up-to-date: /home/ros_workspace/install/nav2_msgs/include/nav2_msgs/action/detail/dummy_recovery__struct.hpp
[4.717s] -- Up-to-date: /home/ros_workspace/install/nav2_msgs/include/nav2_msgs/action/detail/navigate_to_pose__traits.hpp
[4.718s] -- Up-to-date: /home/ros_workspace/install/nav2_msgs/include/nav2_msgs/action/detail/navigate_to_pose__struct.hpp
[4.747s] -- Up-to-date: /home/ros_workspace/install/nav2_msgs/include/nav2_msgs/action/detail/compute_path_to_pose__builder.hpp
[4.748s] -- Up-to-date: /home/ros_workspace/install/nav2_msgs/include/nav2_msgs/action/detail/follow_path__traits.hpp
[4.748s] -- Up-to-date: /home/ros_workspace/install/nav2_msgs/include/nav2_msgs/action/detail/follow_waypoints__traits.hpp
[4.749s] -- Up-to-date: /home/ros_workspace/install/nav2_msgs/include/nav2_msgs/action/detail/follow_waypoints__struct.hpp
[4.749s] -- Up-to-date: /home/ros_workspace/install/nav2_msgs/include/nav2_msgs/action/detail/wait__struct.hpp
[4.750s] -- Up-to-date: /home/ros_workspace/install/nav2_msgs/include/nav2_msgs/action/detail/dummy_recovery__builder.hpp
[4.750s] -- Up-to-date: /home/ros_workspace/install/nav2_msgs/include/nav2_msgs/action/detail/follow_path__builder.hpp
[4.751s] -- Up-to-date: /home/ros_workspace/install/nav2_msgs/include/nav2_msgs/action/detail/compute_path_to_pose__traits.hpp
[4.751s] -- Up-to-date: /home/ros_workspace/install/nav2_msgs/include/nav2_msgs/action/detail/back_up__traits.hpp
[4.753s] -- Up-to-date: /home/ros_workspace/install/nav2_msgs/include/nav2_msgs/action/detail/spin__builder.hpp
[4.754s] -- Up-to-date: /home/ros_workspace/install/nav2_msgs/include/nav2_msgs/action/detail/follow_waypoints__builder.hpp
[4.754s] -- Up-to-date: /home/ros_workspace/install/nav2_msgs/include/nav2_msgs/action/detail/spin__struct.hpp
[4.756s] -- Up-to-date: /home/ros_workspace/install/nav2_msgs/include/nav2_msgs/action/detail/dummy_recovery__traits.hpp
[4.757s] -- Up-to-date: /home/ros_workspace/install/nav2_msgs/include/nav2_msgs/action/detail/navigate_to_pose__builder.hpp
[4.757s] -- Up-to-date: /home/ros_workspace/install/nav2_msgs/include/nav2_msgs/action/detail/back_up__builder.hpp
[4.757s] -- Up-to-date: /home/ros_workspace/install/nav2_msgs/include/nav2_msgs/action/detail/compute_path_to_pose__struct.hpp
[4.757s] -- Up-to-date: /home/ros_workspace/install/nav2_msgs/include/nav2_msgs/action/detail/wait__traits.hpp
[4.758s] -- Up-to-date: /home/ros_workspace/install/nav2_msgs/include/nav2_msgs/action/dummy_recovery.hpp
[4.758s] -- Up-to-date: /home/ros_workspace/install/nav2_msgs/include/nav2_msgs/action/spin.hpp
[4.758s] -- Up-to-date: /home/ros_workspace/install/nav2_msgs/include/nav2_msgs/action/compute_path_to_pose.hpp
[4.758s] -- Up-to-date: /home/ros_workspace/install/nav2_msgs/include/nav2_msgs/action/follow_path.hpp
[4.758s] -- Up-to-date: /home/ros_workspace/install/nav2_msgs/include/nav2_msgs/action/back_up.hpp
[4.758s] -- Up-to-date: /home/ros_workspace/install/nav2_msgs/include/nav2_msgs/msg
[4.785s] -- Up-to-date: /home/ros_workspace/install/nav2_msgs/include/nav2_msgs/msg/behavior_tree_status_change.hpp
[4.787s] -- Up-to-date: /home/ros_workspace/install/nav2_msgs/include/nav2_msgs/msg/costmap.hpp
[4.789s] -- Up-to-date: /home/ros_workspace/install/nav2_msgs/include/nav2_msgs/msg/particle.hpp
[4.789s] -- Up-to-date: /home/ros_workspace/install/nav2_msgs/include/nav2_msgs/msg/behavior_tree_log.hpp
[4.790s] -- Up-to-date: /home/ros_workspace/install/nav2_msgs/include/nav2_msgs/msg/detail
[4.790s] -- Up-to-date: /home/ros_workspace/install/nav2_msgs/include/nav2_msgs/msg/detail/costmap_meta_data__traits.hpp
[4.799s] -- Up-to-date: /home/ros_workspace/install/nav2_msgs/include/nav2_msgs/msg/detail/behavior_tree_log__struct.hpp
[4.804s] -- Up-to-date: /home/ros_workspace/install/nav2_msgs/include/nav2_msgs/msg/detail/voxel_grid__builder.hpp
[4.805s] -- Up-to-date: /home/ros_workspace/install/nav2_msgs/include/nav2_msgs/msg/detail/behavior_tree_log__traits.hpp
[4.805s] -- Up-to-date: /home/ros_workspace/install/nav2_msgs/include/nav2_msgs/msg/detail/particle_cloud__traits.hpp
[4.806s] -- Up-to-date: /home/ros_workspace/install/nav2_msgs/include/nav2_msgs/msg/detail/behavior_tree_status_change__struct.hpp
[4.806s] -- Up-to-date: /home/ros_workspace/install/nav2_msgs/include/nav2_msgs/msg/detail/costmap_meta_data__builder.hpp
[4.807s] -- Up-to-date: /home/ros_workspace/install/nav2_msgs/include/nav2_msgs/msg/detail/particle_cloud__builder.hpp
[4.807s] -- Up-to-date: /home/ros_workspace/install/nav2_msgs/include/nav2_msgs/msg/detail/particle_cloud__struct.hpp
[4.808s] -- Up-to-date: /home/ros_workspace/install/nav2_msgs/include/nav2_msgs/msg/detail/costmap_meta_data__struct.hpp
[4.808s] -- Up-to-date: /home/ros_workspace/install/nav2_msgs/include/nav2_msgs/msg/detail/particle__traits.hpp
[4.809s] -- Up-to-date: /home/ros_workspace/install/nav2_msgs/include/nav2_msgs/msg/detail/voxel_grid__traits.hpp
[4.810s] -- Up-to-date: /home/ros_workspace/install/nav2_msgs/include/nav2_msgs/msg/detail/costmap__struct.hpp
[4.811s] -- Up-to-date: /home/ros_workspace/install/nav2_msgs/include/nav2_msgs/msg/detail/voxel_grid__struct.hpp
[4.811s] -- Up-to-date: /home/ros_workspace/install/nav2_msgs/include/nav2_msgs/msg/detail/particle__builder.hpp
[4.812s] -- Up-to-date: /home/ros_workspace/install/nav2_msgs/include/nav2_msgs/msg/detail/behavior_tree_log__builder.hpp
[4.816s] -- Up-to-date: /home/ros_workspace/install/nav2_msgs/include/nav2_msgs/msg/detail/costmap__traits.hpp
[4.824s] -- Up-to-date: /home/ros_workspace/install/nav2_msgs/include/nav2_msgs/msg/detail/behavior_tree_status_change__builder.hpp
[4.825s] -- Up-to-date: /home/ros_workspace/install/nav2_msgs/include/nav2_msgs/msg/detail/behavior_tree_status_change__traits.hpp
[4.825s] -- Up-to-date: /home/ros_workspace/install/nav2_msgs/include/nav2_msgs/msg/detail/costmap__builder.hpp
[4.825s] -- Up-to-date: /home/ros_workspace/install/nav2_msgs/include/nav2_msgs/msg/detail/particle__struct.hpp
[4.826s] -- Up-to-date: /home/ros_workspace/install/nav2_msgs/include/nav2_msgs/msg/costmap_meta_data.hpp
[4.832s] -- Up-to-date: /home/ros_workspace/install/nav2_msgs/include/nav2_msgs/msg/voxel_grid.hpp
[4.832s] -- Up-to-date: /home/ros_workspace/install/nav2_msgs/include/nav2_msgs/msg/particle_cloud.hpp
[4.833s] -- Up-to-date: /home/ros_workspace/install/nav2_msgs/include/nav2_msgs/srv
[4.833s] -- Up-to-date: /home/ros_workspace/install/nav2_msgs/include/nav2_msgs/srv/load_map.hpp
[4.834s] -- Up-to-date: /home/ros_workspace/install/nav2_msgs/include/nav2_msgs/srv/clear_entire_costmap.hpp
[4.834s] -- Up-to-date: /home/ros_workspace/install/nav2_msgs/include/nav2_msgs/srv/manage_lifecycle_nodes.hpp
[4.835s] -- Up-to-date: /home/ros_workspace/install/nav2_msgs/include/nav2_msgs/srv/get_costmap.hpp
[4.836s] -- Up-to-date: /home/ros_workspace/install/nav2_msgs/include/nav2_msgs/srv/save_map.hpp
[4.839s] -- Up-to-date: /home/ros_workspace/install/nav2_msgs/include/nav2_msgs/srv/detail
[4.839s] -- Up-to-date: /home/ros_workspace/install/nav2_msgs/include/nav2_msgs/srv/detail/load_map__traits.hpp
[4.840s] -- Up-to-date: /home/ros_workspace/install/nav2_msgs/include/nav2_msgs/srv/detail/get_costmap__builder.hpp
[4.840s] -- Up-to-date: /home/ros_workspace/install/nav2_msgs/include/nav2_msgs/srv/detail/clear_entire_costmap__struct.hpp
[4.841s] -- Up-to-date: /home/ros_workspace/install/nav2_msgs/include/nav2_msgs/srv/detail/clear_costmap_except_region__builder.hpp
[4.843s] -- Up-to-date: /home/ros_workspace/install/nav2_msgs/include/nav2_msgs/srv/detail/clear_costmap_except_region__traits.hpp
[4.843s] -- Up-to-date: /home/ros_workspace/install/nav2_msgs/include/nav2_msgs/srv/detail/clear_costmap_except_region__struct.hpp
[4.849s] -- Up-to-date: /home/ros_workspace/install/nav2_msgs/include/nav2_msgs/srv/detail/clear_costmap_around_robot__traits.hpp
[4.863s] -- Up-to-date: /home/ros_workspace/install/nav2_msgs/include/nav2_msgs/srv/detail/manage_lifecycle_nodes__builder.hpp
[4.863s] -- Up-to-date: /home/ros_workspace/install/nav2_msgs/include/nav2_msgs/srv/detail/manage_lifecycle_nodes__struct.hpp
[4.864s] -- Up-to-date: /home/ros_workspace/install/nav2_msgs/include/nav2_msgs/srv/detail/clear_costmap_around_robot__struct.hpp
[4.864s] -- Up-to-date: /home/ros_workspace/install/nav2_msgs/include/nav2_msgs/srv/detail/save_map__builder.hpp
[4.878s] -- Up-to-date: /home/ros_workspace/install/nav2_msgs/include/nav2_msgs/srv/detail/clear_entire_costmap__builder.hpp
[4.879s] -- Up-to-date: /home/ros_workspace/install/nav2_msgs/include/nav2_msgs/srv/detail/save_map__traits.hpp
[4.879s] -- Up-to-date: /home/ros_workspace/install/nav2_msgs/include/nav2_msgs/srv/detail/get_costmap__struct.hpp
[4.879s] -- Up-to-date: /home/ros_workspace/install/nav2_msgs/include/nav2_msgs/srv/detail/clear_costmap_around_robot__builder.hpp
[4.880s] -- Up-to-date: /home/ros_workspace/install/nav2_msgs/include/nav2_msgs/srv/detail/load_map__builder.hpp
[4.880s] -- Up-to-date: /home/ros_workspace/install/nav2_msgs/include/nav2_msgs/srv/detail/manage_lifecycle_nodes__traits.hpp
[4.881s] -- Up-to-date: /home/ros_workspace/install/nav2_msgs/include/nav2_msgs/srv/detail/save_map__struct.hpp
[4.881s] -- Up-to-date: /home/ros_workspace/install/nav2_msgs/include/nav2_msgs/srv/detail/get_costmap__traits.hpp
[4.882s] -- Up-to-date: /home/ros_workspace/install/nav2_msgs/include/nav2_msgs/srv/detail/load_map__struct.hpp
[4.882s] -- Up-to-date: /home/ros_workspace/install/nav2_msgs/include/nav2_msgs/srv/detail/clear_entire_costmap__traits.hpp
[4.884s] -- Up-to-date: /home/ros_workspace/install/nav2_msgs/include/nav2_msgs/srv/clear_costmap_around_robot.hpp
[4.885s] -- Up-to-date: /home/ros_workspace/install/nav2_msgs/include/nav2_msgs/srv/clear_costmap_except_region.hpp
[4.885s] -- Up-to-date: /home/ros_workspace/install/nav2_msgs/include/nav2_msgs
[4.885s] -- Up-to-date: /home/ros_workspace/install/nav2_msgs/include/nav2_msgs/action
[4.888s] -- Up-to-date: /home/ros_workspace/install/nav2_msgs/include/nav2_msgs/action/detail
[4.889s] -- Up-to-date: /home/ros_workspace/install/nav2_msgs/include/nav2_msgs/action/detail/wait__type_support.cpp
[4.889s] -- Up-to-date: /home/ros_workspace/install/nav2_msgs/include/nav2_msgs/action/detail/navigate_to_pose__rosidl_typesupport_introspection_cpp.hpp
[4.890s] -- Up-to-date: /home/ros_workspace/install/nav2_msgs/include/nav2_msgs/action/detail/follow_waypoints__type_support.cpp
[4.890s] -- Up-to-date: /home/ros_workspace/install/nav2_msgs/include/nav2_msgs/action/detail/follow_path__rosidl_typesupport_introspection_cpp.hpp
[4.891s] -- Up-to-date: /home/ros_workspace/install/nav2_msgs/include/nav2_msgs/action/detail/dummy_recovery__rosidl_typesupport_introspection_cpp.hpp
[4.907s] -- Up-to-date: /home/ros_workspace/install/nav2_msgs/include/nav2_msgs/action/detail/follow_waypoints__rosidl_typesupport_introspection_cpp.hpp
[4.907s] -- Up-to-date: /home/ros_workspace/install/nav2_msgs/include/nav2_msgs/action/detail/navigate_to_pose__type_support.cpp
[4.908s] -- Up-to-date: /home/ros_workspace/install/nav2_msgs/include/nav2_msgs/action/detail/follow_path__type_support.cpp
[4.908s] -- Up-to-date: /home/ros_workspace/install/nav2_msgs/include/nav2_msgs/action/detail/back_up__rosidl_typesupport_introspection_cpp.hpp
[4.908s] -- Up-to-date: /home/ros_workspace/install/nav2_msgs/include/nav2_msgs/action/detail/compute_path_to_pose__type_support.cpp
[4.909s] -- Up-to-date: /home/ros_workspace/install/nav2_msgs/include/nav2_msgs/action/detail/spin__type_support.cpp
[4.910s] -- Up-to-date: /home/ros_workspace/install/nav2_msgs/include/nav2_msgs/action/detail/wait__rosidl_typesupport_introspection_cpp.hpp
[4.910s] -- Up-to-date: /home/ros_workspace/install/nav2_msgs/include/nav2_msgs/action/detail/spin__rosidl_typesupport_introspection_cpp.hpp
[4.911s] -- Up-to-date: /home/ros_workspace/install/nav2_msgs/include/nav2_msgs/action/detail/back_up__type_support.cpp
[4.930s] -- Up-to-date: /home/ros_workspace/install/nav2_msgs/include/nav2_msgs/action/detail/compute_path_to_pose__rosidl_typesupport_introspection_cpp.hpp
[4.931s] -- Up-to-date: /home/ros_workspace/install/nav2_msgs/include/nav2_msgs/action/detail/dummy_recovery__type_support.cpp
[4.931s] -- Up-to-date: /home/ros_workspace/install/nav2_msgs/include/nav2_msgs/msg
[4.932s] -- Up-to-date: /home/ros_workspace/install/nav2_msgs/include/nav2_msgs/msg/detail
[4.932s] -- Up-to-date: /home/ros_workspace/install/nav2_msgs/include/nav2_msgs/msg/detail/behavior_tree_log__type_support.cpp
[4.933s] -- Up-to-date: /home/ros_workspace/install/nav2_msgs/include/nav2_msgs/msg/detail/particle__type_support.cpp
[4.933s] -- Up-to-date: /home/ros_workspace/install/nav2_msgs/include/nav2_msgs/msg/detail/costmap_meta_data__rosidl_typesupport_introspection_cpp.hpp
[4.934s] -- Up-to-date: /home/ros_workspace/install/nav2_msgs/include/nav2_msgs/msg/detail/behavior_tree_log__rosidl_typesupport_introspection_cpp.hpp
[4.934s] -- Up-to-date: /home/ros_workspace/install/nav2_msgs/include/nav2_msgs/msg/detail/costmap_meta_data__type_support.cpp
[4.935s] -- Up-to-date: /home/ros_workspace/install/nav2_msgs/include/nav2_msgs/msg/detail/voxel_grid__rosidl_typesupport_introspection_cpp.hpp
[4.935s] -- Up-to-date: /home/ros_workspace/install/nav2_msgs/include/nav2_msgs/msg/detail/behavior_tree_status_change__rosidl_typesupport_introspection_cpp.hpp
[4.936s] -- Up-to-date: /home/ros_workspace/install/nav2_msgs/include/nav2_msgs/msg/detail/behavior_tree_status_change__type_support.cpp
[4.936s] -- Up-to-date: /home/ros_workspace/install/nav2_msgs/include/nav2_msgs/msg/detail/costmap__rosidl_typesupport_introspection_cpp.hpp
[4.937s] -- Up-to-date: /home/ros_workspace/install/nav2_msgs/include/nav2_msgs/msg/detail/particle__rosidl_typesupport_introspection_cpp.hpp
[4.937s] -- Up-to-date: /home/ros_workspace/install/nav2_msgs/include/nav2_msgs/msg/detail/particle_cloud__type_support.cpp
[4.938s] -- Up-to-date: /home/ros_workspace/install/nav2_msgs/include/nav2_msgs/msg/detail/particle_cloud__rosidl_typesupport_introspection_cpp.hpp
[4.940s] -- Up-to-date: /home/ros_workspace/install/nav2_msgs/include/nav2_msgs/msg/detail/costmap__type_support.cpp
[4.945s] -- Up-to-date: /home/ros_workspace/install/nav2_msgs/include/nav2_msgs/msg/detail/voxel_grid__type_support.cpp
[4.946s] -- Up-to-date: /home/ros_workspace/install/nav2_msgs/include/nav2_msgs/srv
[4.946s] -- Up-to-date: /home/ros_workspace/install/nav2_msgs/include/nav2_msgs/srv/detail
[4.947s] -- Up-to-date: /home/ros_workspace/install/nav2_msgs/include/nav2_msgs/srv/detail/save_map__rosidl_typesupport_introspection_cpp.hpp
[4.953s] -- Up-to-date: /home/ros_workspace/install/nav2_msgs/include/nav2_msgs/srv/detail/get_costmap__type_support.cpp
[4.953s] -- Up-to-date: /home/ros_workspace/install/nav2_msgs/include/nav2_msgs/srv/detail/manage_lifecycle_nodes__type_support.cpp
[4.954s] -- Up-to-date: /home/ros_workspace/install/nav2_msgs/include/nav2_msgs/srv/detail/get_costmap__rosidl_typesupport_introspection_cpp.hpp
[4.954s] -- Up-to-date: /home/ros_workspace/install/nav2_msgs/include/nav2_msgs/srv/detail/save_map__type_support.cpp
[4.955s] -- Up-to-date: /home/ros_workspace/install/nav2_msgs/include/nav2_msgs/srv/detail/load_map__type_support.cpp
[4.955s] -- Up-to-date: /home/ros_workspace/install/nav2_msgs/include/nav2_msgs/srv/detail/load_map__rosidl_typesupport_introspection_cpp.hpp
[4.956s] -- Up-to-date: /home/ros_workspace/install/nav2_msgs/include/nav2_msgs/srv/detail/clear_entire_costmap__type_support.cpp
[4.956s] -- Up-to-date: /home/ros_workspace/install/nav2_msgs/include/nav2_msgs/srv/detail/manage_lifecycle_nodes__rosidl_typesupport_introspection_cpp.hpp
[4.956s] -- Up-to-date: /home/ros_workspace/install/nav2_msgs/include/nav2_msgs/srv/detail/clear_entire_costmap__rosidl_typesupport_introspection_cpp.hpp
[4.957s] -- Up-to-date: /home/ros_workspace/install/nav2_msgs/include/nav2_msgs/srv/detail/clear_costmap_except_region__type_support.cpp
[4.957s] -- Up-to-date: /home/ros_workspace/install/nav2_msgs/include/nav2_msgs/srv/detail/clear_costmap_around_robot__type_support.cpp
[4.958s] -- Up-to-date: /home/ros_workspace/install/nav2_msgs/include/nav2_msgs/srv/detail/clear_costmap_around_robot__rosidl_typesupport_introspection_cpp.hpp
[4.958s] -- Up-to-date: /home/ros_workspace/install/nav2_msgs/include/nav2_msgs/srv/detail/clear_costmap_except_region__rosidl_typesupport_introspection_cpp.hpp
[4.959s] -- Up-to-date: /home/ros_workspace/install/nav2_msgs/lib/libnav2_msgs__rosidl_typesupport_introspection_cpp.so
[4.959s] -- Up-to-date: /home/ros_workspace/install/nav2_msgs/lib/libnav2_msgs__rosidl_typesupport_cpp.so
[4.960s] -- Up-to-date: /home/ros_workspace/install/nav2_msgs/share/nav2_msgs/environment/pythonpath.sh
[4.960s] -- Up-to-date: /home/ros_workspace/install/nav2_msgs/share/nav2_msgs/environment/pythonpath.dsv
[4.963s] -- Up-to-date: /home/ros_workspace/install/nav2_msgs/lib/python3.8/site-packages/nav2_msgs/__init__.py
[4.965s] -- Up-to-date: /home/ros_workspace/install/nav2_msgs/lib/python3.8/site-packages/nav2_msgs/msg
[4.966s] -- Up-to-date: /home/ros_workspace/install/nav2_msgs/lib/python3.8/site-packages/nav2_msgs/msg/_particle.py
[4.968s] -- Up-to-date: /home/ros_workspace/install/nav2_msgs/lib/python3.8/site-packages/nav2_msgs/msg/_voxel_grid_s.c
[4.970s] -- Up-to-date: /home/ros_workspace/install/nav2_msgs/lib/python3.8/site-packages/nav2_msgs/msg/_behavior_tree_status_change.py
[4.971s] -- Up-to-date: /home/ros_workspace/install/nav2_msgs/lib/python3.8/site-packages/nav2_msgs/msg/_behavior_tree_status_change_s.c
[4.979s] -- Up-to-date: /home/ros_workspace/install/nav2_msgs/lib/python3.8/site-packages/nav2_msgs/msg/_costmap_meta_data_s.c
[4.996s] -- Up-to-date: /home/ros_workspace/install/nav2_msgs/lib/python3.8/site-packages/nav2_msgs/msg/_voxel_grid.py
[4.998s] -- Up-to-date: /home/ros_workspace/install/nav2_msgs/lib/python3.8/site-packages/nav2_msgs/msg/_particle_s.c
[4.999s] -- Up-to-date: /home/ros_workspace/install/nav2_msgs/lib/python3.8/site-packages/nav2_msgs/msg/__init__.py
[5.000s] -- Up-to-date: /home/ros_workspace/install/nav2_msgs/lib/python3.8/site-packages/nav2_msgs/msg/_costmap_s.c
[5.001s] -- Up-to-date: /home/ros_workspace/install/nav2_msgs/lib/python3.8/site-packages/nav2_msgs/msg/_costmap.py
[5.002s] -- Up-to-date: /home/ros_workspace/install/nav2_msgs/lib/python3.8/site-packages/nav2_msgs/msg/_behavior_tree_log.py
[5.003s] -- Up-to-date: /home/ros_workspace/install/nav2_msgs/lib/python3.8/site-packages/nav2_msgs/msg/_particle_cloud_s.c
[5.004s] -- Up-to-date: /home/ros_workspace/install/nav2_msgs/lib/python3.8/site-packages/nav2_msgs/msg/_particle_cloud.py
[5.005s] -- Up-to-date: /home/ros_workspace/install/nav2_msgs/lib/python3.8/site-packages/nav2_msgs/msg/_behavior_tree_log_s.c
[5.006s] -- Up-to-date: /home/ros_workspace/install/nav2_msgs/lib/python3.8/site-packages/nav2_msgs/msg/_costmap_meta_data.py
[5.007s] -- Up-to-date: /home/ros_workspace/install/nav2_msgs/lib/python3.8/site-packages/nav2_msgs/srv
[5.012s] -- Up-to-date: /home/ros_workspace/install/nav2_msgs/lib/python3.8/site-packages/nav2_msgs/srv/_clear_entire_costmap.py
[5.014s] -- Up-to-date: /home/ros_workspace/install/nav2_msgs/lib/python3.8/site-packages/nav2_msgs/srv/_save_map_s.c
[5.015s] -- Up-to-date: /home/ros_workspace/install/nav2_msgs/lib/python3.8/site-packages/nav2_msgs/srv/_clear_costmap_around_robot.py
[5.016s] -- Up-to-date: /home/ros_workspace/install/nav2_msgs/lib/python3.8/site-packages/nav2_msgs/srv/_clear_costmap_except_region_s.c
[5.016s] -- Up-to-date: /home/ros_workspace/install/nav2_msgs/lib/python3.8/site-packages/nav2_msgs/srv/_get_costmap_s.c
[5.017s] -- Up-to-date: /home/ros_workspace/install/nav2_msgs/lib/python3.8/site-packages/nav2_msgs/srv/_get_costmap.py
[5.017s] -- Up-to-date: /home/ros_workspace/install/nav2_msgs/lib/python3.8/site-packages/nav2_msgs/srv/_save_map.py
[5.018s] -- Up-to-date: /home/ros_workspace/install/nav2_msgs/lib/python3.8/site-packages/nav2_msgs/srv/_clear_entire_costmap_s.c
[5.018s] -- Up-to-date: /home/ros_workspace/install/nav2_msgs/lib/python3.8/site-packages/nav2_msgs/srv/_load_map_s.c
[5.019s] -- Up-to-date: /home/ros_workspace/install/nav2_msgs/lib/python3.8/site-packages/nav2_msgs/srv/_manage_lifecycle_nodes.py
[5.019s] -- Up-to-date: /home/ros_workspace/install/nav2_msgs/lib/python3.8/site-packages/nav2_msgs/srv/__init__.py
[5.020s] -- Up-to-date: /home/ros_workspace/install/nav2_msgs/lib/python3.8/site-packages/nav2_msgs/srv/_manage_lifecycle_nodes_s.c
[5.020s] -- Up-to-date: /home/ros_workspace/install/nav2_msgs/lib/python3.8/site-packages/nav2_msgs/srv/_clear_costmap_except_region.py
[5.021s] -- Up-to-date: /home/ros_workspace/install/nav2_msgs/lib/python3.8/site-packages/nav2_msgs/srv/_load_map.py
[5.022s] -- Up-to-date: /home/ros_workspace/install/nav2_msgs/lib/python3.8/site-packages/nav2_msgs/srv/_clear_costmap_around_robot_s.c
[5.027s] -- Up-to-date: /home/ros_workspace/install/nav2_msgs/lib/python3.8/site-packages/nav2_msgs/action
[5.028s] -- Up-to-date: /home/ros_workspace/install/nav2_msgs/lib/python3.8/site-packages/nav2_msgs/action/_dummy_recovery_s.c
[5.029s] -- Up-to-date: /home/ros_workspace/install/nav2_msgs/lib/python3.8/site-packages/nav2_msgs/action/_spin.py
[5.034s] -- Up-to-date: /home/ros_workspace/install/nav2_msgs/lib/python3.8/site-packages/nav2_msgs/action/_follow_waypoints_s.c
[5.035s] -- Up-to-date: /home/ros_workspace/install/nav2_msgs/lib/python3.8/site-packages/nav2_msgs/action/_follow_path.py
[5.035s] -- Up-to-date: /home/ros_workspace/install/nav2_msgs/lib/python3.8/site-packages/nav2_msgs/action/_navigate_to_pose.py
[5.036s] -- Up-to-date: /home/ros_workspace/install/nav2_msgs/lib/python3.8/site-packages/nav2_msgs/action/_navigate_to_pose_s.c
[5.037s] -- Up-to-date: /home/ros_workspace/install/nav2_msgs/lib/python3.8/site-packages/nav2_msgs/action/_back_up_s.c
[5.037s] -- Up-to-date: /home/ros_workspace/install/nav2_msgs/lib/python3.8/site-packages/nav2_msgs/action/_back_up.py
[5.038s] -- Up-to-date: /home/ros_workspace/install/nav2_msgs/lib/python3.8/site-packages/nav2_msgs/action/_wait.py
[5.039s] -- Up-to-date: /home/ros_workspace/install/nav2_msgs/lib/python3.8/site-packages/nav2_msgs/action/_compute_path_to_pose_s.c
[5.047s] -- Up-to-date: /home/ros_workspace/install/nav2_msgs/lib/python3.8/site-packages/nav2_msgs/action/_dummy_recovery.py
[5.047s] -- Up-to-date: /home/ros_workspace/install/nav2_msgs/lib/python3.8/site-packages/nav2_msgs/action/_compute_path_to_pose.py
[5.047s] -- Up-to-date: /home/ros_workspace/install/nav2_msgs/lib/python3.8/site-packages/nav2_msgs/action/_follow_path_s.c
[5.048s] -- Up-to-date: /home/ros_workspace/install/nav2_msgs/lib/python3.8/site-packages/nav2_msgs/action/_follow_waypoints.py
[5.048s] -- Up-to-date: /home/ros_workspace/install/nav2_msgs/lib/python3.8/site-packages/nav2_msgs/action/_spin_s.c
[5.048s] -- Up-to-date: /home/ros_workspace/install/nav2_msgs/lib/python3.8/site-packages/nav2_msgs/action/__init__.py
[5.049s] -- Up-to-date: /home/ros_workspace/install/nav2_msgs/lib/python3.8/site-packages/nav2_msgs/action/_wait_s.c
[5.049s] -- Up-to-date: /home/ros_workspace/install/nav2_msgs/lib/python3.8/site-packages/nav2_msgs/nav2_msgs_s__rosidl_typesupport_fastrtps_c.cpython-38-x86_64-linux-gnu.so
[5.049s] -- Up-to-date: /home/ros_workspace/install/nav2_msgs/lib/python3.8/site-packages/nav2_msgs/nav2_msgs_s__rosidl_typesupport_introspection_c.cpython-38-x86_64-linux-gnu.so
[5.050s] -- Up-to-date: /home/ros_workspace/install/nav2_msgs/lib/python3.8/site-packages/nav2_msgs/nav2_msgs_s__rosidl_typesupport_c.cpython-38-x86_64-linux-gnu.so
[5.050s] -- Up-to-date: /home/ros_workspace/install/nav2_msgs/lib/libnav2_msgs__python.so
[5.050s] -- Up-to-date: /home/ros_workspace/install/nav2_msgs/share/nav2_msgs/msg/Costmap.idl
[5.050s] -- Up-to-date: /home/ros_workspace/install/nav2_msgs/share/nav2_msgs/msg/CostmapMetaData.idl
[5.051s] -- Up-to-date: /home/ros_workspace/install/nav2_msgs/share/nav2_msgs/msg/VoxelGrid.idl
[5.057s] -- Up-to-date: /home/ros_workspace/install/nav2_msgs/share/nav2_msgs/msg/BehaviorTreeStatusChange.idl
[5.057s] -- Up-to-date: /home/ros_workspace/install/nav2_msgs/share/nav2_msgs/msg/BehaviorTreeLog.idl
[5.057s] -- Up-to-date: /home/ros_workspace/install/nav2_msgs/share/nav2_msgs/msg/Particle.idl
[5.099s] -- Up-to-date: /home/ros_workspace/install/nav2_msgs/share/nav2_msgs/msg/ParticleCloud.idl
[5.100s] -- Up-to-date: /home/ros_workspace/install/nav2_msgs/share/nav2_msgs/srv/GetCostmap.idl
[5.100s] -- Up-to-date: /home/ros_workspace/install/nav2_msgs/share/nav2_msgs/srv/ClearCostmapExceptRegion.idl
[5.100s] -- Up-to-date: /home/ros_workspace/install/nav2_msgs/share/nav2_msgs/srv/ClearCostmapAroundRobot.idl
[5.100s] -- Up-to-date: /home/ros_workspace/install/nav2_msgs/share/nav2_msgs/srv/ClearEntireCostmap.idl
[5.101s] -- Up-to-date: /home/ros_workspace/install/nav2_msgs/share/nav2_msgs/srv/ManageLifecycleNodes.idl
[5.101s] -- Up-to-date: /home/ros_workspace/install/nav2_msgs/share/nav2_msgs/srv/LoadMap.idl
[5.111s] -- Up-to-date: /home/ros_workspace/install/nav2_msgs/share/nav2_msgs/srv/SaveMap.idl
[5.111s] -- Up-to-date: /home/ros_workspace/install/nav2_msgs/share/nav2_msgs/action/BackUp.idl
[5.112s] -- Up-to-date: /home/ros_workspace/install/nav2_msgs/share/nav2_msgs/action/ComputePathToPose.idl
[5.112s] -- Up-to-date: /home/ros_workspace/install/nav2_msgs/share/nav2_msgs/action/FollowPath.idl
[5.112s] -- Up-to-date: /home/ros_workspace/install/nav2_msgs/share/nav2_msgs/action/NavigateToPose.idl
[5.113s] -- Up-to-date: /home/ros_workspace/install/nav2_msgs/share/nav2_msgs/action/Wait.idl
[5.113s] -- Up-to-date: /home/ros_workspace/install/nav2_msgs/share/nav2_msgs/action/Spin.idl
[5.114s] -- Up-to-date: /home/ros_workspace/install/nav2_msgs/share/nav2_msgs/action/DummyRecovery.idl
[5.114s] -- Up-to-date: /home/ros_workspace/install/nav2_msgs/share/nav2_msgs/action/FollowWaypoints.idl
[5.115s] -- Up-to-date: /home/ros_workspace/install/nav2_msgs/share/nav2_msgs/msg/Costmap.msg
[5.115s] -- Up-to-date: /home/ros_workspace/install/nav2_msgs/share/nav2_msgs/msg/CostmapMetaData.msg
[5.115s] -- Up-to-date: /home/ros_workspace/install/nav2_msgs/share/nav2_msgs/msg/VoxelGrid.msg
[5.116s] -- Up-to-date: /home/ros_workspace/install/nav2_msgs/share/nav2_msgs/msg/BehaviorTreeStatusChange.msg
[5.116s] -- Up-to-date: /home/ros_workspace/install/nav2_msgs/share/nav2_msgs/msg/BehaviorTreeLog.msg
[5.117s] -- Up-to-date: /home/ros_workspace/install/nav2_msgs/share/nav2_msgs/msg/Particle.msg
[5.117s] -- Up-to-date: /home/ros_workspace/install/nav2_msgs/share/nav2_msgs/msg/ParticleCloud.msg
[5.117s] -- Up-to-date: /home/ros_workspace/install/nav2_msgs/share/nav2_msgs/srv/GetCostmap.srv
[5.118s] -- Up-to-date: /home/ros_workspace/install/nav2_msgs/share/nav2_msgs/srv/GetCostmap_Request.msg
[5.118s] -- Up-to-date: /home/ros_workspace/install/nav2_msgs/share/nav2_msgs/srv/GetCostmap_Response.msg
[5.118s] -- Up-to-date: /home/ros_workspace/install/nav2_msgs/share/nav2_msgs/srv/ClearCostmapExceptRegion.srv
[5.118s] -- Up-to-date: /home/ros_workspace/install/nav2_msgs/share/nav2_msgs/srv/ClearCostmapExceptRegion_Request.msg
[5.119s] -- Up-to-date: /home/ros_workspace/install/nav2_msgs/share/nav2_msgs/srv/ClearCostmapExceptRegion_Response.msg
[5.119s] -- Up-to-date: /home/ros_workspace/install/nav2_msgs/share/nav2_msgs/srv/ClearCostmapAroundRobot.srv
[5.119s] -- Up-to-date: /home/ros_workspace/install/nav2_msgs/share/nav2_msgs/srv/ClearCostmapAroundRobot_Request.msg
[5.120s] -- Up-to-date: /home/ros_workspace/install/nav2_msgs/share/nav2_msgs/srv/ClearCostmapAroundRobot_Response.msg
[5.120s] -- Up-to-date: /home/ros_workspace/install/nav2_msgs/share/nav2_msgs/srv/ClearEntireCostmap.srv
[5.120s] -- Up-to-date: /home/ros_workspace/install/nav2_msgs/share/nav2_msgs/srv/ClearEntireCostmap_Request.msg
[5.120s] -- Up-to-date: /home/ros_workspace/install/nav2_msgs/share/nav2_msgs/srv/ClearEntireCostmap_Response.msg
[5.121s] -- Up-to-date: /home/ros_workspace/install/nav2_msgs/share/nav2_msgs/srv/ManageLifecycleNodes.srv
[5.121s] -- Up-to-date: /home/ros_workspace/install/nav2_msgs/share/nav2_msgs/srv/ManageLifecycleNodes_Request.msg
[5.121s] -- Up-to-date: /home/ros_workspace/install/nav2_msgs/share/nav2_msgs/srv/ManageLifecycleNodes_Response.msg
[5.122s] -- Up-to-date: /home/ros_workspace/install/nav2_msgs/share/nav2_msgs/srv/LoadMap.srv
[5.122s] -- Up-to-date: /home/ros_workspace/install/nav2_msgs/share/nav2_msgs/srv/LoadMap_Request.msg
[5.135s] -- Up-to-date: /home/ros_workspace/install/nav2_msgs/share/nav2_msgs/srv/LoadMap_Response.msg
[5.143s] -- Up-to-date: /home/ros_workspace/install/nav2_msgs/share/nav2_msgs/srv/SaveMap.srv
[5.143s] -- Up-to-date: /home/ros_workspace/install/nav2_msgs/share/nav2_msgs/srv/SaveMap_Request.msg
[5.143s] -- Up-to-date: /home/ros_workspace/install/nav2_msgs/share/nav2_msgs/srv/SaveMap_Response.msg
[5.144s] -- Up-to-date: /home/ros_workspace/install/nav2_msgs/share/nav2_msgs/action/BackUp.action
[5.144s] -- Up-to-date: /home/ros_workspace/install/nav2_msgs/share/nav2_msgs/action/ComputePathToPose.action
[5.144s] -- Up-to-date: /home/ros_workspace/install/nav2_msgs/share/nav2_msgs/action/FollowPath.action
[5.145s] -- Up-to-date: /home/ros_workspace/install/nav2_msgs/share/nav2_msgs/action/NavigateToPose.action
[5.145s] -- Up-to-date: /home/ros_workspace/install/nav2_msgs/share/nav2_msgs/action/Wait.action
[5.145s] -- Up-to-date: /home/ros_workspace/install/nav2_msgs/share/nav2_msgs/action/Spin.action
[5.145s] -- Up-to-date: /home/ros_workspace/install/nav2_msgs/share/nav2_msgs/action/DummyRecovery.action
[5.146s] -- Up-to-date: /home/ros_workspace/install/nav2_msgs/share/nav2_msgs/action/FollowWaypoints.action
[5.146s] -- Up-to-date: /home/ros_workspace/install/nav2_msgs/share/ament_index/resource_index/package_run_dependencies/nav2_msgs
[5.146s] -- Up-to-date: /home/ros_workspace/install/nav2_msgs/share/ament_index/resource_index/parent_prefix_path/nav2_msgs
[5.146s] -- Up-to-date: /home/ros_workspace/install/nav2_msgs/share/nav2_msgs/environment/ament_prefix_path.sh
[5.147s] -- Up-to-date: /home/ros_workspace/install/nav2_msgs/share/nav2_msgs/environment/ament_prefix_path.dsv
[5.147s] -- Up-to-date: /home/ros_workspace/install/nav2_msgs/share/nav2_msgs/environment/path.sh
[5.148s] -- Up-to-date: /home/ros_workspace/install/nav2_msgs/share/nav2_msgs/environment/path.dsv
[5.148s] -- Up-to-date: /home/ros_workspace/install/nav2_msgs/share/nav2_msgs/local_setup.bash
[5.148s] -- Up-to-date: /home/ros_workspace/install/nav2_msgs/share/nav2_msgs/local_setup.sh
[5.148s] -- Up-to-date: /home/ros_workspace/install/nav2_msgs/share/nav2_msgs/local_setup.zsh
[5.149s] -- Up-to-date: /home/ros_workspace/install/nav2_msgs/share/nav2_msgs/local_setup.dsv
[5.149s] -- Installing: /home/ros_workspace/install/nav2_msgs/share/nav2_msgs/package.dsv
[5.149s] -- Up-to-date: /home/ros_workspace/install/nav2_msgs/share/ament_index/resource_index/packages/nav2_msgs
[5.150s] -- Up-to-date: /home/ros_workspace/install/nav2_msgs/share/nav2_msgs/cmake/nav2_msgs__rosidl_generator_cExport.cmake
[5.150s] -- Up-to-date: /home/ros_workspace/install/nav2_msgs/share/nav2_msgs/cmake/nav2_msgs__rosidl_generator_cExport-release.cmake
[5.150s] -- Up-to-date: /home/ros_workspace/install/nav2_msgs/share/nav2_msgs/cmake/nav2_msgs__rosidl_typesupport_introspection_cExport.cmake
[5.150s] -- Up-to-date: /home/ros_workspace/install/nav2_msgs/share/nav2_msgs/cmake/nav2_msgs__rosidl_typesupport_introspection_cExport-release.cmake
[5.151s] -- Up-to-date: /home/ros_workspace/install/nav2_msgs/share/nav2_msgs/cmake/nav2_msgs__rosidl_typesupport_cExport.cmake
[5.151s] -- Up-to-date: /home/ros_workspace/install/nav2_msgs/share/nav2_msgs/cmake/nav2_msgs__rosidl_typesupport_cExport-release.cmake
[5.151s] -- Up-to-date: /home/ros_workspace/install/nav2_msgs/share/nav2_msgs/cmake/nav2_msgs__rosidl_generator_cppExport.cmake
[5.152s] -- Up-to-date: /home/ros_workspace/install/nav2_msgs/share/nav2_msgs/cmake/nav2_msgs__rosidl_typesupport_introspection_cppExport.cmake
[5.152s] -- Up-to-date: /home/ros_workspace/install/nav2_msgs/share/nav2_msgs/cmake/nav2_msgs__rosidl_typesupport_introspection_cppExport-release.cmake
[5.152s] -- Up-to-date: /home/ros_workspace/install/nav2_msgs/share/nav2_msgs/cmake/nav2_msgs__rosidl_typesupport_cppExport.cmake
[5.155s] -- Up-to-date: /home/ros_workspace/install/nav2_msgs/share/nav2_msgs/cmake/nav2_msgs__rosidl_typesupport_cppExport-release.cmake
[5.155s] -- Up-to-date: /home/ros_workspace/install/nav2_msgs/share/nav2_msgs/cmake/rosidl_cmake-extras.cmake
[5.156s] -- Up-to-date: /home/ros_workspace/install/nav2_msgs/share/nav2_msgs/cmake/ament_cmake_export_dependencies-extras.cmake
[5.156s] -- Up-to-date: /home/ros_workspace/install/nav2_msgs/share/nav2_msgs/cmake/ament_cmake_export_libraries-extras.cmake
[5.156s] -- Up-to-date: /home/ros_workspace/install/nav2_msgs/share/nav2_msgs/cmake/ament_cmake_export_targets-extras.cmake
[5.156s] -- Up-to-date: /home/ros_workspace/install/nav2_msgs/share/nav2_msgs/cmake/ament_cmake_export_include_directories-extras.cmake
[5.157s] -- Up-to-date: /home/ros_workspace/install/nav2_msgs/share/nav2_msgs/cmake/rosidl_cmake_export_typesupport_libraries-extras.cmake
[5.157s] -- Up-to-date: /home/ros_workspace/install/nav2_msgs/share/nav2_msgs/cmake/rosidl_cmake_export_typesupport_targets-extras.cmake
[5.157s] -- Up-to-date: /home/ros_workspace/install/nav2_msgs/share/nav2_msgs/cmake/nav2_msgsConfig.cmake
[5.157s] -- Up-to-date: /home/ros_workspace/install/nav2_msgs/share/nav2_msgs/cmake/nav2_msgsConfig-version.cmake
[5.158s] -- Up-to-date: /home/ros_workspace/install/nav2_msgs/share/nav2_msgs/package.xml
[5.158s] Invoked command in '/home/ros_workspace/build/nav2_msgs' returned '0': CMAKE_PREFIX_PATH=/home/ros_workspace/install/nav2_common:/home/ros_workspace/install/nav2_bringup:/home/ros_workspace/install/navigation2:/home/ros_workspace/install/nav2_waypoint_follower:/home/ros_workspace/install/nav2_core:/home/ros_workspace/install/nav2_costmap_2d:/home/ros_workspace/install/nav2_voxel_grid:/home/ros_workspace/install/nav2_rviz_plugins:/home/ros_workspace/install/nav2_map_server:/home/ros_workspace/install/nav2_lifecycle_manager:/home/ros_workspace/install/nav2_bt_navigator:/home/ros_workspace/install/nav2_behavior_tree:/home/ros_workspace/install/nav2_util:/home/ros_workspace/install/mpcc_interfaces:/home/ros_workspace/install/nav2_msgs:/home/ros_workspace/install/static_collision_avoidance:/home/ros_workspace/install/simple_igoneo_commander:/home/ros_workspace/install/mpcc_local_planner:/home/ros_workspace/install/local_path_planner:/home/ros_workspace/install/dynamic_collision_avoidance:/home/ros_workspace/install/cost_map_server:/home/ros_workspace/install/nav2_gazebo_spawner:/home/ros_workspace/install/mpc_igoneo:/home/ros_workspace/install/mpc_dynamic_obstacles:/home/ros_workspace/install/igoneo_dynamic_window:/opt/ros/foxy PYTHONPATH=/home/ros_workspace/install/nav2_common/lib/python3.8/site-packages:/home/ros_workspace/install/static_collision_avoidance/lib/python3.8/site-packages:/home/ros_workspace/install/simple_igoneo_commander/lib/python3.8/site-packages:/home/ros_workspace/install/mpcc_local_planner/lib/python3.8/site-packages:/home/ros_workspace/install/local_path_planner/lib/python3.8/site-packages:/home/ros_workspace/install/dynamic_collision_avoidance/lib/python3.8/site-packages:/home/ros_workspace/install/cost_map_server/lib/python3.8/site-packages:/home/ros_workspace/install/mpcc_interfaces/lib/python3.8/site-packages:/home/ros_workspace/install/nav2_msgs/lib/python3.8/site-packages:/home/ros_workspace/install/nav2_gazebo_spawner/lib/python3.8/site-packages:/home/ros_workspace/install/mpc_igoneo/lib/python3.8/site-packages:/home/ros_workspace/install/mpc_dynamic_obstacles/lib/python3.8/site-packages:/home/ros_workspace/install/igoneo_dynamic_window/lib/python3.8/site-packages:/opt/ros/foxy/lib/python3.8/site-packages /usr/bin/cmake --install /home/ros_workspace/build/nav2_msgs
