-- The CXX compiler identification is GNU 9.4.0
-- Check for working CXX compiler: /usr/bin/c++
-- Check for working CXX compiler: /usr/bin/c++ -- works
-- Detecting CXX compiler ABI info
-- Detecting CXX compiler ABI info - done
-- Detecting CXX compile features
-- Detecting CXX compile features - done
-- Found ament_cmake: 0.9.11 (/opt/ros/foxy/share/ament_cmake/cmake)
-- Found PythonInterp: /usr/bin/python3 (found suitable version "3.8.10", minimum required is "3") 
-- Using PYTHON_EXECUTABLE: /usr/bin/python3
-- Found nav2_common: 0.4.7 (/home/ros_workspace/install/nav2_common/share/nav2_common/cmake)
-- Found rclcpp: 2.4.2 (/opt/ros/foxy/share/rclcpp/cmake)
-- Using all available rosidl_typesupport_c: rosidl_typesupport_fastrtps_c;rosidl_typesupport_introspection_c
-- Found rosidl_adapter: 1.3.0 (/opt/ros/foxy/share/rosidl_adapter/cmake)
-- Found OpenSSL: /usr/lib/x86_64-linux-gnu/libcrypto.so (found version "1.1.1f")  
-- Found FastRTPS: /opt/ros/foxy/include  
-- Using all available rosidl_typesupport_cpp: rosidl_typesupport_fastrtps_cpp;rosidl_typesupport_introspection_cpp
-- Found rmw_implementation_cmake: 1.0.3 (/opt/ros/foxy/share/rmw_implementation_cmake/cmake)
-- Using RMW implementation 'rmw_fastrtps_cpp' as default
-- Looking for C++ include pthread.h
-- Looking for C++ include pthread.h - found
-- Performing Test CMAKE_HAVE_LIBC_PTHREAD
-- Performing Test CMAKE_HAVE_LIBC_PTHREAD - Failed
-- Looking for pthread_create in pthreads
-- Looking for pthread_create in pthreads - not found
-- Looking for pthread_create in pthread
-- Looking for pthread_create in pthread - found
-- Found Threads: TRUE  
-- Found rclcpp_action: 2.4.2 (/opt/ros/foxy/share/rclcpp_action/cmake)
-- Found rclcpp_lifecycle: 2.4.2 (/opt/ros/foxy/share/rclcpp_lifecycle/cmake)
-- Found geometry_msgs: 2.0.5 (/opt/ros/foxy/share/geometry_msgs/cmake)
-- Found sensor_msgs: 2.0.5 (/opt/ros/foxy/share/sensor_msgs/cmake)
-- Found nav2_msgs: 0.4.7 (/home/ros_workspace/install/nav2_msgs/share/nav2_msgs/cmake)
-- Found behaviortree_cpp_v3: 3.6.1 (/opt/ros/foxy/share/behaviortree_cpp_v3/cmake)
-- Found tf2_ros: 0.13.13 (/opt/ros/foxy/share/tf2_ros/cmake)
-- Found tf2_geometry_msgs: 0.13.13 (/opt/ros/foxy/share/tf2_geometry_msgs/cmake)
-- Found eigen3_cmake_module: 0.1.1 (/opt/ros/foxy/share/eigen3_cmake_module/cmake)
-- Found Eigen3: TRUE (found version "3.3.7") 
-- Found std_srvs: 2.0.5 (/opt/ros/foxy/share/std_srvs/cmake)
-- Found nav2_util: 0.4.7 (/home/ros_workspace/install/nav2_util/share/nav2_util/cmake)
-- Setting build type to Release as none was specified.
-- Found ament_lint_auto: 0.9.7 (/opt/ros/foxy/share/ament_lint_auto/cmake)
-- Found ament_cmake_gtest: 0.9.11 (/opt/ros/foxy/share/ament_cmake_gtest/cmake)
-- Found gtest sources under '/opt/ros/foxy/src/gtest_vendor': C++ tests using 'Google Test' will be built
-- The C compiler identification is GNU 9.4.0
-- Check for working C compiler: /usr/bin/cc
-- Check for working C compiler: /usr/bin/cc -- works
-- Detecting C compiler ABI info
-- Detecting C compiler ABI info - done
-- Detecting C compile features
-- Detecting C compile features - done
-- Check if compiler accepts -pthread
-- Check if compiler accepts -pthread - yes
-- Added test 'copyright' to check source files copyright and LICENSE
-- Added test 'cppcheck' to perform static code analysis on C / C++ code
-- Configured cppcheck include dirs: /home/ros_workspace/src/navigation2/nav2_behavior_tree/include
-- Configured cppcheck exclude dirs and/or files: 
-- Added test 'cpplint' to check C / C++ code against the Google style
-- Configured cpplint exclude dirs and/or files: 
-- Added test 'lint_cmake' to check CMake code style
-- Added test 'uncrustify' to check C / C++ code style
-- Configured uncrustify additional arguments: 
-- Added test 'xmllint' to check XML markup files
-- Configuring done
-- Generating done
-- Build files have been written to: /home/ros_workspace/build/nav2_behavior_tree
[35m[1mScanning dependencies of target nav2_transform_available_condition_bt_node[0m
[35m[1mScanning dependencies of target nav2_pipeline_sequence_bt_node[0m
[35m[1mScanning dependencies of target nav2_spin_action_bt_node[0m
[35m[1mScanning dependencies of target nav2_wait_action_bt_node[0m
[35m[1mScanning dependencies of target nav2_compute_path_to_pose_action_bt_node[0m
[  1%] [32mBuilding CXX object CMakeFiles/nav2_pipeline_sequence_bt_node.dir/plugins/control/pipeline_sequence.cpp.o[0m
[  2%] [32mBuilding CXX object CMakeFiles/nav2_spin_action_bt_node.dir/plugins/action/spin_action.cpp.o[0m
[  3%] [32mBuilding CXX object CMakeFiles/nav2_wait_action_bt_node.dir/plugins/action/wait_action.cpp.o[0m
[  4%] [32mBuilding CXX object CMakeFiles/nav2_transform_available_condition_bt_node.dir/plugins/condition/transform_available_condition.cpp.o[0m
[  5%] [32mBuilding CXX object CMakeFiles/nav2_compute_path_to_pose_action_bt_node.dir/plugins/action/compute_path_to_pose_action.cpp.o[0m
[35m[1mScanning dependencies of target nav2_behavior_tree[0m
[35m[1mScanning dependencies of target nav2_is_stuck_condition_bt_node[0m
[35m[1mScanning dependencies of target nav2_goal_updated_condition_bt_node[0m
[  6%] [32mBuilding CXX object CMakeFiles/nav2_goal_updated_condition_bt_node.dir/plugins/condition/goal_updated_condition.cpp.o[0m
[  7%] [32mBuilding CXX object CMakeFiles/nav2_behavior_tree.dir/src/behavior_tree_engine.cpp.o[0m
[  8%] [32mBuilding CXX object CMakeFiles/nav2_is_stuck_condition_bt_node.dir/plugins/condition/is_stuck_condition.cpp.o[0m
[  9%] [32m[1mLinking CXX shared library libnav2_pipeline_sequence_bt_node.so[0m
[  9%] Built target nav2_pipeline_sequence_bt_node
[ 10%] [32m[1mLinking CXX shared library libnav2_goal_updated_condition_bt_node.so[0m
[ 10%] Built target nav2_goal_updated_condition_bt_node
[ 11%] [32m[1mLinking CXX shared library libnav2_behavior_tree.so[0m
[ 12%] [32m[1mLinking CXX shared library libnav2_transform_available_condition_bt_node.so[0m
[ 12%] Built target nav2_behavior_tree
[ 12%] Built target nav2_transform_available_condition_bt_node
[ 13%] [32m[1mLinking CXX shared library libnav2_wait_action_bt_node.so[0m
[ 14%] [32m[1mLinking CXX shared library libnav2_spin_action_bt_node.so[0m
[ 14%] Built target nav2_wait_action_bt_node
[ 14%] Built target nav2_spin_action_bt_node
[ 15%] [32m[1mLinking CXX shared library libnav2_compute_path_to_pose_action_bt_node.so[0m
[ 15%] Built target nav2_compute_path_to_pose_action_bt_node
[ 16%] [32m[1mLinking CXX shared library libnav2_is_stuck_condition_bt_node.so[0m
[ 16%] Built target nav2_is_stuck_condition_bt_node
[35m[1mScanning dependencies of target nav2_is_battery_low_condition_bt_node[0m
[ 17%] [32mBuilding CXX object CMakeFiles/nav2_is_battery_low_condition_bt_node.dir/plugins/condition/is_battery_low_condition.cpp.o[0m
[ 18%] [32m[1mLinking CXX shared library libnav2_is_battery_low_condition_bt_node.so[0m
[ 18%] Built target nav2_is_battery_low_condition_bt_node
[35m[1mScanning dependencies of target nav2_reinitialize_global_localization_service_bt_node[0m
[ 19%] [32mBuilding CXX object CMakeFiles/nav2_reinitialize_global_localization_service_bt_node.dir/plugins/action/reinitialize_global_localization_service.cpp.o[0m
[ 20%] [32m[1mLinking CXX shared library libnav2_reinitialize_global_localization_service_bt_node.so[0m
[ 20%] Built target nav2_reinitialize_global_localization_service_bt_node
[35m[1mScanning dependencies of target nav2_rate_controller_bt_node[0m
[ 21%] [32mBuilding CXX object CMakeFiles/nav2_rate_controller_bt_node.dir/plugins/decorator/rate_controller.cpp.o[0m
[ 22%] [32m[1mLinking CXX shared library libnav2_rate_controller_bt_node.so[0m
[ 22%] Built target nav2_rate_controller_bt_node
[35m[1mScanning dependencies of target nav2_distance_controller_bt_node[0m
[ 23%] [32mBuilding CXX object CMakeFiles/nav2_distance_controller_bt_node.dir/plugins/decorator/distance_controller.cpp.o[0m
[ 24%] [32m[1mLinking CXX shared library libnav2_distance_controller_bt_node.so[0m
[ 24%] Built target nav2_distance_controller_bt_node
[35m[1mScanning dependencies of target nav2_round_robin_node_bt_node[0m
[ 25%] [32mBuilding CXX object CMakeFiles/nav2_round_robin_node_bt_node.dir/plugins/control/round_robin_node.cpp.o[0m
[ 26%] [32m[1mLinking CXX shared library libnav2_round_robin_node_bt_node.so[0m
[ 26%] Built target nav2_round_robin_node_bt_node
[35m[1mScanning dependencies of target nav2_clear_costmap_service_bt_node[0m
[ 27%] [32mBuilding CXX object CMakeFiles/nav2_clear_costmap_service_bt_node.dir/plugins/action/clear_costmap_service.cpp.o[0m
[ 28%] [32m[1mLinking CXX shared library libnav2_clear_costmap_service_bt_node.so[0m
[ 28%] Built target nav2_clear_costmap_service_bt_node
[35m[1mScanning dependencies of target nav2_speed_controller_bt_node[0m
[ 29%] [32mBuilding CXX object CMakeFiles/nav2_speed_controller_bt_node.dir/plugins/decorator/speed_controller.cpp.o[0m
[ 30%] [32m[1mLinking CXX shared library libnav2_speed_controller_bt_node.so[0m
[ 30%] Built target nav2_speed_controller_bt_node
[35m[1mScanning dependencies of target nav2_truncate_path_action_bt_node[0m
[ 31%] [32mBuilding CXX object CMakeFiles/nav2_truncate_path_action_bt_node.dir/plugins/action/truncate_path_action.cpp.o[0m
[35m[1mScanning dependencies of target nav2_navigate_to_pose_action_bt_node[0m
[ 32%] [32mBuilding CXX object CMakeFiles/nav2_navigate_to_pose_action_bt_node.dir/plugins/action/navigate_to_pose_action.cpp.o[0m
[35m[1mScanning dependencies of target nav2_distance_traveled_condition_bt_node[0m
[35m[1mScanning dependencies of target nav2_time_expired_condition_bt_node[0m
[ 33%] [32mBuilding CXX object CMakeFiles/nav2_distance_traveled_condition_bt_node.dir/plugins/condition/distance_traveled_condition.cpp.o[0m
[ 34%] [32mBuilding CXX object CMakeFiles/nav2_time_expired_condition_bt_node.dir/plugins/condition/time_expired_condition.cpp.o[0m
[35m[1mScanning dependencies of target nav2_initial_pose_received_condition_bt_node[0m
[ 35%] [32mBuilding CXX object CMakeFiles/nav2_initial_pose_received_condition_bt_node.dir/plugins/condition/initial_pose_received_condition.cpp.o[0m
[35m[1mScanning dependencies of target nav2_goal_reached_condition_bt_node[0m
[ 36%] [32mBuilding CXX object CMakeFiles/nav2_goal_reached_condition_bt_node.dir/plugins/condition/goal_reached_condition.cpp.o[0m
[35m[1mScanning dependencies of target nav2_follow_path_action_bt_node[0m
[ 37%] [32mBuilding CXX object CMakeFiles/nav2_follow_path_action_bt_node.dir/plugins/action/follow_path_action.cpp.o[0m
[ 38%] [32m[1mLinking CXX shared library libnav2_initial_pose_received_condition_bt_node.so[0m
[ 38%] Built target nav2_initial_pose_received_condition_bt_node
[ 39%] [32m[1mLinking CXX shared library libnav2_truncate_path_action_bt_node.so[0m
[ 39%] Built target nav2_truncate_path_action_bt_node
[ 40%] [32m[1mLinking CXX shared library libnav2_time_expired_condition_bt_node.so[0m
[ 40%] Built target nav2_time_expired_condition_bt_node
[ 41%] [32m[1mLinking CXX shared library libnav2_distance_traveled_condition_bt_node.so[0m
[ 41%] Built target nav2_distance_traveled_condition_bt_node
[ 42%] [32m[1mLinking CXX shared library libnav2_navigate_to_pose_action_bt_node.so[0m
[ 42%] Built target nav2_navigate_to_pose_action_bt_node
[ 43%] [32m[1mLinking CXX shared library libnav2_goal_reached_condition_bt_node.so[0m
[ 43%] Built target nav2_goal_reached_condition_bt_node
[ 44%] [32m[1mLinking CXX shared library libnav2_follow_path_action_bt_node.so[0m
[ 44%] Built target nav2_follow_path_action_bt_node
[35m[1mScanning dependencies of target gtest_main[0m
[ 45%] [32mBuilding CXX object gtest/CMakeFiles/gtest_main.dir/src/gtest_main.cc.o[0m
[ 46%] [32m[1mLinking CXX static library libgtest_main.a[0m
[ 46%] Built target gtest_main
[35m[1mScanning dependencies of target gtest[0m
[ 47%] [32mBuilding CXX object gtest/CMakeFiles/gtest.dir/src/gtest-all.cc.o[0m
[ 48%] [32m[1mLinking CXX static library libgtest.a[0m
[ 48%] Built target gtest
[35m[1mScanning dependencies of target nav2_recovery_node_bt_node[0m
[ 50%] [32mBuilding CXX object CMakeFiles/nav2_recovery_node_bt_node.dir/plugins/control/recovery_node.cpp.o[0m
[35m[1mScanning dependencies of target test_condition_initial_pose_received[0m
[ 51%] [32mBuilding CXX object test/plugins/condition/CMakeFiles/test_condition_initial_pose_received.dir/test_initial_pose_received.cpp.o[0m
[35m[1mScanning dependencies of target test_condition_goal_updated[0m
[ 52%] [32mBuilding CXX object test/plugins/condition/CMakeFiles/test_condition_goal_updated.dir/test_goal_updated.cpp.o[0m
[ 53%] [32m[1mLinking CXX shared library libnav2_recovery_node_bt_node.so[0m
[ 53%] Built target nav2_recovery_node_bt_node
[35m[1mScanning dependencies of target test_condition_time_expired[0m
[ 54%] [32mBuilding CXX object test/plugins/condition/CMakeFiles/test_condition_time_expired.dir/test_time_expired.cpp.o[0m
[35m[1mScanning dependencies of target test_condition_is_battery_low[0m
[ 55%] [32mBuilding CXX object test/plugins/condition/CMakeFiles/test_condition_is_battery_low.dir/test_is_battery_low.cpp.o[0m
[35m[1mScanning dependencies of target test_condition_distance_traveled[0m
[35m[1mScanning dependencies of target test_bt_conversions[0m
[ 56%] [32mBuilding CXX object test/plugins/condition/CMakeFiles/test_condition_distance_traveled.dir/test_distance_traveled.cpp.o[0m
[ 57%] [32mBuilding CXX object test/CMakeFiles/test_bt_conversions.dir/test_bt_conversions.cpp.o[0m
[35m[1mScanning dependencies of target nav2_back_up_action_bt_node[0m
[ 58%] [32mBuilding CXX object CMakeFiles/nav2_back_up_action_bt_node.dir/plugins/action/back_up_action.cpp.o[0m
[35m[1mScanning dependencies of target nav2_goal_updater_node_bt_node[0m
[ 59%] [32mBuilding CXX object CMakeFiles/nav2_goal_updater_node_bt_node.dir/plugins/decorator/goal_updater_node.cpp.o[0m
[ 60%] [32m[1mLinking CXX executable test_condition_initial_pose_received[0m
[ 60%] Built target test_condition_initial_pose_received
[ 61%] [32m[1mLinking CXX executable test_bt_conversions[0m
[ 61%] Built target test_bt_conversions
[ 62%] [32m[1mLinking CXX executable test_condition_time_expired[0m
[ 62%] Built target test_condition_time_expired
[ 63%] [32m[1mLinking CXX executable test_condition_goal_updated[0m
[ 63%] Built target test_condition_goal_updated
[ 64%] [32m[1mLinking CXX executable test_condition_is_battery_low[0m
[ 64%] Built target test_condition_is_battery_low
[ 65%] [32m[1mLinking CXX executable test_condition_distance_traveled[0m
[ 65%] Built target test_condition_distance_traveled
[ 66%] [32m[1mLinking CXX shared library libnav2_back_up_action_bt_node.so[0m
[ 66%] Built target nav2_back_up_action_bt_node
[ 67%] [32m[1mLinking CXX shared library libnav2_goal_updater_node_bt_node.so[0m
[ 67%] Built target nav2_goal_updater_node_bt_node
[35m[1mScanning dependencies of target test_control_round_robin_node[0m
[ 68%] [32mBuilding CXX object test/plugins/control/CMakeFiles/test_control_round_robin_node.dir/test_round_robin_node.cpp.o[0m
[ 69%] [32m[1mLinking CXX executable test_control_round_robin_node[0m
[ 69%] Built target test_control_round_robin_node
[35m[1mScanning dependencies of target test_control_pipeline_sequence[0m
[ 70%] [32mBuilding CXX object test/plugins/control/CMakeFiles/test_control_pipeline_sequence.dir/test_pipeline_sequence.cpp.o[0m
[35m[1mScanning dependencies of target test_control_recovery_node[0m
[ 71%] [32mBuilding CXX object test/plugins/control/CMakeFiles/test_control_recovery_node.dir/test_recovery_node.cpp.o[0m
[35m[1mScanning dependencies of target test_decorator_distance_controller[0m
[ 72%] [32mBuilding CXX object test/plugins/decorator/CMakeFiles/test_decorator_distance_controller.dir/test_distance_controller.cpp.o[0m
[35m[1mScanning dependencies of target test_decorator_speed_controller[0m
[ 73%] [32mBuilding CXX object test/plugins/decorator/CMakeFiles/test_decorator_speed_controller.dir/test_speed_controller.cpp.o[0m
[35m[1mScanning dependencies of target test_decorator_rate_controller[0m
[35m[1mScanning dependencies of target test_condition_goal_reached[0m
[ 74%] [32mBuilding CXX object test/plugins/decorator/CMakeFiles/test_decorator_rate_controller.dir/test_rate_controller.cpp.o[0m
[ 75%] [32mBuilding CXX object test/plugins/condition/CMakeFiles/test_condition_goal_reached.dir/test_goal_reached.cpp.o[0m
[35m[1mScanning dependencies of target test_condition_is_stuck[0m
[ 76%] [32mBuilding CXX object test/plugins/condition/CMakeFiles/test_condition_is_stuck.dir/test_is_stuck.cpp.o[0m
[35m[1mScanning dependencies of target test_condition_transform_available[0m
[ 77%] [32mBuilding CXX object test/plugins/condition/CMakeFiles/test_condition_transform_available.dir/test_transform_available.cpp.o[0m
[ 78%] [32m[1mLinking CXX executable test_control_pipeline_sequence[0m
[ 78%] Built target test_control_pipeline_sequence
[ 79%] [32m[1mLinking CXX executable test_control_recovery_node[0m
[ 79%] Built target test_control_recovery_node
[ 80%] [32m[1mLinking CXX executable test_decorator_distance_controller[0m
[ 80%] Built target test_decorator_distance_controller
[ 81%] [32m[1mLinking CXX executable test_decorator_rate_controller[0m
[ 81%] Built target test_decorator_rate_controller
[ 82%] [32m[1mLinking CXX executable test_decorator_speed_controller[0m
[ 83%] [32m[1mLinking CXX executable test_condition_goal_reached[0m
[ 83%] Built target test_decorator_speed_controller
[ 83%] Built target test_condition_goal_reached
[ 84%] [32m[1mLinking CXX executable test_condition_transform_available[0m
[ 85%] [32m[1mLinking CXX executable test_condition_is_stuck[0m
[ 85%] Built target test_condition_transform_available
[ 85%] Built target test_condition_is_stuck
[35m[1mScanning dependencies of target test_goal_updater_node[0m
[35m[1mScanning dependencies of target test_action_reinitialize_global_localization_service[0m
[35m[1mScanning dependencies of target test_action_clear_costmap_service[0m
[ 86%] [32mBuilding CXX object test/plugins/action/CMakeFiles/test_action_reinitialize_global_localization_service.dir/test_reinitialize_global_localization_service.cpp.o[0m
[ 87%] [32mBuilding CXX object test/plugins/action/CMakeFiles/test_action_clear_costmap_service.dir/test_clear_costmap_service.cpp.o[0m
[ 88%] [32mBuilding CXX object test/plugins/decorator/CMakeFiles/test_goal_updater_node.dir/test_goal_updater_node.cpp.o[0m
[ 89%] [32m[1mLinking CXX executable test_action_clear_costmap_service[0m
[ 90%] [32m[1mLinking CXX executable test_action_reinitialize_global_localization_service[0m
[ 90%] Built target test_action_clear_costmap_service
[35m[1mScanning dependencies of target test_action_navigate_to_pose_action[0m
[35m[1mScanning dependencies of target test_action_compute_path_to_pose_action[0m
[35m[1mScanning dependencies of target test_action_follow_path_action[0m
[ 91%] [32mBuilding CXX object test/plugins/action/CMakeFiles/test_action_navigate_to_pose_action.dir/test_navigate_to_pose_action.cpp.o[0m
[ 92%] [32mBuilding CXX object test/plugins/action/CMakeFiles/test_action_follow_path_action.dir/test_follow_path_action.cpp.o[0m
[ 93%] [32mBuilding CXX object test/plugins/action/CMakeFiles/test_action_compute_path_to_pose_action.dir/test_compute_path_to_pose_action.cpp.o[0m
[ 93%] Built target test_action_reinitialize_global_localization_service
[35m[1mScanning dependencies of target test_truncate_path_action[0m
[ 94%] [32mBuilding CXX object test/plugins/action/CMakeFiles/test_truncate_path_action.dir/test_truncate_path_action.cpp.o[0m
[ 95%] [32m[1mLinking CXX executable test_goal_updater_node[0m
[ 95%] Built target test_goal_updater_node
[ 96%] [32m[1mLinking CXX executable test_truncate_path_action[0m
[ 96%] Built target test_truncate_path_action
[ 97%] [32m[1mLinking CXX executable test_action_navigate_to_pose_action[0m
[ 97%] Built target test_action_navigate_to_pose_action
[ 98%] [32m[1mLinking CXX executable test_action_compute_path_to_pose_action[0m
[100%] [32m[1mLinking CXX executable test_action_follow_path_action[0m
[100%] Built target test_action_compute_path_to_pose_action
[100%] Built target test_action_follow_path_action
