[0.054s] Invoking command in '/home/ros_workspace/build/nav2_behavior_tree': CMAKE_PREFIX_PATH=/home/ros_workspace/install/nav2_util:/home/ros_workspace/install/nav2_msgs:/home/ros_workspace/install/nav2_common:/home/ros_workspace/install/nav2_bringup:/home/ros_workspace/install/navigation2:/home/ros_workspace/install/nav2_waypoint_follower:/home/ros_workspace/install/nav2_core:/home/ros_workspace/install/nav2_costmap_2d:/home/ros_workspace/install/nav2_voxel_grid:/home/ros_workspace/install/nav2_rviz_plugins:/home/ros_workspace/install/nav2_map_server:/home/ros_workspace/install/nav2_lifecycle_manager:/home/ros_workspace/install/nav2_bt_navigator:/home/ros_workspace/install/nav2_behavior_tree:/home/ros_workspace/install/mpcc_interfaces:/home/ros_workspace/install/static_collision_avoidance:/home/ros_workspace/install/simple_igoneo_commander:/home/ros_workspace/install/mpcc_local_planner:/home/ros_workspace/install/local_path_planner:/home/ros_workspace/install/dynamic_collision_avoidance:/home/ros_workspace/install/cost_map_server:/home/ros_workspace/install/nav2_gazebo_spawner:/home/ros_workspace/install/mpc_igoneo:/home/ros_workspace/install/mpc_dynamic_obstacles:/home/ros_workspace/install/igoneo_dynamic_window:/opt/ros/foxy LD_LIBRARY_PATH=/home/ros_workspace/install/nav2_util/lib:/home/ros_workspace/install/nav2_msgs/lib:/home/ros_workspace/install/nav2_waypoint_follower/lib:/home/ros_workspace/install/nav2_costmap_2d/lib:/home/ros_workspace/install/nav2_voxel_grid/lib:/home/ros_workspace/install/nav2_rviz_plugins/lib:/home/ros_workspace/install/nav2_map_server/lib:/home/ros_workspace/install/nav2_lifecycle_manager/lib:/home/ros_workspace/install/nav2_bt_navigator/lib:/home/ros_workspace/install/nav2_behavior_tree/lib:/opt/ros/foxy/opt/yaml_cpp_vendor/lib:/opt/ros/foxy/opt/rviz_ogre_vendor/lib:/opt/ros/foxy/lib/x86_64-linux-gnu:/opt/ros/foxy/lib PYTHONPATH=/home/ros_workspace/install/nav2_msgs/lib/python3.8/site-packages:/home/ros_workspace/install/nav2_common/lib/python3.8/site-packages:/home/ros_workspace/install/static_collision_avoidance/lib/python3.8/site-packages:/home/ros_workspace/install/simple_igoneo_commander/lib/python3.8/site-packages:/home/ros_workspace/install/mpcc_local_planner/lib/python3.8/site-packages:/home/ros_workspace/install/local_path_planner/lib/python3.8/site-packages:/home/ros_workspace/install/dynamic_collision_avoidance/lib/python3.8/site-packages:/home/ros_workspace/install/cost_map_server/lib/python3.8/site-packages:/home/ros_workspace/install/nav2_gazebo_spawner/lib/python3.8/site-packages:/home/ros_workspace/install/mpc_igoneo/lib/python3.8/site-packages:/home/ros_workspace/install/mpc_dynamic_obstacles/lib/python3.8/site-packages:/home/ros_workspace/install/igoneo_dynamic_window/lib/python3.8/site-packages:/opt/ros/foxy/lib/python3.8/site-packages /usr/bin/cmake /home/ros_workspace/src/navigation2/nav2_behavior_tree -DCMAKE_INSTALL_PREFIX=/home/ros_workspace/install/nav2_behavior_tree
[0.143s] -- The CXX compiler identification is GNU 9.4.0
[0.156s] -- Check for working CXX compiler: /usr/bin/c++
[0.266s] -- Check for working CXX compiler: /usr/bin/c++ -- works
[0.267s] -- Detecting CXX compiler ABI info
[0.369s] -- Detecting CXX compiler ABI info - done
[0.389s] -- Detecting CXX compile features
[0.390s] -- Detecting CXX compile features - done
[0.399s] -- Found ament_cmake: 0.9.11 (/opt/ros/foxy/share/ament_cmake/cmake)
[0.451s] -- Found PythonInterp: /usr/bin/python3 (found suitable version "3.8.10", minimum required is "3") 
[0.451s] -- Using PYTHON_EXECUTABLE: /usr/bin/python3
[0.803s] -- Found nav2_common: 0.4.7 (/home/ros_workspace/install/nav2_common/share/nav2_common/cmake)
[0.809s] -- Found rclcpp: 2.4.2 (/opt/ros/foxy/share/rclcpp/cmake)
[0.936s] -- Using all available rosidl_typesupport_c: rosidl_typesupport_fastrtps_c;rosidl_typesupport_introspection_c
[0.956s] -- Found rosidl_adapter: 1.3.0 (/opt/ros/foxy/share/rosidl_adapter/cmake)
[1.131s] -- Found OpenSSL: /usr/lib/x86_64-linux-gnu/libcrypto.so (found version "1.1.1f")  
[1.207s] -- Found FastRTPS: /opt/ros/foxy/include  
[1.429s] -- Using all available rosidl_typesupport_cpp: rosidl_typesupport_fastrtps_cpp;rosidl_typesupport_introspection_cpp
[1.597s] -- Found rmw_implementation_cmake: 1.0.3 (/opt/ros/foxy/share/rmw_implementation_cmake/cmake)
[1.602s] -- Using RMW implementation 'rmw_fastrtps_cpp' as default
[1.605s] -- Looking for C++ include pthread.h
[1.748s] -- Looking for C++ include pthread.h - found
[1.748s] -- Performing Test CMAKE_HAVE_LIBC_PTHREAD
[1.885s] -- Performing Test CMAKE_HAVE_LIBC_PTHREAD - Failed
[1.885s] -- Looking for pthread_create in pthreads
[2.018s] -- Looking for pthread_create in pthreads - not found
[2.018s] -- Looking for pthread_create in pthread
[2.166s] -- Looking for pthread_create in pthread - found
[2.168s] -- Found Threads: TRUE  
[2.458s] -- Found rclcpp_action: 2.4.2 (/opt/ros/foxy/share/rclcpp_action/cmake)
[2.598s] -- Found rclcpp_lifecycle: 2.4.2 (/opt/ros/foxy/share/rclcpp_lifecycle/cmake)
[2.652s] -- Found geometry_msgs: 2.0.5 (/opt/ros/foxy/share/geometry_msgs/cmake)
[2.719s] -- Found sensor_msgs: 2.0.5 (/opt/ros/foxy/share/sensor_msgs/cmake)
[2.851s] -- Found nav2_msgs: 0.4.7 (/home/ros_workspace/install/nav2_msgs/share/nav2_msgs/cmake)
[3.573s] -- Found behaviortree_cpp_v3: 3.6.1 (/opt/ros/foxy/share/behaviortree_cpp_v3/cmake)
[3.580s] -- Found tf2_ros: 0.13.13 (/opt/ros/foxy/share/tf2_ros/cmake)
[4.072s] -- Found tf2_geometry_msgs: 0.13.13 (/opt/ros/foxy/share/tf2_geometry_msgs/cmake)
[4.106s] -- Found eigen3_cmake_module: 0.1.1 (/opt/ros/foxy/share/eigen3_cmake_module/cmake)
[4.115s] -- Found Eigen3: TRUE (found version "3.3.7") 
[4.156s] -- Found std_srvs: 2.0.5 (/opt/ros/foxy/share/std_srvs/cmake)
[4.172s] -- Found nav2_util: 0.4.7 (/home/ros_workspace/install/nav2_util/share/nav2_util/cmake)
[4.437s] -- Setting build type to Release as none was specified.
[13.667s] -- Found ament_lint_auto: 0.9.7 (/opt/ros/foxy/share/ament_lint_auto/cmake)
[13.872s] -- Found ament_cmake_gtest: 0.9.11 (/opt/ros/foxy/share/ament_cmake_gtest/cmake)
[13.885s] -- Found gtest sources under '/opt/ros/foxy/src/gtest_vendor': C++ tests using 'Google Test' will be built
[13.971s] -- The C compiler identification is GNU 9.4.0
[13.982s] -- Check for working C compiler: /usr/bin/cc
[14.150s] -- Check for working C compiler: /usr/bin/cc -- works
[14.152s] -- Detecting C compiler ABI info
[14.290s] -- Detecting C compiler ABI info - done
[14.314s] -- Detecting C compile features
[14.315s] -- Detecting C compile features - done
[14.319s] -- Check if compiler accepts -pthread
[14.518s] -- Check if compiler accepts -pthread - yes
[24.281s] -- Added test 'copyright' to check source files copyright and LICENSE
[24.294s] -- Added test 'cppcheck' to perform static code analysis on C / C++ code
[24.300s] -- Configured cppcheck include dirs: /home/ros_workspace/src/navigation2/nav2_behavior_tree/include
[24.300s] -- Configured cppcheck exclude dirs and/or files: 
[24.313s] -- Added test 'cpplint' to check C / C++ code against the Google style
[24.313s] -- Configured cpplint exclude dirs and/or files: 
[24.319s] -- Added test 'lint_cmake' to check CMake code style
[24.334s] -- Added test 'uncrustify' to check C / C++ code style
[24.334s] -- Configured uncrustify additional arguments: 
[24.337s] -- Added test 'xmllint' to check XML markup files
[24.359s] -- Configuring done
[28.218s] -- Generating done
[28.234s] -- Build files have been written to: /home/ros_workspace/build/nav2_behavior_tree
[28.290s] Invoked command in '/home/ros_workspace/build/nav2_behavior_tree' returned '0': CMAKE_PREFIX_PATH=/home/ros_workspace/install/nav2_util:/home/ros_workspace/install/nav2_msgs:/home/ros_workspace/install/nav2_common:/home/ros_workspace/install/nav2_bringup:/home/ros_workspace/install/navigation2:/home/ros_workspace/install/nav2_waypoint_follower:/home/ros_workspace/install/nav2_core:/home/ros_workspace/install/nav2_costmap_2d:/home/ros_workspace/install/nav2_voxel_grid:/home/ros_workspace/install/nav2_rviz_plugins:/home/ros_workspace/install/nav2_map_server:/home/ros_workspace/install/nav2_lifecycle_manager:/home/ros_workspace/install/nav2_bt_navigator:/home/ros_workspace/install/nav2_behavior_tree:/home/ros_workspace/install/mpcc_interfaces:/home/ros_workspace/install/static_collision_avoidance:/home/ros_workspace/install/simple_igoneo_commander:/home/ros_workspace/install/mpcc_local_planner:/home/ros_workspace/install/local_path_planner:/home/ros_workspace/install/dynamic_collision_avoidance:/home/ros_workspace/install/cost_map_server:/home/ros_workspace/install/nav2_gazebo_spawner:/home/ros_workspace/install/mpc_igoneo:/home/ros_workspace/install/mpc_dynamic_obstacles:/home/ros_workspace/install/igoneo_dynamic_window:/opt/ros/foxy LD_LIBRARY_PATH=/home/ros_workspace/install/nav2_util/lib:/home/ros_workspace/install/nav2_msgs/lib:/home/ros_workspace/install/nav2_waypoint_follower/lib:/home/ros_workspace/install/nav2_costmap_2d/lib:/home/ros_workspace/install/nav2_voxel_grid/lib:/home/ros_workspace/install/nav2_rviz_plugins/lib:/home/ros_workspace/install/nav2_map_server/lib:/home/ros_workspace/install/nav2_lifecycle_manager/lib:/home/ros_workspace/install/nav2_bt_navigator/lib:/home/ros_workspace/install/nav2_behavior_tree/lib:/opt/ros/foxy/opt/yaml_cpp_vendor/lib:/opt/ros/foxy/opt/rviz_ogre_vendor/lib:/opt/ros/foxy/lib/x86_64-linux-gnu:/opt/ros/foxy/lib PYTHONPATH=/home/ros_workspace/install/nav2_msgs/lib/python3.8/site-packages:/home/ros_workspace/install/nav2_common/lib/python3.8/site-packages:/home/ros_workspace/install/static_collision_avoidance/lib/python3.8/site-packages:/home/ros_workspace/install/simple_igoneo_commander/lib/python3.8/site-packages:/home/ros_workspace/install/mpcc_local_planner/lib/python3.8/site-packages:/home/ros_workspace/install/local_path_planner/lib/python3.8/site-packages:/home/ros_workspace/install/dynamic_collision_avoidance/lib/python3.8/site-packages:/home/ros_workspace/install/cost_map_server/lib/python3.8/site-packages:/home/ros_workspace/install/nav2_gazebo_spawner/lib/python3.8/site-packages:/home/ros_workspace/install/mpc_igoneo/lib/python3.8/site-packages:/home/ros_workspace/install/mpc_dynamic_obstacles/lib/python3.8/site-packages:/home/ros_workspace/install/igoneo_dynamic_window/lib/python3.8/site-packages:/opt/ros/foxy/lib/python3.8/site-packages /usr/bin/cmake /home/ros_workspace/src/navigation2/nav2_behavior_tree -DCMAKE_INSTALL_PREFIX=/home/ros_workspace/install/nav2_behavior_tree
[28.291s] Invoking command in '/home/ros_workspace/build/nav2_behavior_tree': CMAKE_PREFIX_PATH=/home/ros_workspace/install/nav2_util:/home/ros_workspace/install/nav2_msgs:/home/ros_workspace/install/nav2_common:/home/ros_workspace/install/nav2_bringup:/home/ros_workspace/install/navigation2:/home/ros_workspace/install/nav2_waypoint_follower:/home/ros_workspace/install/nav2_core:/home/ros_workspace/install/nav2_costmap_2d:/home/ros_workspace/install/nav2_voxel_grid:/home/ros_workspace/install/nav2_rviz_plugins:/home/ros_workspace/install/nav2_map_server:/home/ros_workspace/install/nav2_lifecycle_manager:/home/ros_workspace/install/nav2_bt_navigator:/home/ros_workspace/install/nav2_behavior_tree:/home/ros_workspace/install/mpcc_interfaces:/home/ros_workspace/install/static_collision_avoidance:/home/ros_workspace/install/simple_igoneo_commander:/home/ros_workspace/install/mpcc_local_planner:/home/ros_workspace/install/local_path_planner:/home/ros_workspace/install/dynamic_collision_avoidance:/home/ros_workspace/install/cost_map_server:/home/ros_workspace/install/nav2_gazebo_spawner:/home/ros_workspace/install/mpc_igoneo:/home/ros_workspace/install/mpc_dynamic_obstacles:/home/ros_workspace/install/igoneo_dynamic_window:/opt/ros/foxy LD_LIBRARY_PATH=/home/ros_workspace/install/nav2_util/lib:/home/ros_workspace/install/nav2_msgs/lib:/home/ros_workspace/install/nav2_waypoint_follower/lib:/home/ros_workspace/install/nav2_costmap_2d/lib:/home/ros_workspace/install/nav2_voxel_grid/lib:/home/ros_workspace/install/nav2_rviz_plugins/lib:/home/ros_workspace/install/nav2_map_server/lib:/home/ros_workspace/install/nav2_lifecycle_manager/lib:/home/ros_workspace/install/nav2_bt_navigator/lib:/home/ros_workspace/install/nav2_behavior_tree/lib:/opt/ros/foxy/opt/yaml_cpp_vendor/lib:/opt/ros/foxy/opt/rviz_ogre_vendor/lib:/opt/ros/foxy/lib/x86_64-linux-gnu:/opt/ros/foxy/lib PYTHONPATH=/home/ros_workspace/install/nav2_msgs/lib/python3.8/site-packages:/home/ros_workspace/install/nav2_common/lib/python3.8/site-packages:/home/ros_workspace/install/static_collision_avoidance/lib/python3.8/site-packages:/home/ros_workspace/install/simple_igoneo_commander/lib/python3.8/site-packages:/home/ros_workspace/install/mpcc_local_planner/lib/python3.8/site-packages:/home/ros_workspace/install/local_path_planner/lib/python3.8/site-packages:/home/ros_workspace/install/dynamic_collision_avoidance/lib/python3.8/site-packages:/home/ros_workspace/install/cost_map_server/lib/python3.8/site-packages:/home/ros_workspace/install/nav2_gazebo_spawner/lib/python3.8/site-packages:/home/ros_workspace/install/mpc_igoneo/lib/python3.8/site-packages:/home/ros_workspace/install/mpc_dynamic_obstacles/lib/python3.8/site-packages:/home/ros_workspace/install/igoneo_dynamic_window/lib/python3.8/site-packages:/opt/ros/foxy/lib/python3.8/site-packages /usr/bin/cmake --build /home/ros_workspace/build/nav2_behavior_tree -- -j8 -l8
[28.406s] [35m[1mScanning dependencies of target nav2_transform_available_condition_bt_node[0m
[28.438s] [35m[1mScanning dependencies of target nav2_pipeline_sequence_bt_node[0m
[28.450s] [35m[1mScanning dependencies of target nav2_spin_action_bt_node[0m
[28.465s] [35m[1mScanning dependencies of target nav2_wait_action_bt_node[0m
[28.504s] [35m[1mScanning dependencies of target nav2_compute_path_to_pose_action_bt_node[0m
[28.578s] [  1%] [32mBuilding CXX object CMakeFiles/nav2_pipeline_sequence_bt_node.dir/plugins/control/pipeline_sequence.cpp.o[0m
[28.720s] [  2%] [32mBuilding CXX object CMakeFiles/nav2_spin_action_bt_node.dir/plugins/action/spin_action.cpp.o[0m
[28.726s] [  3%] [32mBuilding CXX object CMakeFiles/nav2_wait_action_bt_node.dir/plugins/action/wait_action.cpp.o[0m
[28.745s] [  4%] [32mBuilding CXX object CMakeFiles/nav2_transform_available_condition_bt_node.dir/plugins/condition/transform_available_condition.cpp.o[0m
[28.770s] [  5%] [32mBuilding CXX object CMakeFiles/nav2_compute_path_to_pose_action_bt_node.dir/plugins/action/compute_path_to_pose_action.cpp.o[0m
[29.773s] [35m[1mScanning dependencies of target nav2_behavior_tree[0m
[29.787s] [35m[1mScanning dependencies of target nav2_is_stuck_condition_bt_node[0m
[29.808s] [35m[1mScanning dependencies of target nav2_goal_updated_condition_bt_node[0m
[29.929s] [  6%] [32mBuilding CXX object CMakeFiles/nav2_goal_updated_condition_bt_node.dir/plugins/condition/goal_updated_condition.cpp.o[0m
[29.963s] [  7%] [32mBuilding CXX object CMakeFiles/nav2_behavior_tree.dir/src/behavior_tree_engine.cpp.o[0m
[30.159s] [  8%] [32mBuilding CXX object CMakeFiles/nav2_is_stuck_condition_bt_node.dir/plugins/condition/is_stuck_condition.cpp.o[0m
[32.920s] [  9%] [32m[1mLinking CXX shared library libnav2_pipeline_sequence_bt_node.so[0m
[33.595s] [  9%] Built target nav2_pipeline_sequence_bt_node
[36.083s] [ 10%] [32m[1mLinking CXX shared library libnav2_goal_updated_condition_bt_node.so[0m
[36.816s] [ 10%] Built target nav2_goal_updated_condition_bt_node
[41.370s] [ 11%] [32m[1mLinking CXX shared library libnav2_behavior_tree.so[0m
[41.635s] [ 12%] [32m[1mLinking CXX shared library libnav2_transform_available_condition_bt_node.so[0m
[41.898s] [ 12%] Built target nav2_behavior_tree
[42.101s] [ 12%] Built target nav2_transform_available_condition_bt_node
[44.964s] [ 13%] [32m[1mLinking CXX shared library libnav2_wait_action_bt_node.so[0m
[45.181s] [ 14%] [32m[1mLinking CXX shared library libnav2_spin_action_bt_node.so[0m
[45.462s] [ 14%] Built target nav2_wait_action_bt_node
[45.624s] [ 14%] Built target nav2_spin_action_bt_node
[45.674s] [ 15%] [32m[1mLinking CXX shared library libnav2_compute_path_to_pose_action_bt_node.so[0m
[46.039s] [ 15%] Built target nav2_compute_path_to_pose_action_bt_node
[46.582s] [ 16%] [32m[1mLinking CXX shared library libnav2_is_stuck_condition_bt_node.so[0m
[46.829s] [ 16%] Built target nav2_is_stuck_condition_bt_node
[46.843s] [35m[1mScanning dependencies of target nav2_is_battery_low_condition_bt_node[0m
[46.907s] [ 17%] [32mBuilding CXX object CMakeFiles/nav2_is_battery_low_condition_bt_node.dir/plugins/condition/is_battery_low_condition.cpp.o[0m
[57.106s] [ 18%] [32m[1mLinking CXX shared library libnav2_is_battery_low_condition_bt_node.so[0m
[57.519s] [ 18%] Built target nav2_is_battery_low_condition_bt_node
[57.540s] [35m[1mScanning dependencies of target nav2_reinitialize_global_localization_service_bt_node[0m
[57.638s] [ 19%] [32mBuilding CXX object CMakeFiles/nav2_reinitialize_global_localization_service_bt_node.dir/plugins/action/reinitialize_global_localization_service.cpp.o[0m
[63.768s] [ 20%] [32m[1mLinking CXX shared library libnav2_reinitialize_global_localization_service_bt_node.so[0m
[64.015s] [ 20%] Built target nav2_reinitialize_global_localization_service_bt_node
[64.029s] [35m[1mScanning dependencies of target nav2_rate_controller_bt_node[0m
[64.052s] [ 21%] [32mBuilding CXX object CMakeFiles/nav2_rate_controller_bt_node.dir/plugins/decorator/rate_controller.cpp.o[0m
[67.614s] [ 22%] [32m[1mLinking CXX shared library libnav2_rate_controller_bt_node.so[0m
[67.841s] [ 22%] Built target nav2_rate_controller_bt_node
[67.861s] [35m[1mScanning dependencies of target nav2_distance_controller_bt_node[0m
[67.955s] [ 23%] [32mBuilding CXX object CMakeFiles/nav2_distance_controller_bt_node.dir/plugins/decorator/distance_controller.cpp.o[0m
[74.478s] [ 24%] [32m[1mLinking CXX shared library libnav2_distance_controller_bt_node.so[0m
[74.873s] [ 24%] Built target nav2_distance_controller_bt_node
[74.891s] [35m[1mScanning dependencies of target nav2_round_robin_node_bt_node[0m
[74.922s] [ 25%] [32mBuilding CXX object CMakeFiles/nav2_round_robin_node_bt_node.dir/plugins/control/round_robin_node.cpp.o[0m
[76.896s] [ 26%] [32m[1mLinking CXX shared library libnav2_round_robin_node_bt_node.so[0m
[77.113s] [ 26%] Built target nav2_round_robin_node_bt_node
[77.130s] [35m[1mScanning dependencies of target nav2_clear_costmap_service_bt_node[0m
[77.218s] [ 27%] [32mBuilding CXX object CMakeFiles/nav2_clear_costmap_service_bt_node.dir/plugins/action/clear_costmap_service.cpp.o[0m
[83.365s] [ 28%] [32m[1mLinking CXX shared library libnav2_clear_costmap_service_bt_node.so[0m
[83.591s] [ 28%] Built target nav2_clear_costmap_service_bt_node
[83.606s] [35m[1mScanning dependencies of target nav2_speed_controller_bt_node[0m
[83.684s] [ 29%] [32mBuilding CXX object CMakeFiles/nav2_speed_controller_bt_node.dir/plugins/decorator/speed_controller.cpp.o[0m
[88.702s] [ 30%] [32m[1mLinking CXX shared library libnav2_speed_controller_bt_node.so[0m
[88.993s] [ 30%] Built target nav2_speed_controller_bt_node
[89.010s] [35m[1mScanning dependencies of target nav2_truncate_path_action_bt_node[0m
[89.104s] [ 31%] [32mBuilding CXX object CMakeFiles/nav2_truncate_path_action_bt_node.dir/plugins/action/truncate_path_action.cpp.o[0m
[90.092s] [35m[1mScanning dependencies of target nav2_navigate_to_pose_action_bt_node[0m
[90.177s] [ 32%] [32mBuilding CXX object CMakeFiles/nav2_navigate_to_pose_action_bt_node.dir/plugins/action/navigate_to_pose_action.cpp.o[0m
[91.170s] [35m[1mScanning dependencies of target nav2_distance_traveled_condition_bt_node[0m
[91.264s] [35m[1mScanning dependencies of target nav2_time_expired_condition_bt_node[0m
[91.272s] [ 33%] [32mBuilding CXX object CMakeFiles/nav2_distance_traveled_condition_bt_node.dir/plugins/condition/distance_traveled_condition.cpp.o[0m
[91.371s] [ 34%] [32mBuilding CXX object CMakeFiles/nav2_time_expired_condition_bt_node.dir/plugins/condition/time_expired_condition.cpp.o[0m
[92.367s] [35m[1mScanning dependencies of target nav2_initial_pose_received_condition_bt_node[0m
[92.408s] [ 35%] [32mBuilding CXX object CMakeFiles/nav2_initial_pose_received_condition_bt_node.dir/plugins/condition/initial_pose_received_condition.cpp.o[0m
[93.404s] [35m[1mScanning dependencies of target nav2_goal_reached_condition_bt_node[0m
[93.555s] [ 36%] [32mBuilding CXX object CMakeFiles/nav2_goal_reached_condition_bt_node.dir/plugins/condition/goal_reached_condition.cpp.o[0m
[94.608s] [35m[1mScanning dependencies of target nav2_follow_path_action_bt_node[0m
[94.907s] [ 37%] [32mBuilding CXX object CMakeFiles/nav2_follow_path_action_bt_node.dir/plugins/action/follow_path_action.cpp.o[0m
[96.118s] [ 38%] [32m[1mLinking CXX shared library libnav2_initial_pose_received_condition_bt_node.so[0m
[96.426s] [ 38%] Built target nav2_initial_pose_received_condition_bt_node
[96.807s] [ 39%] [32m[1mLinking CXX shared library libnav2_truncate_path_action_bt_node.so[0m
[97.264s] [ 39%] Built target nav2_truncate_path_action_bt_node
[98.636s] [ 40%] [32m[1mLinking CXX shared library libnav2_time_expired_condition_bt_node.so[0m
[98.959s] [ 40%] Built target nav2_time_expired_condition_bt_node
[99.745s] [ 41%] [32m[1mLinking CXX shared library libnav2_distance_traveled_condition_bt_node.so[0m
[100.047s] [ 41%] Built target nav2_distance_traveled_condition_bt_node
[100.261s] [ 42%] [32m[1mLinking CXX shared library libnav2_navigate_to_pose_action_bt_node.so[0m
[100.541s] [ 42%] Built target nav2_navigate_to_pose_action_bt_node
[101.629s] [ 43%] [32m[1mLinking CXX shared library libnav2_goal_reached_condition_bt_node.so[0m
[101.869s] [ 43%] Built target nav2_goal_reached_condition_bt_node
[104.324s] [ 44%] [32m[1mLinking CXX shared library libnav2_follow_path_action_bt_node.so[0m
[104.653s] [ 44%] Built target nav2_follow_path_action_bt_node
[104.667s] [35m[1mScanning dependencies of target gtest_main[0m
[104.687s] [ 45%] [32mBuilding CXX object gtest/CMakeFiles/gtest_main.dir/src/gtest_main.cc.o[0m
[105.550s] [ 46%] [32m[1mLinking CXX static library libgtest_main.a[0m
[105.590s] [ 46%] Built target gtest_main
[105.604s] [35m[1mScanning dependencies of target gtest[0m
[105.630s] [ 47%] [32mBuilding CXX object gtest/CMakeFiles/gtest.dir/src/gtest-all.cc.o[0m
[114.092s] [ 48%] [32m[1mLinking CXX static library libgtest.a[0m
[114.143s] [ 48%] Built target gtest
[114.158s] [35m[1mScanning dependencies of target nav2_recovery_node_bt_node[0m
[114.180s] [ 50%] [32mBuilding CXX object CMakeFiles/nav2_recovery_node_bt_node.dir/plugins/control/recovery_node.cpp.o[0m
[115.181s] [35m[1mScanning dependencies of target test_condition_initial_pose_received[0m
[115.256s] [ 51%] [32mBuilding CXX object test/plugins/condition/CMakeFiles/test_condition_initial_pose_received.dir/test_initial_pose_received.cpp.o[0m
[116.244s] [35m[1mScanning dependencies of target test_condition_goal_updated[0m
[116.345s] [ 52%] [32mBuilding CXX object test/plugins/condition/CMakeFiles/test_condition_goal_updated.dir/test_goal_updated.cpp.o[0m
[116.648s] [ 53%] [32m[1mLinking CXX shared library libnav2_recovery_node_bt_node.so[0m
[116.842s] [ 53%] Built target nav2_recovery_node_bt_node
[116.860s] [35m[1mScanning dependencies of target test_condition_time_expired[0m
[116.959s] [ 54%] [32mBuilding CXX object test/plugins/condition/CMakeFiles/test_condition_time_expired.dir/test_time_expired.cpp.o[0m
[117.954s] [35m[1mScanning dependencies of target test_condition_is_battery_low[0m
[118.081s] [ 55%] [32mBuilding CXX object test/plugins/condition/CMakeFiles/test_condition_is_battery_low.dir/test_is_battery_low.cpp.o[0m
[119.068s] [35m[1mScanning dependencies of target test_condition_distance_traveled[0m
[119.209s] [35m[1mScanning dependencies of target test_bt_conversions[0m
[119.214s] [ 56%] [32mBuilding CXX object test/plugins/condition/CMakeFiles/test_condition_distance_traveled.dir/test_distance_traveled.cpp.o[0m
[119.318s] [ 57%] [32mBuilding CXX object test/CMakeFiles/test_bt_conversions.dir/test_bt_conversions.cpp.o[0m
[120.378s] [35m[1mScanning dependencies of target nav2_back_up_action_bt_node[0m
[120.727s] [ 58%] [32mBuilding CXX object CMakeFiles/nav2_back_up_action_bt_node.dir/plugins/action/back_up_action.cpp.o[0m
[121.708s] [35m[1mScanning dependencies of target nav2_goal_updater_node_bt_node[0m
[121.979s] [ 59%] [32mBuilding CXX object CMakeFiles/nav2_goal_updater_node_bt_node.dir/plugins/decorator/goal_updater_node.cpp.o[0m
[125.991s] [ 60%] [32m[1mLinking CXX executable test_condition_initial_pose_received[0m
[127.226s] [ 60%] Built target test_condition_initial_pose_received
[127.783s] [ 61%] [32m[1mLinking CXX executable test_bt_conversions[0m
[128.490s] [ 61%] Built target test_bt_conversions
[128.508s] [ 62%] [32m[1mLinking CXX executable test_condition_time_expired[0m
[129.126s] [ 62%] Built target test_condition_time_expired
[130.252s] [ 63%] [32m[1mLinking CXX executable test_condition_goal_updated[0m
[130.768s] [ 63%] Built target test_condition_goal_updated
[131.749s] [ 64%] [32m[1mLinking CXX executable test_condition_is_battery_low[0m
[132.141s] [ 64%] Built target test_condition_is_battery_low
[132.262s] [ 65%] [32m[1mLinking CXX executable test_condition_distance_traveled[0m
[132.742s] [ 65%] Built target test_condition_distance_traveled
[133.360s] [ 66%] [32m[1mLinking CXX shared library libnav2_back_up_action_bt_node.so[0m
[133.620s] [ 66%] Built target nav2_back_up_action_bt_node
[136.198s] [ 67%] [32m[1mLinking CXX shared library libnav2_goal_updater_node_bt_node.so[0m
[136.440s] [ 67%] Built target nav2_goal_updater_node_bt_node
[136.454s] [35m[1mScanning dependencies of target test_control_round_robin_node[0m
[136.535s] [ 68%] [32mBuilding CXX object test/plugins/control/CMakeFiles/test_control_round_robin_node.dir/test_round_robin_node.cpp.o[0m
[144.343s] [ 69%] [32m[1mLinking CXX executable test_control_round_robin_node[0m
[144.665s] [ 69%] Built target test_control_round_robin_node
[144.679s] [35m[1mScanning dependencies of target test_control_pipeline_sequence[0m
[144.766s] [ 70%] [32mBuilding CXX object test/plugins/control/CMakeFiles/test_control_pipeline_sequence.dir/test_pipeline_sequence.cpp.o[0m
[145.757s] [35m[1mScanning dependencies of target test_control_recovery_node[0m
[145.857s] [ 71%] [32mBuilding CXX object test/plugins/control/CMakeFiles/test_control_recovery_node.dir/test_recovery_node.cpp.o[0m
[146.848s] [35m[1mScanning dependencies of target test_decorator_distance_controller[0m
[146.955s] [ 72%] [32mBuilding CXX object test/plugins/decorator/CMakeFiles/test_decorator_distance_controller.dir/test_distance_controller.cpp.o[0m
[147.947s] [35m[1mScanning dependencies of target test_decorator_speed_controller[0m
[148.107s] [ 73%] [32mBuilding CXX object test/plugins/decorator/CMakeFiles/test_decorator_speed_controller.dir/test_speed_controller.cpp.o[0m
[149.087s] [35m[1mScanning dependencies of target test_decorator_rate_controller[0m
[149.259s] [35m[1mScanning dependencies of target test_condition_goal_reached[0m
[149.297s] [ 74%] [32mBuilding CXX object test/plugins/decorator/CMakeFiles/test_decorator_rate_controller.dir/test_rate_controller.cpp.o[0m
[149.402s] [ 75%] [32mBuilding CXX object test/plugins/condition/CMakeFiles/test_condition_goal_reached.dir/test_goal_reached.cpp.o[0m
[150.414s] [35m[1mScanning dependencies of target test_condition_is_stuck[0m
[150.594s] [ 76%] [32mBuilding CXX object test/plugins/condition/CMakeFiles/test_condition_is_stuck.dir/test_is_stuck.cpp.o[0m
[151.613s] [35m[1mScanning dependencies of target test_condition_transform_available[0m
[151.843s] [ 77%] [32mBuilding CXX object test/plugins/condition/CMakeFiles/test_condition_transform_available.dir/test_transform_available.cpp.o[0m
[155.553s] [ 78%] [32m[1mLinking CXX executable test_control_pipeline_sequence[0m
[156.572s] [ 78%] Built target test_control_pipeline_sequence
[158.659s] [ 79%] [32m[1mLinking CXX executable test_control_recovery_node[0m
[159.377s] [ 79%] Built target test_control_recovery_node
[160.417s] [ 80%] [32m[1mLinking CXX executable test_decorator_distance_controller[0m
[161.089s] [ 80%] Built target test_decorator_distance_controller
[161.251s] [ 81%] [32m[1mLinking CXX executable test_decorator_rate_controller[0m
[161.728s] [ 81%] Built target test_decorator_rate_controller
[162.923s] [ 82%] [32m[1mLinking CXX executable test_decorator_speed_controller[0m
[163.190s] [ 83%] [32m[1mLinking CXX executable test_condition_goal_reached[0m
[163.361s] [ 83%] Built target test_decorator_speed_controller
[163.591s] [ 83%] Built target test_condition_goal_reached
[164.567s] [ 84%] [32m[1mLinking CXX executable test_condition_transform_available[0m
[164.941s] [ 85%] [32m[1mLinking CXX executable test_condition_is_stuck[0m
[164.945s] [ 85%] Built target test_condition_transform_available
[165.283s] [ 85%] Built target test_condition_is_stuck
[165.296s] [35m[1mScanning dependencies of target test_goal_updater_node[0m
[165.296s] [35m[1mScanning dependencies of target test_action_reinitialize_global_localization_service[0m
[165.297s] [35m[1mScanning dependencies of target test_action_clear_costmap_service[0m
[165.394s] [ 86%] [32mBuilding CXX object test/plugins/action/CMakeFiles/test_action_reinitialize_global_localization_service.dir/test_reinitialize_global_localization_service.cpp.o[0m
[165.409s] [ 87%] [32mBuilding CXX object test/plugins/action/CMakeFiles/test_action_clear_costmap_service.dir/test_clear_costmap_service.cpp.o[0m
[165.416s] [ 88%] [32mBuilding CXX object test/plugins/decorator/CMakeFiles/test_goal_updater_node.dir/test_goal_updater_node.cpp.o[0m
[172.081s] [ 89%] [32m[1mLinking CXX executable test_action_clear_costmap_service[0m
[172.266s] [ 90%] [32m[1mLinking CXX executable test_action_reinitialize_global_localization_service[0m
[172.477s] [ 90%] Built target test_action_clear_costmap_service
[172.500s] [35m[1mScanning dependencies of target test_action_navigate_to_pose_action[0m
[172.501s] [35m[1mScanning dependencies of target test_action_compute_path_to_pose_action[0m
[172.506s] [35m[1mScanning dependencies of target test_action_follow_path_action[0m
[172.655s] [ 91%] [32mBuilding CXX object test/plugins/action/CMakeFiles/test_action_navigate_to_pose_action.dir/test_navigate_to_pose_action.cpp.o[0m
[172.661s] [ 92%] [32mBuilding CXX object test/plugins/action/CMakeFiles/test_action_follow_path_action.dir/test_follow_path_action.cpp.o[0m
[172.714s] [ 93%] [32mBuilding CXX object test/plugins/action/CMakeFiles/test_action_compute_path_to_pose_action.dir/test_compute_path_to_pose_action.cpp.o[0m
[172.728s] [ 93%] Built target test_action_reinitialize_global_localization_service
[172.769s] [35m[1mScanning dependencies of target test_truncate_path_action[0m
[172.951s] [ 94%] [32mBuilding CXX object test/plugins/action/CMakeFiles/test_truncate_path_action.dir/test_truncate_path_action.cpp.o[0m
[173.263s] [ 95%] [32m[1mLinking CXX executable test_goal_updater_node[0m
[173.783s] [ 95%] Built target test_goal_updater_node
[182.004s] [ 96%] [32m[1mLinking CXX executable test_truncate_path_action[0m
[182.466s] [ 96%] Built target test_truncate_path_action
[183.601s] [ 97%] [32m[1mLinking CXX executable test_action_navigate_to_pose_action[0m
[183.992s] [ 97%] Built target test_action_navigate_to_pose_action
[184.251s] [ 98%] [32m[1mLinking CXX executable test_action_compute_path_to_pose_action[0m
[184.545s] [100%] [32m[1mLinking CXX executable test_action_follow_path_action[0m
[184.597s] [100%] Built target test_action_compute_path_to_pose_action
[184.866s] [100%] Built target test_action_follow_path_action
