[3.415s] Invoking command in '/home/ros_workspace/src/mpc_dynamic_obstacles': PYTHONPATH=/home/ros_workspace/install/mpc_dynamic_obstacles/lib/python3.8/site-packages:${PYTHONPATH} /usr/bin/python3 setup.py egg_info --egg-base ../../build/mpc_dynamic_obstacles build --build-base /home/ros_workspace/build/mpc_dynamic_obstacles/build install --prefix /home/ros_workspace/install/mpc_dynamic_obstacles --record /home/ros_workspace/build/mpc_dynamic_obstacles/install.log --single-version-externally-managed
[4.378s] running egg_info
[4.380s] writing ../../build/mpc_dynamic_obstacles/mpc_dynamic_obstacles.egg-info/PKG-INFO
[4.380s] writing dependency_links to ../../build/mpc_dynamic_obstacles/mpc_dynamic_obstacles.egg-info/dependency_links.txt
[4.381s] writing entry points to ../../build/mpc_dynamic_obstacles/mpc_dynamic_obstacles.egg-info/entry_points.txt
[4.381s] writing requirements to ../../build/mpc_dynamic_obstacles/mpc_dynamic_obstacles.egg-info/requires.txt
[4.384s] writing top-level names to ../../build/mpc_dynamic_obstacles/mpc_dynamic_obstacles.egg-info/top_level.txt
[4.541s] reading manifest file '../../build/mpc_dynamic_obstacles/mpc_dynamic_obstacles.egg-info/SOURCES.txt'
[4.545s] writing manifest file '../../build/mpc_dynamic_obstacles/mpc_dynamic_obstacles.egg-info/SOURCES.txt'
[4.545s] running build
[4.546s] running build_py
[4.546s] running install
[4.548s] running install_lib
[4.551s] running install_data
[4.552s] running install_egg_info
[4.556s] removing '/home/ros_workspace/install/mpc_dynamic_obstacles/lib/python3.8/site-packages/mpc_dynamic_obstacles-0.0.0-py3.8.egg-info' (and everything under it)
[4.557s] Copying ../../build/mpc_dynamic_obstacles/mpc_dynamic_obstacles.egg-info to /home/ros_workspace/install/mpc_dynamic_obstacles/lib/python3.8/site-packages/mpc_dynamic_obstacles-0.0.0-py3.8.egg-info
[4.559s] running install_scripts
[4.614s] Installing mpc_dyn_obst script to /home/ros_workspace/install/mpc_dynamic_obstacles/lib/mpc_dynamic_obstacles
[4.615s] writing list of installed files to '/home/ros_workspace/build/mpc_dynamic_obstacles/install.log'
[4.662s] Invoked command in '/home/ros_workspace/src/mpc_dynamic_obstacles' returned '0': PYTHONPATH=/home/ros_workspace/install/mpc_dynamic_obstacles/lib/python3.8/site-packages:${PYTHONPATH} /usr/bin/python3 setup.py egg_info --egg-base ../../build/mpc_dynamic_obstacles build --build-base /home/ros_workspace/build/mpc_dynamic_obstacles/build install --prefix /home/ros_workspace/install/mpc_dynamic_obstacles --record /home/ros_workspace/build/mpc_dynamic_obstacles/install.log --single-version-externally-managed
