[2.822s] Invoking command in '/home/ros_workspace/src/mpcc_planner/simple_igoneo_commander': PYTHONPATH=/home/ros_workspace/install/simple_igoneo_commander/lib/python3.8/site-packages:${PYTHONPATH} /usr/bin/python3 setup.py egg_info --egg-base ../../../build/simple_igoneo_commander build --build-base /home/ros_workspace/build/simple_igoneo_commander/build install --prefix /home/ros_workspace/install/simple_igoneo_commander --record /home/ros_workspace/build/simple_igoneo_commander/install.log --single-version-externally-managed
[3.498s] running egg_info
[3.499s] writing ../../../build/simple_igoneo_commander/simple_igoneo_commander.egg-info/PKG-INFO
[3.499s] writing dependency_links to ../../../build/simple_igoneo_commander/simple_igoneo_commander.egg-info/dependency_links.txt
[3.499s] writing entry points to ../../../build/simple_igoneo_commander/simple_igoneo_commander.egg-info/entry_points.txt
[3.500s] writing requirements to ../../../build/simple_igoneo_commander/simple_igoneo_commander.egg-info/requires.txt
[3.500s] writing top-level names to ../../../build/simple_igoneo_commander/simple_igoneo_commander.egg-info/top_level.txt
[3.625s] reading manifest file '../../../build/simple_igoneo_commander/simple_igoneo_commander.egg-info/SOURCES.txt'
[3.639s] writing manifest file '../../../build/simple_igoneo_commander/simple_igoneo_commander.egg-info/SOURCES.txt'
[3.640s] running build
[3.640s] running build_py
[3.640s] running install
[3.640s] running install_lib
[3.641s] running install_data
[3.641s] running install_egg_info
[3.641s] removing '/home/ros_workspace/install/simple_igoneo_commander/lib/python3.8/site-packages/simple_igoneo_commander-0.0.0-py3.8.egg-info' (and everything under it)
[3.641s] Copying ../../../build/simple_igoneo_commander/simple_igoneo_commander.egg-info to /home/ros_workspace/install/simple_igoneo_commander/lib/python3.8/site-packages/simple_igoneo_commander-0.0.0-py3.8.egg-info
[3.645s] running install_scripts
[3.693s] Installing simple_commander script to /home/ros_workspace/install/simple_igoneo_commander/lib/simple_igoneo_commander
[3.694s] writing list of installed files to '/home/ros_workspace/build/simple_igoneo_commander/install.log'
[3.772s] Invoked command in '/home/ros_workspace/src/mpcc_planner/simple_igoneo_commander' returned '0': PYTHONPATH=/home/ros_workspace/install/simple_igoneo_commander/lib/python3.8/site-packages:${PYTHONPATH} /usr/bin/python3 setup.py egg_info --egg-base ../../../build/simple_igoneo_commander build --build-base /home/ros_workspace/build/simple_igoneo_commander/build install --prefix /home/ros_workspace/install/simple_igoneo_commander --record /home/ros_workspace/build/simple_igoneo_commander/install.log --single-version-externally-managed
