[0.177s] Invoking command in '/home/ros_workspace/build/nav2_behavior_tree': CMAKE_PREFIX_PATH=/home/ros_workspace/install/nav2_util:/home/ros_workspace/install/nav2_msgs:/home/ros_workspace/install/nav2_common:/home/ros_workspace/install/nav2_bringup:/home/ros_workspace/install/navigation2:/home/ros_workspace/install/nav2_waypoint_follower:/home/ros_workspace/install/nav2_navfn_planner:/home/ros_workspace/install/nav2_core:/home/ros_workspace/install/nav2_costmap_2d:/home/ros_workspace/install/nav2_voxel_grid:/home/ros_workspace/install/nav2_rviz_plugins:/home/ros_workspace/install/nav2_map_server:/home/ros_workspace/install/nav2_lifecycle_manager:/home/ros_workspace/install/nav2_bt_navigator:/home/ros_workspace/install/nav2_behavior_tree:/home/ros_workspace/install/mpcc_interfaces:/home/ros_workspace/install/static_collision_avoidance:/home/ros_workspace/install/simple_igoneo_commander:/home/ros_workspace/install/mpcc_local_planner:/home/ros_workspace/install/local_path_planner:/home/ros_workspace/install/dynamic_collision_avoidance:/home/ros_workspace/install/cost_map_server:/home/ros_workspace/install/nav2_gazebo_spawner:/home/ros_workspace/install/mpc_igoneo:/home/ros_workspace/install/mpc_dynamic_obstacles:/home/ros_workspace/install/igoneo_dynamic_window:/opt/ros/foxy LD_LIBRARY_PATH=/home/ros_workspace/install/nav2_util/lib:/home/ros_workspace/install/nav2_msgs/lib:/home/ros_workspace/install/nav2_waypoint_follower/lib:/home/ros_workspace/install/nav2_navfn_planner/lib:/home/ros_workspace/install/nav2_costmap_2d/lib:/home/ros_workspace/install/nav2_voxel_grid/lib:/home/ros_workspace/install/nav2_rviz_plugins/lib:/home/ros_workspace/install/nav2_map_server/lib:/home/ros_workspace/install/nav2_lifecycle_manager/lib:/home/ros_workspace/install/nav2_bt_navigator/lib:/home/ros_workspace/install/nav2_behavior_tree/lib:/home/ros_workspace/install/mpcc_interfaces/lib:/opt/ros/foxy/opt/yaml_cpp_vendor/lib:/opt/ros/foxy/opt/rviz_ogre_vendor/lib:/opt/ros/foxy/lib/x86_64-linux-gnu:/opt/ros/foxy/lib PYTHONPATH=/home/ros_workspace/install/nav2_msgs/lib/python3.8/site-packages:/home/ros_workspace/install/nav2_common/lib/python3.8/site-packages:/home/ros_workspace/install/static_collision_avoidance/lib/python3.8/site-packages:/home/ros_workspace/install/simple_igoneo_commander/lib/python3.8/site-packages:/home/ros_workspace/install/mpcc_local_planner/lib/python3.8/site-packages:/home/ros_workspace/install/local_path_planner/lib/python3.8/site-packages:/home/ros_workspace/install/dynamic_collision_avoidance/lib/python3.8/site-packages:/home/ros_workspace/install/cost_map_server/lib/python3.8/site-packages:/home/ros_workspace/install/mpcc_interfaces/lib/python3.8/site-packages:/home/ros_workspace/install/nav2_gazebo_spawner/lib/python3.8/site-packages:/home/ros_workspace/install/mpc_igoneo/lib/python3.8/site-packages:/home/ros_workspace/install/mpc_dynamic_obstacles/lib/python3.8/site-packages:/home/ros_workspace/install/igoneo_dynamic_window/lib/python3.8/site-packages:/opt/ros/foxy/lib/python3.8/site-packages /usr/bin/cmake --build /home/ros_workspace/build/nav2_behavior_tree -- -j4 -l4
[1.051s] [  2%] Built target nav2_transform_available_condition_bt_node
[1.327s] [  4%] Built target nav2_spin_action_bt_node
[1.508s] [  6%] Built target nav2_compute_path_to_pose_action_bt_node
[1.639s] [  8%] Built target nav2_goal_updated_condition_bt_node
[1.864s] [ 10%] Built target nav2_is_stuck_condition_bt_node
[2.048s] [ 12%] Built target nav2_behavior_tree
[2.296s] [ 14%] Built target nav2_goal_updater_node_bt_node
[2.538s] [ 16%] Built target nav2_follow_path_action_bt_node
[2.704s] [ 18%] Built target nav2_goal_reached_condition_bt_node
[2.841s] [ 20%] Built target nav2_initial_pose_received_condition_bt_node
[3.038s] [ 22%] Built target nav2_time_expired_condition_bt_node
[3.209s] [ 24%] Built target nav2_distance_traveled_condition_bt_node
[3.405s] [ 26%] Built target nav2_is_battery_low_condition_bt_node
[3.573s] [ 28%] Built target nav2_reinitialize_global_localization_service_bt_node
[3.743s] [ 30%] Built target nav2_rate_controller_bt_node
[3.993s] [ 32%] Built target nav2_distance_controller_bt_node
[4.148s] [ 34%] Built target nav2_round_robin_node_bt_node
[4.447s] [ 36%] Built target nav2_clear_costmap_service_bt_node
[4.671s] [ 38%] Built target nav2_speed_controller_bt_node
[4.912s] [ 40%] Built target nav2_truncate_path_action_bt_node
[5.077s] [ 42%] Built target nav2_navigate_to_pose_action_bt_node
[5.310s] [ 44%] Built target nav2_back_up_action_bt_node
[5.502s] [ 46%] Built target nav2_recovery_node_bt_node
[5.793s] [ 48%] Built target gtest
[5.922s] [ 51%] Built target gtest_main
[6.130s] [ 53%] Built target nav2_wait_action_bt_node
[6.366s] [ 55%] Built target test_condition_distance_traveled
[6.605s] [ 57%] Built target test_condition_time_expired
[6.984s] [ 59%] Built target test_condition_goal_updated
[7.428s] [ 61%] Built target test_condition_initial_pose_received
[7.699s] [ 63%] Built target test_condition_is_battery_low
[7.967s] [ 65%] Built target test_condition_transform_available
[8.262s] [ 67%] Built target test_condition_is_stuck
[8.553s] [ 69%] Built target test_condition_goal_reached
[8.733s] [ 71%] Built target test_goal_updater_node
[9.075s] [ 73%] Built target test_decorator_rate_controller
[9.352s] [ 75%] Built target test_decorator_speed_controller
[9.572s] [ 77%] Built target test_decorator_distance_controller
[9.784s] [ 79%] Built target test_control_round_robin_node
[10.085s] [ 81%] Built target test_control_recovery_node
[10.375s] [ 83%] Built target test_truncate_path_action
[10.664s] [ 85%] Built target test_action_navigate_to_pose_action
[10.906s] [ 87%] Built target test_action_follow_path_action
[11.421s] [ 89%] Built target test_action_compute_path_to_pose_action
[11.717s] [ 91%] Built target test_action_reinitialize_global_localization_service
[11.940s] [ 93%] Built target test_action_clear_costmap_service
[12.064s] [ 95%] Built target test_bt_conversions
[12.376s] [ 97%] Built target nav2_pipeline_sequence_bt_node
[12.645s] [100%] Built target test_control_pipeline_sequence
[13.097s] Invoked command in '/home/ros_workspace/build/nav2_behavior_tree' returned '0': CMAKE_PREFIX_PATH=/home/ros_workspace/install/nav2_util:/home/ros_workspace/install/nav2_msgs:/home/ros_workspace/install/nav2_common:/home/ros_workspace/install/nav2_bringup:/home/ros_workspace/install/navigation2:/home/ros_workspace/install/nav2_waypoint_follower:/home/ros_workspace/install/nav2_navfn_planner:/home/ros_workspace/install/nav2_core:/home/ros_workspace/install/nav2_costmap_2d:/home/ros_workspace/install/nav2_voxel_grid:/home/ros_workspace/install/nav2_rviz_plugins:/home/ros_workspace/install/nav2_map_server:/home/ros_workspace/install/nav2_lifecycle_manager:/home/ros_workspace/install/nav2_bt_navigator:/home/ros_workspace/install/nav2_behavior_tree:/home/ros_workspace/install/mpcc_interfaces:/home/ros_workspace/install/static_collision_avoidance:/home/ros_workspace/install/simple_igoneo_commander:/home/ros_workspace/install/mpcc_local_planner:/home/ros_workspace/install/local_path_planner:/home/ros_workspace/install/dynamic_collision_avoidance:/home/ros_workspace/install/cost_map_server:/home/ros_workspace/install/nav2_gazebo_spawner:/home/ros_workspace/install/mpc_igoneo:/home/ros_workspace/install/mpc_dynamic_obstacles:/home/ros_workspace/install/igoneo_dynamic_window:/opt/ros/foxy LD_LIBRARY_PATH=/home/ros_workspace/install/nav2_util/lib:/home/ros_workspace/install/nav2_msgs/lib:/home/ros_workspace/install/nav2_waypoint_follower/lib:/home/ros_workspace/install/nav2_navfn_planner/lib:/home/ros_workspace/install/nav2_costmap_2d/lib:/home/ros_workspace/install/nav2_voxel_grid/lib:/home/ros_workspace/install/nav2_rviz_plugins/lib:/home/ros_workspace/install/nav2_map_server/lib:/home/ros_workspace/install/nav2_lifecycle_manager/lib:/home/ros_workspace/install/nav2_bt_navigator/lib:/home/ros_workspace/install/nav2_behavior_tree/lib:/home/ros_workspace/install/mpcc_interfaces/lib:/opt/ros/foxy/opt/yaml_cpp_vendor/lib:/opt/ros/foxy/opt/rviz_ogre_vendor/lib:/opt/ros/foxy/lib/x86_64-linux-gnu:/opt/ros/foxy/lib PYTHONPATH=/home/ros_workspace/install/nav2_msgs/lib/python3.8/site-packages:/home/ros_workspace/install/nav2_common/lib/python3.8/site-packages:/home/ros_workspace/install/static_collision_avoidance/lib/python3.8/site-packages:/home/ros_workspace/install/simple_igoneo_commander/lib/python3.8/site-packages:/home/ros_workspace/install/mpcc_local_planner/lib/python3.8/site-packages:/home/ros_workspace/install/local_path_planner/lib/python3.8/site-packages:/home/ros_workspace/install/dynamic_collision_avoidance/lib/python3.8/site-packages:/home/ros_workspace/install/cost_map_server/lib/python3.8/site-packages:/home/ros_workspace/install/mpcc_interfaces/lib/python3.8/site-packages:/home/ros_workspace/install/nav2_gazebo_spawner/lib/python3.8/site-packages:/home/ros_workspace/install/mpc_igoneo/lib/python3.8/site-packages:/home/ros_workspace/install/mpc_dynamic_obstacles/lib/python3.8/site-packages:/home/ros_workspace/install/igoneo_dynamic_window/lib/python3.8/site-packages:/opt/ros/foxy/lib/python3.8/site-packages /usr/bin/cmake --build /home/ros_workspace/build/nav2_behavior_tree -- -j4 -l4
[14.960s] Invoking command in '/home/ros_workspace/build/nav2_behavior_tree': CMAKE_PREFIX_PATH=/home/ros_workspace/install/nav2_util:/home/ros_workspace/install/nav2_msgs:/home/ros_workspace/install/nav2_common:/home/ros_workspace/install/nav2_bringup:/home/ros_workspace/install/navigation2:/home/ros_workspace/install/nav2_waypoint_follower:/home/ros_workspace/install/nav2_navfn_planner:/home/ros_workspace/install/nav2_core:/home/ros_workspace/install/nav2_costmap_2d:/home/ros_workspace/install/nav2_voxel_grid:/home/ros_workspace/install/nav2_rviz_plugins:/home/ros_workspace/install/nav2_map_server:/home/ros_workspace/install/nav2_lifecycle_manager:/home/ros_workspace/install/nav2_bt_navigator:/home/ros_workspace/install/nav2_behavior_tree:/home/ros_workspace/install/mpcc_interfaces:/home/ros_workspace/install/static_collision_avoidance:/home/ros_workspace/install/simple_igoneo_commander:/home/ros_workspace/install/mpcc_local_planner:/home/ros_workspace/install/local_path_planner:/home/ros_workspace/install/dynamic_collision_avoidance:/home/ros_workspace/install/cost_map_server:/home/ros_workspace/install/nav2_gazebo_spawner:/home/ros_workspace/install/mpc_igoneo:/home/ros_workspace/install/mpc_dynamic_obstacles:/home/ros_workspace/install/igoneo_dynamic_window:/opt/ros/foxy LD_LIBRARY_PATH=/home/ros_workspace/install/nav2_util/lib:/home/ros_workspace/install/nav2_msgs/lib:/home/ros_workspace/install/nav2_waypoint_follower/lib:/home/ros_workspace/install/nav2_navfn_planner/lib:/home/ros_workspace/install/nav2_costmap_2d/lib:/home/ros_workspace/install/nav2_voxel_grid/lib:/home/ros_workspace/install/nav2_rviz_plugins/lib:/home/ros_workspace/install/nav2_map_server/lib:/home/ros_workspace/install/nav2_lifecycle_manager/lib:/home/ros_workspace/install/nav2_bt_navigator/lib:/home/ros_workspace/install/nav2_behavior_tree/lib:/home/ros_workspace/install/mpcc_interfaces/lib:/opt/ros/foxy/opt/yaml_cpp_vendor/lib:/opt/ros/foxy/opt/rviz_ogre_vendor/lib:/opt/ros/foxy/lib/x86_64-linux-gnu:/opt/ros/foxy/lib PYTHONPATH=/home/ros_workspace/install/nav2_msgs/lib/python3.8/site-packages:/home/ros_workspace/install/nav2_common/lib/python3.8/site-packages:/home/ros_workspace/install/static_collision_avoidance/lib/python3.8/site-packages:/home/ros_workspace/install/simple_igoneo_commander/lib/python3.8/site-packages:/home/ros_workspace/install/mpcc_local_planner/lib/python3.8/site-packages:/home/ros_workspace/install/local_path_planner/lib/python3.8/site-packages:/home/ros_workspace/install/dynamic_collision_avoidance/lib/python3.8/site-packages:/home/ros_workspace/install/cost_map_server/lib/python3.8/site-packages:/home/ros_workspace/install/mpcc_interfaces/lib/python3.8/site-packages:/home/ros_workspace/install/nav2_gazebo_spawner/lib/python3.8/site-packages:/home/ros_workspace/install/mpc_igoneo/lib/python3.8/site-packages:/home/ros_workspace/install/mpc_dynamic_obstacles/lib/python3.8/site-packages:/home/ros_workspace/install/igoneo_dynamic_window/lib/python3.8/site-packages:/opt/ros/foxy/lib/python3.8/site-packages /usr/bin/cmake --install /home/ros_workspace/build/nav2_behavior_tree
[15.010s] -- Install configuration: "Release"
[15.021s] -- Up-to-date: /home/ros_workspace/install/nav2_behavior_tree/lib/libnav2_behavior_tree.so
[15.024s] -- Up-to-date: /home/ros_workspace/install/nav2_behavior_tree/lib/libnav2_compute_path_to_pose_action_bt_node.so
[15.024s] -- Up-to-date: /home/ros_workspace/install/nav2_behavior_tree/lib/libnav2_follow_path_action_bt_node.so
[15.044s] -- Up-to-date: /home/ros_workspace/install/nav2_behavior_tree/lib/libnav2_back_up_action_bt_node.so
[15.053s] -- Up-to-date: /home/ros_workspace/install/nav2_behavior_tree/lib/libnav2_spin_action_bt_node.so
[15.053s] -- Up-to-date: /home/ros_workspace/install/nav2_behavior_tree/lib/libnav2_wait_action_bt_node.so
[15.055s] -- Up-to-date: /home/ros_workspace/install/nav2_behavior_tree/lib/libnav2_clear_costmap_service_bt_node.so
[15.080s] -- Up-to-date: /home/ros_workspace/install/nav2_behavior_tree/lib/libnav2_is_stuck_condition_bt_node.so
[15.080s] -- Up-to-date: /home/ros_workspace/install/nav2_behavior_tree/lib/libnav2_transform_available_condition_bt_node.so
[15.088s] -- Up-to-date: /home/ros_workspace/install/nav2_behavior_tree/lib/libnav2_goal_reached_condition_bt_node.so
[15.089s] -- Up-to-date: /home/ros_workspace/install/nav2_behavior_tree/lib/libnav2_goal_updated_condition_bt_node.so
[15.089s] -- Up-to-date: /home/ros_workspace/install/nav2_behavior_tree/lib/libnav2_time_expired_condition_bt_node.so
[15.097s] -- Up-to-date: /home/ros_workspace/install/nav2_behavior_tree/lib/libnav2_distance_traveled_condition_bt_node.so
[15.101s] -- Up-to-date: /home/ros_workspace/install/nav2_behavior_tree/lib/libnav2_initial_pose_received_condition_bt_node.so
[15.102s] -- Up-to-date: /home/ros_workspace/install/nav2_behavior_tree/lib/libnav2_is_battery_low_condition_bt_node.so
[15.105s] -- Up-to-date: /home/ros_workspace/install/nav2_behavior_tree/lib/libnav2_reinitialize_global_localization_service_bt_node.so
[15.106s] -- Up-to-date: /home/ros_workspace/install/nav2_behavior_tree/lib/libnav2_rate_controller_bt_node.so
[15.126s] -- Up-to-date: /home/ros_workspace/install/nav2_behavior_tree/lib/libnav2_distance_controller_bt_node.so
[15.126s] -- Up-to-date: /home/ros_workspace/install/nav2_behavior_tree/lib/libnav2_speed_controller_bt_node.so
[15.127s] -- Up-to-date: /home/ros_workspace/install/nav2_behavior_tree/lib/libnav2_truncate_path_action_bt_node.so
[15.127s] -- Up-to-date: /home/ros_workspace/install/nav2_behavior_tree/lib/libnav2_goal_updater_node_bt_node.so
[15.127s] -- Up-to-date: /home/ros_workspace/install/nav2_behavior_tree/lib/libnav2_recovery_node_bt_node.so
[15.128s] -- Up-to-date: /home/ros_workspace/install/nav2_behavior_tree/lib/libnav2_navigate_to_pose_action_bt_node.so
[15.128s] -- Up-to-date: /home/ros_workspace/install/nav2_behavior_tree/lib/libnav2_pipeline_sequence_bt_node.so
[15.140s] -- Up-to-date: /home/ros_workspace/install/nav2_behavior_tree/lib/libnav2_round_robin_node_bt_node.so
[15.154s] -- Up-to-date: /home/ros_workspace/install/nav2_behavior_tree/include/
[15.154s] -- Up-to-date: /home/ros_workspace/install/nav2_behavior_tree/include//nav2_behavior_tree
[15.161s] -- Up-to-date: /home/ros_workspace/install/nav2_behavior_tree/include//nav2_behavior_tree/plugins
[15.161s] -- Up-to-date: /home/ros_workspace/install/nav2_behavior_tree/include//nav2_behavior_tree/plugins/action
[15.161s] -- Up-to-date: /home/ros_workspace/install/nav2_behavior_tree/include//nav2_behavior_tree/plugins/action/follow_path_action.hpp
[15.162s] -- Up-to-date: /home/ros_workspace/install/nav2_behavior_tree/include//nav2_behavior_tree/plugins/action/clear_costmap_service.hpp
[15.162s] -- Up-to-date: /home/ros_workspace/install/nav2_behavior_tree/include//nav2_behavior_tree/plugins/action/compute_path_to_pose_action.hpp
[15.162s] -- Up-to-date: /home/ros_workspace/install/nav2_behavior_tree/include//nav2_behavior_tree/plugins/action/spin_action.hpp
[15.162s] -- Up-to-date: /home/ros_workspace/install/nav2_behavior_tree/include//nav2_behavior_tree/plugins/action/back_up_action.hpp
[15.163s] -- Up-to-date: /home/ros_workspace/install/nav2_behavior_tree/include//nav2_behavior_tree/plugins/action/navigate_to_pose_action.hpp
[15.173s] -- Up-to-date: /home/ros_workspace/install/nav2_behavior_tree/include//nav2_behavior_tree/plugins/action/reinitialize_global_localization_service.hpp
[15.173s] -- Up-to-date: /home/ros_workspace/install/nav2_behavior_tree/include//nav2_behavior_tree/plugins/action/wait_action.hpp
[15.173s] -- Up-to-date: /home/ros_workspace/install/nav2_behavior_tree/include//nav2_behavior_tree/plugins/action/truncate_path_action.hpp
[15.174s] -- Up-to-date: /home/ros_workspace/install/nav2_behavior_tree/include//nav2_behavior_tree/plugins/condition
[15.174s] -- Up-to-date: /home/ros_workspace/install/nav2_behavior_tree/include//nav2_behavior_tree/plugins/condition/transform_available_condition.hpp
[15.174s] -- Up-to-date: /home/ros_workspace/install/nav2_behavior_tree/include//nav2_behavior_tree/plugins/condition/goal_reached_condition.hpp
[15.174s] -- Up-to-date: /home/ros_workspace/install/nav2_behavior_tree/include//nav2_behavior_tree/plugins/condition/initial_pose_received_condition.hpp
[15.175s] -- Up-to-date: /home/ros_workspace/install/nav2_behavior_tree/include//nav2_behavior_tree/plugins/condition/time_expired_condition.hpp
[15.175s] -- Up-to-date: /home/ros_workspace/install/nav2_behavior_tree/include//nav2_behavior_tree/plugins/condition/is_battery_low_condition.hpp
[15.176s] -- Up-to-date: /home/ros_workspace/install/nav2_behavior_tree/include//nav2_behavior_tree/plugins/condition/is_stuck_condition.hpp
[15.176s] -- Up-to-date: /home/ros_workspace/install/nav2_behavior_tree/include//nav2_behavior_tree/plugins/condition/distance_traveled_condition.hpp
[15.176s] -- Up-to-date: /home/ros_workspace/install/nav2_behavior_tree/include//nav2_behavior_tree/plugins/condition/goal_updated_condition.hpp
[15.176s] -- Up-to-date: /home/ros_workspace/install/nav2_behavior_tree/include//nav2_behavior_tree/plugins/decorator
[15.177s] -- Up-to-date: /home/ros_workspace/install/nav2_behavior_tree/include//nav2_behavior_tree/plugins/decorator/distance_controller.hpp
[15.204s] -- Up-to-date: /home/ros_workspace/install/nav2_behavior_tree/include//nav2_behavior_tree/plugins/decorator/rate_controller.hpp
[15.205s] -- Up-to-date: /home/ros_workspace/install/nav2_behavior_tree/include//nav2_behavior_tree/plugins/decorator/speed_controller.hpp
[15.206s] -- Up-to-date: /home/ros_workspace/install/nav2_behavior_tree/include//nav2_behavior_tree/plugins/decorator/goal_updater_node.hpp
[15.206s] -- Up-to-date: /home/ros_workspace/install/nav2_behavior_tree/include//nav2_behavior_tree/plugins/control
[15.222s] -- Up-to-date: /home/ros_workspace/install/nav2_behavior_tree/include//nav2_behavior_tree/plugins/control/round_robin_node.hpp
[15.227s] -- Up-to-date: /home/ros_workspace/install/nav2_behavior_tree/include//nav2_behavior_tree/plugins/control/recovery_node.hpp
[15.228s] -- Up-to-date: /home/ros_workspace/install/nav2_behavior_tree/include//nav2_behavior_tree/plugins/control/pipeline_sequence.hpp
[15.231s] -- Up-to-date: /home/ros_workspace/install/nav2_behavior_tree/include//nav2_behavior_tree/behavior_tree_engine.hpp
[15.232s] -- Up-to-date: /home/ros_workspace/install/nav2_behavior_tree/include//nav2_behavior_tree/bt_conversions.hpp
[15.233s] -- Up-to-date: /home/ros_workspace/install/nav2_behavior_tree/include//nav2_behavior_tree/bt_action_node.hpp
[15.233s] -- Up-to-date: /home/ros_workspace/install/nav2_behavior_tree/include//nav2_behavior_tree/bt_service_node.hpp
[15.245s] -- Up-to-date: /home/ros_workspace/install/nav2_behavior_tree/share/nav2_behavior_tree/nav2_tree_nodes.xml
[15.246s] -- Up-to-date: /home/ros_workspace/install/nav2_behavior_tree/share/nav2_behavior_tree/environment/library_path.sh
[15.247s] -- Up-to-date: /home/ros_workspace/install/nav2_behavior_tree/share/nav2_behavior_tree/environment/library_path.dsv
[15.248s] -- Up-to-date: /home/ros_workspace/install/nav2_behavior_tree/share/ament_index/resource_index/package_run_dependencies/nav2_behavior_tree
[15.249s] -- Up-to-date: /home/ros_workspace/install/nav2_behavior_tree/share/ament_index/resource_index/parent_prefix_path/nav2_behavior_tree
[15.250s] -- Up-to-date: /home/ros_workspace/install/nav2_behavior_tree/share/nav2_behavior_tree/environment/ament_prefix_path.sh
[15.250s] -- Up-to-date: /home/ros_workspace/install/nav2_behavior_tree/share/nav2_behavior_tree/environment/ament_prefix_path.dsv
[15.253s] -- Up-to-date: /home/ros_workspace/install/nav2_behavior_tree/share/nav2_behavior_tree/environment/path.sh
[15.272s] -- Up-to-date: /home/ros_workspace/install/nav2_behavior_tree/share/nav2_behavior_tree/environment/path.dsv
[15.272s] -- Up-to-date: /home/ros_workspace/install/nav2_behavior_tree/share/nav2_behavior_tree/local_setup.bash
[15.273s] -- Up-to-date: /home/ros_workspace/install/nav2_behavior_tree/share/nav2_behavior_tree/local_setup.sh
[15.274s] -- Up-to-date: /home/ros_workspace/install/nav2_behavior_tree/share/nav2_behavior_tree/local_setup.zsh
[15.275s] -- Up-to-date: /home/ros_workspace/install/nav2_behavior_tree/share/nav2_behavior_tree/local_setup.dsv
[15.285s] -- Installing: /home/ros_workspace/install/nav2_behavior_tree/share/nav2_behavior_tree/package.dsv
[15.289s] -- Up-to-date: /home/ros_workspace/install/nav2_behavior_tree/share/ament_index/resource_index/packages/nav2_behavior_tree
[15.315s] -- Up-to-date: /home/ros_workspace/install/nav2_behavior_tree/share/nav2_behavior_tree/cmake/ament_cmake_export_include_directories-extras.cmake
[15.316s] -- Up-to-date: /home/ros_workspace/install/nav2_behavior_tree/share/nav2_behavior_tree/cmake/ament_cmake_export_libraries-extras.cmake
[15.317s] -- Up-to-date: /home/ros_workspace/install/nav2_behavior_tree/share/nav2_behavior_tree/cmake/ament_cmake_export_dependencies-extras.cmake
[15.317s] -- Up-to-date: /home/ros_workspace/install/nav2_behavior_tree/share/nav2_behavior_tree/cmake/nav2_behavior_treeConfig.cmake
[15.318s] -- Up-to-date: /home/ros_workspace/install/nav2_behavior_tree/share/nav2_behavior_tree/cmake/nav2_behavior_treeConfig-version.cmake
[15.318s] -- Up-to-date: /home/ros_workspace/install/nav2_behavior_tree/share/nav2_behavior_tree/package.xml
[15.319s] Invoked command in '/home/ros_workspace/build/nav2_behavior_tree' returned '0': CMAKE_PREFIX_PATH=/home/ros_workspace/install/nav2_util:/home/ros_workspace/install/nav2_msgs:/home/ros_workspace/install/nav2_common:/home/ros_workspace/install/nav2_bringup:/home/ros_workspace/install/navigation2:/home/ros_workspace/install/nav2_waypoint_follower:/home/ros_workspace/install/nav2_navfn_planner:/home/ros_workspace/install/nav2_core:/home/ros_workspace/install/nav2_costmap_2d:/home/ros_workspace/install/nav2_voxel_grid:/home/ros_workspace/install/nav2_rviz_plugins:/home/ros_workspace/install/nav2_map_server:/home/ros_workspace/install/nav2_lifecycle_manager:/home/ros_workspace/install/nav2_bt_navigator:/home/ros_workspace/install/nav2_behavior_tree:/home/ros_workspace/install/mpcc_interfaces:/home/ros_workspace/install/static_collision_avoidance:/home/ros_workspace/install/simple_igoneo_commander:/home/ros_workspace/install/mpcc_local_planner:/home/ros_workspace/install/local_path_planner:/home/ros_workspace/install/dynamic_collision_avoidance:/home/ros_workspace/install/cost_map_server:/home/ros_workspace/install/nav2_gazebo_spawner:/home/ros_workspace/install/mpc_igoneo:/home/ros_workspace/install/mpc_dynamic_obstacles:/home/ros_workspace/install/igoneo_dynamic_window:/opt/ros/foxy LD_LIBRARY_PATH=/home/ros_workspace/install/nav2_util/lib:/home/ros_workspace/install/nav2_msgs/lib:/home/ros_workspace/install/nav2_waypoint_follower/lib:/home/ros_workspace/install/nav2_navfn_planner/lib:/home/ros_workspace/install/nav2_costmap_2d/lib:/home/ros_workspace/install/nav2_voxel_grid/lib:/home/ros_workspace/install/nav2_rviz_plugins/lib:/home/ros_workspace/install/nav2_map_server/lib:/home/ros_workspace/install/nav2_lifecycle_manager/lib:/home/ros_workspace/install/nav2_bt_navigator/lib:/home/ros_workspace/install/nav2_behavior_tree/lib:/home/ros_workspace/install/mpcc_interfaces/lib:/opt/ros/foxy/opt/yaml_cpp_vendor/lib:/opt/ros/foxy/opt/rviz_ogre_vendor/lib:/opt/ros/foxy/lib/x86_64-linux-gnu:/opt/ros/foxy/lib PYTHONPATH=/home/ros_workspace/install/nav2_msgs/lib/python3.8/site-packages:/home/ros_workspace/install/nav2_common/lib/python3.8/site-packages:/home/ros_workspace/install/static_collision_avoidance/lib/python3.8/site-packages:/home/ros_workspace/install/simple_igoneo_commander/lib/python3.8/site-packages:/home/ros_workspace/install/mpcc_local_planner/lib/python3.8/site-packages:/home/ros_workspace/install/local_path_planner/lib/python3.8/site-packages:/home/ros_workspace/install/dynamic_collision_avoidance/lib/python3.8/site-packages:/home/ros_workspace/install/cost_map_server/lib/python3.8/site-packages:/home/ros_workspace/install/mpcc_interfaces/lib/python3.8/site-packages:/home/ros_workspace/install/nav2_gazebo_spawner/lib/python3.8/site-packages:/home/ros_workspace/install/mpc_igoneo/lib/python3.8/site-packages:/home/ros_workspace/install/mpc_dynamic_obstacles/lib/python3.8/site-packages:/home/ros_workspace/install/igoneo_dynamic_window/lib/python3.8/site-packages:/opt/ros/foxy/lib/python3.8/site-packages /usr/bin/cmake --install /home/ros_workspace/build/nav2_behavior_tree
