[0.065s] Invoking command in '/home/ros_workspace/build/nav2_msgs': CMAKE_PREFIX_PATH=/home/ros_workspace/install/nav2_common:/home/ros_workspace/install/nav2_bringup:/home/ros_workspace/install/navigation2:/home/ros_workspace/install/nav2_waypoint_follower:/home/ros_workspace/install/nav2_navfn_planner:/home/ros_workspace/install/nav2_core:/home/ros_workspace/install/nav2_costmap_2d:/home/ros_workspace/install/nav2_voxel_grid:/home/ros_workspace/install/nav2_rviz_plugins:/home/ros_workspace/install/nav2_map_server:/home/ros_workspace/install/nav2_lifecycle_manager:/home/ros_workspace/install/nav2_bt_navigator:/home/ros_workspace/install/nav2_behavior_tree:/home/ros_workspace/install/nav2_util:/home/ros_workspace/install/mpcc_interfaces:/home/ros_workspace/install/nav2_msgs:/home/ros_workspace/install/static_collision_avoidance:/home/ros_workspace/install/simple_igoneo_commander:/home/ros_workspace/install/mpcc_local_planner:/home/ros_workspace/install/local_path_planner:/home/ros_workspace/install/dynamic_collision_avoidance:/home/ros_workspace/install/cost_map_server:/home/ros_workspace/install/nav2_gazebo_spawner:/home/ros_workspace/install/mpc_igoneo:/home/ros_workspace/install/mpc_dynamic_obstacles:/home/ros_workspace/install/igoneo_dynamic_window:/opt/ros/foxy PYTHONPATH=/home/ros_workspace/install/nav2_common/lib/python3.8/site-packages:/home/ros_workspace/install/static_collision_avoidance/lib/python3.8/site-packages:/home/ros_workspace/install/simple_igoneo_commander/lib/python3.8/site-packages:/home/ros_workspace/install/mpcc_local_planner/lib/python3.8/site-packages:/home/ros_workspace/install/local_path_planner/lib/python3.8/site-packages:/home/ros_workspace/install/dynamic_collision_avoidance/lib/python3.8/site-packages:/home/ros_workspace/install/cost_map_server/lib/python3.8/site-packages:/home/ros_workspace/install/mpcc_interfaces/lib/python3.8/site-packages:/home/ros_workspace/install/nav2_msgs/lib/python3.8/site-packages:/home/ros_workspace/install/nav2_gazebo_spawner/lib/python3.8/site-packages:/home/ros_workspace/install/mpc_igoneo/lib/python3.8/site-packages:/home/ros_workspace/install/mpc_dynamic_obstacles/lib/python3.8/site-packages:/home/ros_workspace/install/igoneo_dynamic_window/lib/python3.8/site-packages:/opt/ros/foxy/lib/python3.8/site-packages /usr/bin/cmake --build /home/ros_workspace/build/nav2_msgs -- -j4 -l4
[0.454s] [  0%] Built target nav2_msgs__cpp
[0.505s] [ 12%] Built target nav2_msgs__rosidl_generator_c
[0.767s] [ 25%] Built target nav2_msgs__rosidl_typesupport_introspection_cpp
[0.787s] [ 37%] Built target nav2_msgs__rosidl_typesupport_cpp
[0.801s] [ 49%] Built target nav2_msgs__rosidl_typesupport_c
[0.844s] [ 61%] Built target nav2_msgs__rosidl_typesupport_fastrtps_cpp
[0.953s] [ 73%] Built target nav2_msgs__rosidl_typesupport_introspection_c
[1.090s] [ 85%] Built target nav2_msgs__rosidl_typesupport_fastrtps_c
[1.279s] [ 85%] Built target nav2_msgs
[1.434s] [ 86%] Built target nav2_msgs__py
[1.671s] [ 97%] Built target nav2_msgs__python
[1.849s] [ 98%] Built target nav2_msgs__rosidl_typesupport_introspection_c__pyext
[1.865s] [ 99%] Built target nav2_msgs__rosidl_typesupport_c__pyext
[1.867s] [100%] Built target nav2_msgs__rosidl_typesupport_fastrtps_c__pyext
[1.938s] Invoked command in '/home/ros_workspace/build/nav2_msgs' returned '0': CMAKE_PREFIX_PATH=/home/ros_workspace/install/nav2_common:/home/ros_workspace/install/nav2_bringup:/home/ros_workspace/install/navigation2:/home/ros_workspace/install/nav2_waypoint_follower:/home/ros_workspace/install/nav2_navfn_planner:/home/ros_workspace/install/nav2_core:/home/ros_workspace/install/nav2_costmap_2d:/home/ros_workspace/install/nav2_voxel_grid:/home/ros_workspace/install/nav2_rviz_plugins:/home/ros_workspace/install/nav2_map_server:/home/ros_workspace/install/nav2_lifecycle_manager:/home/ros_workspace/install/nav2_bt_navigator:/home/ros_workspace/install/nav2_behavior_tree:/home/ros_workspace/install/nav2_util:/home/ros_workspace/install/mpcc_interfaces:/home/ros_workspace/install/nav2_msgs:/home/ros_workspace/install/static_collision_avoidance:/home/ros_workspace/install/simple_igoneo_commander:/home/ros_workspace/install/mpcc_local_planner:/home/ros_workspace/install/local_path_planner:/home/ros_workspace/install/dynamic_collision_avoidance:/home/ros_workspace/install/cost_map_server:/home/ros_workspace/install/nav2_gazebo_spawner:/home/ros_workspace/install/mpc_igoneo:/home/ros_workspace/install/mpc_dynamic_obstacles:/home/ros_workspace/install/igoneo_dynamic_window:/opt/ros/foxy PYTHONPATH=/home/ros_workspace/install/nav2_common/lib/python3.8/site-packages:/home/ros_workspace/install/static_collision_avoidance/lib/python3.8/site-packages:/home/ros_workspace/install/simple_igoneo_commander/lib/python3.8/site-packages:/home/ros_workspace/install/mpcc_local_planner/lib/python3.8/site-packages:/home/ros_workspace/install/local_path_planner/lib/python3.8/site-packages:/home/ros_workspace/install/dynamic_collision_avoidance/lib/python3.8/site-packages:/home/ros_workspace/install/cost_map_server/lib/python3.8/site-packages:/home/ros_workspace/install/mpcc_interfaces/lib/python3.8/site-packages:/home/ros_workspace/install/nav2_msgs/lib/python3.8/site-packages:/home/ros_workspace/install/nav2_gazebo_spawner/lib/python3.8/site-packages:/home/ros_workspace/install/mpc_igoneo/lib/python3.8/site-packages:/home/ros_workspace/install/mpc_dynamic_obstacles/lib/python3.8/site-packages:/home/ros_workspace/install/igoneo_dynamic_window/lib/python3.8/site-packages:/opt/ros/foxy/lib/python3.8/site-packages /usr/bin/cmake --build /home/ros_workspace/build/nav2_msgs -- -j4 -l4
[4.417s] Invoking command in '/home/ros_workspace/build/nav2_msgs': CMAKE_PREFIX_PATH=/home/ros_workspace/install/nav2_common:/home/ros_workspace/install/nav2_bringup:/home/ros_workspace/install/navigation2:/home/ros_workspace/install/nav2_waypoint_follower:/home/ros_workspace/install/nav2_navfn_planner:/home/ros_workspace/install/nav2_core:/home/ros_workspace/install/nav2_costmap_2d:/home/ros_workspace/install/nav2_voxel_grid:/home/ros_workspace/install/nav2_rviz_plugins:/home/ros_workspace/install/nav2_map_server:/home/ros_workspace/install/nav2_lifecycle_manager:/home/ros_workspace/install/nav2_bt_navigator:/home/ros_workspace/install/nav2_behavior_tree:/home/ros_workspace/install/nav2_util:/home/ros_workspace/install/mpcc_interfaces:/home/ros_workspace/install/nav2_msgs:/home/ros_workspace/install/static_collision_avoidance:/home/ros_workspace/install/simple_igoneo_commander:/home/ros_workspace/install/mpcc_local_planner:/home/ros_workspace/install/local_path_planner:/home/ros_workspace/install/dynamic_collision_avoidance:/home/ros_workspace/install/cost_map_server:/home/ros_workspace/install/nav2_gazebo_spawner:/home/ros_workspace/install/mpc_igoneo:/home/ros_workspace/install/mpc_dynamic_obstacles:/home/ros_workspace/install/igoneo_dynamic_window:/opt/ros/foxy PYTHONPATH=/home/ros_workspace/install/nav2_common/lib/python3.8/site-packages:/home/ros_workspace/install/static_collision_avoidance/lib/python3.8/site-packages:/home/ros_workspace/install/simple_igoneo_commander/lib/python3.8/site-packages:/home/ros_workspace/install/mpcc_local_planner/lib/python3.8/site-packages:/home/ros_workspace/install/local_path_planner/lib/python3.8/site-packages:/home/ros_workspace/install/dynamic_collision_avoidance/lib/python3.8/site-packages:/home/ros_workspace/install/cost_map_server/lib/python3.8/site-packages:/home/ros_workspace/install/mpcc_interfaces/lib/python3.8/site-packages:/home/ros_workspace/install/nav2_msgs/lib/python3.8/site-packages:/home/ros_workspace/install/nav2_gazebo_spawner/lib/python3.8/site-packages:/home/ros_workspace/install/mpc_igoneo/lib/python3.8/site-packages:/home/ros_workspace/install/mpc_dynamic_obstacles/lib/python3.8/site-packages:/home/ros_workspace/install/igoneo_dynamic_window/lib/python3.8/site-packages:/opt/ros/foxy/lib/python3.8/site-packages /usr/bin/cmake --install /home/ros_workspace/build/nav2_msgs
[4.457s] -- Install configuration: "Release"
[4.463s] -- Up-to-date: /home/ros_workspace/install/nav2_msgs/share/ament_index/resource_index/rosidl_interfaces/nav2_msgs
[4.465s] -- Up-to-date: /home/ros_workspace/install/nav2_msgs/include/nav2_msgs
[4.465s] -- Up-to-date: /home/ros_workspace/install/nav2_msgs/include/nav2_msgs/action
[4.465s] -- Up-to-date: /home/ros_workspace/install/nav2_msgs/include/nav2_msgs/action/spin.h
[4.465s] -- Up-to-date: /home/ros_workspace/install/nav2_msgs/include/nav2_msgs/action/back_up.h
[4.466s] -- Up-to-date: /home/ros_workspace/install/nav2_msgs/include/nav2_msgs/action/detail
[4.466s] -- Up-to-date: /home/ros_workspace/install/nav2_msgs/include/nav2_msgs/action/detail/back_up__functions.c
[4.466s] -- Up-to-date: /home/ros_workspace/install/nav2_msgs/include/nav2_msgs/action/detail/spin__functions.c
[4.467s] -- Up-to-date: /home/ros_workspace/install/nav2_msgs/include/nav2_msgs/action/detail/follow_path__functions.h
[4.472s] -- Up-to-date: /home/ros_workspace/install/nav2_msgs/include/nav2_msgs/action/detail/compute_path_to_pose__struct.h
[4.473s] -- Up-to-date: /home/ros_workspace/install/nav2_msgs/include/nav2_msgs/action/detail/follow_waypoints__type_support.h
[4.473s] -- Up-to-date: /home/ros_workspace/install/nav2_msgs/include/nav2_msgs/action/detail/wait__type_support.h
[4.473s] -- Up-to-date: /home/ros_workspace/install/nav2_msgs/include/nav2_msgs/action/detail/wait__functions.c
[4.474s] -- Up-to-date: /home/ros_workspace/install/nav2_msgs/include/nav2_msgs/action/detail/dummy_recovery__type_support.h
[4.474s] -- Up-to-date: /home/ros_workspace/install/nav2_msgs/include/nav2_msgs/action/detail/navigate_to_pose__type_support.h
[4.474s] -- Up-to-date: /home/ros_workspace/install/nav2_msgs/include/nav2_msgs/action/detail/follow_path__struct.h
[4.475s] -- Up-to-date: /home/ros_workspace/install/nav2_msgs/include/nav2_msgs/action/detail/back_up__functions.h
[4.476s] -- Up-to-date: /home/ros_workspace/install/nav2_msgs/include/nav2_msgs/action/detail/spin__struct.h
[4.476s] -- Up-to-date: /home/ros_workspace/install/nav2_msgs/include/nav2_msgs/action/detail/navigate_to_pose__functions.h
[4.476s] -- Up-to-date: /home/ros_workspace/install/nav2_msgs/include/nav2_msgs/action/detail/follow_waypoints__functions.c
[4.476s] -- Up-to-date: /home/ros_workspace/install/nav2_msgs/include/nav2_msgs/action/detail/compute_path_to_pose__functions.h
[4.477s] -- Up-to-date: /home/ros_workspace/install/nav2_msgs/include/nav2_msgs/action/detail/dummy_recovery__functions.c
[4.477s] -- Up-to-date: /home/ros_workspace/install/nav2_msgs/include/nav2_msgs/action/detail/dummy_recovery__struct.h
[4.478s] -- Up-to-date: /home/ros_workspace/install/nav2_msgs/include/nav2_msgs/action/detail/navigate_to_pose__functions.c
[4.478s] -- Up-to-date: /home/ros_workspace/install/nav2_msgs/include/nav2_msgs/action/detail/navigate_to_pose__struct.h
[4.478s] -- Up-to-date: /home/ros_workspace/install/nav2_msgs/include/nav2_msgs/action/detail/dummy_recovery__functions.h
[4.478s] -- Up-to-date: /home/ros_workspace/install/nav2_msgs/include/nav2_msgs/action/detail/follow_path__functions.c
[4.478s] -- Up-to-date: /home/ros_workspace/install/nav2_msgs/include/nav2_msgs/action/detail/back_up__struct.h
[4.479s] -- Up-to-date: /home/ros_workspace/install/nav2_msgs/include/nav2_msgs/action/detail/compute_path_to_pose__functions.c
[4.479s] -- Up-to-date: /home/ros_workspace/install/nav2_msgs/include/nav2_msgs/action/detail/spin__type_support.h
[4.479s] -- Up-to-date: /home/ros_workspace/install/nav2_msgs/include/nav2_msgs/action/detail/wait__functions.h
[4.479s] -- Up-to-date: /home/ros_workspace/install/nav2_msgs/include/nav2_msgs/action/detail/wait__struct.h
[4.479s] -- Up-to-date: /home/ros_workspace/install/nav2_msgs/include/nav2_msgs/action/detail/spin__functions.h
[4.480s] -- Up-to-date: /home/ros_workspace/install/nav2_msgs/include/nav2_msgs/action/detail/follow_waypoints__struct.h
[4.480s] -- Up-to-date: /home/ros_workspace/install/nav2_msgs/include/nav2_msgs/action/detail/back_up__type_support.h
[4.480s] -- Up-to-date: /home/ros_workspace/install/nav2_msgs/include/nav2_msgs/action/detail/compute_path_to_pose__type_support.h
[4.480s] -- Up-to-date: /home/ros_workspace/install/nav2_msgs/include/nav2_msgs/action/detail/follow_path__type_support.h
[4.519s] -- Up-to-date: /home/ros_workspace/install/nav2_msgs/include/nav2_msgs/action/detail/follow_waypoints__functions.h
[4.520s] -- Up-to-date: /home/ros_workspace/install/nav2_msgs/include/nav2_msgs/action/wait.h
[4.520s] -- Up-to-date: /home/ros_workspace/install/nav2_msgs/include/nav2_msgs/action/follow_waypoints.h
[4.520s] -- Up-to-date: /home/ros_workspace/install/nav2_msgs/include/nav2_msgs/action/navigate_to_pose.h
[4.520s] -- Up-to-date: /home/ros_workspace/install/nav2_msgs/include/nav2_msgs/action/compute_path_to_pose.h
[4.520s] -- Up-to-date: /home/ros_workspace/install/nav2_msgs/include/nav2_msgs/action/dummy_recovery.h
[4.521s] -- Up-to-date: /home/ros_workspace/install/nav2_msgs/include/nav2_msgs/action/follow_path.h
[4.521s] -- Up-to-date: /home/ros_workspace/install/nav2_msgs/include/nav2_msgs/msg
[4.521s] -- Up-to-date: /home/ros_workspace/install/nav2_msgs/include/nav2_msgs/msg/voxel_grid.h
[4.521s] -- Up-to-date: /home/ros_workspace/install/nav2_msgs/include/nav2_msgs/msg/behavior_tree_status_change.h
[4.521s] -- Up-to-date: /home/ros_workspace/install/nav2_msgs/include/nav2_msgs/msg/particle.h
[4.522s] -- Up-to-date: /home/ros_workspace/install/nav2_msgs/include/nav2_msgs/msg/rosidl_generator_c__visibility_control.h
[4.522s] -- Up-to-date: /home/ros_workspace/install/nav2_msgs/include/nav2_msgs/msg/detail
[4.522s] -- Up-to-date: /home/ros_workspace/install/nav2_msgs/include/nav2_msgs/msg/detail/costmap_meta_data__struct.h
[4.522s] -- Up-to-date: /home/ros_workspace/install/nav2_msgs/include/nav2_msgs/msg/detail/costmap_meta_data__functions.c
[4.522s] -- Up-to-date: /home/ros_workspace/install/nav2_msgs/include/nav2_msgs/msg/detail/particle__functions.c
[4.523s] -- Up-to-date: /home/ros_workspace/install/nav2_msgs/include/nav2_msgs/msg/detail/voxel_grid__struct.h
[4.523s] -- Up-to-date: /home/ros_workspace/install/nav2_msgs/include/nav2_msgs/msg/detail/behavior_tree_log__struct.h
[4.523s] -- Up-to-date: /home/ros_workspace/install/nav2_msgs/include/nav2_msgs/msg/detail/voxel_grid__type_support.h
[4.523s] -- Up-to-date: /home/ros_workspace/install/nav2_msgs/include/nav2_msgs/msg/detail/particle__functions.h
[4.523s] -- Up-to-date: /home/ros_workspace/install/nav2_msgs/include/nav2_msgs/msg/detail/behavior_tree_log__functions.h
[4.523s] -- Up-to-date: /home/ros_workspace/install/nav2_msgs/include/nav2_msgs/msg/detail/particle_cloud__struct.h
[4.524s] -- Up-to-date: /home/ros_workspace/install/nav2_msgs/include/nav2_msgs/msg/detail/costmap__functions.c
[4.524s] -- Up-to-date: /home/ros_workspace/install/nav2_msgs/include/nav2_msgs/msg/detail/behavior_tree_status_change__functions.h
[4.524s] -- Up-to-date: /home/ros_workspace/install/nav2_msgs/include/nav2_msgs/msg/detail/voxel_grid__functions.c
[4.524s] -- Up-to-date: /home/ros_workspace/install/nav2_msgs/include/nav2_msgs/msg/detail/costmap_meta_data__functions.h
[4.524s] -- Up-to-date: /home/ros_workspace/install/nav2_msgs/include/nav2_msgs/msg/detail/costmap__functions.h
[4.525s] -- Up-to-date: /home/ros_workspace/install/nav2_msgs/include/nav2_msgs/msg/detail/costmap_meta_data__type_support.h
[4.525s] -- Up-to-date: /home/ros_workspace/install/nav2_msgs/include/nav2_msgs/msg/detail/costmap__type_support.h
[4.525s] -- Up-to-date: /home/ros_workspace/install/nav2_msgs/include/nav2_msgs/msg/detail/behavior_tree_status_change__struct.h
[4.525s] -- Up-to-date: /home/ros_workspace/install/nav2_msgs/include/nav2_msgs/msg/detail/behavior_tree_status_change__functions.c
[4.525s] -- Up-to-date: /home/ros_workspace/install/nav2_msgs/include/nav2_msgs/msg/detail/behavior_tree_log__functions.c
[4.526s] -- Up-to-date: /home/ros_workspace/install/nav2_msgs/include/nav2_msgs/msg/detail/behavior_tree_log__type_support.h
[4.526s] -- Up-to-date: /home/ros_workspace/install/nav2_msgs/include/nav2_msgs/msg/detail/voxel_grid__functions.h
[4.526s] -- Up-to-date: /home/ros_workspace/install/nav2_msgs/include/nav2_msgs/msg/detail/particle__struct.h
[4.526s] -- Up-to-date: /home/ros_workspace/install/nav2_msgs/include/nav2_msgs/msg/detail/particle__type_support.h
[4.526s] -- Up-to-date: /home/ros_workspace/install/nav2_msgs/include/nav2_msgs/msg/detail/particle_cloud__type_support.h
[4.526s] -- Up-to-date: /home/ros_workspace/install/nav2_msgs/include/nav2_msgs/msg/detail/costmap__struct.h
[4.527s] -- Up-to-date: /home/ros_workspace/install/nav2_msgs/include/nav2_msgs/msg/detail/particle_cloud__functions.c
[4.527s] -- Up-to-date: /home/ros_workspace/install/nav2_msgs/include/nav2_msgs/msg/detail/behavior_tree_status_change__type_support.h
[4.527s] -- Up-to-date: /home/ros_workspace/install/nav2_msgs/include/nav2_msgs/msg/detail/particle_cloud__functions.h
[4.527s] -- Up-to-date: /home/ros_workspace/install/nav2_msgs/include/nav2_msgs/msg/behavior_tree_log.h
[4.527s] -- Up-to-date: /home/ros_workspace/install/nav2_msgs/include/nav2_msgs/msg/costmap_meta_data.h
[4.528s] -- Up-to-date: /home/ros_workspace/install/nav2_msgs/include/nav2_msgs/msg/particle_cloud.h
[4.528s] -- Up-to-date: /home/ros_workspace/install/nav2_msgs/include/nav2_msgs/msg/costmap.h
[4.528s] -- Up-to-date: /home/ros_workspace/install/nav2_msgs/include/nav2_msgs/srv
[4.528s] -- Up-to-date: /home/ros_workspace/install/nav2_msgs/include/nav2_msgs/srv/clear_costmap_except_region.h
[4.528s] -- Up-to-date: /home/ros_workspace/install/nav2_msgs/include/nav2_msgs/srv/save_map.h
[4.529s] -- Up-to-date: /home/ros_workspace/install/nav2_msgs/include/nav2_msgs/srv/manage_lifecycle_nodes.h
[4.537s] -- Up-to-date: /home/ros_workspace/install/nav2_msgs/include/nav2_msgs/srv/detail
[4.537s] -- Up-to-date: /home/ros_workspace/install/nav2_msgs/include/nav2_msgs/srv/detail/clear_costmap_except_region__struct.h
[4.537s] -- Up-to-date: /home/ros_workspace/install/nav2_msgs/include/nav2_msgs/srv/detail/clear_costmap_except_region__type_support.h
[4.537s] -- Up-to-date: /home/ros_workspace/install/nav2_msgs/include/nav2_msgs/srv/detail/clear_costmap_around_robot__functions.h
[4.537s] -- Up-to-date: /home/ros_workspace/install/nav2_msgs/include/nav2_msgs/srv/detail/clear_entire_costmap__functions.h
[4.538s] -- Up-to-date: /home/ros_workspace/install/nav2_msgs/include/nav2_msgs/srv/detail/save_map__functions.c
[4.538s] -- Up-to-date: /home/ros_workspace/install/nav2_msgs/include/nav2_msgs/srv/detail/load_map__type_support.h
[4.538s] -- Up-to-date: /home/ros_workspace/install/nav2_msgs/include/nav2_msgs/srv/detail/load_map__struct.h
[4.538s] -- Up-to-date: /home/ros_workspace/install/nav2_msgs/include/nav2_msgs/srv/detail/load_map__functions.c
[4.538s] -- Up-to-date: /home/ros_workspace/install/nav2_msgs/include/nav2_msgs/srv/detail/clear_costmap_except_region__functions.c
[4.538s] -- Up-to-date: /home/ros_workspace/install/nav2_msgs/include/nav2_msgs/srv/detail/get_costmap__type_support.h
[4.539s] -- Up-to-date: /home/ros_workspace/install/nav2_msgs/include/nav2_msgs/srv/detail/manage_lifecycle_nodes__struct.h
[4.539s] -- Up-to-date: /home/ros_workspace/install/nav2_msgs/include/nav2_msgs/srv/detail/manage_lifecycle_nodes__functions.c
[4.539s] -- Up-to-date: /home/ros_workspace/install/nav2_msgs/include/nav2_msgs/srv/detail/clear_costmap_around_robot__struct.h
[4.539s] -- Up-to-date: /home/ros_workspace/install/nav2_msgs/include/nav2_msgs/srv/detail/manage_lifecycle_nodes__functions.h
[4.539s] -- Up-to-date: /home/ros_workspace/install/nav2_msgs/include/nav2_msgs/srv/detail/get_costmap__functions.h
[4.539s] -- Up-to-date: /home/ros_workspace/install/nav2_msgs/include/nav2_msgs/srv/detail/save_map__functions.h
[4.540s] -- Up-to-date: /home/ros_workspace/install/nav2_msgs/include/nav2_msgs/srv/detail/load_map__functions.h
[4.540s] -- Up-to-date: /home/ros_workspace/install/nav2_msgs/include/nav2_msgs/srv/detail/clear_costmap_except_region__functions.h
[4.540s] -- Up-to-date: /home/ros_workspace/install/nav2_msgs/include/nav2_msgs/srv/detail/clear_costmap_around_robot__functions.c
[4.540s] -- Up-to-date: /home/ros_workspace/install/nav2_msgs/include/nav2_msgs/srv/detail/save_map__struct.h
[4.540s] -- Up-to-date: /home/ros_workspace/install/nav2_msgs/include/nav2_msgs/srv/detail/get_costmap__functions.c
[4.541s] -- Up-to-date: /home/ros_workspace/install/nav2_msgs/include/nav2_msgs/srv/detail/clear_entire_costmap__functions.c
[4.541s] -- Up-to-date: /home/ros_workspace/install/nav2_msgs/include/nav2_msgs/srv/detail/clear_costmap_around_robot__type_support.h
[4.541s] -- Up-to-date: /home/ros_workspace/install/nav2_msgs/include/nav2_msgs/srv/detail/get_costmap__struct.h
[4.541s] -- Up-to-date: /home/ros_workspace/install/nav2_msgs/include/nav2_msgs/srv/detail/clear_entire_costmap__type_support.h
[4.541s] -- Up-to-date: /home/ros_workspace/install/nav2_msgs/include/nav2_msgs/srv/detail/manage_lifecycle_nodes__type_support.h
[4.547s] -- Up-to-date: /home/ros_workspace/install/nav2_msgs/include/nav2_msgs/srv/detail/clear_entire_costmap__struct.h
[4.561s] -- Up-to-date: /home/ros_workspace/install/nav2_msgs/include/nav2_msgs/srv/detail/save_map__type_support.h
[4.561s] -- Up-to-date: /home/ros_workspace/install/nav2_msgs/include/nav2_msgs/srv/clear_entire_costmap.h
[4.561s] -- Up-to-date: /home/ros_workspace/install/nav2_msgs/include/nav2_msgs/srv/clear_costmap_around_robot.h
[4.561s] -- Up-to-date: /home/ros_workspace/install/nav2_msgs/include/nav2_msgs/srv/get_costmap.h
[4.562s] -- Up-to-date: /home/ros_workspace/install/nav2_msgs/include/nav2_msgs/srv/load_map.h
[4.562s] -- Up-to-date: /home/ros_workspace/install/nav2_msgs/share/nav2_msgs/environment/library_path.sh
[4.562s] -- Up-to-date: /home/ros_workspace/install/nav2_msgs/share/nav2_msgs/environment/library_path.dsv
[4.562s] -- Up-to-date: /home/ros_workspace/install/nav2_msgs/lib/libnav2_msgs__rosidl_generator_c.so
[4.563s] -- Up-to-date: /home/ros_workspace/install/nav2_msgs/include/nav2_msgs
[4.563s] -- Up-to-date: /home/ros_workspace/install/nav2_msgs/include/nav2_msgs/action
[4.563s] -- Up-to-date: /home/ros_workspace/install/nav2_msgs/include/nav2_msgs/action/detail
[4.564s] -- Up-to-date: /home/ros_workspace/install/nav2_msgs/include/nav2_msgs/action/detail/wait__rosidl_typesupport_fastrtps_c.h
[4.564s] -- Up-to-date: /home/ros_workspace/install/nav2_msgs/include/nav2_msgs/action/detail/spin__rosidl_typesupport_fastrtps_c.h
[4.564s] -- Up-to-date: /home/ros_workspace/install/nav2_msgs/include/nav2_msgs/action/detail/navigate_to_pose__rosidl_typesupport_fastrtps_c.h
[4.564s] -- Up-to-date: /home/ros_workspace/install/nav2_msgs/include/nav2_msgs/action/detail/follow_waypoints__rosidl_typesupport_fastrtps_c.h
[4.564s] -- Up-to-date: /home/ros_workspace/install/nav2_msgs/include/nav2_msgs/action/detail/back_up__rosidl_typesupport_fastrtps_c.h
[4.565s] -- Up-to-date: /home/ros_workspace/install/nav2_msgs/include/nav2_msgs/action/detail/follow_path__rosidl_typesupport_fastrtps_c.h
[4.566s] -- Up-to-date: /home/ros_workspace/install/nav2_msgs/include/nav2_msgs/action/detail/compute_path_to_pose__rosidl_typesupport_fastrtps_c.h
[4.566s] -- Up-to-date: /home/ros_workspace/install/nav2_msgs/include/nav2_msgs/action/detail/dummy_recovery__rosidl_typesupport_fastrtps_c.h
[4.566s] -- Up-to-date: /home/ros_workspace/install/nav2_msgs/include/nav2_msgs/msg
[4.566s] -- Up-to-date: /home/ros_workspace/install/nav2_msgs/include/nav2_msgs/msg/detail
[4.567s] -- Up-to-date: /home/ros_workspace/install/nav2_msgs/include/nav2_msgs/msg/detail/costmap_meta_data__rosidl_typesupport_fastrtps_c.h
[4.567s] -- Up-to-date: /home/ros_workspace/install/nav2_msgs/include/nav2_msgs/msg/detail/behavior_tree_status_change__rosidl_typesupport_fastrtps_c.h
[4.567s] -- Up-to-date: /home/ros_workspace/install/nav2_msgs/include/nav2_msgs/msg/detail/particle__rosidl_typesupport_fastrtps_c.h
[4.567s] -- Up-to-date: /home/ros_workspace/install/nav2_msgs/include/nav2_msgs/msg/detail/behavior_tree_log__rosidl_typesupport_fastrtps_c.h
[4.567s] -- Up-to-date: /home/ros_workspace/install/nav2_msgs/include/nav2_msgs/msg/detail/voxel_grid__rosidl_typesupport_fastrtps_c.h
[4.568s] -- Up-to-date: /home/ros_workspace/install/nav2_msgs/include/nav2_msgs/msg/detail/particle_cloud__rosidl_typesupport_fastrtps_c.h
[4.568s] -- Up-to-date: /home/ros_workspace/install/nav2_msgs/include/nav2_msgs/msg/detail/costmap__rosidl_typesupport_fastrtps_c.h
[4.568s] -- Up-to-date: /home/ros_workspace/install/nav2_msgs/include/nav2_msgs/msg/rosidl_typesupport_fastrtps_c__visibility_control.h
[4.569s] -- Up-to-date: /home/ros_workspace/install/nav2_msgs/include/nav2_msgs/srv
[4.569s] -- Up-to-date: /home/ros_workspace/install/nav2_msgs/include/nav2_msgs/srv/detail
[4.569s] -- Up-to-date: /home/ros_workspace/install/nav2_msgs/include/nav2_msgs/srv/detail/clear_costmap_except_region__rosidl_typesupport_fastrtps_c.h
[4.569s] -- Up-to-date: /home/ros_workspace/install/nav2_msgs/include/nav2_msgs/srv/detail/manage_lifecycle_nodes__rosidl_typesupport_fastrtps_c.h
[4.569s] -- Up-to-date: /home/ros_workspace/install/nav2_msgs/include/nav2_msgs/srv/detail/save_map__rosidl_typesupport_fastrtps_c.h
[4.570s] -- Up-to-date: /home/ros_workspace/install/nav2_msgs/include/nav2_msgs/srv/detail/clear_entire_costmap__rosidl_typesupport_fastrtps_c.h
[4.570s] -- Up-to-date: /home/ros_workspace/install/nav2_msgs/include/nav2_msgs/srv/detail/load_map__rosidl_typesupport_fastrtps_c.h
[4.574s] -- Up-to-date: /home/ros_workspace/install/nav2_msgs/include/nav2_msgs/srv/detail/clear_costmap_around_robot__rosidl_typesupport_fastrtps_c.h
[4.575s] -- Up-to-date: /home/ros_workspace/install/nav2_msgs/include/nav2_msgs/srv/detail/get_costmap__rosidl_typesupport_fastrtps_c.h
[4.576s] -- Up-to-date: /home/ros_workspace/install/nav2_msgs/lib/libnav2_msgs__rosidl_typesupport_fastrtps_c.so
[4.576s] -- Up-to-date: /home/ros_workspace/install/nav2_msgs/include/nav2_msgs
[4.576s] -- Up-to-date: /home/ros_workspace/install/nav2_msgs/include/nav2_msgs/action
[4.576s] -- Up-to-date: /home/ros_workspace/install/nav2_msgs/include/nav2_msgs/action/detail
[4.576s] -- Up-to-date: /home/ros_workspace/install/nav2_msgs/include/nav2_msgs/action/detail/dummy_recovery__rosidl_typesupport_fastrtps_cpp.hpp
[4.577s] -- Up-to-date: /home/ros_workspace/install/nav2_msgs/include/nav2_msgs/action/detail/follow_path__rosidl_typesupport_fastrtps_cpp.hpp
[4.577s] -- Up-to-date: /home/ros_workspace/install/nav2_msgs/include/nav2_msgs/action/detail/spin__rosidl_typesupport_fastrtps_cpp.hpp
[4.577s] -- Up-to-date: /home/ros_workspace/install/nav2_msgs/include/nav2_msgs/action/detail/wait__rosidl_typesupport_fastrtps_cpp.hpp
[4.577s] -- Up-to-date: /home/ros_workspace/install/nav2_msgs/include/nav2_msgs/action/detail/compute_path_to_pose__rosidl_typesupport_fastrtps_cpp.hpp
[4.578s] -- Up-to-date: /home/ros_workspace/install/nav2_msgs/include/nav2_msgs/action/detail/back_up__rosidl_typesupport_fastrtps_cpp.hpp
[4.578s] -- Up-to-date: /home/ros_workspace/install/nav2_msgs/include/nav2_msgs/action/detail/navigate_to_pose__rosidl_typesupport_fastrtps_cpp.hpp
[4.578s] -- Up-to-date: /home/ros_workspace/install/nav2_msgs/include/nav2_msgs/action/detail/dds_fastrtps
[4.578s] -- Up-to-date: /home/ros_workspace/install/nav2_msgs/include/nav2_msgs/action/detail/follow_waypoints__rosidl_typesupport_fastrtps_cpp.hpp
[4.578s] -- Up-to-date: /home/ros_workspace/install/nav2_msgs/include/nav2_msgs/msg
[4.579s] -- Up-to-date: /home/ros_workspace/install/nav2_msgs/include/nav2_msgs/msg/detail
[4.579s] -- Up-to-date: /home/ros_workspace/install/nav2_msgs/include/nav2_msgs/msg/detail/costmap__rosidl_typesupport_fastrtps_cpp.hpp
[4.579s] -- Up-to-date: /home/ros_workspace/install/nav2_msgs/include/nav2_msgs/msg/detail/particle__rosidl_typesupport_fastrtps_cpp.hpp
[4.579s] -- Up-to-date: /home/ros_workspace/install/nav2_msgs/include/nav2_msgs/msg/detail/costmap_meta_data__rosidl_typesupport_fastrtps_cpp.hpp
[4.579s] -- Up-to-date: /home/ros_workspace/install/nav2_msgs/include/nav2_msgs/msg/detail/behavior_tree_log__rosidl_typesupport_fastrtps_cpp.hpp
[4.580s] -- Up-to-date: /home/ros_workspace/install/nav2_msgs/include/nav2_msgs/msg/detail/voxel_grid__rosidl_typesupport_fastrtps_cpp.hpp
[4.580s] -- Up-to-date: /home/ros_workspace/install/nav2_msgs/include/nav2_msgs/msg/detail/particle_cloud__rosidl_typesupport_fastrtps_cpp.hpp
[4.580s] -- Up-to-date: /home/ros_workspace/install/nav2_msgs/include/nav2_msgs/msg/detail/dds_fastrtps
[4.580s] -- Up-to-date: /home/ros_workspace/install/nav2_msgs/include/nav2_msgs/msg/detail/behavior_tree_status_change__rosidl_typesupport_fastrtps_cpp.hpp
[4.580s] -- Up-to-date: /home/ros_workspace/install/nav2_msgs/include/nav2_msgs/msg/rosidl_typesupport_fastrtps_cpp__visibility_control.h
[4.581s] -- Up-to-date: /home/ros_workspace/install/nav2_msgs/include/nav2_msgs/srv
[4.594s] -- Up-to-date: /home/ros_workspace/install/nav2_msgs/include/nav2_msgs/srv/detail
[4.594s] -- Up-to-date: /home/ros_workspace/install/nav2_msgs/include/nav2_msgs/srv/detail/load_map__rosidl_typesupport_fastrtps_cpp.hpp
[4.594s] -- Up-to-date: /home/ros_workspace/install/nav2_msgs/include/nav2_msgs/srv/detail/manage_lifecycle_nodes__rosidl_typesupport_fastrtps_cpp.hpp
[4.595s] -- Up-to-date: /home/ros_workspace/install/nav2_msgs/include/nav2_msgs/srv/detail/clear_costmap_around_robot__rosidl_typesupport_fastrtps_cpp.hpp
[4.595s] -- Up-to-date: /home/ros_workspace/install/nav2_msgs/include/nav2_msgs/srv/detail/get_costmap__rosidl_typesupport_fastrtps_cpp.hpp
[4.595s] -- Up-to-date: /home/ros_workspace/install/nav2_msgs/include/nav2_msgs/srv/detail/save_map__rosidl_typesupport_fastrtps_cpp.hpp
[4.595s] -- Up-to-date: /home/ros_workspace/install/nav2_msgs/include/nav2_msgs/srv/detail/clear_entire_costmap__rosidl_typesupport_fastrtps_cpp.hpp
[4.595s] -- Up-to-date: /home/ros_workspace/install/nav2_msgs/include/nav2_msgs/srv/detail/dds_fastrtps
[4.596s] -- Up-to-date: /home/ros_workspace/install/nav2_msgs/include/nav2_msgs/srv/detail/clear_costmap_except_region__rosidl_typesupport_fastrtps_cpp.hpp
[4.596s] -- Up-to-date: /home/ros_workspace/install/nav2_msgs/lib/libnav2_msgs__rosidl_typesupport_fastrtps_cpp.so
[4.596s] -- Up-to-date: /home/ros_workspace/install/nav2_msgs/include/nav2_msgs
[4.596s] -- Up-to-date: /home/ros_workspace/install/nav2_msgs/include/nav2_msgs/action
[4.596s] -- Up-to-date: /home/ros_workspace/install/nav2_msgs/include/nav2_msgs/action/detail
[4.597s] -- Up-to-date: /home/ros_workspace/install/nav2_msgs/include/nav2_msgs/action/detail/navigate_to_pose__type_support.c
[4.597s] -- Up-to-date: /home/ros_workspace/install/nav2_msgs/include/nav2_msgs/action/detail/wait__type_support.c
[4.597s] -- Up-to-date: /home/ros_workspace/install/nav2_msgs/include/nav2_msgs/action/detail/dummy_recovery__rosidl_typesupport_introspection_c.h
[4.609s] -- Up-to-date: /home/ros_workspace/install/nav2_msgs/include/nav2_msgs/action/detail/navigate_to_pose__rosidl_typesupport_introspection_c.h
[4.609s] -- Up-to-date: /home/ros_workspace/install/nav2_msgs/include/nav2_msgs/action/detail/follow_waypoints__rosidl_typesupport_introspection_c.h
[4.609s] -- Up-to-date: /home/ros_workspace/install/nav2_msgs/include/nav2_msgs/action/detail/compute_path_to_pose__type_support.c
[4.610s] -- Up-to-date: /home/ros_workspace/install/nav2_msgs/include/nav2_msgs/action/detail/spin__rosidl_typesupport_introspection_c.h
[4.610s] -- Up-to-date: /home/ros_workspace/install/nav2_msgs/include/nav2_msgs/action/detail/follow_path__type_support.c
[4.610s] -- Up-to-date: /home/ros_workspace/install/nav2_msgs/include/nav2_msgs/action/detail/spin__type_support.c
[4.612s] -- Up-to-date: /home/ros_workspace/install/nav2_msgs/include/nav2_msgs/action/detail/dummy_recovery__type_support.c
[4.613s] -- Up-to-date: /home/ros_workspace/install/nav2_msgs/include/nav2_msgs/action/detail/wait__rosidl_typesupport_introspection_c.h
[4.613s] -- Up-to-date: /home/ros_workspace/install/nav2_msgs/include/nav2_msgs/action/detail/compute_path_to_pose__rosidl_typesupport_introspection_c.h
[4.613s] -- Up-to-date: /home/ros_workspace/install/nav2_msgs/include/nav2_msgs/action/detail/back_up__type_support.c
[4.614s] -- Up-to-date: /home/ros_workspace/install/nav2_msgs/include/nav2_msgs/action/detail/follow_waypoints__type_support.c
[4.614s] -- Up-to-date: /home/ros_workspace/install/nav2_msgs/include/nav2_msgs/action/detail/back_up__rosidl_typesupport_introspection_c.h
[4.614s] -- Up-to-date: /home/ros_workspace/install/nav2_msgs/include/nav2_msgs/action/detail/follow_path__rosidl_typesupport_introspection_c.h
[4.614s] -- Up-to-date: /home/ros_workspace/install/nav2_msgs/include/nav2_msgs/msg
[4.615s] -- Up-to-date: /home/ros_workspace/install/nav2_msgs/include/nav2_msgs/msg/detail
[4.615s] -- Up-to-date: /home/ros_workspace/install/nav2_msgs/include/nav2_msgs/msg/detail/particle_cloud__rosidl_typesupport_introspection_c.h
[4.615s] -- Up-to-date: /home/ros_workspace/install/nav2_msgs/include/nav2_msgs/msg/detail/particle__rosidl_typesupport_introspection_c.h
[4.615s] -- Up-to-date: /home/ros_workspace/install/nav2_msgs/include/nav2_msgs/msg/detail/voxel_grid__rosidl_typesupport_introspection_c.h
[4.616s] -- Up-to-date: /home/ros_workspace/install/nav2_msgs/include/nav2_msgs/msg/detail/behavior_tree_status_change__type_support.c
[4.616s] -- Up-to-date: /home/ros_workspace/install/nav2_msgs/include/nav2_msgs/msg/detail/behavior_tree_log__type_support.c
[4.616s] -- Up-to-date: /home/ros_workspace/install/nav2_msgs/include/nav2_msgs/msg/detail/behavior_tree_log__rosidl_typesupport_introspection_c.h
[4.616s] -- Up-to-date: /home/ros_workspace/install/nav2_msgs/include/nav2_msgs/msg/detail/particle_cloud__type_support.c
[4.616s] -- Up-to-date: /home/ros_workspace/install/nav2_msgs/include/nav2_msgs/msg/detail/voxel_grid__type_support.c
[4.617s] -- Up-to-date: /home/ros_workspace/install/nav2_msgs/include/nav2_msgs/msg/detail/behavior_tree_status_change__rosidl_typesupport_introspection_c.h
[4.617s] -- Up-to-date: /home/ros_workspace/install/nav2_msgs/include/nav2_msgs/msg/detail/costmap_meta_data__type_support.c
[4.617s] -- Up-to-date: /home/ros_workspace/install/nav2_msgs/include/nav2_msgs/msg/detail/particle__type_support.c
[4.629s] -- Up-to-date: /home/ros_workspace/install/nav2_msgs/include/nav2_msgs/msg/detail/costmap__rosidl_typesupport_introspection_c.h
[4.629s] -- Up-to-date: /home/ros_workspace/install/nav2_msgs/include/nav2_msgs/msg/detail/costmap__type_support.c
[4.629s] -- Up-to-date: /home/ros_workspace/install/nav2_msgs/include/nav2_msgs/msg/detail/costmap_meta_data__rosidl_typesupport_introspection_c.h
[4.629s] -- Up-to-date: /home/ros_workspace/install/nav2_msgs/include/nav2_msgs/msg/rosidl_typesupport_introspection_c__visibility_control.h
[4.630s] -- Up-to-date: /home/ros_workspace/install/nav2_msgs/include/nav2_msgs/srv
[4.630s] -- Up-to-date: /home/ros_workspace/install/nav2_msgs/include/nav2_msgs/srv/detail
[4.630s] -- Up-to-date: /home/ros_workspace/install/nav2_msgs/include/nav2_msgs/srv/detail/clear_costmap_around_robot__rosidl_typesupport_introspection_c.h
[4.630s] -- Up-to-date: /home/ros_workspace/install/nav2_msgs/include/nav2_msgs/srv/detail/clear_costmap_except_region__type_support.c
[4.630s] -- Up-to-date: /home/ros_workspace/install/nav2_msgs/include/nav2_msgs/srv/detail/manage_lifecycle_nodes__type_support.c
[4.631s] -- Up-to-date: /home/ros_workspace/install/nav2_msgs/include/nav2_msgs/srv/detail/save_map__type_support.c
[4.631s] -- Up-to-date: /home/ros_workspace/install/nav2_msgs/include/nav2_msgs/srv/detail/manage_lifecycle_nodes__rosidl_typesupport_introspection_c.h
[4.631s] -- Up-to-date: /home/ros_workspace/install/nav2_msgs/include/nav2_msgs/srv/detail/load_map__type_support.c
[4.631s] -- Up-to-date: /home/ros_workspace/install/nav2_msgs/include/nav2_msgs/srv/detail/clear_costmap_except_region__rosidl_typesupport_introspection_c.h
[4.631s] -- Up-to-date: /home/ros_workspace/install/nav2_msgs/include/nav2_msgs/srv/detail/clear_costmap_around_robot__type_support.c
[4.632s] -- Up-to-date: /home/ros_workspace/install/nav2_msgs/include/nav2_msgs/srv/detail/clear_entire_costmap__type_support.c
[4.632s] -- Up-to-date: /home/ros_workspace/install/nav2_msgs/include/nav2_msgs/srv/detail/clear_entire_costmap__rosidl_typesupport_introspection_c.h
[4.632s] -- Up-to-date: /home/ros_workspace/install/nav2_msgs/include/nav2_msgs/srv/detail/save_map__rosidl_typesupport_introspection_c.h
[4.632s] -- Up-to-date: /home/ros_workspace/install/nav2_msgs/include/nav2_msgs/srv/detail/get_costmap__rosidl_typesupport_introspection_c.h
[4.632s] -- Up-to-date: /home/ros_workspace/install/nav2_msgs/include/nav2_msgs/srv/detail/load_map__rosidl_typesupport_introspection_c.h
[4.633s] -- Up-to-date: /home/ros_workspace/install/nav2_msgs/include/nav2_msgs/srv/detail/get_costmap__type_support.c
[4.633s] -- Up-to-date: /home/ros_workspace/install/nav2_msgs/lib/libnav2_msgs__rosidl_typesupport_introspection_c.so
[4.633s] -- Up-to-date: /home/ros_workspace/install/nav2_msgs/lib/libnav2_msgs__rosidl_typesupport_c.so
[4.633s] -- Up-to-date: /home/ros_workspace/install/nav2_msgs/include/nav2_msgs
[4.634s] -- Up-to-date: /home/ros_workspace/install/nav2_msgs/include/nav2_msgs/action
[4.634s] -- Up-to-date: /home/ros_workspace/install/nav2_msgs/include/nav2_msgs/action/follow_waypoints.hpp
[4.634s] -- Up-to-date: /home/ros_workspace/install/nav2_msgs/include/nav2_msgs/action/navigate_to_pose.hpp
[4.635s] -- Up-to-date: /home/ros_workspace/install/nav2_msgs/include/nav2_msgs/action/wait.hpp
[4.635s] -- Up-to-date: /home/ros_workspace/install/nav2_msgs/include/nav2_msgs/action/detail
[4.635s] -- Up-to-date: /home/ros_workspace/install/nav2_msgs/include/nav2_msgs/action/detail/back_up__struct.hpp
[4.635s] -- Up-to-date: /home/ros_workspace/install/nav2_msgs/include/nav2_msgs/action/detail/follow_path__struct.hpp
[4.635s] -- Up-to-date: /home/ros_workspace/install/nav2_msgs/include/nav2_msgs/action/detail/wait__builder.hpp
[4.636s] -- Up-to-date: /home/ros_workspace/install/nav2_msgs/include/nav2_msgs/action/detail/spin__traits.hpp
[4.636s] -- Up-to-date: /home/ros_workspace/install/nav2_msgs/include/nav2_msgs/action/detail/dummy_recovery__struct.hpp
[4.636s] -- Up-to-date: /home/ros_workspace/install/nav2_msgs/include/nav2_msgs/action/detail/navigate_to_pose__traits.hpp
[4.636s] -- Up-to-date: /home/ros_workspace/install/nav2_msgs/include/nav2_msgs/action/detail/navigate_to_pose__struct.hpp
[4.636s] -- Up-to-date: /home/ros_workspace/install/nav2_msgs/include/nav2_msgs/action/detail/compute_path_to_pose__builder.hpp
[4.636s] -- Up-to-date: /home/ros_workspace/install/nav2_msgs/include/nav2_msgs/action/detail/follow_path__traits.hpp
[4.647s] -- Up-to-date: /home/ros_workspace/install/nav2_msgs/include/nav2_msgs/action/detail/follow_waypoints__traits.hpp
[4.657s] -- Up-to-date: /home/ros_workspace/install/nav2_msgs/include/nav2_msgs/action/detail/follow_waypoints__struct.hpp
[4.659s] -- Up-to-date: /home/ros_workspace/install/nav2_msgs/include/nav2_msgs/action/detail/wait__struct.hpp
[4.659s] -- Up-to-date: /home/ros_workspace/install/nav2_msgs/include/nav2_msgs/action/detail/dummy_recovery__builder.hpp
[4.660s] -- Up-to-date: /home/ros_workspace/install/nav2_msgs/include/nav2_msgs/action/detail/follow_path__builder.hpp
[4.661s] -- Up-to-date: /home/ros_workspace/install/nav2_msgs/include/nav2_msgs/action/detail/compute_path_to_pose__traits.hpp
[4.661s] -- Up-to-date: /home/ros_workspace/install/nav2_msgs/include/nav2_msgs/action/detail/back_up__traits.hpp
[4.662s] -- Up-to-date: /home/ros_workspace/install/nav2_msgs/include/nav2_msgs/action/detail/spin__builder.hpp
[4.662s] -- Up-to-date: /home/ros_workspace/install/nav2_msgs/include/nav2_msgs/action/detail/follow_waypoints__builder.hpp
[4.662s] -- Up-to-date: /home/ros_workspace/install/nav2_msgs/include/nav2_msgs/action/detail/spin__struct.hpp
[4.663s] -- Up-to-date: /home/ros_workspace/install/nav2_msgs/include/nav2_msgs/action/detail/dummy_recovery__traits.hpp
[4.663s] -- Up-to-date: /home/ros_workspace/install/nav2_msgs/include/nav2_msgs/action/detail/navigate_to_pose__builder.hpp
[4.664s] -- Up-to-date: /home/ros_workspace/install/nav2_msgs/include/nav2_msgs/action/detail/back_up__builder.hpp
[4.664s] -- Up-to-date: /home/ros_workspace/install/nav2_msgs/include/nav2_msgs/action/detail/compute_path_to_pose__struct.hpp
[4.665s] -- Up-to-date: /home/ros_workspace/install/nav2_msgs/include/nav2_msgs/action/detail/wait__traits.hpp
[4.665s] -- Up-to-date: /home/ros_workspace/install/nav2_msgs/include/nav2_msgs/action/dummy_recovery.hpp
[4.666s] -- Up-to-date: /home/ros_workspace/install/nav2_msgs/include/nav2_msgs/action/spin.hpp
[4.666s] -- Up-to-date: /home/ros_workspace/install/nav2_msgs/include/nav2_msgs/action/compute_path_to_pose.hpp
[4.667s] -- Up-to-date: /home/ros_workspace/install/nav2_msgs/include/nav2_msgs/action/follow_path.hpp
[4.667s] -- Up-to-date: /home/ros_workspace/install/nav2_msgs/include/nav2_msgs/action/back_up.hpp
[4.667s] -- Up-to-date: /home/ros_workspace/install/nav2_msgs/include/nav2_msgs/msg
[4.668s] -- Up-to-date: /home/ros_workspace/install/nav2_msgs/include/nav2_msgs/msg/behavior_tree_status_change.hpp
[4.668s] -- Up-to-date: /home/ros_workspace/install/nav2_msgs/include/nav2_msgs/msg/costmap.hpp
[4.669s] -- Up-to-date: /home/ros_workspace/install/nav2_msgs/include/nav2_msgs/msg/particle.hpp
[4.669s] -- Up-to-date: /home/ros_workspace/install/nav2_msgs/include/nav2_msgs/msg/behavior_tree_log.hpp
[4.669s] -- Up-to-date: /home/ros_workspace/install/nav2_msgs/include/nav2_msgs/msg/detail
[4.670s] -- Up-to-date: /home/ros_workspace/install/nav2_msgs/include/nav2_msgs/msg/detail/costmap_meta_data__traits.hpp
[4.670s] -- Up-to-date: /home/ros_workspace/install/nav2_msgs/include/nav2_msgs/msg/detail/behavior_tree_log__struct.hpp
[4.671s] -- Up-to-date: /home/ros_workspace/install/nav2_msgs/include/nav2_msgs/msg/detail/voxel_grid__builder.hpp
[4.671s] -- Up-to-date: /home/ros_workspace/install/nav2_msgs/include/nav2_msgs/msg/detail/behavior_tree_log__traits.hpp
[4.671s] -- Up-to-date: /home/ros_workspace/install/nav2_msgs/include/nav2_msgs/msg/detail/particle_cloud__traits.hpp
[4.672s] -- Up-to-date: /home/ros_workspace/install/nav2_msgs/include/nav2_msgs/msg/detail/behavior_tree_status_change__struct.hpp
[4.675s] -- Up-to-date: /home/ros_workspace/install/nav2_msgs/include/nav2_msgs/msg/detail/costmap_meta_data__builder.hpp
[4.675s] -- Up-to-date: /home/ros_workspace/install/nav2_msgs/include/nav2_msgs/msg/detail/particle_cloud__builder.hpp
[4.676s] -- Up-to-date: /home/ros_workspace/install/nav2_msgs/include/nav2_msgs/msg/detail/particle_cloud__struct.hpp
[4.685s] -- Up-to-date: /home/ros_workspace/install/nav2_msgs/include/nav2_msgs/msg/detail/costmap_meta_data__struct.hpp
[4.686s] -- Up-to-date: /home/ros_workspace/install/nav2_msgs/include/nav2_msgs/msg/detail/particle__traits.hpp
[4.686s] -- Up-to-date: /home/ros_workspace/install/nav2_msgs/include/nav2_msgs/msg/detail/voxel_grid__traits.hpp
[4.686s] -- Up-to-date: /home/ros_workspace/install/nav2_msgs/include/nav2_msgs/msg/detail/costmap__struct.hpp
[4.687s] -- Up-to-date: /home/ros_workspace/install/nav2_msgs/include/nav2_msgs/msg/detail/voxel_grid__struct.hpp
[4.687s] -- Up-to-date: /home/ros_workspace/install/nav2_msgs/include/nav2_msgs/msg/detail/particle__builder.hpp
[4.688s] -- Up-to-date: /home/ros_workspace/install/nav2_msgs/include/nav2_msgs/msg/detail/behavior_tree_log__builder.hpp
[4.688s] -- Up-to-date: /home/ros_workspace/install/nav2_msgs/include/nav2_msgs/msg/detail/costmap__traits.hpp
[4.688s] -- Up-to-date: /home/ros_workspace/install/nav2_msgs/include/nav2_msgs/msg/detail/behavior_tree_status_change__builder.hpp
[4.689s] -- Up-to-date: /home/ros_workspace/install/nav2_msgs/include/nav2_msgs/msg/detail/behavior_tree_status_change__traits.hpp
[4.689s] -- Up-to-date: /home/ros_workspace/install/nav2_msgs/include/nav2_msgs/msg/detail/costmap__builder.hpp
[4.690s] -- Up-to-date: /home/ros_workspace/install/nav2_msgs/include/nav2_msgs/msg/detail/particle__struct.hpp
[4.690s] -- Up-to-date: /home/ros_workspace/install/nav2_msgs/include/nav2_msgs/msg/costmap_meta_data.hpp
[4.690s] -- Up-to-date: /home/ros_workspace/install/nav2_msgs/include/nav2_msgs/msg/voxel_grid.hpp
[4.691s] -- Up-to-date: /home/ros_workspace/install/nav2_msgs/include/nav2_msgs/msg/particle_cloud.hpp
[4.694s] -- Up-to-date: /home/ros_workspace/install/nav2_msgs/include/nav2_msgs/srv
[4.695s] -- Up-to-date: /home/ros_workspace/install/nav2_msgs/include/nav2_msgs/srv/load_map.hpp
[4.695s] -- Up-to-date: /home/ros_workspace/install/nav2_msgs/include/nav2_msgs/srv/clear_entire_costmap.hpp
[4.696s] -- Up-to-date: /home/ros_workspace/install/nav2_msgs/include/nav2_msgs/srv/manage_lifecycle_nodes.hpp
[4.697s] -- Up-to-date: /home/ros_workspace/install/nav2_msgs/include/nav2_msgs/srv/get_costmap.hpp
[4.697s] -- Up-to-date: /home/ros_workspace/install/nav2_msgs/include/nav2_msgs/srv/save_map.hpp
[4.698s] -- Up-to-date: /home/ros_workspace/install/nav2_msgs/include/nav2_msgs/srv/detail
[4.705s] -- Up-to-date: /home/ros_workspace/install/nav2_msgs/include/nav2_msgs/srv/detail/load_map__traits.hpp
[4.706s] -- Up-to-date: /home/ros_workspace/install/nav2_msgs/include/nav2_msgs/srv/detail/get_costmap__builder.hpp
[4.706s] -- Up-to-date: /home/ros_workspace/install/nav2_msgs/include/nav2_msgs/srv/detail/clear_entire_costmap__struct.hpp
[4.706s] -- Up-to-date: /home/ros_workspace/install/nav2_msgs/include/nav2_msgs/srv/detail/clear_costmap_except_region__builder.hpp
[4.707s] -- Up-to-date: /home/ros_workspace/install/nav2_msgs/include/nav2_msgs/srv/detail/clear_costmap_except_region__traits.hpp
[4.707s] -- Up-to-date: /home/ros_workspace/install/nav2_msgs/include/nav2_msgs/srv/detail/clear_costmap_except_region__struct.hpp
[4.708s] -- Up-to-date: /home/ros_workspace/install/nav2_msgs/include/nav2_msgs/srv/detail/clear_costmap_around_robot__traits.hpp
[4.708s] -- Up-to-date: /home/ros_workspace/install/nav2_msgs/include/nav2_msgs/srv/detail/manage_lifecycle_nodes__builder.hpp
[4.709s] -- Up-to-date: /home/ros_workspace/install/nav2_msgs/include/nav2_msgs/srv/detail/manage_lifecycle_nodes__struct.hpp
[4.709s] -- Up-to-date: /home/ros_workspace/install/nav2_msgs/include/nav2_msgs/srv/detail/clear_costmap_around_robot__struct.hpp
[4.710s] -- Up-to-date: /home/ros_workspace/install/nav2_msgs/include/nav2_msgs/srv/detail/save_map__builder.hpp
[4.710s] -- Up-to-date: /home/ros_workspace/install/nav2_msgs/include/nav2_msgs/srv/detail/clear_entire_costmap__builder.hpp
[4.710s] -- Up-to-date: /home/ros_workspace/install/nav2_msgs/include/nav2_msgs/srv/detail/save_map__traits.hpp
[4.711s] -- Up-to-date: /home/ros_workspace/install/nav2_msgs/include/nav2_msgs/srv/detail/get_costmap__struct.hpp
[4.711s] -- Up-to-date: /home/ros_workspace/install/nav2_msgs/include/nav2_msgs/srv/detail/clear_costmap_around_robot__builder.hpp
[4.712s] -- Up-to-date: /home/ros_workspace/install/nav2_msgs/include/nav2_msgs/srv/detail/load_map__builder.hpp
[4.713s] -- Up-to-date: /home/ros_workspace/install/nav2_msgs/include/nav2_msgs/srv/detail/manage_lifecycle_nodes__traits.hpp
[4.713s] -- Up-to-date: /home/ros_workspace/install/nav2_msgs/include/nav2_msgs/srv/detail/save_map__struct.hpp
[4.714s] -- Up-to-date: /home/ros_workspace/install/nav2_msgs/include/nav2_msgs/srv/detail/get_costmap__traits.hpp
[4.715s] -- Up-to-date: /home/ros_workspace/install/nav2_msgs/include/nav2_msgs/srv/detail/load_map__struct.hpp
[4.716s] -- Up-to-date: /home/ros_workspace/install/nav2_msgs/include/nav2_msgs/srv/detail/clear_entire_costmap__traits.hpp
[4.717s] -- Up-to-date: /home/ros_workspace/install/nav2_msgs/include/nav2_msgs/srv/clear_costmap_around_robot.hpp
[4.718s] -- Up-to-date: /home/ros_workspace/install/nav2_msgs/include/nav2_msgs/srv/clear_costmap_except_region.hpp
[4.718s] -- Up-to-date: /home/ros_workspace/install/nav2_msgs/include/nav2_msgs
[4.719s] -- Up-to-date: /home/ros_workspace/install/nav2_msgs/include/nav2_msgs/action
[4.721s] -- Up-to-date: /home/ros_workspace/install/nav2_msgs/include/nav2_msgs/action/detail
[4.723s] -- Up-to-date: /home/ros_workspace/install/nav2_msgs/include/nav2_msgs/action/detail/wait__type_support.cpp
[4.728s] -- Up-to-date: /home/ros_workspace/install/nav2_msgs/include/nav2_msgs/action/detail/navigate_to_pose__rosidl_typesupport_introspection_cpp.hpp
[4.729s] -- Up-to-date: /home/ros_workspace/install/nav2_msgs/include/nav2_msgs/action/detail/follow_waypoints__type_support.cpp
[4.730s] -- Up-to-date: /home/ros_workspace/install/nav2_msgs/include/nav2_msgs/action/detail/follow_path__rosidl_typesupport_introspection_cpp.hpp
[4.731s] -- Up-to-date: /home/ros_workspace/install/nav2_msgs/include/nav2_msgs/action/detail/dummy_recovery__rosidl_typesupport_introspection_cpp.hpp
[4.732s] -- Up-to-date: /home/ros_workspace/install/nav2_msgs/include/nav2_msgs/action/detail/follow_waypoints__rosidl_typesupport_introspection_cpp.hpp
[4.763s] -- Up-to-date: /home/ros_workspace/install/nav2_msgs/include/nav2_msgs/action/detail/navigate_to_pose__type_support.cpp
[4.765s] -- Up-to-date: /home/ros_workspace/install/nav2_msgs/include/nav2_msgs/action/detail/follow_path__type_support.cpp
[4.765s] -- Up-to-date: /home/ros_workspace/install/nav2_msgs/include/nav2_msgs/action/detail/back_up__rosidl_typesupport_introspection_cpp.hpp
[4.768s] -- Up-to-date: /home/ros_workspace/install/nav2_msgs/include/nav2_msgs/action/detail/compute_path_to_pose__type_support.cpp
[4.769s] -- Up-to-date: /home/ros_workspace/install/nav2_msgs/include/nav2_msgs/action/detail/spin__type_support.cpp
[4.777s] -- Up-to-date: /home/ros_workspace/install/nav2_msgs/include/nav2_msgs/action/detail/wait__rosidl_typesupport_introspection_cpp.hpp
[4.778s] -- Up-to-date: /home/ros_workspace/install/nav2_msgs/include/nav2_msgs/action/detail/spin__rosidl_typesupport_introspection_cpp.hpp
[4.803s] -- Up-to-date: /home/ros_workspace/install/nav2_msgs/include/nav2_msgs/action/detail/back_up__type_support.cpp
[4.803s] -- Up-to-date: /home/ros_workspace/install/nav2_msgs/include/nav2_msgs/action/detail/compute_path_to_pose__rosidl_typesupport_introspection_cpp.hpp
[4.803s] -- Up-to-date: /home/ros_workspace/install/nav2_msgs/include/nav2_msgs/action/detail/dummy_recovery__type_support.cpp
[4.803s] -- Up-to-date: /home/ros_workspace/install/nav2_msgs/include/nav2_msgs/msg
[4.803s] -- Up-to-date: /home/ros_workspace/install/nav2_msgs/include/nav2_msgs/msg/detail
[4.804s] -- Up-to-date: /home/ros_workspace/install/nav2_msgs/include/nav2_msgs/msg/detail/behavior_tree_log__type_support.cpp
[4.805s] -- Up-to-date: /home/ros_workspace/install/nav2_msgs/include/nav2_msgs/msg/detail/particle__type_support.cpp
[4.805s] -- Up-to-date: /home/ros_workspace/install/nav2_msgs/include/nav2_msgs/msg/detail/costmap_meta_data__rosidl_typesupport_introspection_cpp.hpp
[4.806s] -- Up-to-date: /home/ros_workspace/install/nav2_msgs/include/nav2_msgs/msg/detail/behavior_tree_log__rosidl_typesupport_introspection_cpp.hpp
[4.806s] -- Up-to-date: /home/ros_workspace/install/nav2_msgs/include/nav2_msgs/msg/detail/costmap_meta_data__type_support.cpp
[4.807s] -- Up-to-date: /home/ros_workspace/install/nav2_msgs/include/nav2_msgs/msg/detail/voxel_grid__rosidl_typesupport_introspection_cpp.hpp
[4.807s] -- Up-to-date: /home/ros_workspace/install/nav2_msgs/include/nav2_msgs/msg/detail/behavior_tree_status_change__rosidl_typesupport_introspection_cpp.hpp
[4.808s] -- Up-to-date: /home/ros_workspace/install/nav2_msgs/include/nav2_msgs/msg/detail/behavior_tree_status_change__type_support.cpp
[4.808s] -- Up-to-date: /home/ros_workspace/install/nav2_msgs/include/nav2_msgs/msg/detail/costmap__rosidl_typesupport_introspection_cpp.hpp
[4.809s] -- Up-to-date: /home/ros_workspace/install/nav2_msgs/include/nav2_msgs/msg/detail/particle__rosidl_typesupport_introspection_cpp.hpp
[4.809s] -- Up-to-date: /home/ros_workspace/install/nav2_msgs/include/nav2_msgs/msg/detail/particle_cloud__type_support.cpp
[4.810s] -- Up-to-date: /home/ros_workspace/install/nav2_msgs/include/nav2_msgs/msg/detail/particle_cloud__rosidl_typesupport_introspection_cpp.hpp
[4.814s] -- Up-to-date: /home/ros_workspace/install/nav2_msgs/include/nav2_msgs/msg/detail/costmap__type_support.cpp
[4.815s] -- Up-to-date: /home/ros_workspace/install/nav2_msgs/include/nav2_msgs/msg/detail/voxel_grid__type_support.cpp
[4.815s] -- Up-to-date: /home/ros_workspace/install/nav2_msgs/include/nav2_msgs/srv
[4.815s] -- Up-to-date: /home/ros_workspace/install/nav2_msgs/include/nav2_msgs/srv/detail
[4.816s] -- Up-to-date: /home/ros_workspace/install/nav2_msgs/include/nav2_msgs/srv/detail/save_map__rosidl_typesupport_introspection_cpp.hpp
[4.816s] -- Up-to-date: /home/ros_workspace/install/nav2_msgs/include/nav2_msgs/srv/detail/get_costmap__type_support.cpp
[4.816s] -- Up-to-date: /home/ros_workspace/install/nav2_msgs/include/nav2_msgs/srv/detail/manage_lifecycle_nodes__type_support.cpp
[4.817s] -- Up-to-date: /home/ros_workspace/install/nav2_msgs/include/nav2_msgs/srv/detail/get_costmap__rosidl_typesupport_introspection_cpp.hpp
[4.817s] -- Up-to-date: /home/ros_workspace/install/nav2_msgs/include/nav2_msgs/srv/detail/save_map__type_support.cpp
[4.818s] -- Up-to-date: /home/ros_workspace/install/nav2_msgs/include/nav2_msgs/srv/detail/load_map__type_support.cpp
[4.818s] -- Up-to-date: /home/ros_workspace/install/nav2_msgs/include/nav2_msgs/srv/detail/load_map__rosidl_typesupport_introspection_cpp.hpp
[4.818s] -- Up-to-date: /home/ros_workspace/install/nav2_msgs/include/nav2_msgs/srv/detail/clear_entire_costmap__type_support.cpp
[4.819s] -- Up-to-date: /home/ros_workspace/install/nav2_msgs/include/nav2_msgs/srv/detail/manage_lifecycle_nodes__rosidl_typesupport_introspection_cpp.hpp
[4.819s] -- Up-to-date: /home/ros_workspace/install/nav2_msgs/include/nav2_msgs/srv/detail/clear_entire_costmap__rosidl_typesupport_introspection_cpp.hpp
[4.820s] -- Up-to-date: /home/ros_workspace/install/nav2_msgs/include/nav2_msgs/srv/detail/clear_costmap_except_region__type_support.cpp
[4.820s] -- Up-to-date: /home/ros_workspace/install/nav2_msgs/include/nav2_msgs/srv/detail/clear_costmap_around_robot__type_support.cpp
[4.820s] -- Up-to-date: /home/ros_workspace/install/nav2_msgs/include/nav2_msgs/srv/detail/clear_costmap_around_robot__rosidl_typesupport_introspection_cpp.hpp
[4.821s] -- Up-to-date: /home/ros_workspace/install/nav2_msgs/include/nav2_msgs/srv/detail/clear_costmap_except_region__rosidl_typesupport_introspection_cpp.hpp
[4.821s] -- Up-to-date: /home/ros_workspace/install/nav2_msgs/lib/libnav2_msgs__rosidl_typesupport_introspection_cpp.so
[4.822s] -- Up-to-date: /home/ros_workspace/install/nav2_msgs/lib/libnav2_msgs__rosidl_typesupport_cpp.so
[4.822s] -- Up-to-date: /home/ros_workspace/install/nav2_msgs/share/nav2_msgs/environment/pythonpath.sh
[4.822s] -- Up-to-date: /home/ros_workspace/install/nav2_msgs/share/nav2_msgs/environment/pythonpath.dsv
[4.824s] -- Up-to-date: /home/ros_workspace/install/nav2_msgs/lib/python3.8/site-packages/nav2_msgs/__init__.py
[4.841s] -- Up-to-date: /home/ros_workspace/install/nav2_msgs/lib/python3.8/site-packages/nav2_msgs/msg
[4.842s] -- Up-to-date: /home/ros_workspace/install/nav2_msgs/lib/python3.8/site-packages/nav2_msgs/msg/_particle.py
[4.842s] -- Up-to-date: /home/ros_workspace/install/nav2_msgs/lib/python3.8/site-packages/nav2_msgs/msg/_voxel_grid_s.c
[4.843s] -- Up-to-date: /home/ros_workspace/install/nav2_msgs/lib/python3.8/site-packages/nav2_msgs/msg/_behavior_tree_status_change.py
[4.843s] -- Up-to-date: /home/ros_workspace/install/nav2_msgs/lib/python3.8/site-packages/nav2_msgs/msg/_behavior_tree_status_change_s.c
[4.844s] -- Up-to-date: /home/ros_workspace/install/nav2_msgs/lib/python3.8/site-packages/nav2_msgs/msg/_costmap_meta_data_s.c
[4.844s] -- Up-to-date: /home/ros_workspace/install/nav2_msgs/lib/python3.8/site-packages/nav2_msgs/msg/_voxel_grid.py
[4.844s] -- Up-to-date: /home/ros_workspace/install/nav2_msgs/lib/python3.8/site-packages/nav2_msgs/msg/_particle_s.c
[4.845s] -- Up-to-date: /home/ros_workspace/install/nav2_msgs/lib/python3.8/site-packages/nav2_msgs/msg/__init__.py
[4.847s] -- Up-to-date: /home/ros_workspace/install/nav2_msgs/lib/python3.8/site-packages/nav2_msgs/msg/_costmap_s.c
[4.847s] -- Up-to-date: /home/ros_workspace/install/nav2_msgs/lib/python3.8/site-packages/nav2_msgs/msg/_costmap.py
[4.847s] -- Up-to-date: /home/ros_workspace/install/nav2_msgs/lib/python3.8/site-packages/nav2_msgs/msg/_behavior_tree_log.py
[4.848s] -- Up-to-date: /home/ros_workspace/install/nav2_msgs/lib/python3.8/site-packages/nav2_msgs/msg/_particle_cloud_s.c
[4.848s] -- Up-to-date: /home/ros_workspace/install/nav2_msgs/lib/python3.8/site-packages/nav2_msgs/msg/_particle_cloud.py
[4.849s] -- Up-to-date: /home/ros_workspace/install/nav2_msgs/lib/python3.8/site-packages/nav2_msgs/msg/_behavior_tree_log_s.c
[4.850s] -- Up-to-date: /home/ros_workspace/install/nav2_msgs/lib/python3.8/site-packages/nav2_msgs/msg/_costmap_meta_data.py
[4.850s] -- Up-to-date: /home/ros_workspace/install/nav2_msgs/lib/python3.8/site-packages/nav2_msgs/srv
[4.851s] -- Up-to-date: /home/ros_workspace/install/nav2_msgs/lib/python3.8/site-packages/nav2_msgs/srv/_clear_entire_costmap.py
[4.852s] -- Up-to-date: /home/ros_workspace/install/nav2_msgs/lib/python3.8/site-packages/nav2_msgs/srv/_save_map_s.c
[4.852s] -- Up-to-date: /home/ros_workspace/install/nav2_msgs/lib/python3.8/site-packages/nav2_msgs/srv/_clear_costmap_around_robot.py
[4.853s] -- Up-to-date: /home/ros_workspace/install/nav2_msgs/lib/python3.8/site-packages/nav2_msgs/srv/_clear_costmap_except_region_s.c
[4.854s] -- Up-to-date: /home/ros_workspace/install/nav2_msgs/lib/python3.8/site-packages/nav2_msgs/srv/_get_costmap_s.c
[4.858s] -- Up-to-date: /home/ros_workspace/install/nav2_msgs/lib/python3.8/site-packages/nav2_msgs/srv/_get_costmap.py
[4.859s] -- Up-to-date: /home/ros_workspace/install/nav2_msgs/lib/python3.8/site-packages/nav2_msgs/srv/_save_map.py
[4.859s] -- Up-to-date: /home/ros_workspace/install/nav2_msgs/lib/python3.8/site-packages/nav2_msgs/srv/_clear_entire_costmap_s.c
[4.865s] -- Up-to-date: /home/ros_workspace/install/nav2_msgs/lib/python3.8/site-packages/nav2_msgs/srv/_load_map_s.c
[4.873s] -- Up-to-date: /home/ros_workspace/install/nav2_msgs/lib/python3.8/site-packages/nav2_msgs/srv/_manage_lifecycle_nodes.py
[4.874s] -- Up-to-date: /home/ros_workspace/install/nav2_msgs/lib/python3.8/site-packages/nav2_msgs/srv/__init__.py
[4.874s] -- Up-to-date: /home/ros_workspace/install/nav2_msgs/lib/python3.8/site-packages/nav2_msgs/srv/_manage_lifecycle_nodes_s.c
[4.874s] -- Up-to-date: /home/ros_workspace/install/nav2_msgs/lib/python3.8/site-packages/nav2_msgs/srv/_clear_costmap_except_region.py
[4.879s] -- Up-to-date: /home/ros_workspace/install/nav2_msgs/lib/python3.8/site-packages/nav2_msgs/srv/_load_map.py
[4.880s] -- Up-to-date: /home/ros_workspace/install/nav2_msgs/lib/python3.8/site-packages/nav2_msgs/srv/_clear_costmap_around_robot_s.c
[4.881s] -- Up-to-date: /home/ros_workspace/install/nav2_msgs/lib/python3.8/site-packages/nav2_msgs/action
[4.881s] -- Up-to-date: /home/ros_workspace/install/nav2_msgs/lib/python3.8/site-packages/nav2_msgs/action/_dummy_recovery_s.c
[4.882s] -- Up-to-date: /home/ros_workspace/install/nav2_msgs/lib/python3.8/site-packages/nav2_msgs/action/_spin.py
[4.889s] -- Up-to-date: /home/ros_workspace/install/nav2_msgs/lib/python3.8/site-packages/nav2_msgs/action/_follow_waypoints_s.c
[4.891s] -- Up-to-date: /home/ros_workspace/install/nav2_msgs/lib/python3.8/site-packages/nav2_msgs/action/_follow_path.py
[4.891s] -- Up-to-date: /home/ros_workspace/install/nav2_msgs/lib/python3.8/site-packages/nav2_msgs/action/_navigate_to_pose.py
[4.892s] -- Up-to-date: /home/ros_workspace/install/nav2_msgs/lib/python3.8/site-packages/nav2_msgs/action/_navigate_to_pose_s.c
[4.893s] -- Up-to-date: /home/ros_workspace/install/nav2_msgs/lib/python3.8/site-packages/nav2_msgs/action/_back_up_s.c
[4.902s] -- Up-to-date: /home/ros_workspace/install/nav2_msgs/lib/python3.8/site-packages/nav2_msgs/action/_back_up.py
[4.903s] -- Up-to-date: /home/ros_workspace/install/nav2_msgs/lib/python3.8/site-packages/nav2_msgs/action/_wait.py
[4.903s] -- Up-to-date: /home/ros_workspace/install/nav2_msgs/lib/python3.8/site-packages/nav2_msgs/action/_compute_path_to_pose_s.c
[4.904s] -- Up-to-date: /home/ros_workspace/install/nav2_msgs/lib/python3.8/site-packages/nav2_msgs/action/_dummy_recovery.py
[4.905s] -- Up-to-date: /home/ros_workspace/install/nav2_msgs/lib/python3.8/site-packages/nav2_msgs/action/_compute_path_to_pose.py
[4.917s] -- Up-to-date: /home/ros_workspace/install/nav2_msgs/lib/python3.8/site-packages/nav2_msgs/action/_follow_path_s.c
[4.917s] -- Up-to-date: /home/ros_workspace/install/nav2_msgs/lib/python3.8/site-packages/nav2_msgs/action/_follow_waypoints.py
[4.918s] -- Up-to-date: /home/ros_workspace/install/nav2_msgs/lib/python3.8/site-packages/nav2_msgs/action/_spin_s.c
[4.918s] -- Up-to-date: /home/ros_workspace/install/nav2_msgs/lib/python3.8/site-packages/nav2_msgs/action/__init__.py
[4.919s] -- Up-to-date: /home/ros_workspace/install/nav2_msgs/lib/python3.8/site-packages/nav2_msgs/action/_wait_s.c
[4.919s] -- Up-to-date: /home/ros_workspace/install/nav2_msgs/lib/python3.8/site-packages/nav2_msgs/nav2_msgs_s__rosidl_typesupport_fastrtps_c.cpython-38-x86_64-linux-gnu.so
[4.919s] -- Up-to-date: /home/ros_workspace/install/nav2_msgs/lib/python3.8/site-packages/nav2_msgs/nav2_msgs_s__rosidl_typesupport_introspection_c.cpython-38-x86_64-linux-gnu.so
[4.920s] -- Up-to-date: /home/ros_workspace/install/nav2_msgs/lib/python3.8/site-packages/nav2_msgs/nav2_msgs_s__rosidl_typesupport_c.cpython-38-x86_64-linux-gnu.so
[4.920s] -- Up-to-date: /home/ros_workspace/install/nav2_msgs/lib/libnav2_msgs__python.so
[4.921s] -- Up-to-date: /home/ros_workspace/install/nav2_msgs/share/nav2_msgs/msg/Costmap.idl
[4.921s] -- Up-to-date: /home/ros_workspace/install/nav2_msgs/share/nav2_msgs/msg/CostmapMetaData.idl
[4.921s] -- Up-to-date: /home/ros_workspace/install/nav2_msgs/share/nav2_msgs/msg/VoxelGrid.idl
[4.922s] -- Up-to-date: /home/ros_workspace/install/nav2_msgs/share/nav2_msgs/msg/BehaviorTreeStatusChange.idl
[4.922s] -- Up-to-date: /home/ros_workspace/install/nav2_msgs/share/nav2_msgs/msg/BehaviorTreeLog.idl
[4.922s] -- Up-to-date: /home/ros_workspace/install/nav2_msgs/share/nav2_msgs/msg/Particle.idl
[4.923s] -- Up-to-date: /home/ros_workspace/install/nav2_msgs/share/nav2_msgs/msg/ParticleCloud.idl
[4.924s] -- Up-to-date: /home/ros_workspace/install/nav2_msgs/share/nav2_msgs/srv/GetCostmap.idl
[4.925s] -- Up-to-date: /home/ros_workspace/install/nav2_msgs/share/nav2_msgs/srv/ClearCostmapExceptRegion.idl
[4.925s] -- Up-to-date: /home/ros_workspace/install/nav2_msgs/share/nav2_msgs/srv/ClearCostmapAroundRobot.idl
[4.925s] -- Up-to-date: /home/ros_workspace/install/nav2_msgs/share/nav2_msgs/srv/ClearEntireCostmap.idl
[4.926s] -- Up-to-date: /home/ros_workspace/install/nav2_msgs/share/nav2_msgs/srv/ManageLifecycleNodes.idl
[4.927s] -- Up-to-date: /home/ros_workspace/install/nav2_msgs/share/nav2_msgs/srv/LoadMap.idl
[4.928s] -- Up-to-date: /home/ros_workspace/install/nav2_msgs/share/nav2_msgs/srv/SaveMap.idl
[4.928s] -- Up-to-date: /home/ros_workspace/install/nav2_msgs/share/nav2_msgs/action/BackUp.idl
[4.937s] -- Up-to-date: /home/ros_workspace/install/nav2_msgs/share/nav2_msgs/action/ComputePathToPose.idl
[4.938s] -- Up-to-date: /home/ros_workspace/install/nav2_msgs/share/nav2_msgs/action/FollowPath.idl
[4.939s] -- Up-to-date: /home/ros_workspace/install/nav2_msgs/share/nav2_msgs/action/NavigateToPose.idl
[4.939s] -- Up-to-date: /home/ros_workspace/install/nav2_msgs/share/nav2_msgs/action/Wait.idl
[4.940s] -- Up-to-date: /home/ros_workspace/install/nav2_msgs/share/nav2_msgs/action/Spin.idl
[4.941s] -- Up-to-date: /home/ros_workspace/install/nav2_msgs/share/nav2_msgs/action/DummyRecovery.idl
[4.942s] -- Up-to-date: /home/ros_workspace/install/nav2_msgs/share/nav2_msgs/action/FollowWaypoints.idl
[4.942s] -- Up-to-date: /home/ros_workspace/install/nav2_msgs/share/nav2_msgs/msg/Costmap.msg
[4.943s] -- Up-to-date: /home/ros_workspace/install/nav2_msgs/share/nav2_msgs/msg/CostmapMetaData.msg
[4.944s] -- Up-to-date: /home/ros_workspace/install/nav2_msgs/share/nav2_msgs/msg/VoxelGrid.msg
[4.945s] -- Up-to-date: /home/ros_workspace/install/nav2_msgs/share/nav2_msgs/msg/BehaviorTreeStatusChange.msg
[4.954s] -- Up-to-date: /home/ros_workspace/install/nav2_msgs/share/nav2_msgs/msg/BehaviorTreeLog.msg
[4.959s] -- Up-to-date: /home/ros_workspace/install/nav2_msgs/share/nav2_msgs/msg/Particle.msg
[4.960s] -- Up-to-date: /home/ros_workspace/install/nav2_msgs/share/nav2_msgs/msg/ParticleCloud.msg
[4.960s] -- Up-to-date: /home/ros_workspace/install/nav2_msgs/share/nav2_msgs/srv/GetCostmap.srv
[4.961s] -- Up-to-date: /home/ros_workspace/install/nav2_msgs/share/nav2_msgs/srv/GetCostmap_Request.msg
[4.961s] -- Up-to-date: /home/ros_workspace/install/nav2_msgs/share/nav2_msgs/srv/GetCostmap_Response.msg
[4.962s] -- Up-to-date: /home/ros_workspace/install/nav2_msgs/share/nav2_msgs/srv/ClearCostmapExceptRegion.srv
[4.962s] -- Up-to-date: /home/ros_workspace/install/nav2_msgs/share/nav2_msgs/srv/ClearCostmapExceptRegion_Request.msg
[4.962s] -- Up-to-date: /home/ros_workspace/install/nav2_msgs/share/nav2_msgs/srv/ClearCostmapExceptRegion_Response.msg
[4.963s] -- Up-to-date: /home/ros_workspace/install/nav2_msgs/share/nav2_msgs/srv/ClearCostmapAroundRobot.srv
[4.972s] -- Up-to-date: /home/ros_workspace/install/nav2_msgs/share/nav2_msgs/srv/ClearCostmapAroundRobot_Request.msg
[4.973s] -- Up-to-date: /home/ros_workspace/install/nav2_msgs/share/nav2_msgs/srv/ClearCostmapAroundRobot_Response.msg
[4.974s] -- Up-to-date: /home/ros_workspace/install/nav2_msgs/share/nav2_msgs/srv/ClearEntireCostmap.srv
[4.974s] -- Up-to-date: /home/ros_workspace/install/nav2_msgs/share/nav2_msgs/srv/ClearEntireCostmap_Request.msg
[4.974s] -- Up-to-date: /home/ros_workspace/install/nav2_msgs/share/nav2_msgs/srv/ClearEntireCostmap_Response.msg
[4.975s] -- Up-to-date: /home/ros_workspace/install/nav2_msgs/share/nav2_msgs/srv/ManageLifecycleNodes.srv
[4.976s] -- Up-to-date: /home/ros_workspace/install/nav2_msgs/share/nav2_msgs/srv/ManageLifecycleNodes_Request.msg
[4.976s] -- Up-to-date: /home/ros_workspace/install/nav2_msgs/share/nav2_msgs/srv/ManageLifecycleNodes_Response.msg
[4.977s] -- Up-to-date: /home/ros_workspace/install/nav2_msgs/share/nav2_msgs/srv/LoadMap.srv
[4.977s] -- Up-to-date: /home/ros_workspace/install/nav2_msgs/share/nav2_msgs/srv/LoadMap_Request.msg
[4.980s] -- Up-to-date: /home/ros_workspace/install/nav2_msgs/share/nav2_msgs/srv/LoadMap_Response.msg
[4.981s] -- Up-to-date: /home/ros_workspace/install/nav2_msgs/share/nav2_msgs/srv/SaveMap.srv
[4.982s] -- Up-to-date: /home/ros_workspace/install/nav2_msgs/share/nav2_msgs/srv/SaveMap_Request.msg
[4.982s] -- Up-to-date: /home/ros_workspace/install/nav2_msgs/share/nav2_msgs/srv/SaveMap_Response.msg
[4.982s] -- Up-to-date: /home/ros_workspace/install/nav2_msgs/share/nav2_msgs/action/BackUp.action
[4.983s] -- Up-to-date: /home/ros_workspace/install/nav2_msgs/share/nav2_msgs/action/ComputePathToPose.action
[4.983s] -- Up-to-date: /home/ros_workspace/install/nav2_msgs/share/nav2_msgs/action/FollowPath.action
[4.984s] -- Up-to-date: /home/ros_workspace/install/nav2_msgs/share/nav2_msgs/action/NavigateToPose.action
[4.985s] -- Up-to-date: /home/ros_workspace/install/nav2_msgs/share/nav2_msgs/action/Wait.action
[4.985s] -- Up-to-date: /home/ros_workspace/install/nav2_msgs/share/nav2_msgs/action/Spin.action
[4.986s] -- Up-to-date: /home/ros_workspace/install/nav2_msgs/share/nav2_msgs/action/DummyRecovery.action
[4.993s] -- Up-to-date: /home/ros_workspace/install/nav2_msgs/share/nav2_msgs/action/FollowWaypoints.action
[4.994s] -- Up-to-date: /home/ros_workspace/install/nav2_msgs/share/ament_index/resource_index/package_run_dependencies/nav2_msgs
[4.994s] -- Up-to-date: /home/ros_workspace/install/nav2_msgs/share/ament_index/resource_index/parent_prefix_path/nav2_msgs
[4.995s] -- Up-to-date: /home/ros_workspace/install/nav2_msgs/share/nav2_msgs/environment/ament_prefix_path.sh
[4.995s] -- Up-to-date: /home/ros_workspace/install/nav2_msgs/share/nav2_msgs/environment/ament_prefix_path.dsv
[4.996s] -- Up-to-date: /home/ros_workspace/install/nav2_msgs/share/nav2_msgs/environment/path.sh
[5.001s] -- Up-to-date: /home/ros_workspace/install/nav2_msgs/share/nav2_msgs/environment/path.dsv
[5.002s] -- Up-to-date: /home/ros_workspace/install/nav2_msgs/share/nav2_msgs/local_setup.bash
[5.002s] -- Up-to-date: /home/ros_workspace/install/nav2_msgs/share/nav2_msgs/local_setup.sh
[5.003s] -- Up-to-date: /home/ros_workspace/install/nav2_msgs/share/nav2_msgs/local_setup.zsh
[5.004s] -- Up-to-date: /home/ros_workspace/install/nav2_msgs/share/nav2_msgs/local_setup.dsv
[5.004s] -- Installing: /home/ros_workspace/install/nav2_msgs/share/nav2_msgs/package.dsv
[5.004s] -- Up-to-date: /home/ros_workspace/install/nav2_msgs/share/ament_index/resource_index/packages/nav2_msgs
[5.005s] -- Up-to-date: /home/ros_workspace/install/nav2_msgs/share/nav2_msgs/cmake/nav2_msgs__rosidl_generator_cExport.cmake
[5.005s] -- Up-to-date: /home/ros_workspace/install/nav2_msgs/share/nav2_msgs/cmake/nav2_msgs__rosidl_generator_cExport-release.cmake
[5.006s] -- Up-to-date: /home/ros_workspace/install/nav2_msgs/share/nav2_msgs/cmake/nav2_msgs__rosidl_typesupport_introspection_cExport.cmake
[5.006s] -- Up-to-date: /home/ros_workspace/install/nav2_msgs/share/nav2_msgs/cmake/nav2_msgs__rosidl_typesupport_introspection_cExport-release.cmake
[5.007s] -- Up-to-date: /home/ros_workspace/install/nav2_msgs/share/nav2_msgs/cmake/nav2_msgs__rosidl_typesupport_cExport.cmake
[5.007s] -- Up-to-date: /home/ros_workspace/install/nav2_msgs/share/nav2_msgs/cmake/nav2_msgs__rosidl_typesupport_cExport-release.cmake
[5.007s] -- Up-to-date: /home/ros_workspace/install/nav2_msgs/share/nav2_msgs/cmake/nav2_msgs__rosidl_generator_cppExport.cmake
[5.008s] -- Up-to-date: /home/ros_workspace/install/nav2_msgs/share/nav2_msgs/cmake/nav2_msgs__rosidl_typesupport_introspection_cppExport.cmake
[5.012s] -- Up-to-date: /home/ros_workspace/install/nav2_msgs/share/nav2_msgs/cmake/nav2_msgs__rosidl_typesupport_introspection_cppExport-release.cmake
[5.017s] -- Up-to-date: /home/ros_workspace/install/nav2_msgs/share/nav2_msgs/cmake/nav2_msgs__rosidl_typesupport_cppExport.cmake
[5.021s] -- Up-to-date: /home/ros_workspace/install/nav2_msgs/share/nav2_msgs/cmake/nav2_msgs__rosidl_typesupport_cppExport-release.cmake
[5.021s] -- Up-to-date: /home/ros_workspace/install/nav2_msgs/share/nav2_msgs/cmake/rosidl_cmake-extras.cmake
[5.023s] -- Up-to-date: /home/ros_workspace/install/nav2_msgs/share/nav2_msgs/cmake/ament_cmake_export_dependencies-extras.cmake
[5.023s] -- Up-to-date: /home/ros_workspace/install/nav2_msgs/share/nav2_msgs/cmake/ament_cmake_export_libraries-extras.cmake
[5.024s] -- Up-to-date: /home/ros_workspace/install/nav2_msgs/share/nav2_msgs/cmake/ament_cmake_export_targets-extras.cmake
[5.024s] -- Up-to-date: /home/ros_workspace/install/nav2_msgs/share/nav2_msgs/cmake/ament_cmake_export_include_directories-extras.cmake
[5.029s] -- Up-to-date: /home/ros_workspace/install/nav2_msgs/share/nav2_msgs/cmake/rosidl_cmake_export_typesupport_libraries-extras.cmake
[5.029s] -- Up-to-date: /home/ros_workspace/install/nav2_msgs/share/nav2_msgs/cmake/rosidl_cmake_export_typesupport_targets-extras.cmake
[5.030s] -- Up-to-date: /home/ros_workspace/install/nav2_msgs/share/nav2_msgs/cmake/nav2_msgsConfig.cmake
[5.030s] -- Up-to-date: /home/ros_workspace/install/nav2_msgs/share/nav2_msgs/cmake/nav2_msgsConfig-version.cmake
[5.030s] -- Up-to-date: /home/ros_workspace/install/nav2_msgs/share/nav2_msgs/package.xml
[5.033s] Invoked command in '/home/ros_workspace/build/nav2_msgs' returned '0': CMAKE_PREFIX_PATH=/home/ros_workspace/install/nav2_common:/home/ros_workspace/install/nav2_bringup:/home/ros_workspace/install/navigation2:/home/ros_workspace/install/nav2_waypoint_follower:/home/ros_workspace/install/nav2_navfn_planner:/home/ros_workspace/install/nav2_core:/home/ros_workspace/install/nav2_costmap_2d:/home/ros_workspace/install/nav2_voxel_grid:/home/ros_workspace/install/nav2_rviz_plugins:/home/ros_workspace/install/nav2_map_server:/home/ros_workspace/install/nav2_lifecycle_manager:/home/ros_workspace/install/nav2_bt_navigator:/home/ros_workspace/install/nav2_behavior_tree:/home/ros_workspace/install/nav2_util:/home/ros_workspace/install/mpcc_interfaces:/home/ros_workspace/install/nav2_msgs:/home/ros_workspace/install/static_collision_avoidance:/home/ros_workspace/install/simple_igoneo_commander:/home/ros_workspace/install/mpcc_local_planner:/home/ros_workspace/install/local_path_planner:/home/ros_workspace/install/dynamic_collision_avoidance:/home/ros_workspace/install/cost_map_server:/home/ros_workspace/install/nav2_gazebo_spawner:/home/ros_workspace/install/mpc_igoneo:/home/ros_workspace/install/mpc_dynamic_obstacles:/home/ros_workspace/install/igoneo_dynamic_window:/opt/ros/foxy PYTHONPATH=/home/ros_workspace/install/nav2_common/lib/python3.8/site-packages:/home/ros_workspace/install/static_collision_avoidance/lib/python3.8/site-packages:/home/ros_workspace/install/simple_igoneo_commander/lib/python3.8/site-packages:/home/ros_workspace/install/mpcc_local_planner/lib/python3.8/site-packages:/home/ros_workspace/install/local_path_planner/lib/python3.8/site-packages:/home/ros_workspace/install/dynamic_collision_avoidance/lib/python3.8/site-packages:/home/ros_workspace/install/cost_map_server/lib/python3.8/site-packages:/home/ros_workspace/install/mpcc_interfaces/lib/python3.8/site-packages:/home/ros_workspace/install/nav2_msgs/lib/python3.8/site-packages:/home/ros_workspace/install/nav2_gazebo_spawner/lib/python3.8/site-packages:/home/ros_workspace/install/mpc_igoneo/lib/python3.8/site-packages:/home/ros_workspace/install/mpc_dynamic_obstacles/lib/python3.8/site-packages:/home/ros_workspace/install/igoneo_dynamic_window/lib/python3.8/site-packages:/opt/ros/foxy/lib/python3.8/site-packages /usr/bin/cmake --install /home/ros_workspace/build/nav2_msgs
