[0.098s] Invoking command in '/home/ros_workspace/build/mpcc_interfaces': CMAKE_PREFIX_PATH=/home/ros_workspace/install/nav2_msgs:/home/ros_workspace/install/nav2_bringup:/home/ros_workspace/install/navigation2:/home/ros_workspace/install/nav2_waypoint_follower:/home/ros_workspace/install/nav2_core:/home/ros_workspace/install/nav2_costmap_2d:/home/ros_workspace/install/nav2_voxel_grid:/home/ros_workspace/install/nav2_rviz_plugins:/home/ros_workspace/install/nav2_map_server:/home/ros_workspace/install/nav2_lifecycle_manager:/home/ros_workspace/install/nav2_bt_navigator:/home/ros_workspace/install/nav2_behavior_tree:/home/ros_workspace/install/nav2_util:/home/ros_workspace/install/mpcc_interfaces:/home/ros_workspace/install/nav2_common:/home/ros_workspace/install/static_collision_avoidance:/home/ros_workspace/install/simple_igoneo_commander:/home/ros_workspace/install/mpcc_local_planner:/home/ros_workspace/install/local_path_planner:/home/ros_workspace/install/dynamic_collision_avoidance:/home/ros_workspace/install/cost_map_server:/home/ros_workspace/install/nav2_gazebo_spawner:/home/ros_workspace/install/mpc_igoneo:/home/ros_workspace/install/mpc_dynamic_obstacles:/home/ros_workspace/install/igoneo_dynamic_window:/opt/ros/foxy LD_LIBRARY_PATH=/home/ros_workspace/install/nav2_msgs/lib:/home/ros_workspace/install/nav2_waypoint_follower/lib:/home/ros_workspace/install/nav2_costmap_2d/lib:/home/ros_workspace/install/nav2_voxel_grid/lib:/home/ros_workspace/install/nav2_rviz_plugins/lib:/home/ros_workspace/install/nav2_map_server/lib:/home/ros_workspace/install/nav2_lifecycle_manager/lib:/home/ros_workspace/install/nav2_bt_navigator/lib:/home/ros_workspace/install/nav2_behavior_tree/lib:/home/ros_workspace/install/nav2_util/lib:/home/ros_workspace/install/mpcc_interfaces/lib:/opt/ros/foxy/opt/yaml_cpp_vendor/lib:/opt/ros/foxy/opt/rviz_ogre_vendor/lib:/opt/ros/foxy/lib/x86_64-linux-gnu:/opt/ros/foxy/lib PYTHONPATH=/home/ros_workspace/install/nav2_msgs/lib/python3.8/site-packages:/home/ros_workspace/install/static_collision_avoidance/lib/python3.8/site-packages:/home/ros_workspace/install/simple_igoneo_commander/lib/python3.8/site-packages:/home/ros_workspace/install/mpcc_local_planner/lib/python3.8/site-packages:/home/ros_workspace/install/local_path_planner/lib/python3.8/site-packages:/home/ros_workspace/install/dynamic_collision_avoidance/lib/python3.8/site-packages:/home/ros_workspace/install/cost_map_server/lib/python3.8/site-packages:/home/ros_workspace/install/mpcc_interfaces/lib/python3.8/site-packages:/home/ros_workspace/install/nav2_gazebo_spawner/lib/python3.8/site-packages:/home/ros_workspace/install/nav2_common/lib/python3.8/site-packages:/home/ros_workspace/install/mpc_igoneo/lib/python3.8/site-packages:/home/ros_workspace/install/mpc_dynamic_obstacles/lib/python3.8/site-packages:/home/ros_workspace/install/igoneo_dynamic_window/lib/python3.8/site-packages:/opt/ros/foxy/lib/python3.8/site-packages /usr/bin/cmake --build /home/ros_workspace/build/mpcc_interfaces -- -j4 -l4
[0.514s] [ 10%] Built target mpcc_interfaces__rosidl_generator_c
[0.524s] [ 12%] Built target mpcc_interfaces__cpp
[0.768s] [ 23%] Built target mpcc_interfaces__rosidl_typesupport_introspection_cpp
[0.781s] [ 34%] Built target mpcc_interfaces__rosidl_typesupport_introspection_c
[0.799s] [ 44%] Built target mpcc_interfaces__rosidl_typesupport_fastrtps_cpp
[0.836s] [ 55%] Built target mpcc_interfaces__rosidl_typesupport_c
[1.039s] [ 65%] Built target mpcc_interfaces__rosidl_typesupport_cpp
[1.223s] [ 76%] Built target mpcc_interfaces__rosidl_typesupport_fastrtps_c
[1.483s] [ 76%] Built target mpcc_interfaces
[1.674s] [ 78%] Built target mpcc_interfaces__py
[1.793s] [ 87%] Built target mpcc_interfaces__python
[1.913s] [ 91%] Built target mpcc_interfaces__rosidl_typesupport_c__pyext
[1.947s] [ 95%] Built target mpcc_interfaces__rosidl_typesupport_introspection_c__pyext
[1.986s] [100%] Built target mpcc_interfaces__rosidl_typesupport_fastrtps_c__pyext
[2.064s] Invoked command in '/home/ros_workspace/build/mpcc_interfaces' returned '0': CMAKE_PREFIX_PATH=/home/ros_workspace/install/nav2_msgs:/home/ros_workspace/install/nav2_bringup:/home/ros_workspace/install/navigation2:/home/ros_workspace/install/nav2_waypoint_follower:/home/ros_workspace/install/nav2_core:/home/ros_workspace/install/nav2_costmap_2d:/home/ros_workspace/install/nav2_voxel_grid:/home/ros_workspace/install/nav2_rviz_plugins:/home/ros_workspace/install/nav2_map_server:/home/ros_workspace/install/nav2_lifecycle_manager:/home/ros_workspace/install/nav2_bt_navigator:/home/ros_workspace/install/nav2_behavior_tree:/home/ros_workspace/install/nav2_util:/home/ros_workspace/install/mpcc_interfaces:/home/ros_workspace/install/nav2_common:/home/ros_workspace/install/static_collision_avoidance:/home/ros_workspace/install/simple_igoneo_commander:/home/ros_workspace/install/mpcc_local_planner:/home/ros_workspace/install/local_path_planner:/home/ros_workspace/install/dynamic_collision_avoidance:/home/ros_workspace/install/cost_map_server:/home/ros_workspace/install/nav2_gazebo_spawner:/home/ros_workspace/install/mpc_igoneo:/home/ros_workspace/install/mpc_dynamic_obstacles:/home/ros_workspace/install/igoneo_dynamic_window:/opt/ros/foxy LD_LIBRARY_PATH=/home/ros_workspace/install/nav2_msgs/lib:/home/ros_workspace/install/nav2_waypoint_follower/lib:/home/ros_workspace/install/nav2_costmap_2d/lib:/home/ros_workspace/install/nav2_voxel_grid/lib:/home/ros_workspace/install/nav2_rviz_plugins/lib:/home/ros_workspace/install/nav2_map_server/lib:/home/ros_workspace/install/nav2_lifecycle_manager/lib:/home/ros_workspace/install/nav2_bt_navigator/lib:/home/ros_workspace/install/nav2_behavior_tree/lib:/home/ros_workspace/install/nav2_util/lib:/home/ros_workspace/install/mpcc_interfaces/lib:/opt/ros/foxy/opt/yaml_cpp_vendor/lib:/opt/ros/foxy/opt/rviz_ogre_vendor/lib:/opt/ros/foxy/lib/x86_64-linux-gnu:/opt/ros/foxy/lib PYTHONPATH=/home/ros_workspace/install/nav2_msgs/lib/python3.8/site-packages:/home/ros_workspace/install/static_collision_avoidance/lib/python3.8/site-packages:/home/ros_workspace/install/simple_igoneo_commander/lib/python3.8/site-packages:/home/ros_workspace/install/mpcc_local_planner/lib/python3.8/site-packages:/home/ros_workspace/install/local_path_planner/lib/python3.8/site-packages:/home/ros_workspace/install/dynamic_collision_avoidance/lib/python3.8/site-packages:/home/ros_workspace/install/cost_map_server/lib/python3.8/site-packages:/home/ros_workspace/install/mpcc_interfaces/lib/python3.8/site-packages:/home/ros_workspace/install/nav2_gazebo_spawner/lib/python3.8/site-packages:/home/ros_workspace/install/nav2_common/lib/python3.8/site-packages:/home/ros_workspace/install/mpc_igoneo/lib/python3.8/site-packages:/home/ros_workspace/install/mpc_dynamic_obstacles/lib/python3.8/site-packages:/home/ros_workspace/install/igoneo_dynamic_window/lib/python3.8/site-packages:/opt/ros/foxy/lib/python3.8/site-packages /usr/bin/cmake --build /home/ros_workspace/build/mpcc_interfaces -- -j4 -l4
[2.913s] Invoking command in '/home/ros_workspace/build/mpcc_interfaces': CMAKE_PREFIX_PATH=/home/ros_workspace/install/nav2_msgs:/home/ros_workspace/install/nav2_bringup:/home/ros_workspace/install/navigation2:/home/ros_workspace/install/nav2_waypoint_follower:/home/ros_workspace/install/nav2_core:/home/ros_workspace/install/nav2_costmap_2d:/home/ros_workspace/install/nav2_voxel_grid:/home/ros_workspace/install/nav2_rviz_plugins:/home/ros_workspace/install/nav2_map_server:/home/ros_workspace/install/nav2_lifecycle_manager:/home/ros_workspace/install/nav2_bt_navigator:/home/ros_workspace/install/nav2_behavior_tree:/home/ros_workspace/install/nav2_util:/home/ros_workspace/install/mpcc_interfaces:/home/ros_workspace/install/nav2_common:/home/ros_workspace/install/static_collision_avoidance:/home/ros_workspace/install/simple_igoneo_commander:/home/ros_workspace/install/mpcc_local_planner:/home/ros_workspace/install/local_path_planner:/home/ros_workspace/install/dynamic_collision_avoidance:/home/ros_workspace/install/cost_map_server:/home/ros_workspace/install/nav2_gazebo_spawner:/home/ros_workspace/install/mpc_igoneo:/home/ros_workspace/install/mpc_dynamic_obstacles:/home/ros_workspace/install/igoneo_dynamic_window:/opt/ros/foxy LD_LIBRARY_PATH=/home/ros_workspace/install/nav2_msgs/lib:/home/ros_workspace/install/nav2_waypoint_follower/lib:/home/ros_workspace/install/nav2_costmap_2d/lib:/home/ros_workspace/install/nav2_voxel_grid/lib:/home/ros_workspace/install/nav2_rviz_plugins/lib:/home/ros_workspace/install/nav2_map_server/lib:/home/ros_workspace/install/nav2_lifecycle_manager/lib:/home/ros_workspace/install/nav2_bt_navigator/lib:/home/ros_workspace/install/nav2_behavior_tree/lib:/home/ros_workspace/install/nav2_util/lib:/home/ros_workspace/install/mpcc_interfaces/lib:/opt/ros/foxy/opt/yaml_cpp_vendor/lib:/opt/ros/foxy/opt/rviz_ogre_vendor/lib:/opt/ros/foxy/lib/x86_64-linux-gnu:/opt/ros/foxy/lib PYTHONPATH=/home/ros_workspace/install/nav2_msgs/lib/python3.8/site-packages:/home/ros_workspace/install/static_collision_avoidance/lib/python3.8/site-packages:/home/ros_workspace/install/simple_igoneo_commander/lib/python3.8/site-packages:/home/ros_workspace/install/mpcc_local_planner/lib/python3.8/site-packages:/home/ros_workspace/install/local_path_planner/lib/python3.8/site-packages:/home/ros_workspace/install/dynamic_collision_avoidance/lib/python3.8/site-packages:/home/ros_workspace/install/cost_map_server/lib/python3.8/site-packages:/home/ros_workspace/install/mpcc_interfaces/lib/python3.8/site-packages:/home/ros_workspace/install/nav2_gazebo_spawner/lib/python3.8/site-packages:/home/ros_workspace/install/nav2_common/lib/python3.8/site-packages:/home/ros_workspace/install/mpc_igoneo/lib/python3.8/site-packages:/home/ros_workspace/install/mpc_dynamic_obstacles/lib/python3.8/site-packages:/home/ros_workspace/install/igoneo_dynamic_window/lib/python3.8/site-packages:/opt/ros/foxy/lib/python3.8/site-packages /usr/bin/cmake --install /home/ros_workspace/build/mpcc_interfaces
[2.973s] -- Install configuration: ""
[2.982s] -- Up-to-date: /home/ros_workspace/install/mpcc_interfaces/share/ament_index/resource_index/rosidl_interfaces/mpcc_interfaces
[2.983s] -- Up-to-date: /home/ros_workspace/install/mpcc_interfaces/include/mpcc_interfaces
[2.984s] -- Up-to-date: /home/ros_workspace/install/mpcc_interfaces/include/mpcc_interfaces/msg
[2.984s] -- Up-to-date: /home/ros_workspace/install/mpcc_interfaces/include/mpcc_interfaces/msg/local_path.h
[2.985s] -- Up-to-date: /home/ros_workspace/install/mpcc_interfaces/include/mpcc_interfaces/msg/rosidl_generator_c__visibility_control.h
[2.985s] -- Up-to-date: /home/ros_workspace/install/mpcc_interfaces/include/mpcc_interfaces/msg/detail
[2.985s] -- Up-to-date: /home/ros_workspace/install/mpcc_interfaces/include/mpcc_interfaces/msg/detail/local_path__functions.h
[2.986s] -- Up-to-date: /home/ros_workspace/install/mpcc_interfaces/include/mpcc_interfaces/msg/detail/static_constraints__struct.h
[2.986s] -- Up-to-date: /home/ros_workspace/install/mpcc_interfaces/include/mpcc_interfaces/msg/detail/local_path__type_support.h
[2.987s] -- Up-to-date: /home/ros_workspace/install/mpcc_interfaces/include/mpcc_interfaces/msg/detail/local_path__struct.h
[2.987s] -- Up-to-date: /home/ros_workspace/install/mpcc_interfaces/include/mpcc_interfaces/msg/detail/local_path__functions.c
[2.987s] -- Up-to-date: /home/ros_workspace/install/mpcc_interfaces/include/mpcc_interfaces/msg/detail/static_constraints__functions.c
[2.987s] -- Up-to-date: /home/ros_workspace/install/mpcc_interfaces/include/mpcc_interfaces/msg/detail/static_constraints__type_support.h
[2.987s] -- Up-to-date: /home/ros_workspace/install/mpcc_interfaces/include/mpcc_interfaces/msg/detail/static_constraints__functions.h
[2.987s] -- Up-to-date: /home/ros_workspace/install/mpcc_interfaces/include/mpcc_interfaces/msg/static_constraints.h
[2.988s] -- Up-to-date: /home/ros_workspace/install/mpcc_interfaces/include/mpcc_interfaces/srv
[2.988s] -- Up-to-date: /home/ros_workspace/install/mpcc_interfaces/include/mpcc_interfaces/srv/detail
[2.988s] -- Up-to-date: /home/ros_workspace/install/mpcc_interfaces/include/mpcc_interfaces/srv/detail/map_request__type_support.h
[2.988s] -- Up-to-date: /home/ros_workspace/install/mpcc_interfaces/include/mpcc_interfaces/srv/detail/map_request__functions.h
[2.988s] -- Up-to-date: /home/ros_workspace/install/mpcc_interfaces/include/mpcc_interfaces/srv/detail/map_request__functions.c
[2.991s] -- Up-to-date: /home/ros_workspace/install/mpcc_interfaces/include/mpcc_interfaces/srv/detail/map_request__struct.h
[2.992s] -- Up-to-date: /home/ros_workspace/install/mpcc_interfaces/include/mpcc_interfaces/srv/map_request.h
[2.992s] -- Up-to-date: /home/ros_workspace/install/mpcc_interfaces/share/mpcc_interfaces/environment/library_path.sh
[2.993s] -- Up-to-date: /home/ros_workspace/install/mpcc_interfaces/share/mpcc_interfaces/environment/library_path.dsv
[2.994s] -- Up-to-date: /home/ros_workspace/install/mpcc_interfaces/lib/libmpcc_interfaces__rosidl_generator_c.so
[2.996s] -- Up-to-date: /home/ros_workspace/install/mpcc_interfaces/include/mpcc_interfaces
[2.996s] -- Up-to-date: /home/ros_workspace/install/mpcc_interfaces/include/mpcc_interfaces/msg
[2.997s] -- Up-to-date: /home/ros_workspace/install/mpcc_interfaces/include/mpcc_interfaces/msg/detail
[2.997s] -- Up-to-date: /home/ros_workspace/install/mpcc_interfaces/include/mpcc_interfaces/msg/detail/local_path__rosidl_typesupport_fastrtps_c.h
[3.006s] -- Up-to-date: /home/ros_workspace/install/mpcc_interfaces/include/mpcc_interfaces/msg/detail/static_constraints__rosidl_typesupport_fastrtps_c.h
[3.010s] -- Up-to-date: /home/ros_workspace/install/mpcc_interfaces/include/mpcc_interfaces/msg/rosidl_typesupport_fastrtps_c__visibility_control.h
[3.015s] -- Up-to-date: /home/ros_workspace/install/mpcc_interfaces/include/mpcc_interfaces/srv
[3.017s] -- Up-to-date: /home/ros_workspace/install/mpcc_interfaces/include/mpcc_interfaces/srv/detail
[3.017s] -- Up-to-date: /home/ros_workspace/install/mpcc_interfaces/include/mpcc_interfaces/srv/detail/map_request__rosidl_typesupport_fastrtps_c.h
[3.030s] -- Up-to-date: /home/ros_workspace/install/mpcc_interfaces/lib/libmpcc_interfaces__rosidl_typesupport_fastrtps_c.so
[3.031s] -- Up-to-date: /home/ros_workspace/install/mpcc_interfaces/include/mpcc_interfaces
[3.034s] -- Up-to-date: /home/ros_workspace/install/mpcc_interfaces/include/mpcc_interfaces/msg
[3.035s] -- Up-to-date: /home/ros_workspace/install/mpcc_interfaces/include/mpcc_interfaces/msg/detail
[3.035s] -- Up-to-date: /home/ros_workspace/install/mpcc_interfaces/include/mpcc_interfaces/msg/detail/static_constraints__rosidl_typesupport_fastrtps_cpp.hpp
[3.035s] -- Up-to-date: /home/ros_workspace/install/mpcc_interfaces/include/mpcc_interfaces/msg/detail/local_path__rosidl_typesupport_fastrtps_cpp.hpp
[3.036s] -- Up-to-date: /home/ros_workspace/install/mpcc_interfaces/include/mpcc_interfaces/msg/detail/dds_fastrtps
[3.036s] -- Up-to-date: /home/ros_workspace/install/mpcc_interfaces/include/mpcc_interfaces/msg/rosidl_typesupport_fastrtps_cpp__visibility_control.h
[3.037s] -- Up-to-date: /home/ros_workspace/install/mpcc_interfaces/include/mpcc_interfaces/srv
[3.037s] -- Up-to-date: /home/ros_workspace/install/mpcc_interfaces/include/mpcc_interfaces/srv/detail
[3.037s] -- Up-to-date: /home/ros_workspace/install/mpcc_interfaces/include/mpcc_interfaces/srv/detail/map_request__rosidl_typesupport_fastrtps_cpp.hpp
[3.038s] -- Up-to-date: /home/ros_workspace/install/mpcc_interfaces/include/mpcc_interfaces/srv/detail/dds_fastrtps
[3.038s] -- Up-to-date: /home/ros_workspace/install/mpcc_interfaces/lib/libmpcc_interfaces__rosidl_typesupport_fastrtps_cpp.so
[3.039s] -- Up-to-date: /home/ros_workspace/install/mpcc_interfaces/include/mpcc_interfaces
[3.051s] -- Up-to-date: /home/ros_workspace/install/mpcc_interfaces/include/mpcc_interfaces/msg
[3.058s] -- Up-to-date: /home/ros_workspace/install/mpcc_interfaces/include/mpcc_interfaces/msg/detail
[3.059s] -- Up-to-date: /home/ros_workspace/install/mpcc_interfaces/include/mpcc_interfaces/msg/detail/local_path__rosidl_typesupport_introspection_c.h
[3.059s] -- Up-to-date: /home/ros_workspace/install/mpcc_interfaces/include/mpcc_interfaces/msg/detail/static_constraints__rosidl_typesupport_introspection_c.h
[3.059s] -- Up-to-date: /home/ros_workspace/install/mpcc_interfaces/include/mpcc_interfaces/msg/detail/local_path__type_support.c
[3.060s] -- Up-to-date: /home/ros_workspace/install/mpcc_interfaces/include/mpcc_interfaces/msg/detail/static_constraints__type_support.c
[3.060s] -- Up-to-date: /home/ros_workspace/install/mpcc_interfaces/include/mpcc_interfaces/msg/rosidl_typesupport_introspection_c__visibility_control.h
[3.061s] -- Up-to-date: /home/ros_workspace/install/mpcc_interfaces/include/mpcc_interfaces/srv
[3.061s] -- Up-to-date: /home/ros_workspace/install/mpcc_interfaces/include/mpcc_interfaces/srv/detail
[3.061s] -- Up-to-date: /home/ros_workspace/install/mpcc_interfaces/include/mpcc_interfaces/srv/detail/map_request__type_support.c
[3.067s] -- Up-to-date: /home/ros_workspace/install/mpcc_interfaces/include/mpcc_interfaces/srv/detail/map_request__rosidl_typesupport_introspection_c.h
[3.074s] -- Up-to-date: /home/ros_workspace/install/mpcc_interfaces/lib/libmpcc_interfaces__rosidl_typesupport_introspection_c.so
[3.075s] -- Up-to-date: /home/ros_workspace/install/mpcc_interfaces/lib/libmpcc_interfaces__rosidl_typesupport_c.so
[3.075s] -- Up-to-date: /home/ros_workspace/install/mpcc_interfaces/include/mpcc_interfaces
[3.076s] -- Up-to-date: /home/ros_workspace/install/mpcc_interfaces/include/mpcc_interfaces/msg
[3.076s] -- Up-to-date: /home/ros_workspace/install/mpcc_interfaces/include/mpcc_interfaces/msg/detail
[3.077s] -- Up-to-date: /home/ros_workspace/install/mpcc_interfaces/include/mpcc_interfaces/msg/detail/local_path__builder.hpp
[3.077s] -- Up-to-date: /home/ros_workspace/install/mpcc_interfaces/include/mpcc_interfaces/msg/detail/static_constraints__traits.hpp
[3.078s] -- Up-to-date: /home/ros_workspace/install/mpcc_interfaces/include/mpcc_interfaces/msg/detail/static_constraints__builder.hpp
[3.078s] -- Up-to-date: /home/ros_workspace/install/mpcc_interfaces/include/mpcc_interfaces/msg/detail/local_path__traits.hpp
[3.084s] -- Up-to-date: /home/ros_workspace/install/mpcc_interfaces/include/mpcc_interfaces/msg/detail/local_path__struct.hpp
[3.089s] -- Up-to-date: /home/ros_workspace/install/mpcc_interfaces/include/mpcc_interfaces/msg/detail/static_constraints__struct.hpp
[3.089s] -- Up-to-date: /home/ros_workspace/install/mpcc_interfaces/include/mpcc_interfaces/msg/static_constraints.hpp
[3.089s] -- Up-to-date: /home/ros_workspace/install/mpcc_interfaces/include/mpcc_interfaces/msg/local_path.hpp
[3.090s] -- Up-to-date: /home/ros_workspace/install/mpcc_interfaces/include/mpcc_interfaces/srv
[3.091s] -- Up-to-date: /home/ros_workspace/install/mpcc_interfaces/include/mpcc_interfaces/srv/map_request.hpp
[3.091s] -- Up-to-date: /home/ros_workspace/install/mpcc_interfaces/include/mpcc_interfaces/srv/detail
[3.092s] -- Up-to-date: /home/ros_workspace/install/mpcc_interfaces/include/mpcc_interfaces/srv/detail/map_request__traits.hpp
[3.092s] -- Up-to-date: /home/ros_workspace/install/mpcc_interfaces/include/mpcc_interfaces/srv/detail/map_request__struct.hpp
[3.092s] -- Up-to-date: /home/ros_workspace/install/mpcc_interfaces/include/mpcc_interfaces/srv/detail/map_request__builder.hpp
[3.093s] -- Up-to-date: /home/ros_workspace/install/mpcc_interfaces/include/mpcc_interfaces
[3.102s] -- Up-to-date: /home/ros_workspace/install/mpcc_interfaces/include/mpcc_interfaces/msg
[3.118s] -- Up-to-date: /home/ros_workspace/install/mpcc_interfaces/include/mpcc_interfaces/msg/detail
[3.119s] -- Up-to-date: /home/ros_workspace/install/mpcc_interfaces/include/mpcc_interfaces/msg/detail/local_path__type_support.cpp
[3.119s] -- Up-to-date: /home/ros_workspace/install/mpcc_interfaces/include/mpcc_interfaces/msg/detail/static_constraints__rosidl_typesupport_introspection_cpp.hpp
[3.120s] -- Up-to-date: /home/ros_workspace/install/mpcc_interfaces/include/mpcc_interfaces/msg/detail/static_constraints__type_support.cpp
[3.120s] -- Up-to-date: /home/ros_workspace/install/mpcc_interfaces/include/mpcc_interfaces/msg/detail/local_path__rosidl_typesupport_introspection_cpp.hpp
[3.121s] -- Up-to-date: /home/ros_workspace/install/mpcc_interfaces/include/mpcc_interfaces/srv
[3.121s] -- Up-to-date: /home/ros_workspace/install/mpcc_interfaces/include/mpcc_interfaces/srv/detail
[3.121s] -- Up-to-date: /home/ros_workspace/install/mpcc_interfaces/include/mpcc_interfaces/srv/detail/map_request__rosidl_typesupport_introspection_cpp.hpp
[3.127s] -- Up-to-date: /home/ros_workspace/install/mpcc_interfaces/include/mpcc_interfaces/srv/detail/map_request__type_support.cpp
[3.128s] -- Up-to-date: /home/ros_workspace/install/mpcc_interfaces/lib/libmpcc_interfaces__rosidl_typesupport_introspection_cpp.so
[3.128s] -- Up-to-date: /home/ros_workspace/install/mpcc_interfaces/lib/libmpcc_interfaces__rosidl_typesupport_cpp.so
[3.145s] -- Up-to-date: /home/ros_workspace/install/mpcc_interfaces/share/mpcc_interfaces/environment/pythonpath.sh
[3.146s] -- Up-to-date: /home/ros_workspace/install/mpcc_interfaces/share/mpcc_interfaces/environment/pythonpath.dsv
[3.159s] -- Up-to-date: /home/ros_workspace/install/mpcc_interfaces/lib/python3.8/site-packages/mpcc_interfaces/__init__.py
[3.387s] -- Up-to-date: /home/ros_workspace/install/mpcc_interfaces/lib/python3.8/site-packages/mpcc_interfaces/msg
[3.398s] -- Up-to-date: /home/ros_workspace/install/mpcc_interfaces/lib/python3.8/site-packages/mpcc_interfaces/msg/_static_constraints_s.c
[3.399s] -- Up-to-date: /home/ros_workspace/install/mpcc_interfaces/lib/python3.8/site-packages/mpcc_interfaces/msg/_local_path.py
[3.399s] -- Up-to-date: /home/ros_workspace/install/mpcc_interfaces/lib/python3.8/site-packages/mpcc_interfaces/msg/_local_path_s.c
[3.399s] -- Up-to-date: /home/ros_workspace/install/mpcc_interfaces/lib/python3.8/site-packages/mpcc_interfaces/msg/_static_constraints.py
[3.400s] -- Up-to-date: /home/ros_workspace/install/mpcc_interfaces/lib/python3.8/site-packages/mpcc_interfaces/msg/__init__.py
[3.400s] -- Up-to-date: /home/ros_workspace/install/mpcc_interfaces/lib/python3.8/site-packages/mpcc_interfaces/srv
[3.400s] -- Up-to-date: /home/ros_workspace/install/mpcc_interfaces/lib/python3.8/site-packages/mpcc_interfaces/srv/_map_request_s.c
[3.400s] -- Up-to-date: /home/ros_workspace/install/mpcc_interfaces/lib/python3.8/site-packages/mpcc_interfaces/srv/__init__.py
[3.400s] -- Up-to-date: /home/ros_workspace/install/mpcc_interfaces/lib/python3.8/site-packages/mpcc_interfaces/srv/_map_request.py
[3.400s] -- Up-to-date: /home/ros_workspace/install/mpcc_interfaces/lib/python3.8/site-packages/mpcc_interfaces/mpcc_interfaces_s__rosidl_typesupport_fastrtps_c.cpython-38-x86_64-linux-gnu.so
[3.401s] -- Up-to-date: /home/ros_workspace/install/mpcc_interfaces/lib/python3.8/site-packages/mpcc_interfaces/mpcc_interfaces_s__rosidl_typesupport_introspection_c.cpython-38-x86_64-linux-gnu.so
[3.424s] -- Up-to-date: /home/ros_workspace/install/mpcc_interfaces/lib/python3.8/site-packages/mpcc_interfaces/mpcc_interfaces_s__rosidl_typesupport_c.cpython-38-x86_64-linux-gnu.so
[3.425s] -- Up-to-date: /home/ros_workspace/install/mpcc_interfaces/lib/libmpcc_interfaces__python.so
[3.425s] -- Up-to-date: /home/ros_workspace/install/mpcc_interfaces/share/mpcc_interfaces/msg/LocalPath.idl
[3.430s] -- Up-to-date: /home/ros_workspace/install/mpcc_interfaces/share/mpcc_interfaces/msg/StaticConstraints.idl
[3.431s] -- Up-to-date: /home/ros_workspace/install/mpcc_interfaces/share/mpcc_interfaces/srv/MapRequest.idl
[3.431s] -- Up-to-date: /home/ros_workspace/install/mpcc_interfaces/share/mpcc_interfaces/msg/LocalPath.msg
[3.431s] -- Up-to-date: /home/ros_workspace/install/mpcc_interfaces/share/mpcc_interfaces/msg/StaticConstraints.msg
[3.431s] -- Up-to-date: /home/ros_workspace/install/mpcc_interfaces/share/mpcc_interfaces/srv/MapRequest.srv
[3.432s] -- Up-to-date: /home/ros_workspace/install/mpcc_interfaces/share/mpcc_interfaces/srv/MapRequest_Request.msg
[3.432s] -- Up-to-date: /home/ros_workspace/install/mpcc_interfaces/share/mpcc_interfaces/srv/MapRequest_Response.msg
[3.432s] -- Up-to-date: /home/ros_workspace/install/mpcc_interfaces/share/ament_index/resource_index/package_run_dependencies/mpcc_interfaces
[3.455s] -- Up-to-date: /home/ros_workspace/install/mpcc_interfaces/share/ament_index/resource_index/parent_prefix_path/mpcc_interfaces
[3.455s] -- Up-to-date: /home/ros_workspace/install/mpcc_interfaces/share/mpcc_interfaces/environment/ament_prefix_path.sh
[3.456s] -- Up-to-date: /home/ros_workspace/install/mpcc_interfaces/share/mpcc_interfaces/environment/ament_prefix_path.dsv
[3.456s] -- Up-to-date: /home/ros_workspace/install/mpcc_interfaces/share/mpcc_interfaces/environment/path.sh
[3.456s] -- Up-to-date: /home/ros_workspace/install/mpcc_interfaces/share/mpcc_interfaces/environment/path.dsv
[3.456s] -- Up-to-date: /home/ros_workspace/install/mpcc_interfaces/share/mpcc_interfaces/local_setup.bash
[3.457s] -- Up-to-date: /home/ros_workspace/install/mpcc_interfaces/share/mpcc_interfaces/local_setup.sh
[3.457s] -- Up-to-date: /home/ros_workspace/install/mpcc_interfaces/share/mpcc_interfaces/local_setup.zsh
[3.458s] -- Up-to-date: /home/ros_workspace/install/mpcc_interfaces/share/mpcc_interfaces/local_setup.dsv
[3.459s] -- Installing: /home/ros_workspace/install/mpcc_interfaces/share/mpcc_interfaces/package.dsv
[3.459s] -- Up-to-date: /home/ros_workspace/install/mpcc_interfaces/share/ament_index/resource_index/packages/mpcc_interfaces
[3.460s] -- Up-to-date: /home/ros_workspace/install/mpcc_interfaces/share/mpcc_interfaces/cmake/mpcc_interfaces__rosidl_generator_cExport.cmake
[3.460s] -- Up-to-date: /home/ros_workspace/install/mpcc_interfaces/share/mpcc_interfaces/cmake/mpcc_interfaces__rosidl_generator_cExport-noconfig.cmake
[3.461s] -- Up-to-date: /home/ros_workspace/install/mpcc_interfaces/share/mpcc_interfaces/cmake/mpcc_interfaces__rosidl_typesupport_introspection_cExport.cmake
[3.470s] -- Up-to-date: /home/ros_workspace/install/mpcc_interfaces/share/mpcc_interfaces/cmake/mpcc_interfaces__rosidl_typesupport_introspection_cExport-noconfig.cmake
[3.470s] -- Up-to-date: /home/ros_workspace/install/mpcc_interfaces/share/mpcc_interfaces/cmake/mpcc_interfaces__rosidl_typesupport_cExport.cmake
[3.471s] -- Up-to-date: /home/ros_workspace/install/mpcc_interfaces/share/mpcc_interfaces/cmake/mpcc_interfaces__rosidl_typesupport_cExport-noconfig.cmake
[3.472s] -- Up-to-date: /home/ros_workspace/install/mpcc_interfaces/share/mpcc_interfaces/cmake/mpcc_interfaces__rosidl_generator_cppExport.cmake
[3.474s] -- Up-to-date: /home/ros_workspace/install/mpcc_interfaces/share/mpcc_interfaces/cmake/mpcc_interfaces__rosidl_typesupport_introspection_cppExport.cmake
[3.474s] -- Up-to-date: /home/ros_workspace/install/mpcc_interfaces/share/mpcc_interfaces/cmake/mpcc_interfaces__rosidl_typesupport_introspection_cppExport-noconfig.cmake
[3.475s] -- Up-to-date: /home/ros_workspace/install/mpcc_interfaces/share/mpcc_interfaces/cmake/mpcc_interfaces__rosidl_typesupport_cppExport.cmake
[3.475s] -- Up-to-date: /home/ros_workspace/install/mpcc_interfaces/share/mpcc_interfaces/cmake/mpcc_interfaces__rosidl_typesupport_cppExport-noconfig.cmake
[3.476s] -- Up-to-date: /home/ros_workspace/install/mpcc_interfaces/share/mpcc_interfaces/cmake/rosidl_cmake-extras.cmake
[3.498s] -- Up-to-date: /home/ros_workspace/install/mpcc_interfaces/share/mpcc_interfaces/cmake/ament_cmake_export_dependencies-extras.cmake
[3.498s] -- Up-to-date: /home/ros_workspace/install/mpcc_interfaces/share/mpcc_interfaces/cmake/ament_cmake_export_libraries-extras.cmake
[3.498s] -- Up-to-date: /home/ros_workspace/install/mpcc_interfaces/share/mpcc_interfaces/cmake/ament_cmake_export_targets-extras.cmake
[3.499s] -- Up-to-date: /home/ros_workspace/install/mpcc_interfaces/share/mpcc_interfaces/cmake/ament_cmake_export_include_directories-extras.cmake
[3.499s] -- Up-to-date: /home/ros_workspace/install/mpcc_interfaces/share/mpcc_interfaces/cmake/rosidl_cmake_export_typesupport_libraries-extras.cmake
[3.499s] -- Up-to-date: /home/ros_workspace/install/mpcc_interfaces/share/mpcc_interfaces/cmake/rosidl_cmake_export_typesupport_targets-extras.cmake
[3.499s] -- Up-to-date: /home/ros_workspace/install/mpcc_interfaces/share/mpcc_interfaces/cmake/mpcc_interfacesConfig.cmake
[3.499s] -- Up-to-date: /home/ros_workspace/install/mpcc_interfaces/share/mpcc_interfaces/cmake/mpcc_interfacesConfig-version.cmake
[3.500s] -- Up-to-date: /home/ros_workspace/install/mpcc_interfaces/share/mpcc_interfaces/package.xml
[3.500s] Invoked command in '/home/ros_workspace/build/mpcc_interfaces' returned '0': CMAKE_PREFIX_PATH=/home/ros_workspace/install/nav2_msgs:/home/ros_workspace/install/nav2_bringup:/home/ros_workspace/install/navigation2:/home/ros_workspace/install/nav2_waypoint_follower:/home/ros_workspace/install/nav2_core:/home/ros_workspace/install/nav2_costmap_2d:/home/ros_workspace/install/nav2_voxel_grid:/home/ros_workspace/install/nav2_rviz_plugins:/home/ros_workspace/install/nav2_map_server:/home/ros_workspace/install/nav2_lifecycle_manager:/home/ros_workspace/install/nav2_bt_navigator:/home/ros_workspace/install/nav2_behavior_tree:/home/ros_workspace/install/nav2_util:/home/ros_workspace/install/mpcc_interfaces:/home/ros_workspace/install/nav2_common:/home/ros_workspace/install/static_collision_avoidance:/home/ros_workspace/install/simple_igoneo_commander:/home/ros_workspace/install/mpcc_local_planner:/home/ros_workspace/install/local_path_planner:/home/ros_workspace/install/dynamic_collision_avoidance:/home/ros_workspace/install/cost_map_server:/home/ros_workspace/install/nav2_gazebo_spawner:/home/ros_workspace/install/mpc_igoneo:/home/ros_workspace/install/mpc_dynamic_obstacles:/home/ros_workspace/install/igoneo_dynamic_window:/opt/ros/foxy LD_LIBRARY_PATH=/home/ros_workspace/install/nav2_msgs/lib:/home/ros_workspace/install/nav2_waypoint_follower/lib:/home/ros_workspace/install/nav2_costmap_2d/lib:/home/ros_workspace/install/nav2_voxel_grid/lib:/home/ros_workspace/install/nav2_rviz_plugins/lib:/home/ros_workspace/install/nav2_map_server/lib:/home/ros_workspace/install/nav2_lifecycle_manager/lib:/home/ros_workspace/install/nav2_bt_navigator/lib:/home/ros_workspace/install/nav2_behavior_tree/lib:/home/ros_workspace/install/nav2_util/lib:/home/ros_workspace/install/mpcc_interfaces/lib:/opt/ros/foxy/opt/yaml_cpp_vendor/lib:/opt/ros/foxy/opt/rviz_ogre_vendor/lib:/opt/ros/foxy/lib/x86_64-linux-gnu:/opt/ros/foxy/lib PYTHONPATH=/home/ros_workspace/install/nav2_msgs/lib/python3.8/site-packages:/home/ros_workspace/install/static_collision_avoidance/lib/python3.8/site-packages:/home/ros_workspace/install/simple_igoneo_commander/lib/python3.8/site-packages:/home/ros_workspace/install/mpcc_local_planner/lib/python3.8/site-packages:/home/ros_workspace/install/local_path_planner/lib/python3.8/site-packages:/home/ros_workspace/install/dynamic_collision_avoidance/lib/python3.8/site-packages:/home/ros_workspace/install/cost_map_server/lib/python3.8/site-packages:/home/ros_workspace/install/mpcc_interfaces/lib/python3.8/site-packages:/home/ros_workspace/install/nav2_gazebo_spawner/lib/python3.8/site-packages:/home/ros_workspace/install/nav2_common/lib/python3.8/site-packages:/home/ros_workspace/install/mpc_igoneo/lib/python3.8/site-packages:/home/ros_workspace/install/mpc_dynamic_obstacles/lib/python3.8/site-packages:/home/ros_workspace/install/igoneo_dynamic_window/lib/python3.8/site-packages:/opt/ros/foxy/lib/python3.8/site-packages /usr/bin/cmake --install /home/ros_workspace/build/mpcc_interfaces
