[0.048s] Invoking command in '/home/ros_workspace/build/nav2_costmap_2d': CMAKE_PREFIX_PATH=/home/ros_workspace/install/nav2_map_server:/home/ros_workspace/install/nav2_lifecycle_manager:/home/ros_workspace/install/nav2_util:/home/ros_workspace/install/nav2_voxel_grid:/home/ros_workspace/install/nav2_msgs:/home/ros_workspace/install/nav2_common:/home/ros_workspace/install/nav2_bringup:/home/ros_workspace/install/navigation2:/home/ros_workspace/install/nav2_waypoint_follower:/home/ros_workspace/install/nav2_core:/home/ros_workspace/install/nav2_costmap_2d:/home/ros_workspace/install/nav2_rviz_plugins:/home/ros_workspace/install/nav2_bt_navigator:/home/ros_workspace/install/nav2_behavior_tree:/home/ros_workspace/install/mpcc_interfaces:/home/ros_workspace/install/static_collision_avoidance:/home/ros_workspace/install/simple_igoneo_commander:/home/ros_workspace/install/mpcc_local_planner:/home/ros_workspace/install/local_path_planner:/home/ros_workspace/install/dynamic_collision_avoidance:/home/ros_workspace/install/cost_map_server:/home/ros_workspace/install/nav2_gazebo_spawner:/home/ros_workspace/install/mpc_igoneo:/home/ros_workspace/install/mpc_dynamic_obstacles:/home/ros_workspace/install/igoneo_dynamic_window:/opt/ros/foxy LD_LIBRARY_PATH=/home/ros_workspace/install/nav2_map_server/lib:/home/ros_workspace/install/nav2_lifecycle_manager/lib:/home/ros_workspace/install/nav2_util/lib:/home/ros_workspace/install/nav2_voxel_grid/lib:/home/ros_workspace/install/nav2_msgs/lib:/home/ros_workspace/install/nav2_waypoint_follower/lib:/home/ros_workspace/install/nav2_costmap_2d/lib:/home/ros_workspace/install/nav2_rviz_plugins/lib:/home/ros_workspace/install/nav2_bt_navigator/lib:/home/ros_workspace/install/nav2_behavior_tree/lib:/opt/ros/foxy/opt/yaml_cpp_vendor/lib:/opt/ros/foxy/opt/rviz_ogre_vendor/lib:/opt/ros/foxy/lib/x86_64-linux-gnu:/opt/ros/foxy/lib PYTHONPATH=/home/ros_workspace/install/nav2_msgs/lib/python3.8/site-packages:/home/ros_workspace/install/nav2_common/lib/python3.8/site-packages:/home/ros_workspace/install/static_collision_avoidance/lib/python3.8/site-packages:/home/ros_workspace/install/simple_igoneo_commander/lib/python3.8/site-packages:/home/ros_workspace/install/mpcc_local_planner/lib/python3.8/site-packages:/home/ros_workspace/install/local_path_planner/lib/python3.8/site-packages:/home/ros_workspace/install/dynamic_collision_avoidance/lib/python3.8/site-packages:/home/ros_workspace/install/cost_map_server/lib/python3.8/site-packages:/home/ros_workspace/install/nav2_gazebo_spawner/lib/python3.8/site-packages:/home/ros_workspace/install/mpc_igoneo/lib/python3.8/site-packages:/home/ros_workspace/install/mpc_dynamic_obstacles/lib/python3.8/site-packages:/home/ros_workspace/install/igoneo_dynamic_window/lib/python3.8/site-packages:/opt/ros/foxy/lib/python3.8/site-packages /usr/bin/cmake /home/ros_workspace/src/navigation2/nav2_costmap_2d -DCMAKE_INSTALL_PREFIX=/home/ros_workspace/install/nav2_costmap_2d
[0.076s] -- Found ament_cmake: 0.9.11 (/opt/ros/foxy/share/ament_cmake/cmake)
[0.114s] -- Using PYTHON_EXECUTABLE: /usr/bin/python3
[0.399s] -- Found geometry_msgs: 2.0.5 (/opt/ros/foxy/share/geometry_msgs/cmake)
[0.454s] -- Using all available rosidl_typesupport_c: rosidl_typesupport_fastrtps_c;rosidl_typesupport_introspection_c
[0.462s] -- Found rosidl_adapter: 1.3.0 (/opt/ros/foxy/share/rosidl_adapter/cmake)
[0.754s] -- Using all available rosidl_typesupport_cpp: rosidl_typesupport_fastrtps_cpp;rosidl_typesupport_introspection_cpp
[0.943s] -- Found laser_geometry: 2.2.0 (/opt/ros/foxy/share/laser_geometry/cmake)
[0.952s] -- Found map_msgs: 2.0.2 (/opt/ros/foxy/share/map_msgs/cmake)
[1.734s] -- Found message_filters: 3.2.5 (/opt/ros/foxy/share/message_filters/cmake)
[1.739s] -- Found nav2_common: 0.4.7 (/home/ros_workspace/install/nav2_common/share/nav2_common/cmake)
[1.740s] -- Found nav2_msgs: 0.4.7 (/home/ros_workspace/install/nav2_msgs/share/nav2_msgs/cmake)
[2.248s] -- Found nav2_util: 0.4.7 (/home/ros_workspace/install/nav2_util/share/nav2_util/cmake)
[2.363s] -- Found rmw_implementation_cmake: 1.0.3 (/opt/ros/foxy/share/rmw_implementation_cmake/cmake)
[2.366s] -- Using RMW implementation 'rmw_fastrtps_cpp' as default
[3.536s] -- Found nav2_voxel_grid: 0.4.7 (/home/ros_workspace/install/nav2_voxel_grid/share/nav2_voxel_grid/cmake)
[3.557s] -- Found pluginlib: 2.5.4 (/opt/ros/foxy/share/pluginlib/cmake)
[3.634s] -- Found tf2_sensor_msgs: 0.13.13 (/opt/ros/foxy/share/tf2_sensor_msgs/cmake)
[3.675s] -- Found visualization_msgs: 2.0.5 (/opt/ros/foxy/share/visualization_msgs/cmake)
[3.893s] -- Found angles: 1.12.6 (/opt/ros/foxy/share/angles/cmake)
[3.902s] -- Setting build type to Release as none was specified.
[6.453s] -- Found ament_lint_auto: 0.9.7 (/opt/ros/foxy/share/ament_lint_auto/cmake)
[7.451s] -- Found gtest sources under '/opt/ros/foxy/src/gtest_vendor': C++ tests using 'Google Test' will be built
[7.456s] -- Check if compiler accepts -pthread
[7.676s] -- Check if compiler accepts -pthread - yes
[7.688s] -- Found gtest sources under '/opt/ros/foxy/src/gtest_vendor': C++ tests using 'Google Test' will be built
[9.901s] -- Added test 'cppcheck' to perform static code analysis on C / C++ code
[9.903s] -- Configured cppcheck include dirs: /home/ros_workspace/src/navigation2/nav2_costmap_2d/include
[9.904s] -- Configured cppcheck exclude dirs and/or files: 
[9.906s] -- Added test 'flake8' to check Python code syntax and style conventions
[9.912s] -- Added test 'lint_cmake' to check CMake code style
[9.914s] -- Added test 'pep257' to check Python code against some of the style conventions in PEP 257
[9.925s] -- Added test 'uncrustify' to check C / C++ code style
[9.926s] -- Configured uncrustify additional arguments: 
[9.930s] -- Added test 'xmllint' to check XML markup files
[9.962s] -- Configuring done
[11.581s] -- Generating done
[11.589s] -- Build files have been written to: /home/ros_workspace/build/nav2_costmap_2d
[11.620s] Invoked command in '/home/ros_workspace/build/nav2_costmap_2d' returned '0': CMAKE_PREFIX_PATH=/home/ros_workspace/install/nav2_map_server:/home/ros_workspace/install/nav2_lifecycle_manager:/home/ros_workspace/install/nav2_util:/home/ros_workspace/install/nav2_voxel_grid:/home/ros_workspace/install/nav2_msgs:/home/ros_workspace/install/nav2_common:/home/ros_workspace/install/nav2_bringup:/home/ros_workspace/install/navigation2:/home/ros_workspace/install/nav2_waypoint_follower:/home/ros_workspace/install/nav2_core:/home/ros_workspace/install/nav2_costmap_2d:/home/ros_workspace/install/nav2_rviz_plugins:/home/ros_workspace/install/nav2_bt_navigator:/home/ros_workspace/install/nav2_behavior_tree:/home/ros_workspace/install/mpcc_interfaces:/home/ros_workspace/install/static_collision_avoidance:/home/ros_workspace/install/simple_igoneo_commander:/home/ros_workspace/install/mpcc_local_planner:/home/ros_workspace/install/local_path_planner:/home/ros_workspace/install/dynamic_collision_avoidance:/home/ros_workspace/install/cost_map_server:/home/ros_workspace/install/nav2_gazebo_spawner:/home/ros_workspace/install/mpc_igoneo:/home/ros_workspace/install/mpc_dynamic_obstacles:/home/ros_workspace/install/igoneo_dynamic_window:/opt/ros/foxy LD_LIBRARY_PATH=/home/ros_workspace/install/nav2_map_server/lib:/home/ros_workspace/install/nav2_lifecycle_manager/lib:/home/ros_workspace/install/nav2_util/lib:/home/ros_workspace/install/nav2_voxel_grid/lib:/home/ros_workspace/install/nav2_msgs/lib:/home/ros_workspace/install/nav2_waypoint_follower/lib:/home/ros_workspace/install/nav2_costmap_2d/lib:/home/ros_workspace/install/nav2_rviz_plugins/lib:/home/ros_workspace/install/nav2_bt_navigator/lib:/home/ros_workspace/install/nav2_behavior_tree/lib:/opt/ros/foxy/opt/yaml_cpp_vendor/lib:/opt/ros/foxy/opt/rviz_ogre_vendor/lib:/opt/ros/foxy/lib/x86_64-linux-gnu:/opt/ros/foxy/lib PYTHONPATH=/home/ros_workspace/install/nav2_msgs/lib/python3.8/site-packages:/home/ros_workspace/install/nav2_common/lib/python3.8/site-packages:/home/ros_workspace/install/static_collision_avoidance/lib/python3.8/site-packages:/home/ros_workspace/install/simple_igoneo_commander/lib/python3.8/site-packages:/home/ros_workspace/install/mpcc_local_planner/lib/python3.8/site-packages:/home/ros_workspace/install/local_path_planner/lib/python3.8/site-packages:/home/ros_workspace/install/dynamic_collision_avoidance/lib/python3.8/site-packages:/home/ros_workspace/install/cost_map_server/lib/python3.8/site-packages:/home/ros_workspace/install/nav2_gazebo_spawner/lib/python3.8/site-packages:/home/ros_workspace/install/mpc_igoneo/lib/python3.8/site-packages:/home/ros_workspace/install/mpc_dynamic_obstacles/lib/python3.8/site-packages:/home/ros_workspace/install/igoneo_dynamic_window/lib/python3.8/site-packages:/opt/ros/foxy/lib/python3.8/site-packages /usr/bin/cmake /home/ros_workspace/src/navigation2/nav2_costmap_2d -DCMAKE_INSTALL_PREFIX=/home/ros_workspace/install/nav2_costmap_2d
[11.621s] Invoking command in '/home/ros_workspace/build/nav2_costmap_2d': CMAKE_PREFIX_PATH=/home/ros_workspace/install/nav2_map_server:/home/ros_workspace/install/nav2_lifecycle_manager:/home/ros_workspace/install/nav2_util:/home/ros_workspace/install/nav2_voxel_grid:/home/ros_workspace/install/nav2_msgs:/home/ros_workspace/install/nav2_common:/home/ros_workspace/install/nav2_bringup:/home/ros_workspace/install/navigation2:/home/ros_workspace/install/nav2_waypoint_follower:/home/ros_workspace/install/nav2_core:/home/ros_workspace/install/nav2_costmap_2d:/home/ros_workspace/install/nav2_rviz_plugins:/home/ros_workspace/install/nav2_bt_navigator:/home/ros_workspace/install/nav2_behavior_tree:/home/ros_workspace/install/mpcc_interfaces:/home/ros_workspace/install/static_collision_avoidance:/home/ros_workspace/install/simple_igoneo_commander:/home/ros_workspace/install/mpcc_local_planner:/home/ros_workspace/install/local_path_planner:/home/ros_workspace/install/dynamic_collision_avoidance:/home/ros_workspace/install/cost_map_server:/home/ros_workspace/install/nav2_gazebo_spawner:/home/ros_workspace/install/mpc_igoneo:/home/ros_workspace/install/mpc_dynamic_obstacles:/home/ros_workspace/install/igoneo_dynamic_window:/opt/ros/foxy LD_LIBRARY_PATH=/home/ros_workspace/install/nav2_map_server/lib:/home/ros_workspace/install/nav2_lifecycle_manager/lib:/home/ros_workspace/install/nav2_util/lib:/home/ros_workspace/install/nav2_voxel_grid/lib:/home/ros_workspace/install/nav2_msgs/lib:/home/ros_workspace/install/nav2_waypoint_follower/lib:/home/ros_workspace/install/nav2_costmap_2d/lib:/home/ros_workspace/install/nav2_rviz_plugins/lib:/home/ros_workspace/install/nav2_bt_navigator/lib:/home/ros_workspace/install/nav2_behavior_tree/lib:/opt/ros/foxy/opt/yaml_cpp_vendor/lib:/opt/ros/foxy/opt/rviz_ogre_vendor/lib:/opt/ros/foxy/lib/x86_64-linux-gnu:/opt/ros/foxy/lib PYTHONPATH=/home/ros_workspace/install/nav2_msgs/lib/python3.8/site-packages:/home/ros_workspace/install/nav2_common/lib/python3.8/site-packages:/home/ros_workspace/install/static_collision_avoidance/lib/python3.8/site-packages:/home/ros_workspace/install/simple_igoneo_commander/lib/python3.8/site-packages:/home/ros_workspace/install/mpcc_local_planner/lib/python3.8/site-packages:/home/ros_workspace/install/local_path_planner/lib/python3.8/site-packages:/home/ros_workspace/install/dynamic_collision_avoidance/lib/python3.8/site-packages:/home/ros_workspace/install/cost_map_server/lib/python3.8/site-packages:/home/ros_workspace/install/nav2_gazebo_spawner/lib/python3.8/site-packages:/home/ros_workspace/install/mpc_igoneo/lib/python3.8/site-packages:/home/ros_workspace/install/mpc_dynamic_obstacles/lib/python3.8/site-packages:/home/ros_workspace/install/igoneo_dynamic_window/lib/python3.8/site-packages:/opt/ros/foxy/lib/python3.8/site-packages /usr/bin/cmake --build /home/ros_workspace/build/nav2_costmap_2d -- -j8 -l8
[11.775s] [35m[1mScanning dependencies of target nav2_costmap_2d_core[0m
[12.622s] [  2%] [32mBuilding CXX object CMakeFiles/nav2_costmap_2d_core.dir/src/array_parser.cpp.o[0m
[13.925s] [  4%] [32mBuilding CXX object CMakeFiles/nav2_costmap_2d_core.dir/src/costmap_2d_publisher.cpp.o[0m
[22.225s] [  6%] [32mBuilding CXX object CMakeFiles/nav2_costmap_2d_core.dir/src/costmap_math.cpp.o[0m
[22.694s] [  8%] [32mBuilding CXX object CMakeFiles/nav2_costmap_2d_core.dir/src/footprint.cpp.o[0m
[25.367s] [ 10%] [32mBuilding CXX object CMakeFiles/nav2_costmap_2d_core.dir/src/costmap_layer.cpp.o[0m
[27.987s] [ 14%] [32mBuilding CXX object CMakeFiles/nav2_costmap_2d_core.dir/src/observation_buffer.cpp.o[0m
[27.987s] [ 14%] [32mBuilding CXX object CMakeFiles/nav2_costmap_2d_core.dir/src/costmap_2d_ros.cpp.o[0m
[29.010s] [ 16%] [32mBuilding CXX object CMakeFiles/nav2_costmap_2d_core.dir/src/clear_costmap_service.cpp.o[0m
[30.063s] [ 18%] [32mBuilding CXX object CMakeFiles/nav2_costmap_2d_core.dir/src/layered_costmap.cpp.o[0m
[31.128s] [ 20%] [32mBuilding CXX object CMakeFiles/nav2_costmap_2d_core.dir/src/layer.cpp.o[0m
[32.239s] [ 22%] [32mBuilding CXX object CMakeFiles/nav2_costmap_2d_core.dir/src/costmap_2d.cpp.o[0m
[56.767s] [ 25%] [32mBuilding CXX object CMakeFiles/nav2_costmap_2d_core.dir/src/footprint_collision_checker.cpp.o[0m
[60.027s] [ 27%] [32m[1mLinking CXX shared library libnav2_costmap_2d_core.so[0m
[60.649s] [ 27%] Built target nav2_costmap_2d_core
[60.665s] [35m[1mScanning dependencies of target gtest_main[0m
[60.687s] [ 29%] [32mBuilding CXX object gtest/CMakeFiles/gtest_main.dir/src/gtest_main.cc.o[0m
[61.705s] [ 31%] [32m[1mLinking CXX static library libgtest_main.a[0m
[61.758s] [ 31%] Built target gtest_main
[61.773s] [35m[1mScanning dependencies of target nav2_costmap_2d_cloud[0m
[61.842s] [ 33%] [32mBuilding CXX object CMakeFiles/nav2_costmap_2d_cloud.dir/src/costmap_2d_cloud.cpp.o[0m
[72.376s] [ 35%] [32m[1mLinking CXX executable nav2_costmap_2d_cloud[0m
[72.757s] [ 35%] Built target nav2_costmap_2d_cloud
[72.780s] [35m[1mScanning dependencies of target nav2_costmap_2d_client[0m
[72.783s] [35m[1mScanning dependencies of target nav2_costmap_2d_markers[0m
[73.011s] [ 37%] [32mBuilding CXX object CMakeFiles/nav2_costmap_2d_markers.dir/src/costmap_2d_markers.cpp.o[0m
[73.022s] [ 39%] [32mBuilding CXX object CMakeFiles/nav2_costmap_2d_client.dir/src/footprint_subscriber.cpp.o[0m
[73.028s] [ 41%] [32mBuilding CXX object CMakeFiles/nav2_costmap_2d_client.dir/src/costmap_subscriber.cpp.o[0m
[91.349s] [ 43%] [32mBuilding CXX object CMakeFiles/nav2_costmap_2d_client.dir/src/costmap_topic_collision_checker.cpp.o[0m
[91.423s] [ 45%] [32m[1mLinking CXX executable nav2_costmap_2d_markers[0m
[91.813s] [ 45%] Built target nav2_costmap_2d_markers
[94.710s] [ 47%] [32m[1mLinking CXX shared library libnav2_costmap_2d_client.so[0m
[95.133s] [ 47%] Built target nav2_costmap_2d_client
[95.150s] [35m[1mScanning dependencies of target layers[0m
[95.350s] [ 50%] [32mBuilding CXX object CMakeFiles/layers.dir/plugins/inflation_layer.cpp.o[0m
[99.992s] [ 52%] [32mBuilding CXX object CMakeFiles/layers.dir/plugins/range_sensor_layer.cpp.o[0m
[112.061s] [ 54%] [32mBuilding CXX object CMakeFiles/layers.dir/plugins/voxel_layer.cpp.o[0m
[120.951s] [ 56%] [32mBuilding CXX object CMakeFiles/layers.dir/src/observation_buffer.cpp.o[0m
[127.372s] [ 60%] [32mBuilding CXX object CMakeFiles/layers.dir/plugins/obstacle_layer.cpp.o[0m
[127.372s] [ 60%] [32mBuilding CXX object CMakeFiles/layers.dir/plugins/static_layer.cpp.o[0m
[152.427s] [ 62%] [32m[1mLinking CXX shared library liblayers.so[0m
[153.024s] [ 62%] Built target layers
[153.044s] [35m[1mScanning dependencies of target gtest[0m
[153.045s] [35m[1mScanning dependencies of target nav2_costmap_2d[0m
[153.078s] [ 64%] [32mBuilding CXX object gtest/CMakeFiles/gtest.dir/src/gtest-all.cc.o[0m
[153.162s] [ 66%] [32mBuilding CXX object CMakeFiles/nav2_costmap_2d.dir/src/costmap_2d_node.cpp.o[0m
[158.332s] [ 68%] [32m[1mLinking CXX executable nav2_costmap_2d[0m
[158.727s] [ 68%] Built target nav2_costmap_2d
[164.184s] [ 70%] [32m[1mLinking CXX static library libgtest.a[0m
[164.258s] [ 70%] Built target gtest
[164.283s] [35m[1mScanning dependencies of target array_parser_test[0m
[164.284s] [35m[1mScanning dependencies of target range_tests_exec[0m
[164.284s] [35m[1mScanning dependencies of target obstacle_tests_exec[0m
[164.288s] [35m[1mScanning dependencies of target collision_footprint_test[0m
[164.345s] [ 72%] [32mBuilding CXX object test/unit/CMakeFiles/array_parser_test.dir/array_parser_test.cpp.o[0m
[164.440s] [ 75%] [32mBuilding CXX object test/unit/CMakeFiles/collision_footprint_test.dir/footprint_collision_checker_test.cpp.o[0m
[164.574s] [ 77%] [32mBuilding CXX object test/integration/CMakeFiles/range_tests_exec.dir/range_tests.cpp.o[0m
[164.593s] [ 79%] [32mBuilding CXX object test/integration/CMakeFiles/obstacle_tests_exec.dir/obstacle_tests.cpp.o[0m
[167.174s] [ 81%] [32m[1mLinking CXX executable array_parser_test[0m
[167.683s] [ 81%] Built target array_parser_test
[167.726s] [35m[1mScanning dependencies of target inflation_tests_exec[0m
[167.727s] [35m[1mScanning dependencies of target test_collision_checker_exec[0m
[167.736s] [35m[1mScanning dependencies of target footprint_tests_exec[0m
[168.020s] [ 83%] [32mBuilding CXX object test/integration/CMakeFiles/test_collision_checker_exec.dir/test_costmap_topic_collision_checker.cpp.o[0m
[168.048s] [ 85%] [32mBuilding CXX object test/integration/CMakeFiles/inflation_tests_exec.dir/inflation_tests.cpp.o[0m
[168.059s] [ 87%] [32mBuilding CXX object test/integration/CMakeFiles/footprint_tests_exec.dir/footprint_tests.cpp.o[0m
[170.918s] [ 89%] [32m[1mLinking CXX executable collision_footprint_test[0m
[171.456s] [ 89%] Built target collision_footprint_test
[175.377s] [ 91%] [32m[1mLinking CXX executable footprint_tests_exec[0m
[176.084s] [ 91%] Built target footprint_tests_exec
[177.337s] [ 93%] [32m[1mLinking CXX executable obstacle_tests_exec[0m
[177.444s] [ 95%] [32m[1mLinking CXX executable range_tests_exec[0m
[178.319s] [ 95%] Built target obstacle_tests_exec
[178.383s] [ 95%] Built target range_tests_exec
[180.314s] [ 97%] [32m[1mLinking CXX executable inflation_tests_exec[0m
[180.901s] [ 97%] Built target inflation_tests_exec
[182.121s] [100%] [32m[1mLinking CXX executable test_collision_checker_exec[0m
[182.742s] [100%] Built target test_collision_checker_exec
[182.761s] Invoked command in '/home/ros_workspace/build/nav2_costmap_2d' returned '0': CMAKE_PREFIX_PATH=/home/ros_workspace/install/nav2_map_server:/home/ros_workspace/install/nav2_lifecycle_manager:/home/ros_workspace/install/nav2_util:/home/ros_workspace/install/nav2_voxel_grid:/home/ros_workspace/install/nav2_msgs:/home/ros_workspace/install/nav2_common:/home/ros_workspace/install/nav2_bringup:/home/ros_workspace/install/navigation2:/home/ros_workspace/install/nav2_waypoint_follower:/home/ros_workspace/install/nav2_core:/home/ros_workspace/install/nav2_costmap_2d:/home/ros_workspace/install/nav2_rviz_plugins:/home/ros_workspace/install/nav2_bt_navigator:/home/ros_workspace/install/nav2_behavior_tree:/home/ros_workspace/install/mpcc_interfaces:/home/ros_workspace/install/static_collision_avoidance:/home/ros_workspace/install/simple_igoneo_commander:/home/ros_workspace/install/mpcc_local_planner:/home/ros_workspace/install/local_path_planner:/home/ros_workspace/install/dynamic_collision_avoidance:/home/ros_workspace/install/cost_map_server:/home/ros_workspace/install/nav2_gazebo_spawner:/home/ros_workspace/install/mpc_igoneo:/home/ros_workspace/install/mpc_dynamic_obstacles:/home/ros_workspace/install/igoneo_dynamic_window:/opt/ros/foxy LD_LIBRARY_PATH=/home/ros_workspace/install/nav2_map_server/lib:/home/ros_workspace/install/nav2_lifecycle_manager/lib:/home/ros_workspace/install/nav2_util/lib:/home/ros_workspace/install/nav2_voxel_grid/lib:/home/ros_workspace/install/nav2_msgs/lib:/home/ros_workspace/install/nav2_waypoint_follower/lib:/home/ros_workspace/install/nav2_costmap_2d/lib:/home/ros_workspace/install/nav2_rviz_plugins/lib:/home/ros_workspace/install/nav2_bt_navigator/lib:/home/ros_workspace/install/nav2_behavior_tree/lib:/opt/ros/foxy/opt/yaml_cpp_vendor/lib:/opt/ros/foxy/opt/rviz_ogre_vendor/lib:/opt/ros/foxy/lib/x86_64-linux-gnu:/opt/ros/foxy/lib PYTHONPATH=/home/ros_workspace/install/nav2_msgs/lib/python3.8/site-packages:/home/ros_workspace/install/nav2_common/lib/python3.8/site-packages:/home/ros_workspace/install/static_collision_avoidance/lib/python3.8/site-packages:/home/ros_workspace/install/simple_igoneo_commander/lib/python3.8/site-packages:/home/ros_workspace/install/mpcc_local_planner/lib/python3.8/site-packages:/home/ros_workspace/install/local_path_planner/lib/python3.8/site-packages:/home/ros_workspace/install/dynamic_collision_avoidance/lib/python3.8/site-packages:/home/ros_workspace/install/cost_map_server/lib/python3.8/site-packages:/home/ros_workspace/install/nav2_gazebo_spawner/lib/python3.8/site-packages:/home/ros_workspace/install/mpc_igoneo/lib/python3.8/site-packages:/home/ros_workspace/install/mpc_dynamic_obstacles/lib/python3.8/site-packages:/home/ros_workspace/install/igoneo_dynamic_window/lib/python3.8/site-packages:/opt/ros/foxy/lib/python3.8/site-packages /usr/bin/cmake --build /home/ros_workspace/build/nav2_costmap_2d -- -j8 -l8
[182.903s] Invoking command in '/home/ros_workspace/build/nav2_costmap_2d': CMAKE_PREFIX_PATH=/home/ros_workspace/install/nav2_map_server:/home/ros_workspace/install/nav2_lifecycle_manager:/home/ros_workspace/install/nav2_util:/home/ros_workspace/install/nav2_voxel_grid:/home/ros_workspace/install/nav2_msgs:/home/ros_workspace/install/nav2_common:/home/ros_workspace/install/nav2_bringup:/home/ros_workspace/install/navigation2:/home/ros_workspace/install/nav2_waypoint_follower:/home/ros_workspace/install/nav2_core:/home/ros_workspace/install/nav2_costmap_2d:/home/ros_workspace/install/nav2_rviz_plugins:/home/ros_workspace/install/nav2_bt_navigator:/home/ros_workspace/install/nav2_behavior_tree:/home/ros_workspace/install/mpcc_interfaces:/home/ros_workspace/install/static_collision_avoidance:/home/ros_workspace/install/simple_igoneo_commander:/home/ros_workspace/install/mpcc_local_planner:/home/ros_workspace/install/local_path_planner:/home/ros_workspace/install/dynamic_collision_avoidance:/home/ros_workspace/install/cost_map_server:/home/ros_workspace/install/nav2_gazebo_spawner:/home/ros_workspace/install/mpc_igoneo:/home/ros_workspace/install/mpc_dynamic_obstacles:/home/ros_workspace/install/igoneo_dynamic_window:/opt/ros/foxy LD_LIBRARY_PATH=/home/ros_workspace/install/nav2_map_server/lib:/home/ros_workspace/install/nav2_lifecycle_manager/lib:/home/ros_workspace/install/nav2_util/lib:/home/ros_workspace/install/nav2_voxel_grid/lib:/home/ros_workspace/install/nav2_msgs/lib:/home/ros_workspace/install/nav2_waypoint_follower/lib:/home/ros_workspace/install/nav2_costmap_2d/lib:/home/ros_workspace/install/nav2_rviz_plugins/lib:/home/ros_workspace/install/nav2_bt_navigator/lib:/home/ros_workspace/install/nav2_behavior_tree/lib:/opt/ros/foxy/opt/yaml_cpp_vendor/lib:/opt/ros/foxy/opt/rviz_ogre_vendor/lib:/opt/ros/foxy/lib/x86_64-linux-gnu:/opt/ros/foxy/lib PYTHONPATH=/home/ros_workspace/install/nav2_msgs/lib/python3.8/site-packages:/home/ros_workspace/install/nav2_common/lib/python3.8/site-packages:/home/ros_workspace/install/static_collision_avoidance/lib/python3.8/site-packages:/home/ros_workspace/install/simple_igoneo_commander/lib/python3.8/site-packages:/home/ros_workspace/install/mpcc_local_planner/lib/python3.8/site-packages:/home/ros_workspace/install/local_path_planner/lib/python3.8/site-packages:/home/ros_workspace/install/dynamic_collision_avoidance/lib/python3.8/site-packages:/home/ros_workspace/install/cost_map_server/lib/python3.8/site-packages:/home/ros_workspace/install/nav2_gazebo_spawner/lib/python3.8/site-packages:/home/ros_workspace/install/mpc_igoneo/lib/python3.8/site-packages:/home/ros_workspace/install/mpc_dynamic_obstacles/lib/python3.8/site-packages:/home/ros_workspace/install/igoneo_dynamic_window/lib/python3.8/site-packages:/opt/ros/foxy/lib/python3.8/site-packages /usr/bin/cmake --install /home/ros_workspace/build/nav2_costmap_2d
[182.916s] -- Install configuration: "Release"
[182.917s] -- Installing: /home/ros_workspace/install/nav2_costmap_2d/lib/libnav2_costmap_2d_core.so
[182.921s] -- Set runtime path of "/home/ros_workspace/install/nav2_costmap_2d/lib/libnav2_costmap_2d_core.so" to ""
[182.921s] -- Installing: /home/ros_workspace/install/nav2_costmap_2d/lib/liblayers.so
[182.926s] -- Set runtime path of "/home/ros_workspace/install/nav2_costmap_2d/lib/liblayers.so" to ""
[182.926s] -- Installing: /home/ros_workspace/install/nav2_costmap_2d/lib/libnav2_costmap_2d_client.so
[182.928s] -- Set runtime path of "/home/ros_workspace/install/nav2_costmap_2d/lib/libnav2_costmap_2d_client.so" to ""
[182.929s] -- Installing: /home/ros_workspace/install/nav2_costmap_2d/lib/nav2_costmap_2d/nav2_costmap_2d
[182.929s] -- Set runtime path of "/home/ros_workspace/install/nav2_costmap_2d/lib/nav2_costmap_2d/nav2_costmap_2d" to ""
[182.931s] -- Installing: /home/ros_workspace/install/nav2_costmap_2d/lib/nav2_costmap_2d/nav2_costmap_2d_markers
[182.931s] -- Set runtime path of "/home/ros_workspace/install/nav2_costmap_2d/lib/nav2_costmap_2d/nav2_costmap_2d_markers" to ""
[182.932s] -- Installing: /home/ros_workspace/install/nav2_costmap_2d/lib/nav2_costmap_2d/nav2_costmap_2d_cloud
[182.933s] -- Set runtime path of "/home/ros_workspace/install/nav2_costmap_2d/lib/nav2_costmap_2d/nav2_costmap_2d_cloud" to ""
[182.934s] -- Installing: /home/ros_workspace/install/nav2_costmap_2d/share/nav2_costmap_2d/costmap_plugins.xml
[182.935s] -- Up-to-date: /home/ros_workspace/install/nav2_costmap_2d/include/
[182.935s] -- Up-to-date: /home/ros_workspace/install/nav2_costmap_2d/include//nav2_costmap_2d
[182.935s] -- Installing: /home/ros_workspace/install/nav2_costmap_2d/include//nav2_costmap_2d/inflation_layer.hpp
[182.935s] -- Installing: /home/ros_workspace/install/nav2_costmap_2d/include//nav2_costmap_2d/cost_values.hpp
[182.936s] -- Installing: /home/ros_workspace/install/nav2_costmap_2d/include//nav2_costmap_2d/obstacle_layer.hpp
[182.936s] -- Installing: /home/ros_workspace/install/nav2_costmap_2d/include//nav2_costmap_2d/voxel_layer.hpp
[182.936s] -- Installing: /home/ros_workspace/install/nav2_costmap_2d/include//nav2_costmap_2d/layered_costmap.hpp
[182.936s] -- Installing: /home/ros_workspace/install/nav2_costmap_2d/include//nav2_costmap_2d/costmap_math.hpp
[182.936s] -- Installing: /home/ros_workspace/install/nav2_costmap_2d/include//nav2_costmap_2d/costmap_layer.hpp
[182.937s] -- Installing: /home/ros_workspace/install/nav2_costmap_2d/include//nav2_costmap_2d/static_layer.hpp
[182.937s] -- Installing: /home/ros_workspace/install/nav2_costmap_2d/include//nav2_costmap_2d/layer.hpp
[182.937s] -- Installing: /home/ros_workspace/install/nav2_costmap_2d/include//nav2_costmap_2d/range_sensor_layer.hpp
[182.937s] -- Installing: /home/ros_workspace/install/nav2_costmap_2d/include//nav2_costmap_2d/observation_buffer.hpp
[182.938s] -- Installing: /home/ros_workspace/install/nav2_costmap_2d/include//nav2_costmap_2d/footprint.hpp
[182.938s] -- Installing: /home/ros_workspace/install/nav2_costmap_2d/include//nav2_costmap_2d/observation.hpp
[182.938s] -- Installing: /home/ros_workspace/install/nav2_costmap_2d/include//nav2_costmap_2d/array_parser.hpp
[182.938s] -- Installing: /home/ros_workspace/install/nav2_costmap_2d/include//nav2_costmap_2d/costmap_subscriber.hpp
[182.939s] -- Installing: /home/ros_workspace/install/nav2_costmap_2d/include//nav2_costmap_2d/costmap_2d_ros.hpp
[182.939s] -- Installing: /home/ros_workspace/install/nav2_costmap_2d/include//nav2_costmap_2d/clear_costmap_service.hpp
[182.939s] -- Installing: /home/ros_workspace/install/nav2_costmap_2d/include//nav2_costmap_2d/footprint_collision_checker.hpp
[182.940s] -- Installing: /home/ros_workspace/install/nav2_costmap_2d/include//nav2_costmap_2d/costmap_2d.hpp
[182.940s] -- Installing: /home/ros_workspace/install/nav2_costmap_2d/include//nav2_costmap_2d/costmap_topic_collision_checker.hpp
[182.940s] -- Installing: /home/ros_workspace/install/nav2_costmap_2d/include//nav2_costmap_2d/exceptions.hpp
[182.940s] -- Installing: /home/ros_workspace/install/nav2_costmap_2d/include//nav2_costmap_2d/costmap_2d_publisher.hpp
[182.941s] -- Installing: /home/ros_workspace/install/nav2_costmap_2d/include//nav2_costmap_2d/footprint_subscriber.hpp
[182.941s] -- Installing: /home/ros_workspace/install/nav2_costmap_2d/share/nav2_costmap_2d/environment/library_path.sh
[182.941s] -- Installing: /home/ros_workspace/install/nav2_costmap_2d/share/nav2_costmap_2d/environment/library_path.dsv
[182.942s] -- Up-to-date: /home/ros_workspace/install/nav2_costmap_2d/share/nav2_costmap_2d/costmap_plugins.xml
[182.942s] -- Installing: /home/ros_workspace/install/nav2_costmap_2d/share/ament_index/resource_index/package_run_dependencies/nav2_costmap_2d
[182.942s] -- Installing: /home/ros_workspace/install/nav2_costmap_2d/share/ament_index/resource_index/parent_prefix_path/nav2_costmap_2d
[182.943s] -- Installing: /home/ros_workspace/install/nav2_costmap_2d/share/nav2_costmap_2d/environment/ament_prefix_path.sh
[182.943s] -- Installing: /home/ros_workspace/install/nav2_costmap_2d/share/nav2_costmap_2d/environment/ament_prefix_path.dsv
[182.943s] -- Installing: /home/ros_workspace/install/nav2_costmap_2d/share/nav2_costmap_2d/environment/path.sh
[182.944s] -- Installing: /home/ros_workspace/install/nav2_costmap_2d/share/nav2_costmap_2d/environment/path.dsv
[182.944s] -- Installing: /home/ros_workspace/install/nav2_costmap_2d/share/nav2_costmap_2d/local_setup.bash
[182.944s] -- Installing: /home/ros_workspace/install/nav2_costmap_2d/share/nav2_costmap_2d/local_setup.sh
[182.945s] -- Installing: /home/ros_workspace/install/nav2_costmap_2d/share/nav2_costmap_2d/local_setup.zsh
[182.945s] -- Installing: /home/ros_workspace/install/nav2_costmap_2d/share/nav2_costmap_2d/local_setup.dsv
[182.945s] -- Installing: /home/ros_workspace/install/nav2_costmap_2d/share/nav2_costmap_2d/package.dsv
[182.945s] -- Installing: /home/ros_workspace/install/nav2_costmap_2d/share/ament_index/resource_index/packages/nav2_costmap_2d
[182.946s] -- Installing: /home/ros_workspace/install/nav2_costmap_2d/share/ament_index/resource_index/nav2_costmap_2d__pluginlib__plugin/nav2_costmap_2d
[182.947s] -- Installing: /home/ros_workspace/install/nav2_costmap_2d/share/nav2_costmap_2d/cmake/ament_cmake_export_include_directories-extras.cmake
[182.948s] -- Installing: /home/ros_workspace/install/nav2_costmap_2d/share/nav2_costmap_2d/cmake/ament_cmake_export_libraries-extras.cmake
[182.948s] -- Installing: /home/ros_workspace/install/nav2_costmap_2d/share/nav2_costmap_2d/cmake/ament_cmake_export_dependencies-extras.cmake
[182.948s] -- Installing: /home/ros_workspace/install/nav2_costmap_2d/share/nav2_costmap_2d/cmake/ament_cmake_export_definitions-extras.cmake
[182.949s] -- Installing: /home/ros_workspace/install/nav2_costmap_2d/share/nav2_costmap_2d/cmake/nav2_costmap_2dConfig.cmake
[182.949s] -- Installing: /home/ros_workspace/install/nav2_costmap_2d/share/nav2_costmap_2d/cmake/nav2_costmap_2dConfig-version.cmake
[182.949s] -- Installing: /home/ros_workspace/install/nav2_costmap_2d/share/nav2_costmap_2d/package.xml
[182.958s] Invoked command in '/home/ros_workspace/build/nav2_costmap_2d' returned '0': CMAKE_PREFIX_PATH=/home/ros_workspace/install/nav2_map_server:/home/ros_workspace/install/nav2_lifecycle_manager:/home/ros_workspace/install/nav2_util:/home/ros_workspace/install/nav2_voxel_grid:/home/ros_workspace/install/nav2_msgs:/home/ros_workspace/install/nav2_common:/home/ros_workspace/install/nav2_bringup:/home/ros_workspace/install/navigation2:/home/ros_workspace/install/nav2_waypoint_follower:/home/ros_workspace/install/nav2_core:/home/ros_workspace/install/nav2_costmap_2d:/home/ros_workspace/install/nav2_rviz_plugins:/home/ros_workspace/install/nav2_bt_navigator:/home/ros_workspace/install/nav2_behavior_tree:/home/ros_workspace/install/mpcc_interfaces:/home/ros_workspace/install/static_collision_avoidance:/home/ros_workspace/install/simple_igoneo_commander:/home/ros_workspace/install/mpcc_local_planner:/home/ros_workspace/install/local_path_planner:/home/ros_workspace/install/dynamic_collision_avoidance:/home/ros_workspace/install/cost_map_server:/home/ros_workspace/install/nav2_gazebo_spawner:/home/ros_workspace/install/mpc_igoneo:/home/ros_workspace/install/mpc_dynamic_obstacles:/home/ros_workspace/install/igoneo_dynamic_window:/opt/ros/foxy LD_LIBRARY_PATH=/home/ros_workspace/install/nav2_map_server/lib:/home/ros_workspace/install/nav2_lifecycle_manager/lib:/home/ros_workspace/install/nav2_util/lib:/home/ros_workspace/install/nav2_voxel_grid/lib:/home/ros_workspace/install/nav2_msgs/lib:/home/ros_workspace/install/nav2_waypoint_follower/lib:/home/ros_workspace/install/nav2_costmap_2d/lib:/home/ros_workspace/install/nav2_rviz_plugins/lib:/home/ros_workspace/install/nav2_bt_navigator/lib:/home/ros_workspace/install/nav2_behavior_tree/lib:/opt/ros/foxy/opt/yaml_cpp_vendor/lib:/opt/ros/foxy/opt/rviz_ogre_vendor/lib:/opt/ros/foxy/lib/x86_64-linux-gnu:/opt/ros/foxy/lib PYTHONPATH=/home/ros_workspace/install/nav2_msgs/lib/python3.8/site-packages:/home/ros_workspace/install/nav2_common/lib/python3.8/site-packages:/home/ros_workspace/install/static_collision_avoidance/lib/python3.8/site-packages:/home/ros_workspace/install/simple_igoneo_commander/lib/python3.8/site-packages:/home/ros_workspace/install/mpcc_local_planner/lib/python3.8/site-packages:/home/ros_workspace/install/local_path_planner/lib/python3.8/site-packages:/home/ros_workspace/install/dynamic_collision_avoidance/lib/python3.8/site-packages:/home/ros_workspace/install/cost_map_server/lib/python3.8/site-packages:/home/ros_workspace/install/nav2_gazebo_spawner/lib/python3.8/site-packages:/home/ros_workspace/install/mpc_igoneo/lib/python3.8/site-packages:/home/ros_workspace/install/mpc_dynamic_obstacles/lib/python3.8/site-packages:/home/ros_workspace/install/igoneo_dynamic_window/lib/python3.8/site-packages:/opt/ros/foxy/lib/python3.8/site-packages /usr/bin/cmake --install /home/ros_workspace/build/nav2_costmap_2d
