[0.109s] Invoking command in '/home/ros_workspace/build/nav2_core': CMAKE_PREFIX_PATH=/home/ros_workspace/install/nav2_costmap_2d:/home/ros_workspace/install/nav2_util:/home/ros_workspace/install/nav2_voxel_grid:/home/ros_workspace/install/nav2_msgs:/home/ros_workspace/install/nav2_common:/home/ros_workspace/install/nav2_bringup:/home/ros_workspace/install/navigation2:/home/ros_workspace/install/nav2_waypoint_follower:/home/ros_workspace/install/nav2_navfn_planner:/home/ros_workspace/install/nav2_core:/home/ros_workspace/install/nav2_rviz_plugins:/home/ros_workspace/install/nav2_map_server:/home/ros_workspace/install/nav2_lifecycle_manager:/home/ros_workspace/install/nav2_bt_navigator:/home/ros_workspace/install/nav2_behavior_tree:/home/ros_workspace/install/mpcc_interfaces:/home/ros_workspace/install/static_collision_avoidance:/home/ros_workspace/install/simple_igoneo_commander:/home/ros_workspace/install/mpcc_local_planner:/home/ros_workspace/install/local_path_planner:/home/ros_workspace/install/dynamic_collision_avoidance:/home/ros_workspace/install/cost_map_server:/home/ros_workspace/install/nav2_gazebo_spawner:/home/ros_workspace/install/mpc_igoneo:/home/ros_workspace/install/mpc_dynamic_obstacles:/home/ros_workspace/install/igoneo_dynamic_window:/opt/ros/foxy LD_LIBRARY_PATH=/home/ros_workspace/install/nav2_costmap_2d/lib:/home/ros_workspace/install/nav2_util/lib:/home/ros_workspace/install/nav2_voxel_grid/lib:/home/ros_workspace/install/nav2_msgs/lib:/home/ros_workspace/install/nav2_waypoint_follower/lib:/home/ros_workspace/install/nav2_navfn_planner/lib:/home/ros_workspace/install/nav2_rviz_plugins/lib:/home/ros_workspace/install/nav2_map_server/lib:/home/ros_workspace/install/nav2_lifecycle_manager/lib:/home/ros_workspace/install/nav2_bt_navigator/lib:/home/ros_workspace/install/nav2_behavior_tree/lib:/home/ros_workspace/install/mpcc_interfaces/lib:/opt/ros/foxy/opt/yaml_cpp_vendor/lib:/opt/ros/foxy/opt/rviz_ogre_vendor/lib:/opt/ros/foxy/lib/x86_64-linux-gnu:/opt/ros/foxy/lib PYTHONPATH=/home/ros_workspace/install/nav2_msgs/lib/python3.8/site-packages:/home/ros_workspace/install/nav2_common/lib/python3.8/site-packages:/home/ros_workspace/install/static_collision_avoidance/lib/python3.8/site-packages:/home/ros_workspace/install/simple_igoneo_commander/lib/python3.8/site-packages:/home/ros_workspace/install/mpcc_local_planner/lib/python3.8/site-packages:/home/ros_workspace/install/local_path_planner/lib/python3.8/site-packages:/home/ros_workspace/install/dynamic_collision_avoidance/lib/python3.8/site-packages:/home/ros_workspace/install/cost_map_server/lib/python3.8/site-packages:/home/ros_workspace/install/mpcc_interfaces/lib/python3.8/site-packages:/home/ros_workspace/install/nav2_gazebo_spawner/lib/python3.8/site-packages:/home/ros_workspace/install/mpc_igoneo/lib/python3.8/site-packages:/home/ros_workspace/install/mpc_dynamic_obstacles/lib/python3.8/site-packages:/home/ros_workspace/install/igoneo_dynamic_window/lib/python3.8/site-packages:/opt/ros/foxy/lib/python3.8/site-packages /usr/bin/cmake /home/ros_workspace/src/navigation2/nav2_core -DCMAKE_INSTALL_PREFIX=/home/ros_workspace/install/nav2_core
[0.369s] -- The C compiler identification is GNU 9.4.0
[0.567s] -- The CXX compiler identification is GNU 9.4.0
[0.596s] -- Check for working C compiler: /usr/bin/cc
[0.947s] -- Check for working C compiler: /usr/bin/cc -- works
[0.954s] -- Detecting C compiler ABI info
[1.307s] -- Detecting C compiler ABI info - done
[1.356s] -- Detecting C compile features
[1.364s] -- Detecting C compile features - done
[1.380s] -- Check for working CXX compiler: /usr/bin/c++
[1.732s] -- Check for working CXX compiler: /usr/bin/c++ -- works
[1.736s] -- Detecting CXX compiler ABI info
[2.071s] -- Detecting CXX compiler ABI info - done
[2.129s] -- Detecting CXX compile features
[2.137s] -- Detecting CXX compile features - done
[2.169s] -- Found ament_cmake: 0.9.11 (/opt/ros/foxy/share/ament_cmake/cmake)
[2.327s] -- Found PythonInterp: /usr/bin/python3 (found suitable version "3.8.10", minimum required is "3") 
[2.327s] -- Using PYTHON_EXECUTABLE: /usr/bin/python3
[3.489s] -- Found nav2_common: 0.4.7 (/home/ros_workspace/install/nav2_common/share/nav2_common/cmake)
[3.510s] -- Found rclcpp: 2.4.2 (/opt/ros/foxy/share/rclcpp/cmake)
[4.028s] -- Using all available rosidl_typesupport_c: rosidl_typesupport_fastrtps_c;rosidl_typesupport_introspection_c
[4.116s] -- Found rosidl_adapter: 1.3.0 (/opt/ros/foxy/share/rosidl_adapter/cmake)
[4.811s] -- Found OpenSSL: /usr/lib/x86_64-linux-gnu/libcrypto.so (found version "1.1.1f")  
[5.063s] -- Found FastRTPS: /opt/ros/foxy/include  
[5.786s] -- Using all available rosidl_typesupport_cpp: rosidl_typesupport_fastrtps_cpp;rosidl_typesupport_introspection_cpp
[6.293s] -- Found rmw_implementation_cmake: 1.0.3 (/opt/ros/foxy/share/rmw_implementation_cmake/cmake)
[6.305s] -- Using RMW implementation 'rmw_fastrtps_cpp' as default
[6.314s] -- Looking for pthread.h
[7.032s] -- Looking for pthread.h - found
[7.033s] -- Performing Test CMAKE_HAVE_LIBC_PTHREAD
[8.717s] -- Performing Test CMAKE_HAVE_LIBC_PTHREAD - Failed
[8.717s] -- Looking for pthread_create in pthreads
[9.418s] -- Looking for pthread_create in pthreads - not found
[9.419s] -- Looking for pthread_create in pthread
[10.073s] -- Looking for pthread_create in pthread - found
[10.089s] -- Found Threads: TRUE  
[12.058s] -- Found rclcpp_lifecycle: 2.4.2 (/opt/ros/foxy/share/rclcpp_lifecycle/cmake)
[12.296s] -- Found geometry_msgs: 2.0.5 (/opt/ros/foxy/share/geometry_msgs/cmake)
[12.483s] -- Found nav2_costmap_2d: 0.4.7 (/home/ros_workspace/install/nav2_costmap_2d/share/nav2_costmap_2d/cmake)
[20.969s] -- Found Eigen3: TRUE (found version "3.3.7") 
[23.921s] -- Setting build type to Release as none was specified.
[23.929s] -- Found ament_lint_auto: 0.9.7 (/opt/ros/foxy/share/ament_lint_auto/cmake)
[24.536s] -- Added test 'cppcheck' to perform static code analysis on C / C++ code
[24.536s] -- Configured cppcheck include dirs: 
[24.537s] -- Configured cppcheck exclude dirs and/or files: 
[24.541s] -- Added test 'cpplint' to check C / C++ code against the Google style
[24.541s] -- Configured cpplint exclude dirs and/or files: 
[24.545s] -- Added test 'lint_cmake' to check CMake code style
[24.556s] -- Added test 'uncrustify' to check C / C++ code style
[24.557s] -- Configured uncrustify additional arguments: 
[24.557s] -- Added test 'xmllint' to check XML markup files
[24.576s] -- Configuring done
[24.585s] -- Generating done
[24.597s] -- Build files have been written to: /home/ros_workspace/build/nav2_core
[24.628s] Invoked command in '/home/ros_workspace/build/nav2_core' returned '0': CMAKE_PREFIX_PATH=/home/ros_workspace/install/nav2_costmap_2d:/home/ros_workspace/install/nav2_util:/home/ros_workspace/install/nav2_voxel_grid:/home/ros_workspace/install/nav2_msgs:/home/ros_workspace/install/nav2_common:/home/ros_workspace/install/nav2_bringup:/home/ros_workspace/install/navigation2:/home/ros_workspace/install/nav2_waypoint_follower:/home/ros_workspace/install/nav2_navfn_planner:/home/ros_workspace/install/nav2_core:/home/ros_workspace/install/nav2_rviz_plugins:/home/ros_workspace/install/nav2_map_server:/home/ros_workspace/install/nav2_lifecycle_manager:/home/ros_workspace/install/nav2_bt_navigator:/home/ros_workspace/install/nav2_behavior_tree:/home/ros_workspace/install/mpcc_interfaces:/home/ros_workspace/install/static_collision_avoidance:/home/ros_workspace/install/simple_igoneo_commander:/home/ros_workspace/install/mpcc_local_planner:/home/ros_workspace/install/local_path_planner:/home/ros_workspace/install/dynamic_collision_avoidance:/home/ros_workspace/install/cost_map_server:/home/ros_workspace/install/nav2_gazebo_spawner:/home/ros_workspace/install/mpc_igoneo:/home/ros_workspace/install/mpc_dynamic_obstacles:/home/ros_workspace/install/igoneo_dynamic_window:/opt/ros/foxy LD_LIBRARY_PATH=/home/ros_workspace/install/nav2_costmap_2d/lib:/home/ros_workspace/install/nav2_util/lib:/home/ros_workspace/install/nav2_voxel_grid/lib:/home/ros_workspace/install/nav2_msgs/lib:/home/ros_workspace/install/nav2_waypoint_follower/lib:/home/ros_workspace/install/nav2_navfn_planner/lib:/home/ros_workspace/install/nav2_rviz_plugins/lib:/home/ros_workspace/install/nav2_map_server/lib:/home/ros_workspace/install/nav2_lifecycle_manager/lib:/home/ros_workspace/install/nav2_bt_navigator/lib:/home/ros_workspace/install/nav2_behavior_tree/lib:/home/ros_workspace/install/mpcc_interfaces/lib:/opt/ros/foxy/opt/yaml_cpp_vendor/lib:/opt/ros/foxy/opt/rviz_ogre_vendor/lib:/opt/ros/foxy/lib/x86_64-linux-gnu:/opt/ros/foxy/lib PYTHONPATH=/home/ros_workspace/install/nav2_msgs/lib/python3.8/site-packages:/home/ros_workspace/install/nav2_common/lib/python3.8/site-packages:/home/ros_workspace/install/static_collision_avoidance/lib/python3.8/site-packages:/home/ros_workspace/install/simple_igoneo_commander/lib/python3.8/site-packages:/home/ros_workspace/install/mpcc_local_planner/lib/python3.8/site-packages:/home/ros_workspace/install/local_path_planner/lib/python3.8/site-packages:/home/ros_workspace/install/dynamic_collision_avoidance/lib/python3.8/site-packages:/home/ros_workspace/install/cost_map_server/lib/python3.8/site-packages:/home/ros_workspace/install/mpcc_interfaces/lib/python3.8/site-packages:/home/ros_workspace/install/nav2_gazebo_spawner/lib/python3.8/site-packages:/home/ros_workspace/install/mpc_igoneo/lib/python3.8/site-packages:/home/ros_workspace/install/mpc_dynamic_obstacles/lib/python3.8/site-packages:/home/ros_workspace/install/igoneo_dynamic_window/lib/python3.8/site-packages:/opt/ros/foxy/lib/python3.8/site-packages /usr/bin/cmake /home/ros_workspace/src/navigation2/nav2_core -DCMAKE_INSTALL_PREFIX=/home/ros_workspace/install/nav2_core
[24.631s] Invoking command in '/home/ros_workspace/build/nav2_core': CMAKE_PREFIX_PATH=/home/ros_workspace/install/nav2_costmap_2d:/home/ros_workspace/install/nav2_util:/home/ros_workspace/install/nav2_voxel_grid:/home/ros_workspace/install/nav2_msgs:/home/ros_workspace/install/nav2_common:/home/ros_workspace/install/nav2_bringup:/home/ros_workspace/install/navigation2:/home/ros_workspace/install/nav2_waypoint_follower:/home/ros_workspace/install/nav2_navfn_planner:/home/ros_workspace/install/nav2_core:/home/ros_workspace/install/nav2_rviz_plugins:/home/ros_workspace/install/nav2_map_server:/home/ros_workspace/install/nav2_lifecycle_manager:/home/ros_workspace/install/nav2_bt_navigator:/home/ros_workspace/install/nav2_behavior_tree:/home/ros_workspace/install/mpcc_interfaces:/home/ros_workspace/install/static_collision_avoidance:/home/ros_workspace/install/simple_igoneo_commander:/home/ros_workspace/install/mpcc_local_planner:/home/ros_workspace/install/local_path_planner:/home/ros_workspace/install/dynamic_collision_avoidance:/home/ros_workspace/install/cost_map_server:/home/ros_workspace/install/nav2_gazebo_spawner:/home/ros_workspace/install/mpc_igoneo:/home/ros_workspace/install/mpc_dynamic_obstacles:/home/ros_workspace/install/igoneo_dynamic_window:/opt/ros/foxy LD_LIBRARY_PATH=/home/ros_workspace/install/nav2_costmap_2d/lib:/home/ros_workspace/install/nav2_util/lib:/home/ros_workspace/install/nav2_voxel_grid/lib:/home/ros_workspace/install/nav2_msgs/lib:/home/ros_workspace/install/nav2_waypoint_follower/lib:/home/ros_workspace/install/nav2_navfn_planner/lib:/home/ros_workspace/install/nav2_rviz_plugins/lib:/home/ros_workspace/install/nav2_map_server/lib:/home/ros_workspace/install/nav2_lifecycle_manager/lib:/home/ros_workspace/install/nav2_bt_navigator/lib:/home/ros_workspace/install/nav2_behavior_tree/lib:/home/ros_workspace/install/mpcc_interfaces/lib:/opt/ros/foxy/opt/yaml_cpp_vendor/lib:/opt/ros/foxy/opt/rviz_ogre_vendor/lib:/opt/ros/foxy/lib/x86_64-linux-gnu:/opt/ros/foxy/lib PYTHONPATH=/home/ros_workspace/install/nav2_msgs/lib/python3.8/site-packages:/home/ros_workspace/install/nav2_common/lib/python3.8/site-packages:/home/ros_workspace/install/static_collision_avoidance/lib/python3.8/site-packages:/home/ros_workspace/install/simple_igoneo_commander/lib/python3.8/site-packages:/home/ros_workspace/install/mpcc_local_planner/lib/python3.8/site-packages:/home/ros_workspace/install/local_path_planner/lib/python3.8/site-packages:/home/ros_workspace/install/dynamic_collision_avoidance/lib/python3.8/site-packages:/home/ros_workspace/install/cost_map_server/lib/python3.8/site-packages:/home/ros_workspace/install/mpcc_interfaces/lib/python3.8/site-packages:/home/ros_workspace/install/nav2_gazebo_spawner/lib/python3.8/site-packages:/home/ros_workspace/install/mpc_igoneo/lib/python3.8/site-packages:/home/ros_workspace/install/mpc_dynamic_obstacles/lib/python3.8/site-packages:/home/ros_workspace/install/igoneo_dynamic_window/lib/python3.8/site-packages:/opt/ros/foxy/lib/python3.8/site-packages /usr/bin/cmake --build /home/ros_workspace/build/nav2_core -- -j4 -l4
[24.784s] Invoked command in '/home/ros_workspace/build/nav2_core' returned '0': CMAKE_PREFIX_PATH=/home/ros_workspace/install/nav2_costmap_2d:/home/ros_workspace/install/nav2_util:/home/ros_workspace/install/nav2_voxel_grid:/home/ros_workspace/install/nav2_msgs:/home/ros_workspace/install/nav2_common:/home/ros_workspace/install/nav2_bringup:/home/ros_workspace/install/navigation2:/home/ros_workspace/install/nav2_waypoint_follower:/home/ros_workspace/install/nav2_navfn_planner:/home/ros_workspace/install/nav2_core:/home/ros_workspace/install/nav2_rviz_plugins:/home/ros_workspace/install/nav2_map_server:/home/ros_workspace/install/nav2_lifecycle_manager:/home/ros_workspace/install/nav2_bt_navigator:/home/ros_workspace/install/nav2_behavior_tree:/home/ros_workspace/install/mpcc_interfaces:/home/ros_workspace/install/static_collision_avoidance:/home/ros_workspace/install/simple_igoneo_commander:/home/ros_workspace/install/mpcc_local_planner:/home/ros_workspace/install/local_path_planner:/home/ros_workspace/install/dynamic_collision_avoidance:/home/ros_workspace/install/cost_map_server:/home/ros_workspace/install/nav2_gazebo_spawner:/home/ros_workspace/install/mpc_igoneo:/home/ros_workspace/install/mpc_dynamic_obstacles:/home/ros_workspace/install/igoneo_dynamic_window:/opt/ros/foxy LD_LIBRARY_PATH=/home/ros_workspace/install/nav2_costmap_2d/lib:/home/ros_workspace/install/nav2_util/lib:/home/ros_workspace/install/nav2_voxel_grid/lib:/home/ros_workspace/install/nav2_msgs/lib:/home/ros_workspace/install/nav2_waypoint_follower/lib:/home/ros_workspace/install/nav2_navfn_planner/lib:/home/ros_workspace/install/nav2_rviz_plugins/lib:/home/ros_workspace/install/nav2_map_server/lib:/home/ros_workspace/install/nav2_lifecycle_manager/lib:/home/ros_workspace/install/nav2_bt_navigator/lib:/home/ros_workspace/install/nav2_behavior_tree/lib:/home/ros_workspace/install/mpcc_interfaces/lib:/opt/ros/foxy/opt/yaml_cpp_vendor/lib:/opt/ros/foxy/opt/rviz_ogre_vendor/lib:/opt/ros/foxy/lib/x86_64-linux-gnu:/opt/ros/foxy/lib PYTHONPATH=/home/ros_workspace/install/nav2_msgs/lib/python3.8/site-packages:/home/ros_workspace/install/nav2_common/lib/python3.8/site-packages:/home/ros_workspace/install/static_collision_avoidance/lib/python3.8/site-packages:/home/ros_workspace/install/simple_igoneo_commander/lib/python3.8/site-packages:/home/ros_workspace/install/mpcc_local_planner/lib/python3.8/site-packages:/home/ros_workspace/install/local_path_planner/lib/python3.8/site-packages:/home/ros_workspace/install/dynamic_collision_avoidance/lib/python3.8/site-packages:/home/ros_workspace/install/cost_map_server/lib/python3.8/site-packages:/home/ros_workspace/install/mpcc_interfaces/lib/python3.8/site-packages:/home/ros_workspace/install/nav2_gazebo_spawner/lib/python3.8/site-packages:/home/ros_workspace/install/mpc_igoneo/lib/python3.8/site-packages:/home/ros_workspace/install/mpc_dynamic_obstacles/lib/python3.8/site-packages:/home/ros_workspace/install/igoneo_dynamic_window/lib/python3.8/site-packages:/opt/ros/foxy/lib/python3.8/site-packages /usr/bin/cmake --build /home/ros_workspace/build/nav2_core -- -j4 -l4
[24.874s] Invoking command in '/home/ros_workspace/build/nav2_core': CMAKE_PREFIX_PATH=/home/ros_workspace/install/nav2_costmap_2d:/home/ros_workspace/install/nav2_util:/home/ros_workspace/install/nav2_voxel_grid:/home/ros_workspace/install/nav2_msgs:/home/ros_workspace/install/nav2_common:/home/ros_workspace/install/nav2_bringup:/home/ros_workspace/install/navigation2:/home/ros_workspace/install/nav2_waypoint_follower:/home/ros_workspace/install/nav2_navfn_planner:/home/ros_workspace/install/nav2_core:/home/ros_workspace/install/nav2_rviz_plugins:/home/ros_workspace/install/nav2_map_server:/home/ros_workspace/install/nav2_lifecycle_manager:/home/ros_workspace/install/nav2_bt_navigator:/home/ros_workspace/install/nav2_behavior_tree:/home/ros_workspace/install/mpcc_interfaces:/home/ros_workspace/install/static_collision_avoidance:/home/ros_workspace/install/simple_igoneo_commander:/home/ros_workspace/install/mpcc_local_planner:/home/ros_workspace/install/local_path_planner:/home/ros_workspace/install/dynamic_collision_avoidance:/home/ros_workspace/install/cost_map_server:/home/ros_workspace/install/nav2_gazebo_spawner:/home/ros_workspace/install/mpc_igoneo:/home/ros_workspace/install/mpc_dynamic_obstacles:/home/ros_workspace/install/igoneo_dynamic_window:/opt/ros/foxy LD_LIBRARY_PATH=/home/ros_workspace/install/nav2_costmap_2d/lib:/home/ros_workspace/install/nav2_util/lib:/home/ros_workspace/install/nav2_voxel_grid/lib:/home/ros_workspace/install/nav2_msgs/lib:/home/ros_workspace/install/nav2_waypoint_follower/lib:/home/ros_workspace/install/nav2_navfn_planner/lib:/home/ros_workspace/install/nav2_rviz_plugins/lib:/home/ros_workspace/install/nav2_map_server/lib:/home/ros_workspace/install/nav2_lifecycle_manager/lib:/home/ros_workspace/install/nav2_bt_navigator/lib:/home/ros_workspace/install/nav2_behavior_tree/lib:/home/ros_workspace/install/mpcc_interfaces/lib:/opt/ros/foxy/opt/yaml_cpp_vendor/lib:/opt/ros/foxy/opt/rviz_ogre_vendor/lib:/opt/ros/foxy/lib/x86_64-linux-gnu:/opt/ros/foxy/lib PYTHONPATH=/home/ros_workspace/install/nav2_msgs/lib/python3.8/site-packages:/home/ros_workspace/install/nav2_common/lib/python3.8/site-packages:/home/ros_workspace/install/static_collision_avoidance/lib/python3.8/site-packages:/home/ros_workspace/install/simple_igoneo_commander/lib/python3.8/site-packages:/home/ros_workspace/install/mpcc_local_planner/lib/python3.8/site-packages:/home/ros_workspace/install/local_path_planner/lib/python3.8/site-packages:/home/ros_workspace/install/dynamic_collision_avoidance/lib/python3.8/site-packages:/home/ros_workspace/install/cost_map_server/lib/python3.8/site-packages:/home/ros_workspace/install/mpcc_interfaces/lib/python3.8/site-packages:/home/ros_workspace/install/nav2_gazebo_spawner/lib/python3.8/site-packages:/home/ros_workspace/install/mpc_igoneo/lib/python3.8/site-packages:/home/ros_workspace/install/mpc_dynamic_obstacles/lib/python3.8/site-packages:/home/ros_workspace/install/igoneo_dynamic_window/lib/python3.8/site-packages:/opt/ros/foxy/lib/python3.8/site-packages /usr/bin/cmake --install /home/ros_workspace/build/nav2_core
[24.915s] -- Install configuration: "Release"
[24.916s] -- Up-to-date: /home/ros_workspace/install/nav2_core/include/
[24.917s] -- Up-to-date: /home/ros_workspace/install/nav2_core/include//nav2_core
[24.918s] -- Installing: /home/ros_workspace/install/nav2_core/include//nav2_core/goal_checker.hpp
[24.918s] -- Installing: /home/ros_workspace/install/nav2_core/include//nav2_core/global_planner.hpp
[24.919s] -- Installing: /home/ros_workspace/install/nav2_core/include//nav2_core/exceptions.hpp
[24.919s] -- Installing: /home/ros_workspace/install/nav2_core/include//nav2_core/progress_checker.hpp
[24.920s] -- Installing: /home/ros_workspace/install/nav2_core/include//nav2_core/recovery.hpp
[24.920s] -- Installing: /home/ros_workspace/install/nav2_core/include//nav2_core/controller.hpp
[24.921s] -- Installing: /home/ros_workspace/install/nav2_core/share/ament_index/resource_index/package_run_dependencies/nav2_core
[24.923s] -- Installing: /home/ros_workspace/install/nav2_core/share/ament_index/resource_index/parent_prefix_path/nav2_core
[24.924s] -- Installing: /home/ros_workspace/install/nav2_core/share/nav2_core/environment/ament_prefix_path.sh
[24.924s] -- Installing: /home/ros_workspace/install/nav2_core/share/nav2_core/environment/ament_prefix_path.dsv
[24.925s] -- Installing: /home/ros_workspace/install/nav2_core/share/nav2_core/environment/path.sh
[24.926s] -- Installing: /home/ros_workspace/install/nav2_core/share/nav2_core/environment/path.dsv
[24.926s] -- Installing: /home/ros_workspace/install/nav2_core/share/nav2_core/local_setup.bash
[24.927s] -- Installing: /home/ros_workspace/install/nav2_core/share/nav2_core/local_setup.sh
[24.928s] -- Installing: /home/ros_workspace/install/nav2_core/share/nav2_core/local_setup.zsh
[24.929s] -- Installing: /home/ros_workspace/install/nav2_core/share/nav2_core/local_setup.dsv
[24.929s] -- Installing: /home/ros_workspace/install/nav2_core/share/nav2_core/package.dsv
[24.929s] -- Installing: /home/ros_workspace/install/nav2_core/share/ament_index/resource_index/packages/nav2_core
[24.930s] -- Installing: /home/ros_workspace/install/nav2_core/share/nav2_core/cmake/ament_cmake_export_include_directories-extras.cmake
[24.930s] -- Installing: /home/ros_workspace/install/nav2_core/share/nav2_core/cmake/ament_cmake_export_dependencies-extras.cmake
[24.931s] -- Installing: /home/ros_workspace/install/nav2_core/share/nav2_core/cmake/nav2_coreConfig.cmake
[24.931s] -- Installing: /home/ros_workspace/install/nav2_core/share/nav2_core/cmake/nav2_coreConfig-version.cmake
[24.932s] -- Installing: /home/ros_workspace/install/nav2_core/share/nav2_core/package.xml
[24.948s] Invoked command in '/home/ros_workspace/build/nav2_core' returned '0': CMAKE_PREFIX_PATH=/home/ros_workspace/install/nav2_costmap_2d:/home/ros_workspace/install/nav2_util:/home/ros_workspace/install/nav2_voxel_grid:/home/ros_workspace/install/nav2_msgs:/home/ros_workspace/install/nav2_common:/home/ros_workspace/install/nav2_bringup:/home/ros_workspace/install/navigation2:/home/ros_workspace/install/nav2_waypoint_follower:/home/ros_workspace/install/nav2_navfn_planner:/home/ros_workspace/install/nav2_core:/home/ros_workspace/install/nav2_rviz_plugins:/home/ros_workspace/install/nav2_map_server:/home/ros_workspace/install/nav2_lifecycle_manager:/home/ros_workspace/install/nav2_bt_navigator:/home/ros_workspace/install/nav2_behavior_tree:/home/ros_workspace/install/mpcc_interfaces:/home/ros_workspace/install/static_collision_avoidance:/home/ros_workspace/install/simple_igoneo_commander:/home/ros_workspace/install/mpcc_local_planner:/home/ros_workspace/install/local_path_planner:/home/ros_workspace/install/dynamic_collision_avoidance:/home/ros_workspace/install/cost_map_server:/home/ros_workspace/install/nav2_gazebo_spawner:/home/ros_workspace/install/mpc_igoneo:/home/ros_workspace/install/mpc_dynamic_obstacles:/home/ros_workspace/install/igoneo_dynamic_window:/opt/ros/foxy LD_LIBRARY_PATH=/home/ros_workspace/install/nav2_costmap_2d/lib:/home/ros_workspace/install/nav2_util/lib:/home/ros_workspace/install/nav2_voxel_grid/lib:/home/ros_workspace/install/nav2_msgs/lib:/home/ros_workspace/install/nav2_waypoint_follower/lib:/home/ros_workspace/install/nav2_navfn_planner/lib:/home/ros_workspace/install/nav2_rviz_plugins/lib:/home/ros_workspace/install/nav2_map_server/lib:/home/ros_workspace/install/nav2_lifecycle_manager/lib:/home/ros_workspace/install/nav2_bt_navigator/lib:/home/ros_workspace/install/nav2_behavior_tree/lib:/home/ros_workspace/install/mpcc_interfaces/lib:/opt/ros/foxy/opt/yaml_cpp_vendor/lib:/opt/ros/foxy/opt/rviz_ogre_vendor/lib:/opt/ros/foxy/lib/x86_64-linux-gnu:/opt/ros/foxy/lib PYTHONPATH=/home/ros_workspace/install/nav2_msgs/lib/python3.8/site-packages:/home/ros_workspace/install/nav2_common/lib/python3.8/site-packages:/home/ros_workspace/install/static_collision_avoidance/lib/python3.8/site-packages:/home/ros_workspace/install/simple_igoneo_commander/lib/python3.8/site-packages:/home/ros_workspace/install/mpcc_local_planner/lib/python3.8/site-packages:/home/ros_workspace/install/local_path_planner/lib/python3.8/site-packages:/home/ros_workspace/install/dynamic_collision_avoidance/lib/python3.8/site-packages:/home/ros_workspace/install/cost_map_server/lib/python3.8/site-packages:/home/ros_workspace/install/mpcc_interfaces/lib/python3.8/site-packages:/home/ros_workspace/install/nav2_gazebo_spawner/lib/python3.8/site-packages:/home/ros_workspace/install/mpc_igoneo/lib/python3.8/site-packages:/home/ros_workspace/install/mpc_dynamic_obstacles/lib/python3.8/site-packages:/home/ros_workspace/install/igoneo_dynamic_window/lib/python3.8/site-packages:/opt/ros/foxy/lib/python3.8/site-packages /usr/bin/cmake --install /home/ros_workspace/build/nav2_core
