[2.633s] Invoking command in '/home/ros_workspace/src/navigation2/nav2_bringup/nav2_gazebo_spawner': PYTHONPATH=/home/ros_workspace/install/nav2_gazebo_spawner/lib/python3.8/site-packages:${PYTHONPATH} /usr/bin/python3 setup.py egg_info --egg-base ../../../../build/nav2_gazebo_spawner build --build-base /home/ros_workspace/build/nav2_gazebo_spawner/build install --prefix /home/ros_workspace/install/nav2_gazebo_spawner --record /home/ros_workspace/build/nav2_gazebo_spawner/install.log --single-version-externally-managed
[3.719s] running egg_info
[3.728s] writing ../../../../build/nav2_gazebo_spawner/nav2_gazebo_spawner.egg-info/PKG-INFO
[3.737s] writing dependency_links to ../../../../build/nav2_gazebo_spawner/nav2_gazebo_spawner.egg-info/dependency_links.txt
[3.741s] writing entry points to ../../../../build/nav2_gazebo_spawner/nav2_gazebo_spawner.egg-info/entry_points.txt
[3.749s] writing requirements to ../../../../build/nav2_gazebo_spawner/nav2_gazebo_spawner.egg-info/requires.txt
[3.750s] writing top-level names to ../../../../build/nav2_gazebo_spawner/nav2_gazebo_spawner.egg-info/top_level.txt
[3.916s] reading manifest file '../../../../build/nav2_gazebo_spawner/nav2_gazebo_spawner.egg-info/SOURCES.txt'
[3.922s] writing manifest file '../../../../build/nav2_gazebo_spawner/nav2_gazebo_spawner.egg-info/SOURCES.txt'
[3.922s] running build
[3.922s] running build_py
[3.923s] running install
[3.932s] running install_lib
[3.946s] running install_data
[3.948s] running install_egg_info
[3.956s] removing '/home/ros_workspace/install/nav2_gazebo_spawner/lib/python3.8/site-packages/nav2_gazebo_spawner-0.3.0-py3.8.egg-info' (and everything under it)
[3.956s] Copying ../../../../build/nav2_gazebo_spawner/nav2_gazebo_spawner.egg-info to /home/ros_workspace/install/nav2_gazebo_spawner/lib/python3.8/site-packages/nav2_gazebo_spawner-0.3.0-py3.8.egg-info
[3.959s] running install_scripts
[4.021s] Installing nav2_gazebo_spawner script to /home/ros_workspace/install/nav2_gazebo_spawner/lib/nav2_gazebo_spawner
[4.023s] writing list of installed files to '/home/ros_workspace/build/nav2_gazebo_spawner/install.log'
[4.106s] Invoked command in '/home/ros_workspace/src/navigation2/nav2_bringup/nav2_gazebo_spawner' returned '0': PYTHONPATH=/home/ros_workspace/install/nav2_gazebo_spawner/lib/python3.8/site-packages:${PYTHONPATH} /usr/bin/python3 setup.py egg_info --egg-base ../../../../build/nav2_gazebo_spawner build --build-base /home/ros_workspace/build/nav2_gazebo_spawner/build install --prefix /home/ros_workspace/install/nav2_gazebo_spawner --record /home/ros_workspace/build/nav2_gazebo_spawner/install.log --single-version-externally-managed
