[7.128s] Invoking command in '/home/ros_workspace/src/igoneo_dynamic_window': PYTHONPATH=/home/ros_workspace/install/igoneo_dynamic_window/lib/python3.8/site-packages:${PYTHONPATH} /usr/bin/python3 setup.py egg_info --egg-base ../../build/igoneo_dynamic_window build --build-base /home/ros_workspace/build/igoneo_dynamic_window/build install --prefix /home/ros_workspace/install/igoneo_dynamic_window --record /home/ros_workspace/build/igoneo_dynamic_window/install.log --single-version-externally-managed
[8.340s] running egg_info
[8.342s] writing ../../build/igoneo_dynamic_window/igoneo_dynamic_window.egg-info/PKG-INFO
[8.344s] writing dependency_links to ../../build/igoneo_dynamic_window/igoneo_dynamic_window.egg-info/dependency_links.txt
[8.345s] writing entry points to ../../build/igoneo_dynamic_window/igoneo_dynamic_window.egg-info/entry_points.txt
[8.345s] writing requirements to ../../build/igoneo_dynamic_window/igoneo_dynamic_window.egg-info/requires.txt
[8.345s] writing top-level names to ../../build/igoneo_dynamic_window/igoneo_dynamic_window.egg-info/top_level.txt
[8.535s] reading manifest file '../../build/igoneo_dynamic_window/igoneo_dynamic_window.egg-info/SOURCES.txt'
[8.546s] writing manifest file '../../build/igoneo_dynamic_window/igoneo_dynamic_window.egg-info/SOURCES.txt'
[8.546s] running build
[8.546s] running build_py
[8.547s] running install
[8.549s] running install_lib
[8.564s] running install_data
[8.565s] running install_egg_info
[8.568s] removing '/home/ros_workspace/install/igoneo_dynamic_window/lib/python3.8/site-packages/igoneo_dynamic_window-0.0.0-py3.8.egg-info' (and everything under it)
[8.569s] Copying ../../build/igoneo_dynamic_window/igoneo_dynamic_window.egg-info to /home/ros_workspace/install/igoneo_dynamic_window/lib/python3.8/site-packages/igoneo_dynamic_window-0.0.0-py3.8.egg-info
[8.599s] running install_scripts
[8.660s] Installing dw script to /home/ros_workspace/install/igoneo_dynamic_window/lib/igoneo_dynamic_window
[8.661s] writing list of installed files to '/home/ros_workspace/build/igoneo_dynamic_window/install.log'
[8.791s] Invoked command in '/home/ros_workspace/src/igoneo_dynamic_window' returned '0': PYTHONPATH=/home/ros_workspace/install/igoneo_dynamic_window/lib/python3.8/site-packages:${PYTHONPATH} /usr/bin/python3 setup.py egg_info --egg-base ../../build/igoneo_dynamic_window build --build-base /home/ros_workspace/build/igoneo_dynamic_window/build install --prefix /home/ros_workspace/install/igoneo_dynamic_window --record /home/ros_workspace/build/igoneo_dynamic_window/install.log --single-version-externally-managed
