[3.122s] Invoking command in '/home/ros_workspace/src/mpcc_planner/local_path_planner': AMENT_PREFIX_PATH=/home/ros_workspace/install/mpcc_interfaces:${AMENT_PREFIX_PATH} CMAKE_PREFIX_PATH=/home/ros_workspace/install/mpcc_interfaces:/home/ros_workspace/install/nav2_msgs:/home/ros_workspace/install/nav2_bringup:/home/ros_workspace/install/navigation2:/home/ros_workspace/install/nav2_waypoint_follower:/home/ros_workspace/install/nav2_core:/home/ros_workspace/install/nav2_costmap_2d:/home/ros_workspace/install/nav2_voxel_grid:/home/ros_workspace/install/nav2_rviz_plugins:/home/ros_workspace/install/nav2_map_server:/home/ros_workspace/install/nav2_lifecycle_manager:/home/ros_workspace/install/nav2_bt_navigator:/home/ros_workspace/install/nav2_behavior_tree:/home/ros_workspace/install/nav2_util:/home/ros_workspace/install/nav2_common LD_LIBRARY_PATH=/home/ros_workspace/install/mpcc_interfaces/lib:/home/ros_workspace/install/nav2_msgs/lib:/home/ros_workspace/install/nav2_waypoint_follower/lib:/home/ros_workspace/install/nav2_costmap_2d/lib:/home/ros_workspace/install/nav2_voxel_grid/lib:/home/ros_workspace/install/nav2_rviz_plugins/lib:/home/ros_workspace/install/nav2_map_server/lib:/home/ros_workspace/install/nav2_lifecycle_manager/lib:/home/ros_workspace/install/nav2_bt_navigator/lib:/home/ros_workspace/install/nav2_behavior_tree/lib:/home/ros_workspace/install/nav2_util/lib:/opt/ros/foxy/opt/yaml_cpp_vendor/lib:/opt/ros/foxy/opt/rviz_ogre_vendor/lib:/opt/ros/foxy/lib/x86_64-linux-gnu:/opt/ros/foxy/lib PYTHONPATH=/home/ros_workspace/install/local_path_planner/lib/python3.8/site-packages:/home/ros_workspace/install/mpcc_interfaces/lib/python3.8/site-packages:/home/ros_workspace/install/nav2_msgs/lib/python3.8/site-packages:/home/ros_workspace/install/static_collision_avoidance/lib/python3.8/site-packages:/home/ros_workspace/install/simple_igoneo_commander/lib/python3.8/site-packages:/home/ros_workspace/install/mpcc_local_planner/lib/python3.8/site-packages:/home/ros_workspace/install/local_path_planner/lib/python3.8/site-packages:/home/ros_workspace/install/dynamic_collision_avoidance/lib/python3.8/site-packages:/home/ros_workspace/install/cost_map_server/lib/python3.8/site-packages:/home/ros_workspace/install/nav2_gazebo_spawner/lib/python3.8/site-packages:/home/ros_workspace/install/nav2_common/lib/python3.8/site-packages:/home/ros_workspace/install/mpc_igoneo/lib/python3.8/site-packages:/home/ros_workspace/install/mpc_dynamic_obstacles/lib/python3.8/site-packages:/home/ros_workspace/install/igoneo_dynamic_window/lib/python3.8/site-packages:/opt/ros/foxy/lib/python3.8/site-packages /usr/bin/python3 setup.py egg_info --egg-base ../../../build/local_path_planner build --build-base /home/ros_workspace/build/local_path_planner/build install --prefix /home/ros_workspace/install/local_path_planner --record /home/ros_workspace/build/local_path_planner/install.log --single-version-externally-managed
[3.639s] running egg_info
[3.639s] creating ../../../build/local_path_planner/local_path_planner.egg-info
[3.639s] writing ../../../build/local_path_planner/local_path_planner.egg-info/PKG-INFO
[3.640s] writing dependency_links to ../../../build/local_path_planner/local_path_planner.egg-info/dependency_links.txt
[3.641s] writing entry points to ../../../build/local_path_planner/local_path_planner.egg-info/entry_points.txt
[3.645s] writing requirements to ../../../build/local_path_planner/local_path_planner.egg-info/requires.txt
[3.645s] writing top-level names to ../../../build/local_path_planner/local_path_planner.egg-info/top_level.txt
[3.648s] writing manifest file '../../../build/local_path_planner/local_path_planner.egg-info/SOURCES.txt'
[3.728s] reading manifest file '../../../build/local_path_planner/local_path_planner.egg-info/SOURCES.txt'
[3.728s] writing manifest file '../../../build/local_path_planner/local_path_planner.egg-info/SOURCES.txt'
[3.728s] running build
[3.728s] running build_py
[3.729s] creating /home/ros_workspace/build/local_path_planner/build
[3.729s] creating /home/ros_workspace/build/local_path_planner/build/lib
[3.729s] creating /home/ros_workspace/build/local_path_planner/build/lib/local_path_planner
[3.729s] copying local_path_planner/local_path_planner.py -> /home/ros_workspace/build/local_path_planner/build/lib/local_path_planner
[3.729s] copying local_path_planner/local_path_planner_node.py -> /home/ros_workspace/build/local_path_planner/build/lib/local_path_planner
[3.730s] copying local_path_planner/__init__.py -> /home/ros_workspace/build/local_path_planner/build/lib/local_path_planner
[3.730s] creating /home/ros_workspace/build/local_path_planner/build/lib/mpcc_planner_costmap
[3.730s] copying mpcc_planner_costmap/mpcc_planner_costmap.py -> /home/ros_workspace/build/local_path_planner/build/lib/mpcc_planner_costmap
[3.730s] copying mpcc_planner_costmap/__init__.py -> /home/ros_workspace/build/local_path_planner/build/lib/mpcc_planner_costmap
[3.730s] running install
[3.732s] running install_lib
[3.732s] creating /home/ros_workspace/install/local_path_planner/lib/python3.8/site-packages/mpcc_planner_costmap
[3.733s] copying /home/ros_workspace/build/local_path_planner/build/lib/mpcc_planner_costmap/mpcc_planner_costmap.py -> /home/ros_workspace/install/local_path_planner/lib/python3.8/site-packages/mpcc_planner_costmap
[3.733s] copying /home/ros_workspace/build/local_path_planner/build/lib/mpcc_planner_costmap/__init__.py -> /home/ros_workspace/install/local_path_planner/lib/python3.8/site-packages/mpcc_planner_costmap
[3.733s] creating /home/ros_workspace/install/local_path_planner/lib/python3.8/site-packages/local_path_planner
[3.733s] copying /home/ros_workspace/build/local_path_planner/build/lib/local_path_planner/local_path_planner.py -> /home/ros_workspace/install/local_path_planner/lib/python3.8/site-packages/local_path_planner
[3.733s] copying /home/ros_workspace/build/local_path_planner/build/lib/local_path_planner/local_path_planner_node.py -> /home/ros_workspace/install/local_path_planner/lib/python3.8/site-packages/local_path_planner
[3.738s] copying /home/ros_workspace/build/local_path_planner/build/lib/local_path_planner/__init__.py -> /home/ros_workspace/install/local_path_planner/lib/python3.8/site-packages/local_path_planner
[3.738s] byte-compiling /home/ros_workspace/install/local_path_planner/lib/python3.8/site-packages/mpcc_planner_costmap/mpcc_planner_costmap.py to mpcc_planner_costmap.cpython-38.pyc
[3.772s] byte-compiling /home/ros_workspace/install/local_path_planner/lib/python3.8/site-packages/mpcc_planner_costmap/__init__.py to __init__.cpython-38.pyc
[3.773s] byte-compiling /home/ros_workspace/install/local_path_planner/lib/python3.8/site-packages/local_path_planner/local_path_planner.py to local_path_planner.cpython-38.pyc
[3.773s] byte-compiling /home/ros_workspace/install/local_path_planner/lib/python3.8/site-packages/local_path_planner/local_path_planner_node.py to local_path_planner_node.cpython-38.pyc
[3.773s] byte-compiling /home/ros_workspace/install/local_path_planner/lib/python3.8/site-packages/local_path_planner/__init__.py to __init__.cpython-38.pyc
[3.773s] running install_data
[3.773s] running install_egg_info
[3.774s] Copying ../../../build/local_path_planner/local_path_planner.egg-info to /home/ros_workspace/install/local_path_planner/lib/python3.8/site-packages/local_path_planner-0.0.0-py3.8.egg-info
[3.774s] running install_scripts
[3.788s] Installing path_planner script to /home/ros_workspace/install/local_path_planner/lib/local_path_planner
[3.789s] writing list of installed files to '/home/ros_workspace/build/local_path_planner/install.log'
[3.835s] Invoked command in '/home/ros_workspace/src/mpcc_planner/local_path_planner' returned '0': AMENT_PREFIX_PATH=/home/ros_workspace/install/mpcc_interfaces:${AMENT_PREFIX_PATH} CMAKE_PREFIX_PATH=/home/ros_workspace/install/mpcc_interfaces:/home/ros_workspace/install/nav2_msgs:/home/ros_workspace/install/nav2_bringup:/home/ros_workspace/install/navigation2:/home/ros_workspace/install/nav2_waypoint_follower:/home/ros_workspace/install/nav2_core:/home/ros_workspace/install/nav2_costmap_2d:/home/ros_workspace/install/nav2_voxel_grid:/home/ros_workspace/install/nav2_rviz_plugins:/home/ros_workspace/install/nav2_map_server:/home/ros_workspace/install/nav2_lifecycle_manager:/home/ros_workspace/install/nav2_bt_navigator:/home/ros_workspace/install/nav2_behavior_tree:/home/ros_workspace/install/nav2_util:/home/ros_workspace/install/nav2_common LD_LIBRARY_PATH=/home/ros_workspace/install/mpcc_interfaces/lib:/home/ros_workspace/install/nav2_msgs/lib:/home/ros_workspace/install/nav2_waypoint_follower/lib:/home/ros_workspace/install/nav2_costmap_2d/lib:/home/ros_workspace/install/nav2_voxel_grid/lib:/home/ros_workspace/install/nav2_rviz_plugins/lib:/home/ros_workspace/install/nav2_map_server/lib:/home/ros_workspace/install/nav2_lifecycle_manager/lib:/home/ros_workspace/install/nav2_bt_navigator/lib:/home/ros_workspace/install/nav2_behavior_tree/lib:/home/ros_workspace/install/nav2_util/lib:/opt/ros/foxy/opt/yaml_cpp_vendor/lib:/opt/ros/foxy/opt/rviz_ogre_vendor/lib:/opt/ros/foxy/lib/x86_64-linux-gnu:/opt/ros/foxy/lib PYTHONPATH=/home/ros_workspace/install/local_path_planner/lib/python3.8/site-packages:/home/ros_workspace/install/mpcc_interfaces/lib/python3.8/site-packages:/home/ros_workspace/install/nav2_msgs/lib/python3.8/site-packages:/home/ros_workspace/install/static_collision_avoidance/lib/python3.8/site-packages:/home/ros_workspace/install/simple_igoneo_commander/lib/python3.8/site-packages:/home/ros_workspace/install/mpcc_local_planner/lib/python3.8/site-packages:/home/ros_workspace/install/local_path_planner/lib/python3.8/site-packages:/home/ros_workspace/install/dynamic_collision_avoidance/lib/python3.8/site-packages:/home/ros_workspace/install/cost_map_server/lib/python3.8/site-packages:/home/ros_workspace/install/nav2_gazebo_spawner/lib/python3.8/site-packages:/home/ros_workspace/install/nav2_common/lib/python3.8/site-packages:/home/ros_workspace/install/mpc_igoneo/lib/python3.8/site-packages:/home/ros_workspace/install/mpc_dynamic_obstacles/lib/python3.8/site-packages:/home/ros_workspace/install/igoneo_dynamic_window/lib/python3.8/site-packages:/opt/ros/foxy/lib/python3.8/site-packages /usr/bin/python3 setup.py egg_info --egg-base ../../../build/local_path_planner build --build-base /home/ros_workspace/build/local_path_planner/build install --prefix /home/ros_workspace/install/local_path_planner --record /home/ros_workspace/build/local_path_planner/install.log --single-version-externally-managed
