[7.939s] Invoking command in '/home/ros_workspace/src/igoneo_dynamic_window': PYTHONPATH=/home/ros_workspace/install/igoneo_dynamic_window/lib/python3.8/site-packages:${PYTHONPATH} /usr/bin/python3 setup.py egg_info --egg-base ../../build/igoneo_dynamic_window build --build-base /home/ros_workspace/build/igoneo_dynamic_window/build install --prefix /home/ros_workspace/install/igoneo_dynamic_window --record /home/ros_workspace/build/igoneo_dynamic_window/install.log --single-version-externally-managed
[10.318s] running egg_info
[10.322s] writing ../../build/igoneo_dynamic_window/igoneo_dynamic_window.egg-info/PKG-INFO
[10.322s] writing dependency_links to ../../build/igoneo_dynamic_window/igoneo_dynamic_window.egg-info/dependency_links.txt
[10.326s] writing entry points to ../../build/igoneo_dynamic_window/igoneo_dynamic_window.egg-info/entry_points.txt
[10.327s] writing requirements to ../../build/igoneo_dynamic_window/igoneo_dynamic_window.egg-info/requires.txt
[10.327s] writing top-level names to ../../build/igoneo_dynamic_window/igoneo_dynamic_window.egg-info/top_level.txt
[10.498s] reading manifest file '../../build/igoneo_dynamic_window/igoneo_dynamic_window.egg-info/SOURCES.txt'
[10.502s] writing manifest file '../../build/igoneo_dynamic_window/igoneo_dynamic_window.egg-info/SOURCES.txt'
[10.503s] running build
[10.503s] running build_py
[10.503s] running install
[10.504s] running install_lib
[10.508s] running install_data
[10.515s] running install_egg_info
[10.520s] removing '/home/ros_workspace/install/igoneo_dynamic_window/lib/python3.8/site-packages/igoneo_dynamic_window-0.0.0-py3.8.egg-info' (and everything under it)
[10.522s] Copying ../../build/igoneo_dynamic_window/igoneo_dynamic_window.egg-info to /home/ros_workspace/install/igoneo_dynamic_window/lib/python3.8/site-packages/igoneo_dynamic_window-0.0.0-py3.8.egg-info
[10.524s] running install_scripts
[10.717s] Installing dw script to /home/ros_workspace/install/igoneo_dynamic_window/lib/igoneo_dynamic_window
[10.717s] writing list of installed files to '/home/ros_workspace/build/igoneo_dynamic_window/install.log'
[11.633s] Invoked command in '/home/ros_workspace/src/igoneo_dynamic_window' returned '0': PYTHONPATH=/home/ros_workspace/install/igoneo_dynamic_window/lib/python3.8/site-packages:${PYTHONPATH} /usr/bin/python3 setup.py egg_info --egg-base ../../build/igoneo_dynamic_window build --build-base /home/ros_workspace/build/igoneo_dynamic_window/build install --prefix /home/ros_workspace/install/igoneo_dynamic_window --record /home/ros_workspace/build/igoneo_dynamic_window/install.log --single-version-externally-managed
