[0.088s] Invoking command in '/home/ros_workspace/build/nav2_util': CMAKE_PREFIX_PATH=/home/ros_workspace/install/nav2_msgs:/home/ros_workspace/install/nav2_common:/home/ros_workspace/install/nav2_bringup:/home/ros_workspace/install/navigation2:/home/ros_workspace/install/nav2_waypoint_follower:/home/ros_workspace/install/nav2_navfn_planner:/home/ros_workspace/install/nav2_core:/home/ros_workspace/install/nav2_costmap_2d:/home/ros_workspace/install/nav2_voxel_grid:/home/ros_workspace/install/nav2_rviz_plugins:/home/ros_workspace/install/nav2_map_server:/home/ros_workspace/install/nav2_lifecycle_manager:/home/ros_workspace/install/nav2_bt_navigator:/home/ros_workspace/install/nav2_behavior_tree:/home/ros_workspace/install/nav2_util:/home/ros_workspace/install/mpcc_interfaces:/home/ros_workspace/install/static_collision_avoidance:/home/ros_workspace/install/simple_igoneo_commander:/home/ros_workspace/install/mpcc_local_planner:/home/ros_workspace/install/local_path_planner:/home/ros_workspace/install/dynamic_collision_avoidance:/home/ros_workspace/install/cost_map_server:/home/ros_workspace/install/nav2_gazebo_spawner:/home/ros_workspace/install/mpc_igoneo:/home/ros_workspace/install/mpc_dynamic_obstacles:/home/ros_workspace/install/igoneo_dynamic_window:/opt/ros/foxy LD_LIBRARY_PATH=/home/ros_workspace/install/nav2_msgs/lib:/home/ros_workspace/install/nav2_waypoint_follower/lib:/home/ros_workspace/install/nav2_navfn_planner/lib:/home/ros_workspace/install/nav2_costmap_2d/lib:/home/ros_workspace/install/nav2_voxel_grid/lib:/home/ros_workspace/install/nav2_rviz_plugins/lib:/home/ros_workspace/install/nav2_map_server/lib:/home/ros_workspace/install/nav2_lifecycle_manager/lib:/home/ros_workspace/install/nav2_bt_navigator/lib:/home/ros_workspace/install/nav2_behavior_tree/lib:/home/ros_workspace/install/nav2_util/lib:/home/ros_workspace/install/mpcc_interfaces/lib:/opt/ros/foxy/opt/yaml_cpp_vendor/lib:/opt/ros/foxy/opt/rviz_ogre_vendor/lib:/opt/ros/foxy/lib/x86_64-linux-gnu:/opt/ros/foxy/lib PYTHONPATH=/home/ros_workspace/install/nav2_msgs/lib/python3.8/site-packages:/home/ros_workspace/install/nav2_common/lib/python3.8/site-packages:/home/ros_workspace/install/static_collision_avoidance/lib/python3.8/site-packages:/home/ros_workspace/install/simple_igoneo_commander/lib/python3.8/site-packages:/home/ros_workspace/install/mpcc_local_planner/lib/python3.8/site-packages:/home/ros_workspace/install/local_path_planner/lib/python3.8/site-packages:/home/ros_workspace/install/dynamic_collision_avoidance/lib/python3.8/site-packages:/home/ros_workspace/install/cost_map_server/lib/python3.8/site-packages:/home/ros_workspace/install/mpcc_interfaces/lib/python3.8/site-packages:/home/ros_workspace/install/nav2_gazebo_spawner/lib/python3.8/site-packages:/home/ros_workspace/install/mpc_igoneo/lib/python3.8/site-packages:/home/ros_workspace/install/mpc_dynamic_obstacles/lib/python3.8/site-packages:/home/ros_workspace/install/igoneo_dynamic_window/lib/python3.8/site-packages:/opt/ros/foxy/lib/python3.8/site-packages /usr/bin/cmake --build /home/ros_workspace/build/nav2_util -- -j4 -l4
[0.237s] [  5%] Built target dump_params
[0.282s] [ 10%] Built target gtest
[0.300s] [ 15%] Built target gtest_main
[0.331s] [ 40%] Built target nav2_util_core
[0.458s] [ 45%] Built target test_execution_timer
[0.471s] [ 50%] Built target test_string_utils
[0.511s] [ 55%] Built target lifecycle_bringup
[0.530s] [ 60%] Built target test_service_client
[0.645s] [ 65%] Built target test_actions
[0.661s] [ 70%] Built target test_lifecycle_node
[0.676s] [ 75%] Built target test_lifecycle_utils
[0.692s] [ 80%] Built target test_node_utils
[0.787s] [ 85%] Built target test_odometry_utils
[0.788s] [ 90%] Built target test_lifecycle_cli_node
[0.797s] [ 95%] Built target test_robot_utils
[0.813s] [100%] Built target test_geometry_utils
[0.840s] Invoked command in '/home/ros_workspace/build/nav2_util' returned '0': CMAKE_PREFIX_PATH=/home/ros_workspace/install/nav2_msgs:/home/ros_workspace/install/nav2_common:/home/ros_workspace/install/nav2_bringup:/home/ros_workspace/install/navigation2:/home/ros_workspace/install/nav2_waypoint_follower:/home/ros_workspace/install/nav2_navfn_planner:/home/ros_workspace/install/nav2_core:/home/ros_workspace/install/nav2_costmap_2d:/home/ros_workspace/install/nav2_voxel_grid:/home/ros_workspace/install/nav2_rviz_plugins:/home/ros_workspace/install/nav2_map_server:/home/ros_workspace/install/nav2_lifecycle_manager:/home/ros_workspace/install/nav2_bt_navigator:/home/ros_workspace/install/nav2_behavior_tree:/home/ros_workspace/install/nav2_util:/home/ros_workspace/install/mpcc_interfaces:/home/ros_workspace/install/static_collision_avoidance:/home/ros_workspace/install/simple_igoneo_commander:/home/ros_workspace/install/mpcc_local_planner:/home/ros_workspace/install/local_path_planner:/home/ros_workspace/install/dynamic_collision_avoidance:/home/ros_workspace/install/cost_map_server:/home/ros_workspace/install/nav2_gazebo_spawner:/home/ros_workspace/install/mpc_igoneo:/home/ros_workspace/install/mpc_dynamic_obstacles:/home/ros_workspace/install/igoneo_dynamic_window:/opt/ros/foxy LD_LIBRARY_PATH=/home/ros_workspace/install/nav2_msgs/lib:/home/ros_workspace/install/nav2_waypoint_follower/lib:/home/ros_workspace/install/nav2_navfn_planner/lib:/home/ros_workspace/install/nav2_costmap_2d/lib:/home/ros_workspace/install/nav2_voxel_grid/lib:/home/ros_workspace/install/nav2_rviz_plugins/lib:/home/ros_workspace/install/nav2_map_server/lib:/home/ros_workspace/install/nav2_lifecycle_manager/lib:/home/ros_workspace/install/nav2_bt_navigator/lib:/home/ros_workspace/install/nav2_behavior_tree/lib:/home/ros_workspace/install/nav2_util/lib:/home/ros_workspace/install/mpcc_interfaces/lib:/opt/ros/foxy/opt/yaml_cpp_vendor/lib:/opt/ros/foxy/opt/rviz_ogre_vendor/lib:/opt/ros/foxy/lib/x86_64-linux-gnu:/opt/ros/foxy/lib PYTHONPATH=/home/ros_workspace/install/nav2_msgs/lib/python3.8/site-packages:/home/ros_workspace/install/nav2_common/lib/python3.8/site-packages:/home/ros_workspace/install/static_collision_avoidance/lib/python3.8/site-packages:/home/ros_workspace/install/simple_igoneo_commander/lib/python3.8/site-packages:/home/ros_workspace/install/mpcc_local_planner/lib/python3.8/site-packages:/home/ros_workspace/install/local_path_planner/lib/python3.8/site-packages:/home/ros_workspace/install/dynamic_collision_avoidance/lib/python3.8/site-packages:/home/ros_workspace/install/cost_map_server/lib/python3.8/site-packages:/home/ros_workspace/install/mpcc_interfaces/lib/python3.8/site-packages:/home/ros_workspace/install/nav2_gazebo_spawner/lib/python3.8/site-packages:/home/ros_workspace/install/mpc_igoneo/lib/python3.8/site-packages:/home/ros_workspace/install/mpc_dynamic_obstacles/lib/python3.8/site-packages:/home/ros_workspace/install/igoneo_dynamic_window/lib/python3.8/site-packages:/opt/ros/foxy/lib/python3.8/site-packages /usr/bin/cmake --build /home/ros_workspace/build/nav2_util -- -j4 -l4
[0.940s] Invoking command in '/home/ros_workspace/build/nav2_util': CMAKE_PREFIX_PATH=/home/ros_workspace/install/nav2_msgs:/home/ros_workspace/install/nav2_common:/home/ros_workspace/install/nav2_bringup:/home/ros_workspace/install/navigation2:/home/ros_workspace/install/nav2_waypoint_follower:/home/ros_workspace/install/nav2_navfn_planner:/home/ros_workspace/install/nav2_core:/home/ros_workspace/install/nav2_costmap_2d:/home/ros_workspace/install/nav2_voxel_grid:/home/ros_workspace/install/nav2_rviz_plugins:/home/ros_workspace/install/nav2_map_server:/home/ros_workspace/install/nav2_lifecycle_manager:/home/ros_workspace/install/nav2_bt_navigator:/home/ros_workspace/install/nav2_behavior_tree:/home/ros_workspace/install/nav2_util:/home/ros_workspace/install/mpcc_interfaces:/home/ros_workspace/install/static_collision_avoidance:/home/ros_workspace/install/simple_igoneo_commander:/home/ros_workspace/install/mpcc_local_planner:/home/ros_workspace/install/local_path_planner:/home/ros_workspace/install/dynamic_collision_avoidance:/home/ros_workspace/install/cost_map_server:/home/ros_workspace/install/nav2_gazebo_spawner:/home/ros_workspace/install/mpc_igoneo:/home/ros_workspace/install/mpc_dynamic_obstacles:/home/ros_workspace/install/igoneo_dynamic_window:/opt/ros/foxy LD_LIBRARY_PATH=/home/ros_workspace/install/nav2_msgs/lib:/home/ros_workspace/install/nav2_waypoint_follower/lib:/home/ros_workspace/install/nav2_navfn_planner/lib:/home/ros_workspace/install/nav2_costmap_2d/lib:/home/ros_workspace/install/nav2_voxel_grid/lib:/home/ros_workspace/install/nav2_rviz_plugins/lib:/home/ros_workspace/install/nav2_map_server/lib:/home/ros_workspace/install/nav2_lifecycle_manager/lib:/home/ros_workspace/install/nav2_bt_navigator/lib:/home/ros_workspace/install/nav2_behavior_tree/lib:/home/ros_workspace/install/nav2_util/lib:/home/ros_workspace/install/mpcc_interfaces/lib:/opt/ros/foxy/opt/yaml_cpp_vendor/lib:/opt/ros/foxy/opt/rviz_ogre_vendor/lib:/opt/ros/foxy/lib/x86_64-linux-gnu:/opt/ros/foxy/lib PYTHONPATH=/home/ros_workspace/install/nav2_msgs/lib/python3.8/site-packages:/home/ros_workspace/install/nav2_common/lib/python3.8/site-packages:/home/ros_workspace/install/static_collision_avoidance/lib/python3.8/site-packages:/home/ros_workspace/install/simple_igoneo_commander/lib/python3.8/site-packages:/home/ros_workspace/install/mpcc_local_planner/lib/python3.8/site-packages:/home/ros_workspace/install/local_path_planner/lib/python3.8/site-packages:/home/ros_workspace/install/dynamic_collision_avoidance/lib/python3.8/site-packages:/home/ros_workspace/install/cost_map_server/lib/python3.8/site-packages:/home/ros_workspace/install/mpcc_interfaces/lib/python3.8/site-packages:/home/ros_workspace/install/nav2_gazebo_spawner/lib/python3.8/site-packages:/home/ros_workspace/install/mpc_igoneo/lib/python3.8/site-packages:/home/ros_workspace/install/mpc_dynamic_obstacles/lib/python3.8/site-packages:/home/ros_workspace/install/igoneo_dynamic_window/lib/python3.8/site-packages:/opt/ros/foxy/lib/python3.8/site-packages /usr/bin/cmake --install /home/ros_workspace/build/nav2_util
[0.980s] -- Install configuration: "Release"
[0.983s] -- Up-to-date: /home/ros_workspace/install/nav2_util/include/
[0.983s] -- Up-to-date: /home/ros_workspace/install/nav2_util/include//nav2_util
[0.984s] -- Up-to-date: /home/ros_workspace/install/nav2_util/include//nav2_util/node_utils.hpp
[0.984s] -- Up-to-date: /home/ros_workspace/install/nav2_util/include//nav2_util/costmap.hpp
[0.984s] -- Up-to-date: /home/ros_workspace/install/nav2_util/include//nav2_util/string_utils.hpp
[0.985s] -- Up-to-date: /home/ros_workspace/install/nav2_util/include//nav2_util/service_client.hpp
[0.985s] -- Up-to-date: /home/ros_workspace/install/nav2_util/include//nav2_util/lifecycle_node.hpp
[0.985s] -- Up-to-date: /home/ros_workspace/install/nav2_util/include//nav2_util/robot_utils.hpp
[0.986s] -- Up-to-date: /home/ros_workspace/install/nav2_util/include//nav2_util/line_iterator.hpp
[0.986s] -- Up-to-date: /home/ros_workspace/install/nav2_util/include//nav2_util/execution_timer.hpp
[0.986s] -- Up-to-date: /home/ros_workspace/install/nav2_util/include//nav2_util/node_thread.hpp
[0.986s] -- Up-to-date: /home/ros_workspace/install/nav2_util/include//nav2_util/geometry_utils.hpp
[0.987s] -- Up-to-date: /home/ros_workspace/install/nav2_util/include//nav2_util/odometry_utils.hpp
[0.987s] -- Up-to-date: /home/ros_workspace/install/nav2_util/include//nav2_util/clear_entirely_costmap_service_client.hpp
[0.987s] -- Up-to-date: /home/ros_workspace/install/nav2_util/include//nav2_util/simple_action_server.hpp
[0.987s] -- Up-to-date: /home/ros_workspace/install/nav2_util/include//nav2_util/lifecycle_service_client.hpp
[0.988s] -- Up-to-date: /home/ros_workspace/install/nav2_util/include//nav2_util/lifecycle_utils.hpp
[0.988s] -- Up-to-date: /home/ros_workspace/install/nav2_util/share/nav2_util/environment/library_path.sh
[0.988s] -- Up-to-date: /home/ros_workspace/install/nav2_util/share/nav2_util/environment/library_path.dsv
[0.988s] -- Up-to-date: /home/ros_workspace/install/nav2_util/share/ament_index/resource_index/package_run_dependencies/nav2_util
[0.989s] -- Up-to-date: /home/ros_workspace/install/nav2_util/share/ament_index/resource_index/parent_prefix_path/nav2_util
[0.989s] -- Up-to-date: /home/ros_workspace/install/nav2_util/share/nav2_util/environment/ament_prefix_path.sh
[0.989s] -- Up-to-date: /home/ros_workspace/install/nav2_util/share/nav2_util/environment/ament_prefix_path.dsv
[0.989s] -- Up-to-date: /home/ros_workspace/install/nav2_util/share/nav2_util/environment/path.sh
[0.990s] -- Up-to-date: /home/ros_workspace/install/nav2_util/share/nav2_util/environment/path.dsv
[0.990s] -- Up-to-date: /home/ros_workspace/install/nav2_util/share/nav2_util/local_setup.bash
[0.990s] -- Up-to-date: /home/ros_workspace/install/nav2_util/share/nav2_util/local_setup.sh
[0.991s] -- Up-to-date: /home/ros_workspace/install/nav2_util/share/nav2_util/local_setup.zsh
[0.991s] -- Up-to-date: /home/ros_workspace/install/nav2_util/share/nav2_util/local_setup.dsv
[0.991s] -- Installing: /home/ros_workspace/install/nav2_util/share/nav2_util/package.dsv
[1.005s] -- Up-to-date: /home/ros_workspace/install/nav2_util/share/ament_index/resource_index/packages/nav2_util
[1.005s] -- Up-to-date: /home/ros_workspace/install/nav2_util/share/nav2_util/cmake/ament_cmake_export_include_directories-extras.cmake
[1.005s] -- Up-to-date: /home/ros_workspace/install/nav2_util/share/nav2_util/cmake/ament_cmake_export_libraries-extras.cmake
[1.006s] -- Up-to-date: /home/ros_workspace/install/nav2_util/share/nav2_util/cmake/ament_cmake_export_dependencies-extras.cmake
[1.006s] -- Up-to-date: /home/ros_workspace/install/nav2_util/share/nav2_util/cmake/nav2_utilConfig.cmake
[1.006s] -- Up-to-date: /home/ros_workspace/install/nav2_util/share/nav2_util/cmake/nav2_utilConfig-version.cmake
[1.006s] -- Up-to-date: /home/ros_workspace/install/nav2_util/share/nav2_util/package.xml
[1.007s] -- Up-to-date: /home/ros_workspace/install/nav2_util/lib/libnav2_util_core.so
[1.007s] -- Up-to-date: /home/ros_workspace/install/nav2_util/lib/nav2_util/lifecycle_bringup
[1.007s] -- Up-to-date: /home/ros_workspace/install/nav2_util/lib/nav2_util/dump_params
[1.007s] Invoked command in '/home/ros_workspace/build/nav2_util' returned '0': CMAKE_PREFIX_PATH=/home/ros_workspace/install/nav2_msgs:/home/ros_workspace/install/nav2_common:/home/ros_workspace/install/nav2_bringup:/home/ros_workspace/install/navigation2:/home/ros_workspace/install/nav2_waypoint_follower:/home/ros_workspace/install/nav2_navfn_planner:/home/ros_workspace/install/nav2_core:/home/ros_workspace/install/nav2_costmap_2d:/home/ros_workspace/install/nav2_voxel_grid:/home/ros_workspace/install/nav2_rviz_plugins:/home/ros_workspace/install/nav2_map_server:/home/ros_workspace/install/nav2_lifecycle_manager:/home/ros_workspace/install/nav2_bt_navigator:/home/ros_workspace/install/nav2_behavior_tree:/home/ros_workspace/install/nav2_util:/home/ros_workspace/install/mpcc_interfaces:/home/ros_workspace/install/static_collision_avoidance:/home/ros_workspace/install/simple_igoneo_commander:/home/ros_workspace/install/mpcc_local_planner:/home/ros_workspace/install/local_path_planner:/home/ros_workspace/install/dynamic_collision_avoidance:/home/ros_workspace/install/cost_map_server:/home/ros_workspace/install/nav2_gazebo_spawner:/home/ros_workspace/install/mpc_igoneo:/home/ros_workspace/install/mpc_dynamic_obstacles:/home/ros_workspace/install/igoneo_dynamic_window:/opt/ros/foxy LD_LIBRARY_PATH=/home/ros_workspace/install/nav2_msgs/lib:/home/ros_workspace/install/nav2_waypoint_follower/lib:/home/ros_workspace/install/nav2_navfn_planner/lib:/home/ros_workspace/install/nav2_costmap_2d/lib:/home/ros_workspace/install/nav2_voxel_grid/lib:/home/ros_workspace/install/nav2_rviz_plugins/lib:/home/ros_workspace/install/nav2_map_server/lib:/home/ros_workspace/install/nav2_lifecycle_manager/lib:/home/ros_workspace/install/nav2_bt_navigator/lib:/home/ros_workspace/install/nav2_behavior_tree/lib:/home/ros_workspace/install/nav2_util/lib:/home/ros_workspace/install/mpcc_interfaces/lib:/opt/ros/foxy/opt/yaml_cpp_vendor/lib:/opt/ros/foxy/opt/rviz_ogre_vendor/lib:/opt/ros/foxy/lib/x86_64-linux-gnu:/opt/ros/foxy/lib PYTHONPATH=/home/ros_workspace/install/nav2_msgs/lib/python3.8/site-packages:/home/ros_workspace/install/nav2_common/lib/python3.8/site-packages:/home/ros_workspace/install/static_collision_avoidance/lib/python3.8/site-packages:/home/ros_workspace/install/simple_igoneo_commander/lib/python3.8/site-packages:/home/ros_workspace/install/mpcc_local_planner/lib/python3.8/site-packages:/home/ros_workspace/install/local_path_planner/lib/python3.8/site-packages:/home/ros_workspace/install/dynamic_collision_avoidance/lib/python3.8/site-packages:/home/ros_workspace/install/cost_map_server/lib/python3.8/site-packages:/home/ros_workspace/install/mpcc_interfaces/lib/python3.8/site-packages:/home/ros_workspace/install/nav2_gazebo_spawner/lib/python3.8/site-packages:/home/ros_workspace/install/mpc_igoneo/lib/python3.8/site-packages:/home/ros_workspace/install/mpc_dynamic_obstacles/lib/python3.8/site-packages:/home/ros_workspace/install/igoneo_dynamic_window/lib/python3.8/site-packages:/opt/ros/foxy/lib/python3.8/site-packages /usr/bin/cmake --install /home/ros_workspace/build/nav2_util
