[0.262s] Invoking command in '/home/ros_workspace/build/nav2_common': CMAKE_PREFIX_PATH=${CMAKE_PREFIX_PATH}:/home/ros_workspace/install/static_collision_avoidance:/home/ros_workspace/install/simple_igoneo_commander:/home/ros_workspace/install/mpcc_local_planner:/home/ros_workspace/install/local_path_planner:/home/ros_workspace/install/dynamic_collision_avoidance:/home/ros_workspace/install/cost_map_server:/home/ros_workspace/install/nav2_gazebo_spawner:/home/ros_workspace/install/mpc_igoneo:/home/ros_workspace/install/mpc_dynamic_obstacles:/home/ros_workspace/install/igoneo_dynamic_window:/opt/ros/foxy /usr/bin/cmake /home/ros_workspace/src/navigation2/nav2_common -DCMAKE_INSTALL_PREFIX=/home/ros_workspace/install/nav2_common
[1.866s] -- Found ament_cmake_core: 0.9.11 (/opt/ros/foxy/share/ament_cmake_core/cmake)
[1.866s] -- Found PythonInterp: /usr/bin/python3 (found suitable version "3.8.10", minimum required is "3") 
[1.866s] -- Using PYTHON_EXECUTABLE: /usr/bin/python3
[1.867s] -- Found ament_cmake_python: 0.9.11 (/opt/ros/foxy/share/ament_cmake_python/cmake)
[1.867s] -- Configuring done
[1.867s] -- Generating done
[1.867s] -- Build files have been written to: /home/ros_workspace/build/nav2_common
[1.875s] Invoked command in '/home/ros_workspace/build/nav2_common' returned '0': CMAKE_PREFIX_PATH=${CMAKE_PREFIX_PATH}:/home/ros_workspace/install/static_collision_avoidance:/home/ros_workspace/install/simple_igoneo_commander:/home/ros_workspace/install/mpcc_local_planner:/home/ros_workspace/install/local_path_planner:/home/ros_workspace/install/dynamic_collision_avoidance:/home/ros_workspace/install/cost_map_server:/home/ros_workspace/install/nav2_gazebo_spawner:/home/ros_workspace/install/mpc_igoneo:/home/ros_workspace/install/mpc_dynamic_obstacles:/home/ros_workspace/install/igoneo_dynamic_window:/opt/ros/foxy /usr/bin/cmake /home/ros_workspace/src/navigation2/nav2_common -DCMAKE_INSTALL_PREFIX=/home/ros_workspace/install/nav2_common
[1.878s] Invoking command in '/home/ros_workspace/build/nav2_common': CMAKE_PREFIX_PATH=${CMAKE_PREFIX_PATH}:/home/ros_workspace/install/static_collision_avoidance:/home/ros_workspace/install/simple_igoneo_commander:/home/ros_workspace/install/mpcc_local_planner:/home/ros_workspace/install/local_path_planner:/home/ros_workspace/install/dynamic_collision_avoidance:/home/ros_workspace/install/cost_map_server:/home/ros_workspace/install/nav2_gazebo_spawner:/home/ros_workspace/install/mpc_igoneo:/home/ros_workspace/install/mpc_dynamic_obstacles:/home/ros_workspace/install/igoneo_dynamic_window:/opt/ros/foxy /usr/bin/cmake --build /home/ros_workspace/build/nav2_common -- -j4 -l4
[2.636s] Invoked command in '/home/ros_workspace/build/nav2_common' returned '0': CMAKE_PREFIX_PATH=${CMAKE_PREFIX_PATH}:/home/ros_workspace/install/static_collision_avoidance:/home/ros_workspace/install/simple_igoneo_commander:/home/ros_workspace/install/mpcc_local_planner:/home/ros_workspace/install/local_path_planner:/home/ros_workspace/install/dynamic_collision_avoidance:/home/ros_workspace/install/cost_map_server:/home/ros_workspace/install/nav2_gazebo_spawner:/home/ros_workspace/install/mpc_igoneo:/home/ros_workspace/install/mpc_dynamic_obstacles:/home/ros_workspace/install/igoneo_dynamic_window:/opt/ros/foxy /usr/bin/cmake --build /home/ros_workspace/build/nav2_common -- -j4 -l4
[2.916s] Invoking command in '/home/ros_workspace/build/nav2_common': CMAKE_PREFIX_PATH=${CMAKE_PREFIX_PATH}:/home/ros_workspace/install/static_collision_avoidance:/home/ros_workspace/install/simple_igoneo_commander:/home/ros_workspace/install/mpcc_local_planner:/home/ros_workspace/install/local_path_planner:/home/ros_workspace/install/dynamic_collision_avoidance:/home/ros_workspace/install/cost_map_server:/home/ros_workspace/install/nav2_gazebo_spawner:/home/ros_workspace/install/mpc_igoneo:/home/ros_workspace/install/mpc_dynamic_obstacles:/home/ros_workspace/install/igoneo_dynamic_window:/opt/ros/foxy /usr/bin/cmake --install /home/ros_workspace/build/nav2_common
[2.937s] -- Install configuration: ""
[2.939s] -- Installing: /home/ros_workspace/install/nav2_common/share/nav2_common/environment/pythonpath.sh
[2.952s] -- Installing: /home/ros_workspace/install/nav2_common/share/nav2_common/environment/pythonpath.dsv
[2.953s] -- Installing: /home/ros_workspace/install/nav2_common/lib/python3.8/site-packages/nav2_common
[2.955s] -- Installing: /home/ros_workspace/install/nav2_common/lib/python3.8/site-packages/nav2_common/launch
[2.955s] -- Installing: /home/ros_workspace/install/nav2_common/lib/python3.8/site-packages/nav2_common/launch/has_node_params.py
[2.956s] -- Installing: /home/ros_workspace/install/nav2_common/lib/python3.8/site-packages/nav2_common/launch/rewritten_yaml.py
[2.957s] -- Installing: /home/ros_workspace/install/nav2_common/lib/python3.8/site-packages/nav2_common/launch/replace_string.py
[2.958s] -- Installing: /home/ros_workspace/install/nav2_common/lib/python3.8/site-packages/nav2_common/launch/__init__.py
[2.960s] -- Installing: /home/ros_workspace/install/nav2_common/lib/python3.8/site-packages/nav2_common/__init__.py
[3.163s] Listing '/home/ros_workspace/install/nav2_common/lib/python3.8/site-packages/nav2_common'...
[3.163s] Compiling '/home/ros_workspace/install/nav2_common/lib/python3.8/site-packages/nav2_common/__init__.py'...
[3.163s] Listing '/home/ros_workspace/install/nav2_common/lib/python3.8/site-packages/nav2_common/launch'...
[3.164s] Compiling '/home/ros_workspace/install/nav2_common/lib/python3.8/site-packages/nav2_common/launch/__init__.py'...
[3.164s] Compiling '/home/ros_workspace/install/nav2_common/lib/python3.8/site-packages/nav2_common/launch/has_node_params.py'...
[3.164s] Compiling '/home/ros_workspace/install/nav2_common/lib/python3.8/site-packages/nav2_common/launch/replace_string.py'...
[3.164s] Compiling '/home/ros_workspace/install/nav2_common/lib/python3.8/site-packages/nav2_common/launch/rewritten_yaml.py'...
[3.202s] -- Installing: /home/ros_workspace/install/nav2_common/share/ament_index/resource_index/package_run_dependencies/nav2_common
[3.203s] -- Installing: /home/ros_workspace/install/nav2_common/share/ament_index/resource_index/parent_prefix_path/nav2_common
[3.204s] -- Installing: /home/ros_workspace/install/nav2_common/share/nav2_common/environment/ament_prefix_path.sh
[3.206s] -- Installing: /home/ros_workspace/install/nav2_common/share/nav2_common/environment/ament_prefix_path.dsv
[3.207s] -- Installing: /home/ros_workspace/install/nav2_common/share/nav2_common/environment/path.sh
[3.208s] -- Installing: /home/ros_workspace/install/nav2_common/share/nav2_common/environment/path.dsv
[3.209s] -- Installing: /home/ros_workspace/install/nav2_common/share/nav2_common/local_setup.bash
[3.210s] -- Installing: /home/ros_workspace/install/nav2_common/share/nav2_common/local_setup.sh
[3.210s] -- Installing: /home/ros_workspace/install/nav2_common/share/nav2_common/local_setup.zsh
[3.211s] -- Installing: /home/ros_workspace/install/nav2_common/share/nav2_common/local_setup.dsv
[3.213s] -- Installing: /home/ros_workspace/install/nav2_common/share/nav2_common/package.dsv
[3.214s] -- Installing: /home/ros_workspace/install/nav2_common/share/ament_index/resource_index/packages/nav2_common
[3.215s] -- Installing: /home/ros_workspace/install/nav2_common/share/nav2_common/cmake/nav2_common-extras.cmake
[3.217s] -- Installing: /home/ros_workspace/install/nav2_common/share/nav2_common/cmake/nav2_commonConfig.cmake
[3.218s] -- Installing: /home/ros_workspace/install/nav2_common/share/nav2_common/cmake/nav2_commonConfig-version.cmake
[3.219s] -- Installing: /home/ros_workspace/install/nav2_common/share/nav2_common/package.xml
[3.221s] -- Up-to-date: /home/ros_workspace/install/nav2_common/share/nav2_common/cmake
[3.222s] -- Installing: /home/ros_workspace/install/nav2_common/share/nav2_common/cmake/nav2_package.cmake
[3.236s] Invoked command in '/home/ros_workspace/build/nav2_common' returned '0': CMAKE_PREFIX_PATH=${CMAKE_PREFIX_PATH}:/home/ros_workspace/install/static_collision_avoidance:/home/ros_workspace/install/simple_igoneo_commander:/home/ros_workspace/install/mpcc_local_planner:/home/ros_workspace/install/local_path_planner:/home/ros_workspace/install/dynamic_collision_avoidance:/home/ros_workspace/install/cost_map_server:/home/ros_workspace/install/nav2_gazebo_spawner:/home/ros_workspace/install/mpc_igoneo:/home/ros_workspace/install/mpc_dynamic_obstacles:/home/ros_workspace/install/igoneo_dynamic_window:/opt/ros/foxy /usr/bin/cmake --install /home/ros_workspace/build/nav2_common
