[8.880s] Invoking command in '/home/ros_workspace/src/mpcc_planner/dynamic_collision_avoidance': CMAKE_PREFIX_PATH=/home/ros_workspace/install/mpcc_interfaces:/home/ros_workspace/install/nav2_msgs:/home/ros_workspace/install/nav2_bringup:/home/ros_workspace/install/navigation2:/home/ros_workspace/install/nav2_waypoint_follower:/home/ros_workspace/install/nav2_navfn_planner:/home/ros_workspace/install/nav2_core:/home/ros_workspace/install/nav2_costmap_2d:/home/ros_workspace/install/nav2_voxel_grid:/home/ros_workspace/install/nav2_rviz_plugins:/home/ros_workspace/install/nav2_map_server:/home/ros_workspace/install/nav2_lifecycle_manager:/home/ros_workspace/install/nav2_bt_navigator:/home/ros_workspace/install/nav2_behavior_tree:/home/ros_workspace/install/nav2_util:/home/ros_workspace/install/nav2_common LD_LIBRARY_PATH=/home/ros_workspace/install/mpcc_interfaces/lib:/home/ros_workspace/install/nav2_msgs/lib:/home/ros_workspace/install/nav2_waypoint_follower/lib:/home/ros_workspace/install/nav2_navfn_planner/lib:/home/ros_workspace/install/nav2_costmap_2d/lib:/home/ros_workspace/install/nav2_voxel_grid/lib:/home/ros_workspace/install/nav2_rviz_plugins/lib:/home/ros_workspace/install/nav2_map_server/lib:/home/ros_workspace/install/nav2_lifecycle_manager/lib:/home/ros_workspace/install/nav2_bt_navigator/lib:/home/ros_workspace/install/nav2_behavior_tree/lib:/home/ros_workspace/install/nav2_util/lib:/opt/ros/foxy/opt/yaml_cpp_vendor/lib:/opt/ros/foxy/opt/rviz_ogre_vendor/lib:/opt/ros/foxy/lib/x86_64-linux-gnu:/opt/ros/foxy/lib PYTHONPATH=/home/ros_workspace/install/dynamic_collision_avoidance/lib/python3.8/site-packages:/home/ros_workspace/install/mpcc_interfaces/lib/python3.8/site-packages:/home/ros_workspace/install/nav2_msgs/lib/python3.8/site-packages:/home/ros_workspace/install/static_collision_avoidance/lib/python3.8/site-packages:/home/ros_workspace/install/simple_igoneo_commander/lib/python3.8/site-packages:/home/ros_workspace/install/mpcc_local_planner/lib/python3.8/site-packages:/home/ros_workspace/install/local_path_planner/lib/python3.8/site-packages:/home/ros_workspace/install/dynamic_collision_avoidance/lib/python3.8/site-packages:/home/ros_workspace/install/cost_map_server/lib/python3.8/site-packages:/home/ros_workspace/install/nav2_gazebo_spawner/lib/python3.8/site-packages:/home/ros_workspace/install/nav2_common/lib/python3.8/site-packages:/home/ros_workspace/install/mpc_igoneo/lib/python3.8/site-packages:/home/ros_workspace/install/mpc_dynamic_obstacles/lib/python3.8/site-packages:/home/ros_workspace/install/igoneo_dynamic_window/lib/python3.8/site-packages:/opt/ros/foxy/lib/python3.8/site-packages /usr/bin/python3 setup.py egg_info --egg-base ../../../build/dynamic_collision_avoidance build --build-base /home/ros_workspace/build/dynamic_collision_avoidance/build install --prefix /home/ros_workspace/install/dynamic_collision_avoidance --record /home/ros_workspace/build/dynamic_collision_avoidance/install.log --single-version-externally-managed
[11.053s] running egg_info
[11.054s] creating ../../../build/dynamic_collision_avoidance/dynamic_collision_avoidance.egg-info
[11.054s] writing ../../../build/dynamic_collision_avoidance/dynamic_collision_avoidance.egg-info/PKG-INFO
[11.054s] writing dependency_links to ../../../build/dynamic_collision_avoidance/dynamic_collision_avoidance.egg-info/dependency_links.txt
[11.054s] writing entry points to ../../../build/dynamic_collision_avoidance/dynamic_collision_avoidance.egg-info/entry_points.txt
[11.055s] writing requirements to ../../../build/dynamic_collision_avoidance/dynamic_collision_avoidance.egg-info/requires.txt
[11.055s] writing top-level names to ../../../build/dynamic_collision_avoidance/dynamic_collision_avoidance.egg-info/top_level.txt
[11.067s] writing manifest file '../../../build/dynamic_collision_avoidance/dynamic_collision_avoidance.egg-info/SOURCES.txt'
[11.258s] reading manifest file '../../../build/dynamic_collision_avoidance/dynamic_collision_avoidance.egg-info/SOURCES.txt'
[11.268s] writing manifest file '../../../build/dynamic_collision_avoidance/dynamic_collision_avoidance.egg-info/SOURCES.txt'
[11.270s] running build
[11.270s] running build_py
[11.277s] creating /home/ros_workspace/build/dynamic_collision_avoidance/build
[11.277s] creating /home/ros_workspace/build/dynamic_collision_avoidance/build/lib
[11.277s] creating /home/ros_workspace/build/dynamic_collision_avoidance/build/lib/dynamic_collision_avoidance
[11.278s] copying dynamic_collision_avoidance/dynamic_collision_avoidance_node.py -> /home/ros_workspace/build/dynamic_collision_avoidance/build/lib/dynamic_collision_avoidance
[11.278s] copying dynamic_collision_avoidance/dynamic_collision_avoidance.py -> /home/ros_workspace/build/dynamic_collision_avoidance/build/lib/dynamic_collision_avoidance
[11.287s] copying dynamic_collision_avoidance/__init__.py -> /home/ros_workspace/build/dynamic_collision_avoidance/build/lib/dynamic_collision_avoidance
[11.287s] creating /home/ros_workspace/build/dynamic_collision_avoidance/build/lib/dynamic_obstacle
[11.287s] copying dynamic_obstacle/__init__.py -> /home/ros_workspace/build/dynamic_collision_avoidance/build/lib/dynamic_obstacle
[11.288s] copying dynamic_obstacle/dynamic_obstacle.py -> /home/ros_workspace/build/dynamic_collision_avoidance/build/lib/dynamic_obstacle
[11.289s] copying dynamic_obstacle/kalman_filter.py -> /home/ros_workspace/build/dynamic_collision_avoidance/build/lib/dynamic_obstacle
[11.298s] running install
[11.298s] running install_lib
[11.310s] creating /home/ros_workspace/install/dynamic_collision_avoidance/lib/python3.8/site-packages/dynamic_obstacle
[11.311s] copying /home/ros_workspace/build/dynamic_collision_avoidance/build/lib/dynamic_obstacle/__init__.py -> /home/ros_workspace/install/dynamic_collision_avoidance/lib/python3.8/site-packages/dynamic_obstacle
[11.314s] copying /home/ros_workspace/build/dynamic_collision_avoidance/build/lib/dynamic_obstacle/dynamic_obstacle.py -> /home/ros_workspace/install/dynamic_collision_avoidance/lib/python3.8/site-packages/dynamic_obstacle
[11.315s] copying /home/ros_workspace/build/dynamic_collision_avoidance/build/lib/dynamic_obstacle/kalman_filter.py -> /home/ros_workspace/install/dynamic_collision_avoidance/lib/python3.8/site-packages/dynamic_obstacle
[11.326s] creating /home/ros_workspace/install/dynamic_collision_avoidance/lib/python3.8/site-packages/dynamic_collision_avoidance
[11.328s] copying /home/ros_workspace/build/dynamic_collision_avoidance/build/lib/dynamic_collision_avoidance/dynamic_collision_avoidance_node.py -> /home/ros_workspace/install/dynamic_collision_avoidance/lib/python3.8/site-packages/dynamic_collision_avoidance
[11.329s] copying /home/ros_workspace/build/dynamic_collision_avoidance/build/lib/dynamic_collision_avoidance/dynamic_collision_avoidance.py -> /home/ros_workspace/install/dynamic_collision_avoidance/lib/python3.8/site-packages/dynamic_collision_avoidance
[11.330s] copying /home/ros_workspace/build/dynamic_collision_avoidance/build/lib/dynamic_collision_avoidance/__init__.py -> /home/ros_workspace/install/dynamic_collision_avoidance/lib/python3.8/site-packages/dynamic_collision_avoidance
[11.348s] byte-compiling /home/ros_workspace/install/dynamic_collision_avoidance/lib/python3.8/site-packages/dynamic_obstacle/__init__.py to __init__.cpython-38.pyc
[11.351s] byte-compiling /home/ros_workspace/install/dynamic_collision_avoidance/lib/python3.8/site-packages/dynamic_obstacle/dynamic_obstacle.py to dynamic_obstacle.cpython-38.pyc
[11.360s] byte-compiling /home/ros_workspace/install/dynamic_collision_avoidance/lib/python3.8/site-packages/dynamic_obstacle/kalman_filter.py to kalman_filter.cpython-38.pyc
[11.372s] byte-compiling /home/ros_workspace/install/dynamic_collision_avoidance/lib/python3.8/site-packages/dynamic_collision_avoidance/dynamic_collision_avoidance_node.py to dynamic_collision_avoidance_node.cpython-38.pyc
[11.374s] byte-compiling /home/ros_workspace/install/dynamic_collision_avoidance/lib/python3.8/site-packages/dynamic_collision_avoidance/dynamic_collision_avoidance.py to dynamic_collision_avoidance.cpython-38.pyc
[11.387s] byte-compiling /home/ros_workspace/install/dynamic_collision_avoidance/lib/python3.8/site-packages/dynamic_collision_avoidance/__init__.py to __init__.cpython-38.pyc
[11.395s] running install_data
[11.405s] running install_egg_info
[11.409s] Copying ../../../build/dynamic_collision_avoidance/dynamic_collision_avoidance.egg-info to /home/ros_workspace/install/dynamic_collision_avoidance/lib/python3.8/site-packages/dynamic_collision_avoidance-0.0.0-py3.8.egg-info
[11.432s] running install_scripts
[11.647s] Installing dynamic_collision_avoidance script to /home/ros_workspace/install/dynamic_collision_avoidance/lib/dynamic_collision_avoidance
[11.648s] writing list of installed files to '/home/ros_workspace/build/dynamic_collision_avoidance/install.log'
[13.852s] Invoked command in '/home/ros_workspace/src/mpcc_planner/dynamic_collision_avoidance' returned '0': CMAKE_PREFIX_PATH=/home/ros_workspace/install/mpcc_interfaces:/home/ros_workspace/install/nav2_msgs:/home/ros_workspace/install/nav2_bringup:/home/ros_workspace/install/navigation2:/home/ros_workspace/install/nav2_waypoint_follower:/home/ros_workspace/install/nav2_navfn_planner:/home/ros_workspace/install/nav2_core:/home/ros_workspace/install/nav2_costmap_2d:/home/ros_workspace/install/nav2_voxel_grid:/home/ros_workspace/install/nav2_rviz_plugins:/home/ros_workspace/install/nav2_map_server:/home/ros_workspace/install/nav2_lifecycle_manager:/home/ros_workspace/install/nav2_bt_navigator:/home/ros_workspace/install/nav2_behavior_tree:/home/ros_workspace/install/nav2_util:/home/ros_workspace/install/nav2_common LD_LIBRARY_PATH=/home/ros_workspace/install/mpcc_interfaces/lib:/home/ros_workspace/install/nav2_msgs/lib:/home/ros_workspace/install/nav2_waypoint_follower/lib:/home/ros_workspace/install/nav2_navfn_planner/lib:/home/ros_workspace/install/nav2_costmap_2d/lib:/home/ros_workspace/install/nav2_voxel_grid/lib:/home/ros_workspace/install/nav2_rviz_plugins/lib:/home/ros_workspace/install/nav2_map_server/lib:/home/ros_workspace/install/nav2_lifecycle_manager/lib:/home/ros_workspace/install/nav2_bt_navigator/lib:/home/ros_workspace/install/nav2_behavior_tree/lib:/home/ros_workspace/install/nav2_util/lib:/opt/ros/foxy/opt/yaml_cpp_vendor/lib:/opt/ros/foxy/opt/rviz_ogre_vendor/lib:/opt/ros/foxy/lib/x86_64-linux-gnu:/opt/ros/foxy/lib PYTHONPATH=/home/ros_workspace/install/dynamic_collision_avoidance/lib/python3.8/site-packages:/home/ros_workspace/install/mpcc_interfaces/lib/python3.8/site-packages:/home/ros_workspace/install/nav2_msgs/lib/python3.8/site-packages:/home/ros_workspace/install/static_collision_avoidance/lib/python3.8/site-packages:/home/ros_workspace/install/simple_igoneo_commander/lib/python3.8/site-packages:/home/ros_workspace/install/mpcc_local_planner/lib/python3.8/site-packages:/home/ros_workspace/install/local_path_planner/lib/python3.8/site-packages:/home/ros_workspace/install/dynamic_collision_avoidance/lib/python3.8/site-packages:/home/ros_workspace/install/cost_map_server/lib/python3.8/site-packages:/home/ros_workspace/install/nav2_gazebo_spawner/lib/python3.8/site-packages:/home/ros_workspace/install/nav2_common/lib/python3.8/site-packages:/home/ros_workspace/install/mpc_igoneo/lib/python3.8/site-packages:/home/ros_workspace/install/mpc_dynamic_obstacles/lib/python3.8/site-packages:/home/ros_workspace/install/igoneo_dynamic_window/lib/python3.8/site-packages:/opt/ros/foxy/lib/python3.8/site-packages /usr/bin/python3 setup.py egg_info --egg-base ../../../build/dynamic_collision_avoidance build --build-base /home/ros_workspace/build/dynamic_collision_avoidance/build install --prefix /home/ros_workspace/install/dynamic_collision_avoidance --record /home/ros_workspace/build/dynamic_collision_avoidance/install.log --single-version-externally-managed
