[3.574s] Invoking command in '/home/ros_workspace/src/igoneo_dynamic_window': PYTHONPATH=/home/ros_workspace/install/igoneo_dynamic_window/lib/python3.8/site-packages:${PYTHONPATH} /usr/bin/python3 setup.py egg_info --egg-base ../../build/igoneo_dynamic_window build --build-base /home/ros_workspace/build/igoneo_dynamic_window/build install --prefix /home/ros_workspace/install/igoneo_dynamic_window --record /home/ros_workspace/build/igoneo_dynamic_window/install.log --single-version-externally-managed
[4.533s] running egg_info
[4.544s] writing ../../build/igoneo_dynamic_window/igoneo_dynamic_window.egg-info/PKG-INFO
[4.544s] writing dependency_links to ../../build/igoneo_dynamic_window/igoneo_dynamic_window.egg-info/dependency_links.txt
[4.545s] writing entry points to ../../build/igoneo_dynamic_window/igoneo_dynamic_window.egg-info/entry_points.txt
[4.545s] writing requirements to ../../build/igoneo_dynamic_window/igoneo_dynamic_window.egg-info/requires.txt
[4.545s] writing top-level names to ../../build/igoneo_dynamic_window/igoneo_dynamic_window.egg-info/top_level.txt
[4.701s] reading manifest file '../../build/igoneo_dynamic_window/igoneo_dynamic_window.egg-info/SOURCES.txt'
[4.705s] writing manifest file '../../build/igoneo_dynamic_window/igoneo_dynamic_window.egg-info/SOURCES.txt'
[4.705s] running build
[4.706s] running build_py
[4.716s] running install
[4.724s] running install_lib
[4.742s] running install_data
[4.750s] running install_egg_info
[4.758s] removing '/home/ros_workspace/install/igoneo_dynamic_window/lib/python3.8/site-packages/igoneo_dynamic_window-0.0.0-py3.8.egg-info' (and everything under it)
[4.763s] Copying ../../build/igoneo_dynamic_window/igoneo_dynamic_window.egg-info to /home/ros_workspace/install/igoneo_dynamic_window/lib/python3.8/site-packages/igoneo_dynamic_window-0.0.0-py3.8.egg-info
[4.772s] running install_scripts
[4.882s] Installing dw script to /home/ros_workspace/install/igoneo_dynamic_window/lib/igoneo_dynamic_window
[4.883s] writing list of installed files to '/home/ros_workspace/build/igoneo_dynamic_window/install.log'
[5.121s] Invoked command in '/home/ros_workspace/src/igoneo_dynamic_window' returned '0': PYTHONPATH=/home/ros_workspace/install/igoneo_dynamic_window/lib/python3.8/site-packages:${PYTHONPATH} /usr/bin/python3 setup.py egg_info --egg-base ../../build/igoneo_dynamic_window build --build-base /home/ros_workspace/build/igoneo_dynamic_window/build install --prefix /home/ros_workspace/install/igoneo_dynamic_window --record /home/ros_workspace/build/igoneo_dynamic_window/install.log --single-version-externally-managed
