[0.312s] Invoking command in '/home/ros_workspace/build/nav2_common': CMAKE_PREFIX_PATH=${CMAKE_PREFIX_PATH}:/home/ros_workspace/install/static_collision_avoidance:/home/ros_workspace/install/simple_igoneo_commander:/home/ros_workspace/install/mpcc_local_planner:/home/ros_workspace/install/local_path_planner:/home/ros_workspace/install/dynamic_collision_avoidance:/home/ros_workspace/install/cost_map_server:/home/ros_workspace/install/nav2_gazebo_spawner:/home/ros_workspace/install/mpc_igoneo:/home/ros_workspace/install/mpc_dynamic_obstacles:/home/ros_workspace/install/igoneo_dynamic_window:/opt/ros/foxy /usr/bin/cmake --build /home/ros_workspace/build/nav2_common -- -j4 -l4
[2.553s] Invoked command in '/home/ros_workspace/build/nav2_common' returned '0': CMAKE_PREFIX_PATH=${CMAKE_PREFIX_PATH}:/home/ros_workspace/install/static_collision_avoidance:/home/ros_workspace/install/simple_igoneo_commander:/home/ros_workspace/install/mpcc_local_planner:/home/ros_workspace/install/local_path_planner:/home/ros_workspace/install/dynamic_collision_avoidance:/home/ros_workspace/install/cost_map_server:/home/ros_workspace/install/nav2_gazebo_spawner:/home/ros_workspace/install/mpc_igoneo:/home/ros_workspace/install/mpc_dynamic_obstacles:/home/ros_workspace/install/igoneo_dynamic_window:/opt/ros/foxy /usr/bin/cmake --build /home/ros_workspace/build/nav2_common -- -j4 -l4
[2.892s] Invoking command in '/home/ros_workspace/build/nav2_common': CMAKE_PREFIX_PATH=${CMAKE_PREFIX_PATH}:/home/ros_workspace/install/static_collision_avoidance:/home/ros_workspace/install/simple_igoneo_commander:/home/ros_workspace/install/mpcc_local_planner:/home/ros_workspace/install/local_path_planner:/home/ros_workspace/install/dynamic_collision_avoidance:/home/ros_workspace/install/cost_map_server:/home/ros_workspace/install/nav2_gazebo_spawner:/home/ros_workspace/install/mpc_igoneo:/home/ros_workspace/install/mpc_dynamic_obstacles:/home/ros_workspace/install/igoneo_dynamic_window:/opt/ros/foxy /usr/bin/cmake --install /home/ros_workspace/build/nav2_common
[2.987s] -- Install configuration: ""
[2.988s] -- Up-to-date: /home/ros_workspace/install/nav2_common/share/nav2_common/environment/pythonpath.sh
[2.988s] -- Up-to-date: /home/ros_workspace/install/nav2_common/share/nav2_common/environment/pythonpath.dsv
[2.993s] -- Up-to-date: /home/ros_workspace/install/nav2_common/lib/python3.8/site-packages/nav2_common
[2.994s] -- Up-to-date: /home/ros_workspace/install/nav2_common/lib/python3.8/site-packages/nav2_common/launch
[2.996s] -- Up-to-date: /home/ros_workspace/install/nav2_common/lib/python3.8/site-packages/nav2_common/launch/has_node_params.py
[2.997s] -- Up-to-date: /home/ros_workspace/install/nav2_common/lib/python3.8/site-packages/nav2_common/launch/rewritten_yaml.py
[2.998s] -- Up-to-date: /home/ros_workspace/install/nav2_common/lib/python3.8/site-packages/nav2_common/launch/replace_string.py
[2.999s] -- Up-to-date: /home/ros_workspace/install/nav2_common/lib/python3.8/site-packages/nav2_common/launch/__init__.py
[3.000s] -- Up-to-date: /home/ros_workspace/install/nav2_common/lib/python3.8/site-packages/nav2_common/__init__.py
[3.188s] Listing '/home/ros_workspace/install/nav2_common/lib/python3.8/site-packages/nav2_common'...
[3.188s] Listing '/home/ros_workspace/install/nav2_common/lib/python3.8/site-packages/nav2_common/launch'...
[3.218s] -- Up-to-date: /home/ros_workspace/install/nav2_common/share/ament_index/resource_index/package_run_dependencies/nav2_common
[3.218s] -- Up-to-date: /home/ros_workspace/install/nav2_common/share/ament_index/resource_index/parent_prefix_path/nav2_common
[3.218s] -- Up-to-date: /home/ros_workspace/install/nav2_common/share/nav2_common/environment/ament_prefix_path.sh
[3.218s] -- Up-to-date: /home/ros_workspace/install/nav2_common/share/nav2_common/environment/ament_prefix_path.dsv
[3.219s] -- Up-to-date: /home/ros_workspace/install/nav2_common/share/nav2_common/environment/path.sh
[3.219s] -- Up-to-date: /home/ros_workspace/install/nav2_common/share/nav2_common/environment/path.dsv
[3.219s] -- Up-to-date: /home/ros_workspace/install/nav2_common/share/nav2_common/local_setup.bash
[3.219s] -- Up-to-date: /home/ros_workspace/install/nav2_common/share/nav2_common/local_setup.sh
[3.219s] -- Up-to-date: /home/ros_workspace/install/nav2_common/share/nav2_common/local_setup.zsh
[3.224s] -- Up-to-date: /home/ros_workspace/install/nav2_common/share/nav2_common/local_setup.dsv
[3.225s] -- Installing: /home/ros_workspace/install/nav2_common/share/nav2_common/package.dsv
[3.225s] -- Up-to-date: /home/ros_workspace/install/nav2_common/share/ament_index/resource_index/packages/nav2_common
[3.226s] -- Up-to-date: /home/ros_workspace/install/nav2_common/share/nav2_common/cmake/nav2_common-extras.cmake
[3.227s] -- Up-to-date: /home/ros_workspace/install/nav2_common/share/nav2_common/cmake/nav2_commonConfig.cmake
[3.227s] -- Up-to-date: /home/ros_workspace/install/nav2_common/share/nav2_common/cmake/nav2_commonConfig-version.cmake
[3.227s] -- Up-to-date: /home/ros_workspace/install/nav2_common/share/nav2_common/package.xml
[3.228s] -- Up-to-date: /home/ros_workspace/install/nav2_common/share/nav2_common/cmake
[3.228s] -- Up-to-date: /home/ros_workspace/install/nav2_common/share/nav2_common/cmake/nav2_package.cmake
[3.228s] Invoked command in '/home/ros_workspace/build/nav2_common' returned '0': CMAKE_PREFIX_PATH=${CMAKE_PREFIX_PATH}:/home/ros_workspace/install/static_collision_avoidance:/home/ros_workspace/install/simple_igoneo_commander:/home/ros_workspace/install/mpcc_local_planner:/home/ros_workspace/install/local_path_planner:/home/ros_workspace/install/dynamic_collision_avoidance:/home/ros_workspace/install/cost_map_server:/home/ros_workspace/install/nav2_gazebo_spawner:/home/ros_workspace/install/mpc_igoneo:/home/ros_workspace/install/mpc_dynamic_obstacles:/home/ros_workspace/install/igoneo_dynamic_window:/opt/ros/foxy /usr/bin/cmake --install /home/ros_workspace/build/nav2_common
