running egg_info
creating ../../../build/static_collision_avoidance/static_collision_avoidance.egg-info
writing ../../../build/static_collision_avoidance/static_collision_avoidance.egg-info/PKG-INFO
writing dependency_links to ../../../build/static_collision_avoidance/static_collision_avoidance.egg-info/dependency_links.txt
writing entry points to ../../../build/static_collision_avoidance/static_collision_avoidance.egg-info/entry_points.txt
writing requirements to ../../../build/static_collision_avoidance/static_collision_avoidance.egg-info/requires.txt
writing top-level names to ../../../build/static_collision_avoidance/static_collision_avoidance.egg-info/top_level.txt
writing manifest file '../../../build/static_collision_avoidance/static_collision_avoidance.egg-info/SOURCES.txt'
reading manifest file '../../../build/static_collision_avoidance/static_collision_avoidance.egg-info/SOURCES.txt'
writing manifest file '../../../build/static_collision_avoidance/static_collision_avoidance.egg-info/SOURCES.txt'
running build
running build_py
creating /home/ros_workspace/build/static_collision_avoidance/build
creating /home/ros_workspace/build/static_collision_avoidance/build/lib
creating /home/ros_workspace/build/static_collision_avoidance/build/lib/static_collision_avoidance
copying static_collision_avoidance/static_collision_avoidance_node.py -> /home/ros_workspace/build/static_collision_avoidance/build/lib/static_collision_avoidance
copying static_collision_avoidance/__init__.py -> /home/ros_workspace/build/static_collision_avoidance/build/lib/static_collision_avoidance
copying static_collision_avoidance/static_collision_avoidance.py -> /home/ros_workspace/build/static_collision_avoidance/build/lib/static_collision_avoidance
creating /home/ros_workspace/build/static_collision_avoidance/build/lib/static_cost_map
copying static_cost_map/MPCC_StaticCostMap.py -> /home/ros_workspace/build/static_collision_avoidance/build/lib/static_cost_map
copying static_cost_map/__init__.py -> /home/ros_workspace/build/static_collision_avoidance/build/lib/static_cost_map
running install
running install_lib
creating /home/ros_workspace/install/static_collision_avoidance/lib/python3.8/site-packages/static_collision_avoidance
copying /home/ros_workspace/build/static_collision_avoidance/build/lib/static_collision_avoidance/static_collision_avoidance_node.py -> /home/ros_workspace/install/static_collision_avoidance/lib/python3.8/site-packages/static_collision_avoidance
copying /home/ros_workspace/build/static_collision_avoidance/build/lib/static_collision_avoidance/__init__.py -> /home/ros_workspace/install/static_collision_avoidance/lib/python3.8/site-packages/static_collision_avoidance
copying /home/ros_workspace/build/static_collision_avoidance/build/lib/static_collision_avoidance/static_collision_avoidance.py -> /home/ros_workspace/install/static_collision_avoidance/lib/python3.8/site-packages/static_collision_avoidance
creating /home/ros_workspace/install/static_collision_avoidance/lib/python3.8/site-packages/static_cost_map
copying /home/ros_workspace/build/static_collision_avoidance/build/lib/static_cost_map/MPCC_StaticCostMap.py -> /home/ros_workspace/install/static_collision_avoidance/lib/python3.8/site-packages/static_cost_map
copying /home/ros_workspace/build/static_collision_avoidance/build/lib/static_cost_map/__init__.py -> /home/ros_workspace/install/static_collision_avoidance/lib/python3.8/site-packages/static_cost_map
byte-compiling /home/ros_workspace/install/static_collision_avoidance/lib/python3.8/site-packages/static_collision_avoidance/static_collision_avoidance_node.py to static_collision_avoidance_node.cpython-38.pyc
byte-compiling /home/ros_workspace/install/static_collision_avoidance/lib/python3.8/site-packages/static_collision_avoidance/__init__.py to __init__.cpython-38.pyc
byte-compiling /home/ros_workspace/install/static_collision_avoidance/lib/python3.8/site-packages/static_collision_avoidance/static_collision_avoidance.py to static_collision_avoidance.cpython-38.pyc
byte-compiling /home/ros_workspace/install/static_collision_avoidance/lib/python3.8/site-packages/static_cost_map/MPCC_StaticCostMap.py to MPCC_StaticCostMap.cpython-38.pyc
byte-compiling /home/ros_workspace/install/static_collision_avoidance/lib/python3.8/site-packages/static_cost_map/__init__.py to __init__.cpython-38.pyc
running install_data
running install_egg_info
Copying ../../../build/static_collision_avoidance/static_collision_avoidance.egg-info to /home/ros_workspace/install/static_collision_avoidance/lib/python3.8/site-packages/static_collision_avoidance-0.0.0-py3.8.egg-info
running install_scripts
Installing static_collision_avoidance script to /home/ros_workspace/install/static_collision_avoidance/lib/static_collision_avoidance
writing list of installed files to '/home/ros_workspace/build/static_collision_avoidance/install.log'
