running egg_info
creating ../../../build/cost_map_server/cost_map_server.egg-info
writing ../../../build/cost_map_server/cost_map_server.egg-info/PKG-INFO
writing dependency_links to ../../../build/cost_map_server/cost_map_server.egg-info/dependency_links.txt
writing entry points to ../../../build/cost_map_server/cost_map_server.egg-info/entry_points.txt
writing requirements to ../../../build/cost_map_server/cost_map_server.egg-info/requires.txt
writing top-level names to ../../../build/cost_map_server/cost_map_server.egg-info/top_level.txt
writing manifest file '../../../build/cost_map_server/cost_map_server.egg-info/SOURCES.txt'
reading manifest file '../../../build/cost_map_server/cost_map_server.egg-info/SOURCES.txt'
writing manifest file '../../../build/cost_map_server/cost_map_server.egg-info/SOURCES.txt'
running build
running build_py
creating /home/ros_workspace/build/cost_map_server/build
creating /home/ros_workspace/build/cost_map_server/build/lib
creating /home/ros_workspace/build/cost_map_server/build/lib/cost_map_server
copying cost_map_server/cost_map_server.py -> /home/ros_workspace/build/cost_map_server/build/lib/cost_map_server
copying cost_map_server/cost_map_server_node.py -> /home/ros_workspace/build/cost_map_server/build/lib/cost_map_server
copying cost_map_server/__init__.py -> /home/ros_workspace/build/cost_map_server/build/lib/cost_map_server
creating /home/ros_workspace/build/cost_map_server/build/lib/include_cost
copying include_cost/MPCC_CostMap.py -> /home/ros_workspace/build/cost_map_server/build/lib/include_cost
copying include_cost/__init__.py -> /home/ros_workspace/build/cost_map_server/build/lib/include_cost
running install
running install_lib
creating /home/ros_workspace/install/cost_map_server/lib/python3.8/site-packages/include_cost
copying /home/ros_workspace/build/cost_map_server/build/lib/include_cost/MPCC_CostMap.py -> /home/ros_workspace/install/cost_map_server/lib/python3.8/site-packages/include_cost
copying /home/ros_workspace/build/cost_map_server/build/lib/include_cost/__init__.py -> /home/ros_workspace/install/cost_map_server/lib/python3.8/site-packages/include_cost
creating /home/ros_workspace/install/cost_map_server/lib/python3.8/site-packages/cost_map_server
copying /home/ros_workspace/build/cost_map_server/build/lib/cost_map_server/cost_map_server.py -> /home/ros_workspace/install/cost_map_server/lib/python3.8/site-packages/cost_map_server
copying /home/ros_workspace/build/cost_map_server/build/lib/cost_map_server/cost_map_server_node.py -> /home/ros_workspace/install/cost_map_server/lib/python3.8/site-packages/cost_map_server
copying /home/ros_workspace/build/cost_map_server/build/lib/cost_map_server/__init__.py -> /home/ros_workspace/install/cost_map_server/lib/python3.8/site-packages/cost_map_server
byte-compiling /home/ros_workspace/install/cost_map_server/lib/python3.8/site-packages/include_cost/MPCC_CostMap.py to MPCC_CostMap.cpython-38.pyc
byte-compiling /home/ros_workspace/install/cost_map_server/lib/python3.8/site-packages/include_cost/__init__.py to __init__.cpython-38.pyc
byte-compiling /home/ros_workspace/install/cost_map_server/lib/python3.8/site-packages/cost_map_server/cost_map_server.py to cost_map_server.cpython-38.pyc
byte-compiling /home/ros_workspace/install/cost_map_server/lib/python3.8/site-packages/cost_map_server/cost_map_server_node.py to cost_map_server_node.cpython-38.pyc
byte-compiling /home/ros_workspace/install/cost_map_server/lib/python3.8/site-packages/cost_map_server/__init__.py to __init__.cpython-38.pyc
running install_data
running install_egg_info
Copying ../../../build/cost_map_server/cost_map_server.egg-info to /home/ros_workspace/install/cost_map_server/lib/python3.8/site-packages/cost_map_server-0.0.0-py3.8.egg-info
running install_scripts
Installing cost_map_server script to /home/ros_workspace/install/cost_map_server/lib/cost_map_server
writing list of installed files to '/home/ros_workspace/build/cost_map_server/install.log'
