[8.029s] Invoking command in '/home/ros_workspace/src/mpcc_planner/cost_map_server': CMAKE_PREFIX_PATH=/home/ros_workspace/install/mpcc_interfaces:/home/ros_workspace/install/nav2_msgs:/home/ros_workspace/install/nav2_bringup:/home/ros_workspace/install/navigation2:/home/ros_workspace/install/nav2_waypoint_follower:/home/ros_workspace/install/nav2_navfn_planner:/home/ros_workspace/install/nav2_core:/home/ros_workspace/install/nav2_costmap_2d:/home/ros_workspace/install/nav2_voxel_grid:/home/ros_workspace/install/nav2_rviz_plugins:/home/ros_workspace/install/nav2_map_server:/home/ros_workspace/install/nav2_lifecycle_manager:/home/ros_workspace/install/nav2_bt_navigator:/home/ros_workspace/install/nav2_behavior_tree:/home/ros_workspace/install/nav2_util:/home/ros_workspace/install/nav2_common LD_LIBRARY_PATH=/home/ros_workspace/install/mpcc_interfaces/lib:/home/ros_workspace/install/nav2_msgs/lib:/home/ros_workspace/install/nav2_waypoint_follower/lib:/home/ros_workspace/install/nav2_navfn_planner/lib:/home/ros_workspace/install/nav2_costmap_2d/lib:/home/ros_workspace/install/nav2_voxel_grid/lib:/home/ros_workspace/install/nav2_rviz_plugins/lib:/home/ros_workspace/install/nav2_map_server/lib:/home/ros_workspace/install/nav2_lifecycle_manager/lib:/home/ros_workspace/install/nav2_bt_navigator/lib:/home/ros_workspace/install/nav2_behavior_tree/lib:/home/ros_workspace/install/nav2_util/lib:/opt/ros/foxy/opt/yaml_cpp_vendor/lib:/opt/ros/foxy/opt/rviz_ogre_vendor/lib:/opt/ros/foxy/lib/x86_64-linux-gnu:/opt/ros/foxy/lib PYTHONPATH=/home/ros_workspace/install/cost_map_server/lib/python3.8/site-packages:/home/ros_workspace/install/mpcc_interfaces/lib/python3.8/site-packages:/home/ros_workspace/install/nav2_msgs/lib/python3.8/site-packages:/home/ros_workspace/install/static_collision_avoidance/lib/python3.8/site-packages:/home/ros_workspace/install/simple_igoneo_commander/lib/python3.8/site-packages:/home/ros_workspace/install/mpcc_local_planner/lib/python3.8/site-packages:/home/ros_workspace/install/local_path_planner/lib/python3.8/site-packages:/home/ros_workspace/install/dynamic_collision_avoidance/lib/python3.8/site-packages:/home/ros_workspace/install/cost_map_server/lib/python3.8/site-packages:/home/ros_workspace/install/nav2_gazebo_spawner/lib/python3.8/site-packages:/home/ros_workspace/install/nav2_common/lib/python3.8/site-packages:/home/ros_workspace/install/mpc_igoneo/lib/python3.8/site-packages:/home/ros_workspace/install/mpc_dynamic_obstacles/lib/python3.8/site-packages:/home/ros_workspace/install/igoneo_dynamic_window/lib/python3.8/site-packages:/opt/ros/foxy/lib/python3.8/site-packages /usr/bin/python3 setup.py egg_info --egg-base ../../../build/cost_map_server build --build-base /home/ros_workspace/build/cost_map_server/build install --prefix /home/ros_workspace/install/cost_map_server --record /home/ros_workspace/build/cost_map_server/install.log --single-version-externally-managed
[10.405s] running egg_info
[10.407s] creating ../../../build/cost_map_server/cost_map_server.egg-info
[10.408s] writing ../../../build/cost_map_server/cost_map_server.egg-info/PKG-INFO
[10.411s] writing dependency_links to ../../../build/cost_map_server/cost_map_server.egg-info/dependency_links.txt
[10.412s] writing entry points to ../../../build/cost_map_server/cost_map_server.egg-info/entry_points.txt
[10.413s] writing requirements to ../../../build/cost_map_server/cost_map_server.egg-info/requires.txt
[10.413s] writing top-level names to ../../../build/cost_map_server/cost_map_server.egg-info/top_level.txt
[10.439s] writing manifest file '../../../build/cost_map_server/cost_map_server.egg-info/SOURCES.txt'
[10.836s] reading manifest file '../../../build/cost_map_server/cost_map_server.egg-info/SOURCES.txt'
[10.836s] writing manifest file '../../../build/cost_map_server/cost_map_server.egg-info/SOURCES.txt'
[10.836s] running build
[10.836s] running build_py
[10.837s] creating /home/ros_workspace/build/cost_map_server/build
[10.837s] creating /home/ros_workspace/build/cost_map_server/build/lib
[10.837s] creating /home/ros_workspace/build/cost_map_server/build/lib/cost_map_server
[10.837s] copying cost_map_server/cost_map_server.py -> /home/ros_workspace/build/cost_map_server/build/lib/cost_map_server
[10.838s] copying cost_map_server/cost_map_server_node.py -> /home/ros_workspace/build/cost_map_server/build/lib/cost_map_server
[10.838s] copying cost_map_server/__init__.py -> /home/ros_workspace/build/cost_map_server/build/lib/cost_map_server
[10.847s] creating /home/ros_workspace/build/cost_map_server/build/lib/include_cost
[10.847s] copying include_cost/MPCC_CostMap.py -> /home/ros_workspace/build/cost_map_server/build/lib/include_cost
[10.871s] copying include_cost/__init__.py -> /home/ros_workspace/build/cost_map_server/build/lib/include_cost
[10.874s] running install
[10.874s] running install_lib
[10.901s] creating /home/ros_workspace/install/cost_map_server/lib/python3.8/site-packages/include_cost
[10.907s] copying /home/ros_workspace/build/cost_map_server/build/lib/include_cost/MPCC_CostMap.py -> /home/ros_workspace/install/cost_map_server/lib/python3.8/site-packages/include_cost
[10.908s] copying /home/ros_workspace/build/cost_map_server/build/lib/include_cost/__init__.py -> /home/ros_workspace/install/cost_map_server/lib/python3.8/site-packages/include_cost
[10.908s] creating /home/ros_workspace/install/cost_map_server/lib/python3.8/site-packages/cost_map_server
[10.908s] copying /home/ros_workspace/build/cost_map_server/build/lib/cost_map_server/cost_map_server.py -> /home/ros_workspace/install/cost_map_server/lib/python3.8/site-packages/cost_map_server
[10.909s] copying /home/ros_workspace/build/cost_map_server/build/lib/cost_map_server/cost_map_server_node.py -> /home/ros_workspace/install/cost_map_server/lib/python3.8/site-packages/cost_map_server
[10.909s] copying /home/ros_workspace/build/cost_map_server/build/lib/cost_map_server/__init__.py -> /home/ros_workspace/install/cost_map_server/lib/python3.8/site-packages/cost_map_server
[10.909s] byte-compiling /home/ros_workspace/install/cost_map_server/lib/python3.8/site-packages/include_cost/MPCC_CostMap.py to MPCC_CostMap.cpython-38.pyc
[10.909s] byte-compiling /home/ros_workspace/install/cost_map_server/lib/python3.8/site-packages/include_cost/__init__.py to __init__.cpython-38.pyc
[10.910s] byte-compiling /home/ros_workspace/install/cost_map_server/lib/python3.8/site-packages/cost_map_server/cost_map_server.py to cost_map_server.cpython-38.pyc
[10.910s] byte-compiling /home/ros_workspace/install/cost_map_server/lib/python3.8/site-packages/cost_map_server/cost_map_server_node.py to cost_map_server_node.cpython-38.pyc
[10.912s] byte-compiling /home/ros_workspace/install/cost_map_server/lib/python3.8/site-packages/cost_map_server/__init__.py to __init__.cpython-38.pyc
[10.938s] running install_data
[10.938s] running install_egg_info
[10.939s] Copying ../../../build/cost_map_server/cost_map_server.egg-info to /home/ros_workspace/install/cost_map_server/lib/python3.8/site-packages/cost_map_server-0.0.0-py3.8.egg-info
[10.944s] running install_scripts
[11.039s] Installing cost_map_server script to /home/ros_workspace/install/cost_map_server/lib/cost_map_server
[11.045s] writing list of installed files to '/home/ros_workspace/build/cost_map_server/install.log'
[11.132s] Invoked command in '/home/ros_workspace/src/mpcc_planner/cost_map_server' returned '0': CMAKE_PREFIX_PATH=/home/ros_workspace/install/mpcc_interfaces:/home/ros_workspace/install/nav2_msgs:/home/ros_workspace/install/nav2_bringup:/home/ros_workspace/install/navigation2:/home/ros_workspace/install/nav2_waypoint_follower:/home/ros_workspace/install/nav2_navfn_planner:/home/ros_workspace/install/nav2_core:/home/ros_workspace/install/nav2_costmap_2d:/home/ros_workspace/install/nav2_voxel_grid:/home/ros_workspace/install/nav2_rviz_plugins:/home/ros_workspace/install/nav2_map_server:/home/ros_workspace/install/nav2_lifecycle_manager:/home/ros_workspace/install/nav2_bt_navigator:/home/ros_workspace/install/nav2_behavior_tree:/home/ros_workspace/install/nav2_util:/home/ros_workspace/install/nav2_common LD_LIBRARY_PATH=/home/ros_workspace/install/mpcc_interfaces/lib:/home/ros_workspace/install/nav2_msgs/lib:/home/ros_workspace/install/nav2_waypoint_follower/lib:/home/ros_workspace/install/nav2_navfn_planner/lib:/home/ros_workspace/install/nav2_costmap_2d/lib:/home/ros_workspace/install/nav2_voxel_grid/lib:/home/ros_workspace/install/nav2_rviz_plugins/lib:/home/ros_workspace/install/nav2_map_server/lib:/home/ros_workspace/install/nav2_lifecycle_manager/lib:/home/ros_workspace/install/nav2_bt_navigator/lib:/home/ros_workspace/install/nav2_behavior_tree/lib:/home/ros_workspace/install/nav2_util/lib:/opt/ros/foxy/opt/yaml_cpp_vendor/lib:/opt/ros/foxy/opt/rviz_ogre_vendor/lib:/opt/ros/foxy/lib/x86_64-linux-gnu:/opt/ros/foxy/lib PYTHONPATH=/home/ros_workspace/install/cost_map_server/lib/python3.8/site-packages:/home/ros_workspace/install/mpcc_interfaces/lib/python3.8/site-packages:/home/ros_workspace/install/nav2_msgs/lib/python3.8/site-packages:/home/ros_workspace/install/static_collision_avoidance/lib/python3.8/site-packages:/home/ros_workspace/install/simple_igoneo_commander/lib/python3.8/site-packages:/home/ros_workspace/install/mpcc_local_planner/lib/python3.8/site-packages:/home/ros_workspace/install/local_path_planner/lib/python3.8/site-packages:/home/ros_workspace/install/dynamic_collision_avoidance/lib/python3.8/site-packages:/home/ros_workspace/install/cost_map_server/lib/python3.8/site-packages:/home/ros_workspace/install/nav2_gazebo_spawner/lib/python3.8/site-packages:/home/ros_workspace/install/nav2_common/lib/python3.8/site-packages:/home/ros_workspace/install/mpc_igoneo/lib/python3.8/site-packages:/home/ros_workspace/install/mpc_dynamic_obstacles/lib/python3.8/site-packages:/home/ros_workspace/install/igoneo_dynamic_window/lib/python3.8/site-packages:/opt/ros/foxy/lib/python3.8/site-packages /usr/bin/python3 setup.py egg_info --egg-base ../../../build/cost_map_server build --build-base /home/ros_workspace/build/cost_map_server/build install --prefix /home/ros_workspace/install/cost_map_server --record /home/ros_workspace/build/cost_map_server/install.log --single-version-externally-managed
