[3.314s] Invoking command in '/home/ros_workspace/src/mpcc_planner/simple_igoneo_commander': PYTHONPATH=/home/ros_workspace/install/simple_igoneo_commander/lib/python3.8/site-packages:${PYTHONPATH} /usr/bin/python3 setup.py egg_info --egg-base ../../../build/simple_igoneo_commander build --build-base /home/ros_workspace/build/simple_igoneo_commander/build install --prefix /home/ros_workspace/install/simple_igoneo_commander --record /home/ros_workspace/build/simple_igoneo_commander/install.log --single-version-externally-managed
[4.098s] running egg_info
[4.098s] writing ../../../build/simple_igoneo_commander/simple_igoneo_commander.egg-info/PKG-INFO
[4.099s] writing dependency_links to ../../../build/simple_igoneo_commander/simple_igoneo_commander.egg-info/dependency_links.txt
[4.099s] writing entry points to ../../../build/simple_igoneo_commander/simple_igoneo_commander.egg-info/entry_points.txt
[4.100s] writing requirements to ../../../build/simple_igoneo_commander/simple_igoneo_commander.egg-info/requires.txt
[4.104s] writing top-level names to ../../../build/simple_igoneo_commander/simple_igoneo_commander.egg-info/top_level.txt
[4.364s] reading manifest file '../../../build/simple_igoneo_commander/simple_igoneo_commander.egg-info/SOURCES.txt'
[4.367s] writing manifest file '../../../build/simple_igoneo_commander/simple_igoneo_commander.egg-info/SOURCES.txt'
[4.372s] running build
[4.373s] running build_py
[4.376s] running install
[4.379s] running install_lib
[4.383s] running install_data
[4.386s] running install_egg_info
[4.406s] removing '/home/ros_workspace/install/simple_igoneo_commander/lib/python3.8/site-packages/simple_igoneo_commander-0.0.0-py3.8.egg-info' (and everything under it)
[4.412s] Copying ../../../build/simple_igoneo_commander/simple_igoneo_commander.egg-info to /home/ros_workspace/install/simple_igoneo_commander/lib/python3.8/site-packages/simple_igoneo_commander-0.0.0-py3.8.egg-info
[4.416s] running install_scripts
[4.544s] Installing simple_commander script to /home/ros_workspace/install/simple_igoneo_commander/lib/simple_igoneo_commander
[4.548s] writing list of installed files to '/home/ros_workspace/build/simple_igoneo_commander/install.log'
[4.621s] Invoked command in '/home/ros_workspace/src/mpcc_planner/simple_igoneo_commander' returned '0': PYTHONPATH=/home/ros_workspace/install/simple_igoneo_commander/lib/python3.8/site-packages:${PYTHONPATH} /usr/bin/python3 setup.py egg_info --egg-base ../../../build/simple_igoneo_commander build --build-base /home/ros_workspace/build/simple_igoneo_commander/build install --prefix /home/ros_workspace/install/simple_igoneo_commander --record /home/ros_workspace/build/simple_igoneo_commander/install.log --single-version-externally-managed
