[3.254s] Invoking command in '/home/ros_workspace/src/navigation2/nav2_bringup/nav2_gazebo_spawner': PYTHONPATH=/home/ros_workspace/install/nav2_gazebo_spawner/lib/python3.8/site-packages:${PYTHONPATH} /usr/bin/python3 setup.py egg_info --egg-base ../../../../build/nav2_gazebo_spawner build --build-base /home/ros_workspace/build/nav2_gazebo_spawner/build install --prefix /home/ros_workspace/install/nav2_gazebo_spawner --record /home/ros_workspace/build/nav2_gazebo_spawner/install.log --single-version-externally-managed
[4.703s] running egg_info
[4.705s] creating ../../../../build/nav2_gazebo_spawner/nav2_gazebo_spawner.egg-info
[4.705s] writing ../../../../build/nav2_gazebo_spawner/nav2_gazebo_spawner.egg-info/PKG-INFO
[4.706s] writing dependency_links to ../../../../build/nav2_gazebo_spawner/nav2_gazebo_spawner.egg-info/dependency_links.txt
[4.706s] writing entry points to ../../../../build/nav2_gazebo_spawner/nav2_gazebo_spawner.egg-info/entry_points.txt
[4.722s] writing requirements to ../../../../build/nav2_gazebo_spawner/nav2_gazebo_spawner.egg-info/requires.txt
[4.722s] writing top-level names to ../../../../build/nav2_gazebo_spawner/nav2_gazebo_spawner.egg-info/top_level.txt
[4.741s] writing manifest file '../../../../build/nav2_gazebo_spawner/nav2_gazebo_spawner.egg-info/SOURCES.txt'
[5.067s] reading manifest file '../../../../build/nav2_gazebo_spawner/nav2_gazebo_spawner.egg-info/SOURCES.txt'
[5.084s] writing manifest file '../../../../build/nav2_gazebo_spawner/nav2_gazebo_spawner.egg-info/SOURCES.txt'
[5.085s] running build
[5.086s] running build_py
[5.087s] creating /home/ros_workspace/build/nav2_gazebo_spawner/build
[5.089s] creating /home/ros_workspace/build/nav2_gazebo_spawner/build/lib
[5.091s] creating /home/ros_workspace/build/nav2_gazebo_spawner/build/lib/nav2_gazebo_spawner
[5.092s] copying nav2_gazebo_spawner/nav2_gazebo_spawner.py -> /home/ros_workspace/build/nav2_gazebo_spawner/build/lib/nav2_gazebo_spawner
[5.093s] copying nav2_gazebo_spawner/__init__.py -> /home/ros_workspace/build/nav2_gazebo_spawner/build/lib/nav2_gazebo_spawner
[5.094s] running install
[5.121s] running install_lib
[5.126s] creating /home/ros_workspace/install/nav2_gazebo_spawner/lib/python3.8/site-packages/nav2_gazebo_spawner
[5.127s] copying /home/ros_workspace/build/nav2_gazebo_spawner/build/lib/nav2_gazebo_spawner/nav2_gazebo_spawner.py -> /home/ros_workspace/install/nav2_gazebo_spawner/lib/python3.8/site-packages/nav2_gazebo_spawner
[5.130s] copying /home/ros_workspace/build/nav2_gazebo_spawner/build/lib/nav2_gazebo_spawner/__init__.py -> /home/ros_workspace/install/nav2_gazebo_spawner/lib/python3.8/site-packages/nav2_gazebo_spawner
[5.133s] byte-compiling /home/ros_workspace/install/nav2_gazebo_spawner/lib/python3.8/site-packages/nav2_gazebo_spawner/nav2_gazebo_spawner.py to nav2_gazebo_spawner.cpython-38.pyc
[5.146s] byte-compiling /home/ros_workspace/install/nav2_gazebo_spawner/lib/python3.8/site-packages/nav2_gazebo_spawner/__init__.py to __init__.cpython-38.pyc
[5.147s] running install_data
[5.149s] copying resource/nav2_gazebo_spawner -> /home/ros_workspace/install/nav2_gazebo_spawner/share/ament_index/resource_index/packages
[5.150s] copying package.xml -> /home/ros_workspace/install/nav2_gazebo_spawner/share/nav2_gazebo_spawner
[5.150s] running install_egg_info
[5.165s] Copying ../../../../build/nav2_gazebo_spawner/nav2_gazebo_spawner.egg-info to /home/ros_workspace/install/nav2_gazebo_spawner/lib/python3.8/site-packages/nav2_gazebo_spawner-0.3.0-py3.8.egg-info
[5.169s] running install_scripts
[5.325s] Installing nav2_gazebo_spawner script to /home/ros_workspace/install/nav2_gazebo_spawner/lib/nav2_gazebo_spawner
[5.348s] writing list of installed files to '/home/ros_workspace/build/nav2_gazebo_spawner/install.log'
[5.503s] Invoked command in '/home/ros_workspace/src/navigation2/nav2_bringup/nav2_gazebo_spawner' returned '0': PYTHONPATH=/home/ros_workspace/install/nav2_gazebo_spawner/lib/python3.8/site-packages:${PYTHONPATH} /usr/bin/python3 setup.py egg_info --egg-base ../../../../build/nav2_gazebo_spawner build --build-base /home/ros_workspace/build/nav2_gazebo_spawner/build install --prefix /home/ros_workspace/install/nav2_gazebo_spawner --record /home/ros_workspace/build/nav2_gazebo_spawner/install.log --single-version-externally-managed
