[4.136s] Invoking command in '/home/ros_workspace/src/mpc_dynamic_obstacles': PYTHONPATH=/home/ros_workspace/install/mpc_dynamic_obstacles/lib/python3.8/site-packages:${PYTHONPATH} /usr/bin/python3 setup.py egg_info --egg-base ../../build/mpc_dynamic_obstacles build --build-base /home/ros_workspace/build/mpc_dynamic_obstacles/build install --prefix /home/ros_workspace/install/mpc_dynamic_obstacles --record /home/ros_workspace/build/mpc_dynamic_obstacles/install.log --single-version-externally-managed
[5.273s] running egg_info
[5.284s] writing ../../build/mpc_dynamic_obstacles/mpc_dynamic_obstacles.egg-info/PKG-INFO
[5.285s] writing dependency_links to ../../build/mpc_dynamic_obstacles/mpc_dynamic_obstacles.egg-info/dependency_links.txt
[5.292s] writing entry points to ../../build/mpc_dynamic_obstacles/mpc_dynamic_obstacles.egg-info/entry_points.txt
[5.293s] writing requirements to ../../build/mpc_dynamic_obstacles/mpc_dynamic_obstacles.egg-info/requires.txt
[5.293s] writing top-level names to ../../build/mpc_dynamic_obstacles/mpc_dynamic_obstacles.egg-info/top_level.txt
[5.606s] reading manifest file '../../build/mpc_dynamic_obstacles/mpc_dynamic_obstacles.egg-info/SOURCES.txt'
[5.610s] writing manifest file '../../build/mpc_dynamic_obstacles/mpc_dynamic_obstacles.egg-info/SOURCES.txt'
[5.628s] running build
[5.628s] running build_py
[5.629s] running install
[5.648s] running install_lib
[5.663s] running install_data
[5.664s] running install_egg_info
[5.664s] removing '/home/ros_workspace/install/mpc_dynamic_obstacles/lib/python3.8/site-packages/mpc_dynamic_obstacles-0.0.0-py3.8.egg-info' (and everything under it)
[5.664s] Copying ../../build/mpc_dynamic_obstacles/mpc_dynamic_obstacles.egg-info to /home/ros_workspace/install/mpc_dynamic_obstacles/lib/python3.8/site-packages/mpc_dynamic_obstacles-0.0.0-py3.8.egg-info
[5.666s] running install_scripts
[5.709s] Installing mpc_dyn_obst script to /home/ros_workspace/install/mpc_dynamic_obstacles/lib/mpc_dynamic_obstacles
[5.710s] writing list of installed files to '/home/ros_workspace/build/mpc_dynamic_obstacles/install.log'
[5.795s] Invoked command in '/home/ros_workspace/src/mpc_dynamic_obstacles' returned '0': PYTHONPATH=/home/ros_workspace/install/mpc_dynamic_obstacles/lib/python3.8/site-packages:${PYTHONPATH} /usr/bin/python3 setup.py egg_info --egg-base ../../build/mpc_dynamic_obstacles build --build-base /home/ros_workspace/build/mpc_dynamic_obstacles/build install --prefix /home/ros_workspace/install/mpc_dynamic_obstacles --record /home/ros_workspace/build/mpc_dynamic_obstacles/install.log --single-version-externally-managed
