[0.146s] Invoking command in '/home/ros_workspace/build/nav2_common': CMAKE_PREFIX_PATH=${CMAKE_PREFIX_PATH}:/home/ros_workspace/install/static_collision_avoidance:/home/ros_workspace/install/simple_igoneo_commander:/home/ros_workspace/install/mpcc_local_planner:/home/ros_workspace/install/local_path_planner:/home/ros_workspace/install/dynamic_collision_avoidance:/home/ros_workspace/install/cost_map_server:/home/ros_workspace/install/nav2_gazebo_spawner:/home/ros_workspace/install/mpc_igoneo:/home/ros_workspace/install/mpc_dynamic_obstacles:/home/ros_workspace/install/igoneo_dynamic_window:/opt/ros/foxy /usr/bin/cmake --build /home/ros_workspace/build/nav2_common -- -j8 -l8
[1.441s] -- Found ament_cmake_core: 0.9.11 (/opt/ros/foxy/share/ament_cmake_core/cmake)
[1.442s] -- Using PYTHON_EXECUTABLE: /usr/bin/python3
[1.443s] -- Found ament_cmake_python: 0.9.11 (/opt/ros/foxy/share/ament_cmake_python/cmake)
[1.443s] -- Configuring done
[1.444s] -- Generating done
[1.446s] -- Build files have been written to: /home/ros_workspace/build/nav2_common
[1.749s] Invoked command in '/home/ros_workspace/build/nav2_common' returned '0': CMAKE_PREFIX_PATH=${CMAKE_PREFIX_PATH}:/home/ros_workspace/install/static_collision_avoidance:/home/ros_workspace/install/simple_igoneo_commander:/home/ros_workspace/install/mpcc_local_planner:/home/ros_workspace/install/local_path_planner:/home/ros_workspace/install/dynamic_collision_avoidance:/home/ros_workspace/install/cost_map_server:/home/ros_workspace/install/nav2_gazebo_spawner:/home/ros_workspace/install/mpc_igoneo:/home/ros_workspace/install/mpc_dynamic_obstacles:/home/ros_workspace/install/igoneo_dynamic_window:/opt/ros/foxy /usr/bin/cmake --build /home/ros_workspace/build/nav2_common -- -j8 -l8
[1.803s] Invoking command in '/home/ros_workspace/build/nav2_common': CMAKE_PREFIX_PATH=${CMAKE_PREFIX_PATH}:/home/ros_workspace/install/static_collision_avoidance:/home/ros_workspace/install/simple_igoneo_commander:/home/ros_workspace/install/mpcc_local_planner:/home/ros_workspace/install/local_path_planner:/home/ros_workspace/install/dynamic_collision_avoidance:/home/ros_workspace/install/cost_map_server:/home/ros_workspace/install/nav2_gazebo_spawner:/home/ros_workspace/install/mpc_igoneo:/home/ros_workspace/install/mpc_dynamic_obstacles:/home/ros_workspace/install/igoneo_dynamic_window:/opt/ros/foxy /usr/bin/cmake --install /home/ros_workspace/build/nav2_common
[1.818s] -- Install configuration: ""
[1.818s] -- Up-to-date: /home/ros_workspace/install/nav2_common/share/nav2_common/environment/pythonpath.sh
[1.819s] -- Installing: /home/ros_workspace/install/nav2_common/share/nav2_common/environment/pythonpath.dsv
[1.821s] -- Up-to-date: /home/ros_workspace/install/nav2_common/lib/python3.8/site-packages/nav2_common
[1.821s] -- Up-to-date: /home/ros_workspace/install/nav2_common/lib/python3.8/site-packages/nav2_common/launch
[1.821s] -- Installing: /home/ros_workspace/install/nav2_common/lib/python3.8/site-packages/nav2_common/launch/rewritten_yaml.py
[1.822s] -- Installing: /home/ros_workspace/install/nav2_common/lib/python3.8/site-packages/nav2_common/launch/replace_string.py
[1.822s] -- Installing: /home/ros_workspace/install/nav2_common/lib/python3.8/site-packages/nav2_common/launch/has_node_params.py
[1.822s] -- Installing: /home/ros_workspace/install/nav2_common/lib/python3.8/site-packages/nav2_common/launch/__init__.py
[1.822s] -- Installing: /home/ros_workspace/install/nav2_common/lib/python3.8/site-packages/nav2_common/__init__.py
[1.896s] Listing '/home/ros_workspace/install/nav2_common/lib/python3.8/site-packages/nav2_common'...
[1.896s] Compiling '/home/ros_workspace/install/nav2_common/lib/python3.8/site-packages/nav2_common/__init__.py'...
[1.897s] Listing '/home/ros_workspace/install/nav2_common/lib/python3.8/site-packages/nav2_common/launch'...
[1.897s] Compiling '/home/ros_workspace/install/nav2_common/lib/python3.8/site-packages/nav2_common/launch/__init__.py'...
[1.897s] Compiling '/home/ros_workspace/install/nav2_common/lib/python3.8/site-packages/nav2_common/launch/has_node_params.py'...
[1.897s] Compiling '/home/ros_workspace/install/nav2_common/lib/python3.8/site-packages/nav2_common/launch/replace_string.py'...
[1.897s] Compiling '/home/ros_workspace/install/nav2_common/lib/python3.8/site-packages/nav2_common/launch/rewritten_yaml.py'...
[1.904s] -- Up-to-date: /home/ros_workspace/install/nav2_common/share/ament_index/resource_index/package_run_dependencies/nav2_common
[1.907s] -- Up-to-date: /home/ros_workspace/install/nav2_common/share/ament_index/resource_index/parent_prefix_path/nav2_common
[1.908s] -- Up-to-date: /home/ros_workspace/install/nav2_common/share/nav2_common/environment/ament_prefix_path.sh
[1.908s] -- Installing: /home/ros_workspace/install/nav2_common/share/nav2_common/environment/ament_prefix_path.dsv
[1.908s] -- Up-to-date: /home/ros_workspace/install/nav2_common/share/nav2_common/environment/path.sh
[1.909s] -- Installing: /home/ros_workspace/install/nav2_common/share/nav2_common/environment/path.dsv
[1.909s] -- Up-to-date: /home/ros_workspace/install/nav2_common/share/nav2_common/local_setup.bash
[1.910s] -- Up-to-date: /home/ros_workspace/install/nav2_common/share/nav2_common/local_setup.sh
[1.910s] -- Up-to-date: /home/ros_workspace/install/nav2_common/share/nav2_common/local_setup.zsh
[1.910s] -- Installing: /home/ros_workspace/install/nav2_common/share/nav2_common/local_setup.dsv
[1.911s] -- Installing: /home/ros_workspace/install/nav2_common/share/nav2_common/package.dsv
[1.911s] -- Up-to-date: /home/ros_workspace/install/nav2_common/share/ament_index/resource_index/packages/nav2_common
[1.911s] -- Installing: /home/ros_workspace/install/nav2_common/share/nav2_common/cmake/nav2_common-extras.cmake
[1.912s] -- Up-to-date: /home/ros_workspace/install/nav2_common/share/nav2_common/cmake/nav2_commonConfig.cmake
[1.912s] -- Up-to-date: /home/ros_workspace/install/nav2_common/share/nav2_common/cmake/nav2_commonConfig-version.cmake
[1.913s] -- Installing: /home/ros_workspace/install/nav2_common/share/nav2_common/package.xml
[1.913s] -- Up-to-date: /home/ros_workspace/install/nav2_common/share/nav2_common/cmake
[1.913s] -- Installing: /home/ros_workspace/install/nav2_common/share/nav2_common/cmake/nav2_package.cmake
[1.916s] Invoked command in '/home/ros_workspace/build/nav2_common' returned '0': CMAKE_PREFIX_PATH=${CMAKE_PREFIX_PATH}:/home/ros_workspace/install/static_collision_avoidance:/home/ros_workspace/install/simple_igoneo_commander:/home/ros_workspace/install/mpcc_local_planner:/home/ros_workspace/install/local_path_planner:/home/ros_workspace/install/dynamic_collision_avoidance:/home/ros_workspace/install/cost_map_server:/home/ros_workspace/install/nav2_gazebo_spawner:/home/ros_workspace/install/mpc_igoneo:/home/ros_workspace/install/mpc_dynamic_obstacles:/home/ros_workspace/install/igoneo_dynamic_window:/opt/ros/foxy /usr/bin/cmake --install /home/ros_workspace/build/nav2_common
