[2.616s] Invoking command in '/home/ros_workspace/src/navigation2/nav2_bringup/nav2_gazebo_spawner': PYTHONPATH=/home/ros_workspace/install/nav2_gazebo_spawner/lib/python3.8/site-packages:${PYTHONPATH} /usr/bin/python3 setup.py egg_info --egg-base ../../../../build/nav2_gazebo_spawner build --build-base /home/ros_workspace/build/nav2_gazebo_spawner/build install --prefix /home/ros_workspace/install/nav2_gazebo_spawner --record /home/ros_workspace/build/nav2_gazebo_spawner/install.log --single-version-externally-managed
[3.257s] running egg_info
[3.257s] writing ../../../../build/nav2_gazebo_spawner/nav2_gazebo_spawner.egg-info/PKG-INFO
[3.257s] writing dependency_links to ../../../../build/nav2_gazebo_spawner/nav2_gazebo_spawner.egg-info/dependency_links.txt
[3.257s] writing entry points to ../../../../build/nav2_gazebo_spawner/nav2_gazebo_spawner.egg-info/entry_points.txt
[3.257s] writing requirements to ../../../../build/nav2_gazebo_spawner/nav2_gazebo_spawner.egg-info/requires.txt
[3.258s] writing top-level names to ../../../../build/nav2_gazebo_spawner/nav2_gazebo_spawner.egg-info/top_level.txt
[3.452s] reading manifest file '../../../../build/nav2_gazebo_spawner/nav2_gazebo_spawner.egg-info/SOURCES.txt'
[3.456s] writing manifest file '../../../../build/nav2_gazebo_spawner/nav2_gazebo_spawner.egg-info/SOURCES.txt'
[3.456s] running build
[3.456s] running build_py
[3.457s] running install
[3.461s] running install_lib
[3.474s] running install_data
[3.481s] running install_egg_info
[3.488s] removing '/home/ros_workspace/install/nav2_gazebo_spawner/lib/python3.8/site-packages/nav2_gazebo_spawner-0.3.0-py3.8.egg-info' (and everything under it)
[3.489s] Copying ../../../../build/nav2_gazebo_spawner/nav2_gazebo_spawner.egg-info to /home/ros_workspace/install/nav2_gazebo_spawner/lib/python3.8/site-packages/nav2_gazebo_spawner-0.3.0-py3.8.egg-info
[3.491s] running install_scripts
[3.572s] Installing nav2_gazebo_spawner script to /home/ros_workspace/install/nav2_gazebo_spawner/lib/nav2_gazebo_spawner
[3.572s] writing list of installed files to '/home/ros_workspace/build/nav2_gazebo_spawner/install.log'
[3.646s] Invoked command in '/home/ros_workspace/src/navigation2/nav2_bringup/nav2_gazebo_spawner' returned '0': PYTHONPATH=/home/ros_workspace/install/nav2_gazebo_spawner/lib/python3.8/site-packages:${PYTHONPATH} /usr/bin/python3 setup.py egg_info --egg-base ../../../../build/nav2_gazebo_spawner build --build-base /home/ros_workspace/build/nav2_gazebo_spawner/build install --prefix /home/ros_workspace/install/nav2_gazebo_spawner --record /home/ros_workspace/build/nav2_gazebo_spawner/install.log --single-version-externally-managed
