[8.313s] Invoking command in '/home/ros_workspace/src/mpcc_planner/local_path_planner': CMAKE_PREFIX_PATH=/home/ros_workspace/install/mpcc_interfaces:/home/ros_workspace/install/nav2_msgs:/home/ros_workspace/install/nav2_bringup:/home/ros_workspace/install/navigation2:/home/ros_workspace/install/nav2_waypoint_follower:/home/ros_workspace/install/nav2_navfn_planner:/home/ros_workspace/install/nav2_core:/home/ros_workspace/install/nav2_costmap_2d:/home/ros_workspace/install/nav2_voxel_grid:/home/ros_workspace/install/nav2_rviz_plugins:/home/ros_workspace/install/nav2_map_server:/home/ros_workspace/install/nav2_lifecycle_manager:/home/ros_workspace/install/nav2_bt_navigator:/home/ros_workspace/install/nav2_behavior_tree:/home/ros_workspace/install/nav2_util:/home/ros_workspace/install/nav2_common LD_LIBRARY_PATH=/home/ros_workspace/install/mpcc_interfaces/lib:/home/ros_workspace/install/nav2_msgs/lib:/home/ros_workspace/install/nav2_waypoint_follower/lib:/home/ros_workspace/install/nav2_navfn_planner/lib:/home/ros_workspace/install/nav2_costmap_2d/lib:/home/ros_workspace/install/nav2_voxel_grid/lib:/home/ros_workspace/install/nav2_rviz_plugins/lib:/home/ros_workspace/install/nav2_map_server/lib:/home/ros_workspace/install/nav2_lifecycle_manager/lib:/home/ros_workspace/install/nav2_bt_navigator/lib:/home/ros_workspace/install/nav2_behavior_tree/lib:/home/ros_workspace/install/nav2_util/lib:/opt/ros/foxy/opt/yaml_cpp_vendor/lib:/opt/ros/foxy/opt/rviz_ogre_vendor/lib:/opt/ros/foxy/lib/x86_64-linux-gnu:/opt/ros/foxy/lib PYTHONPATH=/home/ros_workspace/install/local_path_planner/lib/python3.8/site-packages:/home/ros_workspace/install/mpcc_interfaces/lib/python3.8/site-packages:/home/ros_workspace/install/nav2_msgs/lib/python3.8/site-packages:/home/ros_workspace/install/static_collision_avoidance/lib/python3.8/site-packages:/home/ros_workspace/install/simple_igoneo_commander/lib/python3.8/site-packages:/home/ros_workspace/install/mpcc_local_planner/lib/python3.8/site-packages:/home/ros_workspace/install/local_path_planner/lib/python3.8/site-packages:/home/ros_workspace/install/dynamic_collision_avoidance/lib/python3.8/site-packages:/home/ros_workspace/install/cost_map_server/lib/python3.8/site-packages:/home/ros_workspace/install/nav2_gazebo_spawner/lib/python3.8/site-packages:/home/ros_workspace/install/nav2_common/lib/python3.8/site-packages:/home/ros_workspace/install/mpc_igoneo/lib/python3.8/site-packages:/home/ros_workspace/install/mpc_dynamic_obstacles/lib/python3.8/site-packages:/home/ros_workspace/install/igoneo_dynamic_window/lib/python3.8/site-packages:/opt/ros/foxy/lib/python3.8/site-packages /usr/bin/python3 setup.py egg_info --egg-base ../../../build/local_path_planner build --build-base /home/ros_workspace/build/local_path_planner/build install --prefix /home/ros_workspace/install/local_path_planner --record /home/ros_workspace/build/local_path_planner/install.log --single-version-externally-managed
[10.151s] running egg_info
[10.166s] creating ../../../build/local_path_planner/local_path_planner.egg-info
[10.168s] writing ../../../build/local_path_planner/local_path_planner.egg-info/PKG-INFO
[10.176s] writing dependency_links to ../../../build/local_path_planner/local_path_planner.egg-info/dependency_links.txt
[10.183s] writing entry points to ../../../build/local_path_planner/local_path_planner.egg-info/entry_points.txt
[10.184s] writing requirements to ../../../build/local_path_planner/local_path_planner.egg-info/requires.txt
[10.185s] writing top-level names to ../../../build/local_path_planner/local_path_planner.egg-info/top_level.txt
[10.203s] writing manifest file '../../../build/local_path_planner/local_path_planner.egg-info/SOURCES.txt'
[10.514s] reading manifest file '../../../build/local_path_planner/local_path_planner.egg-info/SOURCES.txt'
[10.525s] writing manifest file '../../../build/local_path_planner/local_path_planner.egg-info/SOURCES.txt'
[10.526s] running build
[10.526s] running build_py
[10.527s] creating /home/ros_workspace/build/local_path_planner/build
[10.527s] creating /home/ros_workspace/build/local_path_planner/build/lib
[10.527s] creating /home/ros_workspace/build/local_path_planner/build/lib/local_path_planner
[10.528s] copying local_path_planner/local_path_planner_node.py -> /home/ros_workspace/build/local_path_planner/build/lib/local_path_planner
[10.541s] copying local_path_planner/local_path_planner.py -> /home/ros_workspace/build/local_path_planner/build/lib/local_path_planner
[10.544s] copying local_path_planner/__init__.py -> /home/ros_workspace/build/local_path_planner/build/lib/local_path_planner
[10.545s] creating /home/ros_workspace/build/local_path_planner/build/lib/mpcc_planner_costmap
[10.545s] copying mpcc_planner_costmap/mpcc_planner_costmap.py -> /home/ros_workspace/build/local_path_planner/build/lib/mpcc_planner_costmap
[10.545s] copying mpcc_planner_costmap/__init__.py -> /home/ros_workspace/build/local_path_planner/build/lib/mpcc_planner_costmap
[10.545s] running install
[10.546s] running install_lib
[10.574s] creating /home/ros_workspace/install/local_path_planner/lib/python3.8/site-packages/local_path_planner
[10.577s] copying /home/ros_workspace/build/local_path_planner/build/lib/local_path_planner/local_path_planner_node.py -> /home/ros_workspace/install/local_path_planner/lib/python3.8/site-packages/local_path_planner
[10.577s] copying /home/ros_workspace/build/local_path_planner/build/lib/local_path_planner/local_path_planner.py -> /home/ros_workspace/install/local_path_planner/lib/python3.8/site-packages/local_path_planner
[10.577s] copying /home/ros_workspace/build/local_path_planner/build/lib/local_path_planner/__init__.py -> /home/ros_workspace/install/local_path_planner/lib/python3.8/site-packages/local_path_planner
[10.578s] creating /home/ros_workspace/install/local_path_planner/lib/python3.8/site-packages/mpcc_planner_costmap
[10.579s] copying /home/ros_workspace/build/local_path_planner/build/lib/mpcc_planner_costmap/mpcc_planner_costmap.py -> /home/ros_workspace/install/local_path_planner/lib/python3.8/site-packages/mpcc_planner_costmap
[10.580s] copying /home/ros_workspace/build/local_path_planner/build/lib/mpcc_planner_costmap/__init__.py -> /home/ros_workspace/install/local_path_planner/lib/python3.8/site-packages/mpcc_planner_costmap
[10.582s] byte-compiling /home/ros_workspace/install/local_path_planner/lib/python3.8/site-packages/local_path_planner/local_path_planner_node.py to local_path_planner_node.cpython-38.pyc
[10.586s] byte-compiling /home/ros_workspace/install/local_path_planner/lib/python3.8/site-packages/local_path_planner/local_path_planner.py to local_path_planner.cpython-38.pyc
[10.602s] byte-compiling /home/ros_workspace/install/local_path_planner/lib/python3.8/site-packages/local_path_planner/__init__.py to __init__.cpython-38.pyc
[10.603s] byte-compiling /home/ros_workspace/install/local_path_planner/lib/python3.8/site-packages/mpcc_planner_costmap/mpcc_planner_costmap.py to mpcc_planner_costmap.cpython-38.pyc
[10.617s] byte-compiling /home/ros_workspace/install/local_path_planner/lib/python3.8/site-packages/mpcc_planner_costmap/__init__.py to __init__.cpython-38.pyc
[10.617s] running install_data
[10.619s] running install_egg_info
[10.633s] Copying ../../../build/local_path_planner/local_path_planner.egg-info to /home/ros_workspace/install/local_path_planner/lib/python3.8/site-packages/local_path_planner-0.0.0-py3.8.egg-info
[10.642s] running install_scripts
[10.800s] Installing path_planner script to /home/ros_workspace/install/local_path_planner/lib/local_path_planner
[10.802s] writing list of installed files to '/home/ros_workspace/build/local_path_planner/install.log'
[10.961s] Invoked command in '/home/ros_workspace/src/mpcc_planner/local_path_planner' returned '0': CMAKE_PREFIX_PATH=/home/ros_workspace/install/mpcc_interfaces:/home/ros_workspace/install/nav2_msgs:/home/ros_workspace/install/nav2_bringup:/home/ros_workspace/install/navigation2:/home/ros_workspace/install/nav2_waypoint_follower:/home/ros_workspace/install/nav2_navfn_planner:/home/ros_workspace/install/nav2_core:/home/ros_workspace/install/nav2_costmap_2d:/home/ros_workspace/install/nav2_voxel_grid:/home/ros_workspace/install/nav2_rviz_plugins:/home/ros_workspace/install/nav2_map_server:/home/ros_workspace/install/nav2_lifecycle_manager:/home/ros_workspace/install/nav2_bt_navigator:/home/ros_workspace/install/nav2_behavior_tree:/home/ros_workspace/install/nav2_util:/home/ros_workspace/install/nav2_common LD_LIBRARY_PATH=/home/ros_workspace/install/mpcc_interfaces/lib:/home/ros_workspace/install/nav2_msgs/lib:/home/ros_workspace/install/nav2_waypoint_follower/lib:/home/ros_workspace/install/nav2_navfn_planner/lib:/home/ros_workspace/install/nav2_costmap_2d/lib:/home/ros_workspace/install/nav2_voxel_grid/lib:/home/ros_workspace/install/nav2_rviz_plugins/lib:/home/ros_workspace/install/nav2_map_server/lib:/home/ros_workspace/install/nav2_lifecycle_manager/lib:/home/ros_workspace/install/nav2_bt_navigator/lib:/home/ros_workspace/install/nav2_behavior_tree/lib:/home/ros_workspace/install/nav2_util/lib:/opt/ros/foxy/opt/yaml_cpp_vendor/lib:/opt/ros/foxy/opt/rviz_ogre_vendor/lib:/opt/ros/foxy/lib/x86_64-linux-gnu:/opt/ros/foxy/lib PYTHONPATH=/home/ros_workspace/install/local_path_planner/lib/python3.8/site-packages:/home/ros_workspace/install/mpcc_interfaces/lib/python3.8/site-packages:/home/ros_workspace/install/nav2_msgs/lib/python3.8/site-packages:/home/ros_workspace/install/static_collision_avoidance/lib/python3.8/site-packages:/home/ros_workspace/install/simple_igoneo_commander/lib/python3.8/site-packages:/home/ros_workspace/install/mpcc_local_planner/lib/python3.8/site-packages:/home/ros_workspace/install/local_path_planner/lib/python3.8/site-packages:/home/ros_workspace/install/dynamic_collision_avoidance/lib/python3.8/site-packages:/home/ros_workspace/install/cost_map_server/lib/python3.8/site-packages:/home/ros_workspace/install/nav2_gazebo_spawner/lib/python3.8/site-packages:/home/ros_workspace/install/nav2_common/lib/python3.8/site-packages:/home/ros_workspace/install/mpc_igoneo/lib/python3.8/site-packages:/home/ros_workspace/install/mpc_dynamic_obstacles/lib/python3.8/site-packages:/home/ros_workspace/install/igoneo_dynamic_window/lib/python3.8/site-packages:/opt/ros/foxy/lib/python3.8/site-packages /usr/bin/python3 setup.py egg_info --egg-base ../../../build/local_path_planner build --build-base /home/ros_workspace/build/local_path_planner/build install --prefix /home/ros_workspace/install/local_path_planner --record /home/ros_workspace/build/local_path_planner/install.log --single-version-externally-managed
