[0.116s] Invoking command in '/home/ros_workspace/build/nav2_costmap_2d': CMAKE_PREFIX_PATH=/home/ros_workspace/install/nav2_map_server:/home/ros_workspace/install/nav2_lifecycle_manager:/home/ros_workspace/install/nav2_util:/home/ros_workspace/install/nav2_voxel_grid:/home/ros_workspace/install/nav2_msgs:/home/ros_workspace/install/nav2_common:/home/ros_workspace/install/nav2_bringup:/home/ros_workspace/install/navigation2:/home/ros_workspace/install/nav2_waypoint_follower:/home/ros_workspace/install/nav2_core:/home/ros_workspace/install/nav2_costmap_2d:/home/ros_workspace/install/nav2_rviz_plugins:/home/ros_workspace/install/nav2_bt_navigator:/home/ros_workspace/install/nav2_behavior_tree:/home/ros_workspace/install/mpcc_interfaces:/home/ros_workspace/install/static_collision_avoidance:/home/ros_workspace/install/simple_igoneo_commander:/home/ros_workspace/install/mpcc_local_planner:/home/ros_workspace/install/local_path_planner:/home/ros_workspace/install/dynamic_collision_avoidance:/home/ros_workspace/install/cost_map_server:/home/ros_workspace/install/nav2_gazebo_spawner:/home/ros_workspace/install/mpc_igoneo:/home/ros_workspace/install/mpc_dynamic_obstacles:/home/ros_workspace/install/igoneo_dynamic_window:/opt/ros/foxy LD_LIBRARY_PATH=/home/ros_workspace/install/nav2_map_server/lib:/home/ros_workspace/install/nav2_lifecycle_manager/lib:/home/ros_workspace/install/nav2_util/lib:/home/ros_workspace/install/nav2_voxel_grid/lib:/home/ros_workspace/install/nav2_msgs/lib:/home/ros_workspace/install/nav2_waypoint_follower/lib:/home/ros_workspace/install/nav2_costmap_2d/lib:/home/ros_workspace/install/nav2_rviz_plugins/lib:/home/ros_workspace/install/nav2_bt_navigator/lib:/home/ros_workspace/install/nav2_behavior_tree/lib:/home/ros_workspace/install/mpcc_interfaces/lib:/opt/ros/foxy/opt/yaml_cpp_vendor/lib:/opt/ros/foxy/opt/rviz_ogre_vendor/lib:/opt/ros/foxy/lib/x86_64-linux-gnu:/opt/ros/foxy/lib PYTHONPATH=/home/ros_workspace/install/nav2_msgs/lib/python3.8/site-packages:/home/ros_workspace/install/nav2_common/lib/python3.8/site-packages:/home/ros_workspace/install/static_collision_avoidance/lib/python3.8/site-packages:/home/ros_workspace/install/simple_igoneo_commander/lib/python3.8/site-packages:/home/ros_workspace/install/mpcc_local_planner/lib/python3.8/site-packages:/home/ros_workspace/install/local_path_planner/lib/python3.8/site-packages:/home/ros_workspace/install/dynamic_collision_avoidance/lib/python3.8/site-packages:/home/ros_workspace/install/cost_map_server/lib/python3.8/site-packages:/home/ros_workspace/install/mpcc_interfaces/lib/python3.8/site-packages:/home/ros_workspace/install/nav2_gazebo_spawner/lib/python3.8/site-packages:/home/ros_workspace/install/mpc_igoneo/lib/python3.8/site-packages:/home/ros_workspace/install/mpc_dynamic_obstacles/lib/python3.8/site-packages:/home/ros_workspace/install/igoneo_dynamic_window/lib/python3.8/site-packages:/opt/ros/foxy/lib/python3.8/site-packages /usr/bin/cmake --build /home/ros_workspace/build/nav2_costmap_2d -- -j4 -l4
[0.364s] [ 27%] Built target nav2_costmap_2d_core
[0.431s] [ 31%] Built target gtest_main
[0.560s] [ 39%] Built target nav2_costmap_2d_client
[0.673s] [ 43%] Built target nav2_costmap_2d_markers
[0.815s] [ 47%] Built target nav2_costmap_2d_cloud
[1.004s] [ 62%] Built target layers
[1.051s] [ 66%] Built target gtest
[1.164s] [ 70%] Built target nav2_costmap_2d
[1.308s] [ 75%] Built target range_tests_exec
[1.434s] [ 79%] Built target obstacle_tests_exec
[1.639s] [ 83%] Built target inflation_tests_exec
[1.910s] [ 87%] Built target test_collision_checker_exec
[2.077s] [ 91%] Built target footprint_tests_exec
[2.178s] [ 95%] Built target array_parser_test
[2.355s] [100%] Built target collision_footprint_test
[2.491s] Invoked command in '/home/ros_workspace/build/nav2_costmap_2d' returned '0': CMAKE_PREFIX_PATH=/home/ros_workspace/install/nav2_map_server:/home/ros_workspace/install/nav2_lifecycle_manager:/home/ros_workspace/install/nav2_util:/home/ros_workspace/install/nav2_voxel_grid:/home/ros_workspace/install/nav2_msgs:/home/ros_workspace/install/nav2_common:/home/ros_workspace/install/nav2_bringup:/home/ros_workspace/install/navigation2:/home/ros_workspace/install/nav2_waypoint_follower:/home/ros_workspace/install/nav2_core:/home/ros_workspace/install/nav2_costmap_2d:/home/ros_workspace/install/nav2_rviz_plugins:/home/ros_workspace/install/nav2_bt_navigator:/home/ros_workspace/install/nav2_behavior_tree:/home/ros_workspace/install/mpcc_interfaces:/home/ros_workspace/install/static_collision_avoidance:/home/ros_workspace/install/simple_igoneo_commander:/home/ros_workspace/install/mpcc_local_planner:/home/ros_workspace/install/local_path_planner:/home/ros_workspace/install/dynamic_collision_avoidance:/home/ros_workspace/install/cost_map_server:/home/ros_workspace/install/nav2_gazebo_spawner:/home/ros_workspace/install/mpc_igoneo:/home/ros_workspace/install/mpc_dynamic_obstacles:/home/ros_workspace/install/igoneo_dynamic_window:/opt/ros/foxy LD_LIBRARY_PATH=/home/ros_workspace/install/nav2_map_server/lib:/home/ros_workspace/install/nav2_lifecycle_manager/lib:/home/ros_workspace/install/nav2_util/lib:/home/ros_workspace/install/nav2_voxel_grid/lib:/home/ros_workspace/install/nav2_msgs/lib:/home/ros_workspace/install/nav2_waypoint_follower/lib:/home/ros_workspace/install/nav2_costmap_2d/lib:/home/ros_workspace/install/nav2_rviz_plugins/lib:/home/ros_workspace/install/nav2_bt_navigator/lib:/home/ros_workspace/install/nav2_behavior_tree/lib:/home/ros_workspace/install/mpcc_interfaces/lib:/opt/ros/foxy/opt/yaml_cpp_vendor/lib:/opt/ros/foxy/opt/rviz_ogre_vendor/lib:/opt/ros/foxy/lib/x86_64-linux-gnu:/opt/ros/foxy/lib PYTHONPATH=/home/ros_workspace/install/nav2_msgs/lib/python3.8/site-packages:/home/ros_workspace/install/nav2_common/lib/python3.8/site-packages:/home/ros_workspace/install/static_collision_avoidance/lib/python3.8/site-packages:/home/ros_workspace/install/simple_igoneo_commander/lib/python3.8/site-packages:/home/ros_workspace/install/mpcc_local_planner/lib/python3.8/site-packages:/home/ros_workspace/install/local_path_planner/lib/python3.8/site-packages:/home/ros_workspace/install/dynamic_collision_avoidance/lib/python3.8/site-packages:/home/ros_workspace/install/cost_map_server/lib/python3.8/site-packages:/home/ros_workspace/install/mpcc_interfaces/lib/python3.8/site-packages:/home/ros_workspace/install/nav2_gazebo_spawner/lib/python3.8/site-packages:/home/ros_workspace/install/mpc_igoneo/lib/python3.8/site-packages:/home/ros_workspace/install/mpc_dynamic_obstacles/lib/python3.8/site-packages:/home/ros_workspace/install/igoneo_dynamic_window/lib/python3.8/site-packages:/opt/ros/foxy/lib/python3.8/site-packages /usr/bin/cmake --build /home/ros_workspace/build/nav2_costmap_2d -- -j4 -l4
[2.896s] Invoking command in '/home/ros_workspace/build/nav2_costmap_2d': CMAKE_PREFIX_PATH=/home/ros_workspace/install/nav2_map_server:/home/ros_workspace/install/nav2_lifecycle_manager:/home/ros_workspace/install/nav2_util:/home/ros_workspace/install/nav2_voxel_grid:/home/ros_workspace/install/nav2_msgs:/home/ros_workspace/install/nav2_common:/home/ros_workspace/install/nav2_bringup:/home/ros_workspace/install/navigation2:/home/ros_workspace/install/nav2_waypoint_follower:/home/ros_workspace/install/nav2_core:/home/ros_workspace/install/nav2_costmap_2d:/home/ros_workspace/install/nav2_rviz_plugins:/home/ros_workspace/install/nav2_bt_navigator:/home/ros_workspace/install/nav2_behavior_tree:/home/ros_workspace/install/mpcc_interfaces:/home/ros_workspace/install/static_collision_avoidance:/home/ros_workspace/install/simple_igoneo_commander:/home/ros_workspace/install/mpcc_local_planner:/home/ros_workspace/install/local_path_planner:/home/ros_workspace/install/dynamic_collision_avoidance:/home/ros_workspace/install/cost_map_server:/home/ros_workspace/install/nav2_gazebo_spawner:/home/ros_workspace/install/mpc_igoneo:/home/ros_workspace/install/mpc_dynamic_obstacles:/home/ros_workspace/install/igoneo_dynamic_window:/opt/ros/foxy LD_LIBRARY_PATH=/home/ros_workspace/install/nav2_map_server/lib:/home/ros_workspace/install/nav2_lifecycle_manager/lib:/home/ros_workspace/install/nav2_util/lib:/home/ros_workspace/install/nav2_voxel_grid/lib:/home/ros_workspace/install/nav2_msgs/lib:/home/ros_workspace/install/nav2_waypoint_follower/lib:/home/ros_workspace/install/nav2_costmap_2d/lib:/home/ros_workspace/install/nav2_rviz_plugins/lib:/home/ros_workspace/install/nav2_bt_navigator/lib:/home/ros_workspace/install/nav2_behavior_tree/lib:/home/ros_workspace/install/mpcc_interfaces/lib:/opt/ros/foxy/opt/yaml_cpp_vendor/lib:/opt/ros/foxy/opt/rviz_ogre_vendor/lib:/opt/ros/foxy/lib/x86_64-linux-gnu:/opt/ros/foxy/lib PYTHONPATH=/home/ros_workspace/install/nav2_msgs/lib/python3.8/site-packages:/home/ros_workspace/install/nav2_common/lib/python3.8/site-packages:/home/ros_workspace/install/static_collision_avoidance/lib/python3.8/site-packages:/home/ros_workspace/install/simple_igoneo_commander/lib/python3.8/site-packages:/home/ros_workspace/install/mpcc_local_planner/lib/python3.8/site-packages:/home/ros_workspace/install/local_path_planner/lib/python3.8/site-packages:/home/ros_workspace/install/dynamic_collision_avoidance/lib/python3.8/site-packages:/home/ros_workspace/install/cost_map_server/lib/python3.8/site-packages:/home/ros_workspace/install/mpcc_interfaces/lib/python3.8/site-packages:/home/ros_workspace/install/nav2_gazebo_spawner/lib/python3.8/site-packages:/home/ros_workspace/install/mpc_igoneo/lib/python3.8/site-packages:/home/ros_workspace/install/mpc_dynamic_obstacles/lib/python3.8/site-packages:/home/ros_workspace/install/igoneo_dynamic_window/lib/python3.8/site-packages:/opt/ros/foxy/lib/python3.8/site-packages /usr/bin/cmake --install /home/ros_workspace/build/nav2_costmap_2d
[2.929s] -- Install configuration: "Release"
[2.930s] -- Up-to-date: /home/ros_workspace/install/nav2_costmap_2d/lib/libnav2_costmap_2d_core.so
[2.931s] -- Up-to-date: /home/ros_workspace/install/nav2_costmap_2d/lib/liblayers.so
[2.933s] -- Up-to-date: /home/ros_workspace/install/nav2_costmap_2d/lib/libnav2_costmap_2d_client.so
[2.934s] -- Up-to-date: /home/ros_workspace/install/nav2_costmap_2d/lib/nav2_costmap_2d/nav2_costmap_2d
[2.935s] -- Up-to-date: /home/ros_workspace/install/nav2_costmap_2d/lib/nav2_costmap_2d/nav2_costmap_2d_markers
[2.936s] -- Up-to-date: /home/ros_workspace/install/nav2_costmap_2d/lib/nav2_costmap_2d/nav2_costmap_2d_cloud
[2.937s] -- Up-to-date: /home/ros_workspace/install/nav2_costmap_2d/share/nav2_costmap_2d/costmap_plugins.xml
[2.938s] -- Up-to-date: /home/ros_workspace/install/nav2_costmap_2d/include/
[2.938s] -- Up-to-date: /home/ros_workspace/install/nav2_costmap_2d/include//nav2_costmap_2d
[2.939s] -- Up-to-date: /home/ros_workspace/install/nav2_costmap_2d/include//nav2_costmap_2d/inflation_layer.hpp
[2.939s] -- Up-to-date: /home/ros_workspace/install/nav2_costmap_2d/include//nav2_costmap_2d/clear_costmap_service.hpp
[2.940s] -- Up-to-date: /home/ros_workspace/install/nav2_costmap_2d/include//nav2_costmap_2d/range_sensor_layer.hpp
[2.940s] -- Up-to-date: /home/ros_workspace/install/nav2_costmap_2d/include//nav2_costmap_2d/costmap_2d_publisher.hpp
[2.941s] -- Up-to-date: /home/ros_workspace/install/nav2_costmap_2d/include//nav2_costmap_2d/costmap_layer.hpp
[2.941s] -- Up-to-date: /home/ros_workspace/install/nav2_costmap_2d/include//nav2_costmap_2d/costmap_2d.hpp
[2.941s] -- Up-to-date: /home/ros_workspace/install/nav2_costmap_2d/include//nav2_costmap_2d/obstacle_layer.hpp
[2.942s] -- Up-to-date: /home/ros_workspace/install/nav2_costmap_2d/include//nav2_costmap_2d/footprint_collision_checker.hpp
[2.942s] -- Up-to-date: /home/ros_workspace/install/nav2_costmap_2d/include//nav2_costmap_2d/observation.hpp
[2.942s] -- Up-to-date: /home/ros_workspace/install/nav2_costmap_2d/include//nav2_costmap_2d/layered_costmap.hpp
[2.942s] -- Up-to-date: /home/ros_workspace/install/nav2_costmap_2d/include//nav2_costmap_2d/costmap_topic_collision_checker.hpp
[2.942s] -- Up-to-date: /home/ros_workspace/install/nav2_costmap_2d/include//nav2_costmap_2d/exceptions.hpp
[2.943s] -- Up-to-date: /home/ros_workspace/install/nav2_costmap_2d/include//nav2_costmap_2d/costmap_math.hpp
[2.943s] -- Up-to-date: /home/ros_workspace/install/nav2_costmap_2d/include//nav2_costmap_2d/costmap_subscriber.hpp
[2.944s] -- Up-to-date: /home/ros_workspace/install/nav2_costmap_2d/include//nav2_costmap_2d/footprint_subscriber.hpp
[2.944s] -- Up-to-date: /home/ros_workspace/install/nav2_costmap_2d/include//nav2_costmap_2d/array_parser.hpp
[2.945s] -- Up-to-date: /home/ros_workspace/install/nav2_costmap_2d/include//nav2_costmap_2d/cost_values.hpp
[2.945s] -- Up-to-date: /home/ros_workspace/install/nav2_costmap_2d/include//nav2_costmap_2d/voxel_layer.hpp
[2.946s] -- Up-to-date: /home/ros_workspace/install/nav2_costmap_2d/include//nav2_costmap_2d/footprint.hpp
[2.947s] -- Up-to-date: /home/ros_workspace/install/nav2_costmap_2d/include//nav2_costmap_2d/static_layer.hpp
[2.947s] -- Up-to-date: /home/ros_workspace/install/nav2_costmap_2d/include//nav2_costmap_2d/observation_buffer.hpp
[2.949s] -- Up-to-date: /home/ros_workspace/install/nav2_costmap_2d/include//nav2_costmap_2d/layer.hpp
[2.950s] -- Up-to-date: /home/ros_workspace/install/nav2_costmap_2d/include//nav2_costmap_2d/costmap_2d_ros.hpp
[2.950s] -- Up-to-date: /home/ros_workspace/install/nav2_costmap_2d/share/nav2_costmap_2d/environment/library_path.sh
[2.951s] -- Up-to-date: /home/ros_workspace/install/nav2_costmap_2d/share/nav2_costmap_2d/environment/library_path.dsv
[2.951s] -- Up-to-date: /home/ros_workspace/install/nav2_costmap_2d/share/nav2_costmap_2d/costmap_plugins.xml
[2.952s] -- Up-to-date: /home/ros_workspace/install/nav2_costmap_2d/share/ament_index/resource_index/package_run_dependencies/nav2_costmap_2d
[2.952s] -- Up-to-date: /home/ros_workspace/install/nav2_costmap_2d/share/ament_index/resource_index/parent_prefix_path/nav2_costmap_2d
[2.953s] -- Up-to-date: /home/ros_workspace/install/nav2_costmap_2d/share/nav2_costmap_2d/environment/ament_prefix_path.sh
[2.963s] -- Up-to-date: /home/ros_workspace/install/nav2_costmap_2d/share/nav2_costmap_2d/environment/ament_prefix_path.dsv
[2.963s] -- Up-to-date: /home/ros_workspace/install/nav2_costmap_2d/share/nav2_costmap_2d/environment/path.sh
[2.963s] -- Up-to-date: /home/ros_workspace/install/nav2_costmap_2d/share/nav2_costmap_2d/environment/path.dsv
[2.963s] -- Up-to-date: /home/ros_workspace/install/nav2_costmap_2d/share/nav2_costmap_2d/local_setup.bash
[2.964s] -- Up-to-date: /home/ros_workspace/install/nav2_costmap_2d/share/nav2_costmap_2d/local_setup.sh
[2.964s] -- Up-to-date: /home/ros_workspace/install/nav2_costmap_2d/share/nav2_costmap_2d/local_setup.zsh
[2.964s] -- Up-to-date: /home/ros_workspace/install/nav2_costmap_2d/share/nav2_costmap_2d/local_setup.dsv
[2.964s] -- Installing: /home/ros_workspace/install/nav2_costmap_2d/share/nav2_costmap_2d/package.dsv
[2.964s] -- Up-to-date: /home/ros_workspace/install/nav2_costmap_2d/share/ament_index/resource_index/packages/nav2_costmap_2d
[2.965s] -- Up-to-date: /home/ros_workspace/install/nav2_costmap_2d/share/ament_index/resource_index/nav2_costmap_2d__pluginlib__plugin/nav2_costmap_2d
[2.965s] -- Up-to-date: /home/ros_workspace/install/nav2_costmap_2d/share/nav2_costmap_2d/cmake/ament_cmake_export_include_directories-extras.cmake
[2.965s] -- Up-to-date: /home/ros_workspace/install/nav2_costmap_2d/share/nav2_costmap_2d/cmake/ament_cmake_export_libraries-extras.cmake
[2.965s] -- Up-to-date: /home/ros_workspace/install/nav2_costmap_2d/share/nav2_costmap_2d/cmake/ament_cmake_export_dependencies-extras.cmake
[2.965s] -- Up-to-date: /home/ros_workspace/install/nav2_costmap_2d/share/nav2_costmap_2d/cmake/ament_cmake_export_definitions-extras.cmake
[2.966s] -- Up-to-date: /home/ros_workspace/install/nav2_costmap_2d/share/nav2_costmap_2d/cmake/nav2_costmap_2dConfig.cmake
[2.966s] -- Up-to-date: /home/ros_workspace/install/nav2_costmap_2d/share/nav2_costmap_2d/cmake/nav2_costmap_2dConfig-version.cmake
[2.967s] -- Up-to-date: /home/ros_workspace/install/nav2_costmap_2d/share/nav2_costmap_2d/package.xml
[2.967s] Invoked command in '/home/ros_workspace/build/nav2_costmap_2d' returned '0': CMAKE_PREFIX_PATH=/home/ros_workspace/install/nav2_map_server:/home/ros_workspace/install/nav2_lifecycle_manager:/home/ros_workspace/install/nav2_util:/home/ros_workspace/install/nav2_voxel_grid:/home/ros_workspace/install/nav2_msgs:/home/ros_workspace/install/nav2_common:/home/ros_workspace/install/nav2_bringup:/home/ros_workspace/install/navigation2:/home/ros_workspace/install/nav2_waypoint_follower:/home/ros_workspace/install/nav2_core:/home/ros_workspace/install/nav2_costmap_2d:/home/ros_workspace/install/nav2_rviz_plugins:/home/ros_workspace/install/nav2_bt_navigator:/home/ros_workspace/install/nav2_behavior_tree:/home/ros_workspace/install/mpcc_interfaces:/home/ros_workspace/install/static_collision_avoidance:/home/ros_workspace/install/simple_igoneo_commander:/home/ros_workspace/install/mpcc_local_planner:/home/ros_workspace/install/local_path_planner:/home/ros_workspace/install/dynamic_collision_avoidance:/home/ros_workspace/install/cost_map_server:/home/ros_workspace/install/nav2_gazebo_spawner:/home/ros_workspace/install/mpc_igoneo:/home/ros_workspace/install/mpc_dynamic_obstacles:/home/ros_workspace/install/igoneo_dynamic_window:/opt/ros/foxy LD_LIBRARY_PATH=/home/ros_workspace/install/nav2_map_server/lib:/home/ros_workspace/install/nav2_lifecycle_manager/lib:/home/ros_workspace/install/nav2_util/lib:/home/ros_workspace/install/nav2_voxel_grid/lib:/home/ros_workspace/install/nav2_msgs/lib:/home/ros_workspace/install/nav2_waypoint_follower/lib:/home/ros_workspace/install/nav2_costmap_2d/lib:/home/ros_workspace/install/nav2_rviz_plugins/lib:/home/ros_workspace/install/nav2_bt_navigator/lib:/home/ros_workspace/install/nav2_behavior_tree/lib:/home/ros_workspace/install/mpcc_interfaces/lib:/opt/ros/foxy/opt/yaml_cpp_vendor/lib:/opt/ros/foxy/opt/rviz_ogre_vendor/lib:/opt/ros/foxy/lib/x86_64-linux-gnu:/opt/ros/foxy/lib PYTHONPATH=/home/ros_workspace/install/nav2_msgs/lib/python3.8/site-packages:/home/ros_workspace/install/nav2_common/lib/python3.8/site-packages:/home/ros_workspace/install/static_collision_avoidance/lib/python3.8/site-packages:/home/ros_workspace/install/simple_igoneo_commander/lib/python3.8/site-packages:/home/ros_workspace/install/mpcc_local_planner/lib/python3.8/site-packages:/home/ros_workspace/install/local_path_planner/lib/python3.8/site-packages:/home/ros_workspace/install/dynamic_collision_avoidance/lib/python3.8/site-packages:/home/ros_workspace/install/cost_map_server/lib/python3.8/site-packages:/home/ros_workspace/install/mpcc_interfaces/lib/python3.8/site-packages:/home/ros_workspace/install/nav2_gazebo_spawner/lib/python3.8/site-packages:/home/ros_workspace/install/mpc_igoneo/lib/python3.8/site-packages:/home/ros_workspace/install/mpc_dynamic_obstacles/lib/python3.8/site-packages:/home/ros_workspace/install/igoneo_dynamic_window/lib/python3.8/site-packages:/opt/ros/foxy/lib/python3.8/site-packages /usr/bin/cmake --install /home/ros_workspace/build/nav2_costmap_2d
