[1.295s] Invoking command in '/home/ros_workspace/src/mpcc_planner/mpcc_local_planner': AMENT_PREFIX_PATH=/home/ros_workspace/install/local_path_planner:/home/ros_workspace/install/mpcc_interfaces:/home/ros_workspace/install/static_collision_avoidance:/home/ros_workspace/install/simple_igoneo_commander:/home/ros_workspace/install/nav2_bringup:/home/ros_workspace/install/navigation2:/home/ros_workspace/install/nav2_waypoint_follower:/home/ros_workspace/install/nav2_core:/home/ros_workspace/install/nav2_costmap_2d:/home/ros_workspace/install/nav2_voxel_grid:/home/ros_workspace/install/nav2_rviz_plugins:/home/ros_workspace/install/nav2_map_server:/home/ros_workspace/install/nav2_lifecycle_manager:/home/ros_workspace/install/nav2_bt_navigator:/home/ros_workspace/install/nav2_behavior_tree:/home/ros_workspace/install/nav2_util:/home/ros_workspace/install/mpcc_local_planner:/home/ros_workspace/install/dynamic_collision_avoidance:/home/ros_workspace/install/cost_map_server:/home/ros_workspace/install/nav2_msgs:/home/ros_workspace/install/nav2_gazebo_spawner:/home/ros_workspace/install/nav2_common:/home/ros_workspace/install/mpc_igoneo:/home/ros_workspace/install/mpc_dynamic_obstacles:/home/ros_workspace/install/igoneo_dynamic_window:/opt/ros/foxy CMAKE_PREFIX_PATH=/home/ros_workspace/install/mpcc_interfaces:/home/ros_workspace/install/nav2_msgs:/home/ros_workspace/install/nav2_bringup:/home/ros_workspace/install/navigation2:/home/ros_workspace/install/nav2_waypoint_follower:/home/ros_workspace/install/nav2_core:/home/ros_workspace/install/nav2_costmap_2d:/home/ros_workspace/install/nav2_voxel_grid:/home/ros_workspace/install/nav2_rviz_plugins:/home/ros_workspace/install/nav2_map_server:/home/ros_workspace/install/nav2_lifecycle_manager:/home/ros_workspace/install/nav2_bt_navigator:/home/ros_workspace/install/nav2_behavior_tree:/home/ros_workspace/install/nav2_util:/home/ros_workspace/install/nav2_common LD_LIBRARY_PATH=/home/ros_workspace/install/mpcc_interfaces/lib:/home/ros_workspace/install/nav2_msgs/lib:/home/ros_workspace/install/nav2_waypoint_follower/lib:/home/ros_workspace/install/nav2_costmap_2d/lib:/home/ros_workspace/install/nav2_voxel_grid/lib:/home/ros_workspace/install/nav2_rviz_plugins/lib:/home/ros_workspace/install/nav2_map_server/lib:/home/ros_workspace/install/nav2_lifecycle_manager/lib:/home/ros_workspace/install/nav2_bt_navigator/lib:/home/ros_workspace/install/nav2_behavior_tree/lib:/home/ros_workspace/install/nav2_util/lib:/opt/ros/foxy/opt/yaml_cpp_vendor/lib:/opt/ros/foxy/opt/rviz_ogre_vendor/lib:/opt/ros/foxy/lib/x86_64-linux-gnu:/opt/ros/foxy/lib PYTHONPATH=/home/ros_workspace/install/mpcc_local_planner/lib/python3.8/site-packages:/home/ros_workspace/install/local_path_planner/lib/python3.8/site-packages:/home/ros_workspace/install/mpcc_interfaces/lib/python3.8/site-packages:/home/ros_workspace/install/nav2_msgs/lib/python3.8/site-packages:/home/ros_workspace/install/static_collision_avoidance/lib/python3.8/site-packages:/home/ros_workspace/install/simple_igoneo_commander/lib/python3.8/site-packages:/home/ros_workspace/install/mpcc_local_planner/lib/python3.8/site-packages:/home/ros_workspace/install/dynamic_collision_avoidance/lib/python3.8/site-packages:/home/ros_workspace/install/cost_map_server/lib/python3.8/site-packages:/home/ros_workspace/install/nav2_gazebo_spawner/lib/python3.8/site-packages:/home/ros_workspace/install/nav2_common/lib/python3.8/site-packages:/home/ros_workspace/install/mpc_igoneo/lib/python3.8/site-packages:/home/ros_workspace/install/mpc_dynamic_obstacles/lib/python3.8/site-packages:/home/ros_workspace/install/igoneo_dynamic_window/lib/python3.8/site-packages:/opt/ros/foxy/lib/python3.8/site-packages /usr/bin/python3 setup.py egg_info --egg-base ../../../build/mpcc_local_planner build --build-base /home/ros_workspace/build/mpcc_local_planner/build install --prefix /home/ros_workspace/install/mpcc_local_planner --record /home/ros_workspace/build/mpcc_local_planner/install.log --single-version-externally-managed
[1.700s] running egg_info
[1.701s] creating ../../../build/mpcc_local_planner/mpcc_local_planner.egg-info
[1.701s] writing ../../../build/mpcc_local_planner/mpcc_local_planner.egg-info/PKG-INFO
[1.702s] writing dependency_links to ../../../build/mpcc_local_planner/mpcc_local_planner.egg-info/dependency_links.txt
[1.702s] writing entry points to ../../../build/mpcc_local_planner/mpcc_local_planner.egg-info/entry_points.txt
[1.702s] writing requirements to ../../../build/mpcc_local_planner/mpcc_local_planner.egg-info/requires.txt
[1.703s] writing top-level names to ../../../build/mpcc_local_planner/mpcc_local_planner.egg-info/top_level.txt
[1.706s] writing manifest file '../../../build/mpcc_local_planner/mpcc_local_planner.egg-info/SOURCES.txt'
[1.771s] reading manifest file '../../../build/mpcc_local_planner/mpcc_local_planner.egg-info/SOURCES.txt'
[1.773s] writing manifest file '../../../build/mpcc_local_planner/mpcc_local_planner.egg-info/SOURCES.txt'
[1.773s] running build
[1.773s] running build_py
[1.774s] creating /home/ros_workspace/build/mpcc_local_planner/build
[1.774s] creating /home/ros_workspace/build/mpcc_local_planner/build/lib
[1.774s] creating /home/ros_workspace/build/mpcc_local_planner/build/lib/mpcc_local_planner
[1.774s] copying mpcc_local_planner/mpcc_controller_node.py -> /home/ros_workspace/build/mpcc_local_planner/build/lib/mpcc_local_planner
[1.775s] copying mpcc_local_planner/mpcc_controller.py -> /home/ros_workspace/build/mpcc_local_planner/build/lib/mpcc_local_planner
[1.775s] copying mpcc_local_planner/__init__.py -> /home/ros_workspace/build/mpcc_local_planner/build/lib/mpcc_local_planner
[1.776s] creating /home/ros_workspace/build/mpcc_local_planner/build/lib/include
[1.776s] copying include/static_cost_map.py -> /home/ros_workspace/build/mpcc_local_planner/build/lib/include
[1.776s] copying include/igoneo_mpc.py -> /home/ros_workspace/build/mpcc_local_planner/build/lib/include
[1.777s] copying include/bounding_boxes.py -> /home/ros_workspace/build/mpcc_local_planner/build/lib/include
[1.777s] copying include/__init__.py -> /home/ros_workspace/build/mpcc_local_planner/build/lib/include
[1.777s] running install
[1.777s] running install_lib
[1.779s] creating /home/ros_workspace/install/mpcc_local_planner/lib/python3.8/site-packages/mpcc_local_planner
[1.780s] copying /home/ros_workspace/build/mpcc_local_planner/build/lib/mpcc_local_planner/mpcc_controller_node.py -> /home/ros_workspace/install/mpcc_local_planner/lib/python3.8/site-packages/mpcc_local_planner
[1.780s] copying /home/ros_workspace/build/mpcc_local_planner/build/lib/mpcc_local_planner/mpcc_controller.py -> /home/ros_workspace/install/mpcc_local_planner/lib/python3.8/site-packages/mpcc_local_planner
[1.780s] copying /home/ros_workspace/build/mpcc_local_planner/build/lib/mpcc_local_planner/__init__.py -> /home/ros_workspace/install/mpcc_local_planner/lib/python3.8/site-packages/mpcc_local_planner
[1.781s] creating /home/ros_workspace/install/mpcc_local_planner/lib/python3.8/site-packages/include
[1.781s] copying /home/ros_workspace/build/mpcc_local_planner/build/lib/include/static_cost_map.py -> /home/ros_workspace/install/mpcc_local_planner/lib/python3.8/site-packages/include
[1.781s] copying /home/ros_workspace/build/mpcc_local_planner/build/lib/include/igoneo_mpc.py -> /home/ros_workspace/install/mpcc_local_planner/lib/python3.8/site-packages/include
[1.782s] copying /home/ros_workspace/build/mpcc_local_planner/build/lib/include/bounding_boxes.py -> /home/ros_workspace/install/mpcc_local_planner/lib/python3.8/site-packages/include
[1.782s] copying /home/ros_workspace/build/mpcc_local_planner/build/lib/include/__init__.py -> /home/ros_workspace/install/mpcc_local_planner/lib/python3.8/site-packages/include
[1.783s] byte-compiling /home/ros_workspace/install/mpcc_local_planner/lib/python3.8/site-packages/mpcc_local_planner/mpcc_controller_node.py to mpcc_controller_node.cpython-38.pyc
[1.784s] byte-compiling /home/ros_workspace/install/mpcc_local_planner/lib/python3.8/site-packages/mpcc_local_planner/mpcc_controller.py to mpcc_controller.cpython-38.pyc
[1.793s] byte-compiling /home/ros_workspace/install/mpcc_local_planner/lib/python3.8/site-packages/mpcc_local_planner/__init__.py to __init__.cpython-38.pyc
[1.793s] byte-compiling /home/ros_workspace/install/mpcc_local_planner/lib/python3.8/site-packages/include/static_cost_map.py to static_cost_map.cpython-38.pyc
[1.794s] byte-compiling /home/ros_workspace/install/mpcc_local_planner/lib/python3.8/site-packages/include/igoneo_mpc.py to igoneo_mpc.cpython-38.pyc
[1.801s] byte-compiling /home/ros_workspace/install/mpcc_local_planner/lib/python3.8/site-packages/include/bounding_boxes.py to bounding_boxes.cpython-38.pyc
[1.803s] byte-compiling /home/ros_workspace/install/mpcc_local_planner/lib/python3.8/site-packages/include/__init__.py to __init__.cpython-38.pyc
[1.804s] running install_data
[1.804s] running install_egg_info
[1.807s] Copying ../../../build/mpcc_local_planner/mpcc_local_planner.egg-info to /home/ros_workspace/install/mpcc_local_planner/lib/python3.8/site-packages/mpcc_local_planner-0.0.0-py3.8.egg-info
[1.810s] running install_scripts
[1.842s] Installing mpcc script to /home/ros_workspace/install/mpcc_local_planner/lib/mpcc_local_planner
[1.842s] writing list of installed files to '/home/ros_workspace/build/mpcc_local_planner/install.log'
[1.881s] Invoked command in '/home/ros_workspace/src/mpcc_planner/mpcc_local_planner' returned '0': AMENT_PREFIX_PATH=/home/ros_workspace/install/local_path_planner:/home/ros_workspace/install/mpcc_interfaces:/home/ros_workspace/install/static_collision_avoidance:/home/ros_workspace/install/simple_igoneo_commander:/home/ros_workspace/install/nav2_bringup:/home/ros_workspace/install/navigation2:/home/ros_workspace/install/nav2_waypoint_follower:/home/ros_workspace/install/nav2_core:/home/ros_workspace/install/nav2_costmap_2d:/home/ros_workspace/install/nav2_voxel_grid:/home/ros_workspace/install/nav2_rviz_plugins:/home/ros_workspace/install/nav2_map_server:/home/ros_workspace/install/nav2_lifecycle_manager:/home/ros_workspace/install/nav2_bt_navigator:/home/ros_workspace/install/nav2_behavior_tree:/home/ros_workspace/install/nav2_util:/home/ros_workspace/install/mpcc_local_planner:/home/ros_workspace/install/dynamic_collision_avoidance:/home/ros_workspace/install/cost_map_server:/home/ros_workspace/install/nav2_msgs:/home/ros_workspace/install/nav2_gazebo_spawner:/home/ros_workspace/install/nav2_common:/home/ros_workspace/install/mpc_igoneo:/home/ros_workspace/install/mpc_dynamic_obstacles:/home/ros_workspace/install/igoneo_dynamic_window:/opt/ros/foxy CMAKE_PREFIX_PATH=/home/ros_workspace/install/mpcc_interfaces:/home/ros_workspace/install/nav2_msgs:/home/ros_workspace/install/nav2_bringup:/home/ros_workspace/install/navigation2:/home/ros_workspace/install/nav2_waypoint_follower:/home/ros_workspace/install/nav2_core:/home/ros_workspace/install/nav2_costmap_2d:/home/ros_workspace/install/nav2_voxel_grid:/home/ros_workspace/install/nav2_rviz_plugins:/home/ros_workspace/install/nav2_map_server:/home/ros_workspace/install/nav2_lifecycle_manager:/home/ros_workspace/install/nav2_bt_navigator:/home/ros_workspace/install/nav2_behavior_tree:/home/ros_workspace/install/nav2_util:/home/ros_workspace/install/nav2_common LD_LIBRARY_PATH=/home/ros_workspace/install/mpcc_interfaces/lib:/home/ros_workspace/install/nav2_msgs/lib:/home/ros_workspace/install/nav2_waypoint_follower/lib:/home/ros_workspace/install/nav2_costmap_2d/lib:/home/ros_workspace/install/nav2_voxel_grid/lib:/home/ros_workspace/install/nav2_rviz_plugins/lib:/home/ros_workspace/install/nav2_map_server/lib:/home/ros_workspace/install/nav2_lifecycle_manager/lib:/home/ros_workspace/install/nav2_bt_navigator/lib:/home/ros_workspace/install/nav2_behavior_tree/lib:/home/ros_workspace/install/nav2_util/lib:/opt/ros/foxy/opt/yaml_cpp_vendor/lib:/opt/ros/foxy/opt/rviz_ogre_vendor/lib:/opt/ros/foxy/lib/x86_64-linux-gnu:/opt/ros/foxy/lib PYTHONPATH=/home/ros_workspace/install/mpcc_local_planner/lib/python3.8/site-packages:/home/ros_workspace/install/local_path_planner/lib/python3.8/site-packages:/home/ros_workspace/install/mpcc_interfaces/lib/python3.8/site-packages:/home/ros_workspace/install/nav2_msgs/lib/python3.8/site-packages:/home/ros_workspace/install/static_collision_avoidance/lib/python3.8/site-packages:/home/ros_workspace/install/simple_igoneo_commander/lib/python3.8/site-packages:/home/ros_workspace/install/mpcc_local_planner/lib/python3.8/site-packages:/home/ros_workspace/install/dynamic_collision_avoidance/lib/python3.8/site-packages:/home/ros_workspace/install/cost_map_server/lib/python3.8/site-packages:/home/ros_workspace/install/nav2_gazebo_spawner/lib/python3.8/site-packages:/home/ros_workspace/install/nav2_common/lib/python3.8/site-packages:/home/ros_workspace/install/mpc_igoneo/lib/python3.8/site-packages:/home/ros_workspace/install/mpc_dynamic_obstacles/lib/python3.8/site-packages:/home/ros_workspace/install/igoneo_dynamic_window/lib/python3.8/site-packages:/opt/ros/foxy/lib/python3.8/site-packages /usr/bin/python3 setup.py egg_info --egg-base ../../../build/mpcc_local_planner build --build-base /home/ros_workspace/build/mpcc_local_planner/build install --prefix /home/ros_workspace/install/mpcc_local_planner --record /home/ros_workspace/build/mpcc_local_planner/install.log --single-version-externally-managed
